<!-- Copyright (c) all rights. http://networker.vachok.ru 2019. -->

<html>
<head>
<title>TestNG:  networker</title>
<link href="../testng.css" rel="stylesheet" type="text/css" />
<link href="../my-testng.css" rel="stylesheet" type="text/css" />

<style type="text/css">
.log { display: none;}
.stack-trace { display: none;}
</style>
<script type="text/javascript">
<!--
function flip(e) {
  current = e.style.display;
  if (current == 'block') {
    e.style.display = 'none';
    return 0;
  }
  else {
    e.style.display = 'block';
    return 1;
  }
}

function toggleBox(szDivId, elem, msg1, msg2)
{
  var res = -1;  if (document.getElementById) {
    res = flip(document.getElementById(szDivId));
  }
  else if (document.all) {
    // this is the way old msie versions work
    res = flip(document.all[szDivId]);
  }
  if(elem) {
    if(res == 0) elem.innerHTML = msg1; else elem.innerHTML = msg2;
  }

}

function toggleAllBoxes() {
  if (document.getElementsByTagName) {
    d = document.getElementsByTagName('div');
    for (i = 0; i < d.length; i++) {
      if (d[i].className == 'log') {
        flip(d[i]);
      }
    }
  }
}

// -->
</script>

</head>
<body>
<h2 align='center'>networker</h2><table border='1' align="center">
<tr>
    <td>Tests passed/Failed/Skipped:</td>
    <td>288/15/3</td>
</tr><tr>
    <td>Started on:</td>
    <td>Thu Aug 15 15:44:37 MSK 2019</td>
</tr>
    <tr>
        <td>Total time:</td>
        <td>143 seconds (143115 ms)</td>
</tr><tr>
<td>Included groups:</td><td></td>
</tr><tr>
<td>Excluded groups:</td><td></td>
</tr>
</table><p/>
<small><i>(Hover the method name to see the test class name)</i></small><p/>
<table width='100%' border='1' class='invocation-failed'>
    <tr>
        <td align='center' colspan='4'><b>FAILED CONFIGURATIONS</b></td>
    </tr>
    <tr>
        <td><b>Test method</b></td>
        <td width="30%"><b>Exception</b></td>
        <td width="10%"><b>Time (seconds)</b></td>
        <td><b>Instance</b></td>
    </tr>
    <tr>
        <td title='ru.vachok.networker.IntoApplicationTest.setUp()'><b>setUp</b><br>Test class: ru.vachok.networker.IntoApplicationTest</td>
        <td>
            <div><pre>java.lang.ExceptionInInitializerError
	at ru.vachok.networker.IntoApplicationTest.setUp(IntoApplicationTest.java:29)
Caused by: org.springframework.context.ApplicationContextException: Unable to start web server; nested exception is org.springframework.boot.web.server.WebServerException: Unable to start embedded Tomcat
	at org.springframework.boot.web.servlet.context.ServletWebServerApplicationContext.onRefresh(ServletWebServerApplicationContext.java:155)
	at org.springframework.context.support.AbstractApplicationContext.refresh(AbstractApplicationContext.java:544)
	at org.springframework.boot.web.servlet.context.ServletWebServerApplicationContext.refresh(ServletWebServerApplicationContext.java:140)
	at org.springframework.boot.SpringApplication.refresh(SpringApplication.java:762)
	at org.springframework.boot.SpringApplication.refreshContext(SpringApplication.java:398)
	at org.springframework.boot.SpringApplication.run(SpringApplication.java:330)
	at org.springframework.boot.SpringApplication.run(SpringApplication.java:1258)
	at org.springframework.boot.SpringApplication.run(SpringApplication.java:1246)
	at ru.vachok.networker.IntoApplication.&lt;clinit&gt;(IntoApplication.java:52)
	... 25 more
Caused by: org.springframework.boot.web.server.WebServerException: Unable to start embedded Tomcat
	at org.springframework.boot.web.embedded.tomcat.TomcatWebServer.initialize(TomcatWebServer.java:126)
	at org.springframework.boot.web.embedded.tomcat.TomcatWebServer.&lt;init&gt;(TomcatWebServer.java:86)
	at org.springframework.boot.web.embedded.tomcat.TomcatServletWebServerFactory.getTomcatWebServer(TomcatServletWebServerFactory.java:413)
	at org.springframework.boot.web.embedded.tomcat.TomcatServletWebServerFactory.getWebServer(TomcatServletWebServerFactory.java:174)
	at org.springframework.boot.web.servlet.context.ServletWebServerApplicationContext.createWebServer(ServletWebServerApplicationContext.java:179)
	at org.springframework.boot.web.servlet.context.ServletWebServerApplicationContext.onRefresh(ServletWebServerApplicationContext.java:152)
	... 33 more
Caused by: org.apache.catalina.LifecycleException: Failed to start component [StandardServer[-1]]
	at org.apache.catalina.util.LifecycleBase.start(LifecycleBase.java:167)
	at org.apache.catalina.startup.Tomcat.start(Tomcat.java:367)
	at org.springframework.boot.web.embedded.tomcat.TomcatWebServer.initialize(TomcatWebServer.java:107)
	... 38 more
Caused by: org.apache.catalina.LifecycleException: Failed to start component [StandardService[Tomcat]]
	at org.apache.catalina.util.LifecycleBase.start(LifecycleBase.java:167)
	at org.apache.catalina.core.StandardServer.startInternal(StandardServer.java:793)
	at org.apache.catalina.util.LifecycleBase.start(LifecycleBase.java:150)
	... 40 more
Caused by: org.apache.catalina.LifecycleException: Failed to start component [StandardEngine[Tomcat]]
	at org.apache.catalina.util.LifecycleBase.start(LifecycleBase.java:167)
	at org.apache.catalina.core.StandardService.startInternal(StandardService.java:422)
	at org.apache.catalina.util.LifecycleBase.start(LifecycleBase.java:150)
	... 42 more
Caused by: org.apache.catalina.LifecycleException: A child container failed during start
	at org.apache.catalina.core.ContainerBase.startInternal(ContainerBase.java:949)
	at org.apache.catalina.core.StandardEngine.startInternal(StandardEngine.java:262)
	at org.apache.catalina.util.LifecycleBase.start(LifecycleBase.java:150)
	... 44 more
... Removed 24 stack frames</pre>
            </div>
            <a href='#' onClick='toggleBox("stack-trace1566311673", this, "Click to show all stack frames", "Click to hide stack frames")'>Click to show all stack frames</a>
            <div class='stack-trace' id='stack-trace1566311673'><pre>java.lang.ExceptionInInitializerError
	at ru.vachok.networker.IntoApplicationTest.setUp(IntoApplicationTest.java:29)
	at java.base/jdk.internal.reflect.NativeMethodAccessorImpl.invoke0(Native Method)
	at java.base/jdk.internal.reflect.NativeMethodAccessorImpl.invoke(NativeMethodAccessorImpl.java:62)
	at java.base/jdk.internal.reflect.DelegatingMethodAccessorImpl.invoke(DelegatingMethodAccessorImpl.java:43)
	at java.base/java.lang.reflect.Method.invoke(Method.java:567)
	at org.testng.internal.MethodInvocationHelper.invokeMethod(MethodInvocationHelper.java:131)
	at org.testng.internal.MethodInvocationHelper.invokeMethodConsideringTimeout(MethodInvocationHelper.java:61)
	at org.testng.internal.ConfigInvoker.invokeConfigurationMethod(ConfigInvoker.java:340)
	at org.testng.internal.ConfigInvoker.invokeConfigurations(ConfigInvoker.java:294)
	at org.testng.internal.TestMethodWorker.invokeBeforeClassMethods(TestMethodWorker.java:176)
	at org.testng.internal.TestMethodWorker.run(TestMethodWorker.java:122)
	at org.testng.TestRunner.privateRun(TestRunner.java:763)
	at org.testng.TestRunner.run(TestRunner.java:594)
	at org.testng.SuiteRunner.runTest(SuiteRunner.java:398)
	at org.testng.SuiteRunner.runSequentially(SuiteRunner.java:392)
	at org.testng.SuiteRunner.privateRun(SuiteRunner.java:355)
	at org.testng.SuiteRunner.run(SuiteRunner.java:304)
	at org.testng.SuiteRunnerWorker.runSuite(SuiteRunnerWorker.java:53)
	at org.testng.SuiteRunnerWorker.run(SuiteRunnerWorker.java:96)
	at org.testng.TestNG.runSuitesSequentially(TestNG.java:1146)
	at org.testng.TestNG.runSuitesLocally(TestNG.java:1067)
	at org.testng.TestNG.runSuites(TestNG.java:997)
	at org.testng.TestNG.run(TestNG.java:965)
	at org.testng.IDEARemoteTestNG.run(IDEARemoteTestNG.java:73)
	at org.testng.RemoteTestNGStarter.main(RemoteTestNGStarter.java:123)
Caused by: org.springframework.context.ApplicationContextException: Unable to start web server; nested exception is org.springframework.boot.web.server.WebServerException: Unable to start embedded Tomcat
	at org.springframework.boot.web.servlet.context.ServletWebServerApplicationContext.onRefresh(ServletWebServerApplicationContext.java:155)
	at org.springframework.context.support.AbstractApplicationContext.refresh(AbstractApplicationContext.java:544)
	at org.springframework.boot.web.servlet.context.ServletWebServerApplicationContext.refresh(ServletWebServerApplicationContext.java:140)
	at org.springframework.boot.SpringApplication.refresh(SpringApplication.java:762)
	at org.springframework.boot.SpringApplication.refreshContext(SpringApplication.java:398)
	at org.springframework.boot.SpringApplication.run(SpringApplication.java:330)
	at org.springframework.boot.SpringApplication.run(SpringApplication.java:1258)
	at org.springframework.boot.SpringApplication.run(SpringApplication.java:1246)
	at ru.vachok.networker.IntoApplication.&lt;clinit&gt;(IntoApplication.java:52)
	... 25 more
Caused by: org.springframework.boot.web.server.WebServerException: Unable to start embedded Tomcat
	at org.springframework.boot.web.embedded.tomcat.TomcatWebServer.initialize(TomcatWebServer.java:126)
	at org.springframework.boot.web.embedded.tomcat.TomcatWebServer.&lt;init&gt;(TomcatWebServer.java:86)
	at org.springframework.boot.web.embedded.tomcat.TomcatServletWebServerFactory.getTomcatWebServer(TomcatServletWebServerFactory.java:413)
	at org.springframework.boot.web.embedded.tomcat.TomcatServletWebServerFactory.getWebServer(TomcatServletWebServerFactory.java:174)
	at org.springframework.boot.web.servlet.context.ServletWebServerApplicationContext.createWebServer(ServletWebServerApplicationContext.java:179)
	at org.springframework.boot.web.servlet.context.ServletWebServerApplicationContext.onRefresh(ServletWebServerApplicationContext.java:152)
	... 33 more
Caused by: org.apache.catalina.LifecycleException: Failed to start component [StandardServer[-1]]
	at org.apache.catalina.util.LifecycleBase.start(LifecycleBase.java:167)
	at org.apache.catalina.startup.Tomcat.start(Tomcat.java:367)
	at org.springframework.boot.web.embedded.tomcat.TomcatWebServer.initialize(TomcatWebServer.java:107)
	... 38 more
Caused by: org.apache.catalina.LifecycleException: Failed to start component [StandardService[Tomcat]]
	at org.apache.catalina.util.LifecycleBase.start(LifecycleBase.java:167)
	at org.apache.catalina.core.StandardServer.startInternal(StandardServer.java:793)
	at org.apache.catalina.util.LifecycleBase.start(LifecycleBase.java:150)
	... 40 more
Caused by: org.apache.catalina.LifecycleException: Failed to start component [StandardEngine[Tomcat]]
	at org.apache.catalina.util.LifecycleBase.start(LifecycleBase.java:167)
	at org.apache.catalina.core.StandardService.startInternal(StandardService.java:422)
	at org.apache.catalina.util.LifecycleBase.start(LifecycleBase.java:150)
	... 42 more
Caused by: org.apache.catalina.LifecycleException: A child container failed during start
	at org.apache.catalina.core.ContainerBase.startInternal(ContainerBase.java:949)
	at org.apache.catalina.core.StandardEngine.startInternal(StandardEngine.java:262)
	at org.apache.catalina.util.LifecycleBase.start(LifecycleBase.java:150)
	... 44 more
</pre>
            </div>
        </td>
        <td>4</td>
        <td>ru.vachok.networker.IntoApplicationTest@11a00961</td>
    </tr>
</table>
<p>
<table border='1' class='invocation-skipped' width='100%'>
    <tr>
        <td align='center' colspan='4'><b>SKIPPED CONFIGURATIONS</b></td>
    </tr>
    <tr>
        <td><b>Test method</b></td>
        <td width="30%"><b>Exception</b></td>
        <td width="10%"><b>Time (seconds)</b></td>
        <td><b>Instance</b></td>
    </tr>
    <tr>
        <td title='ru.vachok.networker.IntoApplicationTest.tearDown()'><b>tearDown</b><br>Test class: ru.vachok.networker.IntoApplicationTest</td>
        <td></td>
        <td>-1565873108</td>
        <td>ru.vachok.networker.IntoApplicationTest@11a00961</td>
    </tr>
</table>
<p>
<table border='1' class='invocation-failed' width='100%'>
<tr><td colspan='4' align='center'><b>FAILED TESTS</b></td></tr>
<tr><td><b>Test method</b></td>
<td width="30%"><b>Exception</b></td>
<td width="10%"><b>Time (seconds)</b></td>
<td><b>Instance</b></td>
</tr>
<tr>
    <td title='ru.vachok.networker.AppInfoOnLoadTest.onePCMonStart()'><b>onePCMonStart</b><br>Test class: ru.vachok.networker.AppInfoOnLoadTest</td>
    <td>
        <div><pre>java.lang.AssertionError: did not expect to find [false] but found [true]
	at ru.vachok.networker.AppInfoOnLoadTest.onePCMonStart(AppInfoOnLoadTest.java:110)
... Removed 30 stack frames</pre>
        </div>
        <a href='#' onClick='toggleBox("stack-trace858267892", this, "Click to show all stack frames", "Click to hide stack frames")'>Click to show all stack frames</a>
        <div class='stack-trace' id='stack-trace858267892'><pre>java.lang.AssertionError: did not expect to find [false] but found [true]
	at org.testng.Assert.fail(Assert.java:97)
	at org.testng.Assert.failNotEquals(Assert.java:969)
	at org.testng.Assert.assertFalse(Assert.java:65)
	at org.testng.Assert.assertFalse(Assert.java:75)
	at ru.vachok.networker.AppInfoOnLoadTest.onePCMonStart(AppInfoOnLoadTest.java:110)
	at java.base/jdk.internal.reflect.NativeMethodAccessorImpl.invoke0(Native Method)
	at java.base/jdk.internal.reflect.NativeMethodAccessorImpl.invoke(NativeMethodAccessorImpl.java:62)
	at java.base/jdk.internal.reflect.DelegatingMethodAccessorImpl.invoke(DelegatingMethodAccessorImpl.java:43)
	at java.base/java.lang.reflect.Method.invoke(Method.java:567)
	at org.testng.internal.MethodInvocationHelper.invokeMethod(MethodInvocationHelper.java:131)
	at org.testng.internal.TestInvoker.invokeMethod(TestInvoker.java:570)
	at org.testng.internal.TestInvoker.invokeTestMethod(TestInvoker.java:170)
	at org.testng.internal.MethodRunner.runInSequence(MethodRunner.java:46)
	at org.testng.internal.TestInvoker$MethodInvocationAgent.invoke(TestInvoker.java:790)
	at org.testng.internal.TestInvoker.invokeTestMethods(TestInvoker.java:143)
	at org.testng.internal.TestMethodWorker.invokeTestMethods(TestMethodWorker.java:146)
	at org.testng.internal.TestMethodWorker.run(TestMethodWorker.java:128)
	at org.testng.TestRunner.privateRun(TestRunner.java:763)
	at org.testng.TestRunner.run(TestRunner.java:594)
	at org.testng.SuiteRunner.runTest(SuiteRunner.java:398)
	at org.testng.SuiteRunner.runSequentially(SuiteRunner.java:392)
	at org.testng.SuiteRunner.privateRun(SuiteRunner.java:355)
	at org.testng.SuiteRunner.run(SuiteRunner.java:304)
	at org.testng.SuiteRunnerWorker.runSuite(SuiteRunnerWorker.java:53)
	at org.testng.SuiteRunnerWorker.run(SuiteRunnerWorker.java:96)
	at org.testng.TestNG.runSuitesSequentially(TestNG.java:1146)
	at org.testng.TestNG.runSuitesLocally(TestNG.java:1067)
	at org.testng.TestNG.runSuites(TestNG.java:997)
	at org.testng.TestNG.run(TestNG.java:965)
	at org.testng.IDEARemoteTestNG.run(IDEARemoteTestNG.java:73)
	at org.testng.RemoteTestNGStarter.main(RemoteTestNGStarter.java:123)
</pre>
        </div>
    </td>
    <td>0</td>
    <td>ru.vachok.networker.AppInfoOnLoadTest@49cf9028</td>
</tr>
    <tr>
<td title='ru.vachok.networker.componentsrepo.server.TelnetStarterTest.startServer()'><b>startServer</b><br>Test class: ru.vachok.networker.componentsrepo.server.TelnetStarterTest</td>
<td><div><pre>java.lang.AssertionError: null
FutureTask.java: java.base/java.util.concurrent.FutureTask.awaitDone(FutureTask.java:418)
FutureTask.java: java.base/java.util.concurrent.FutureTask.get(FutureTask.java:203)
TelnetStarterTest.java: ru.vachok.networker.componentsrepo.server.TelnetStarterTest.startServer(TelnetStarterTest.java:47)



 expected [null] but found [java.lang.InterruptedException]
	at ru.vachok.networker.componentsrepo.server.TelnetStarterTest.startServer(TelnetStarterTest.java:50)
... Removed 55 stack frames</pre>
</div>
    <a href='#' onClick='toggleBox("stack-trace14980151", this, "Click to show all stack frames", "Click to hide stack frames")'>Click to show all stack frames</a>
    <div class='stack-trace' id='stack-trace14980151'><pre>java.lang.AssertionError: null
FutureTask.java: java.base/java.util.concurrent.FutureTask.awaitDone(FutureTask.java:418)
FutureTask.java: java.base/java.util.concurrent.FutureTask.get(FutureTask.java:203)
TelnetStarterTest.java: ru.vachok.networker.componentsrepo.server.TelnetStarterTest.startServer(TelnetStarterTest.java:47)
NativeMethodAccessorImpl.java: java.base/jdk.internal.reflect.NativeMethodAccessorImpl.invoke0(Native Method)
NativeMethodAccessorImpl.java: java.base/jdk.internal.reflect.NativeMethodAccessorImpl.invoke(NativeMethodAccessorImpl.java:62)
DelegatingMethodAccessorImpl.java: java.base/jdk.internal.reflect.DelegatingMethodAccessorImpl.invoke(DelegatingMethodAccessorImpl.java:43)
Method.java: java.base/java.lang.reflect.Method.invoke(Method.java:567)
MethodInvocationHelper.java: org.testng.internal.MethodInvocationHelper.invokeMethod(MethodInvocationHelper.java:131)
TestInvoker.java: org.testng.internal.TestInvoker.invokeMethod(TestInvoker.java:570)
TestInvoker.java: org.testng.internal.TestInvoker.invokeTestMethod(TestInvoker.java:170)
MethodRunner.java: org.testng.internal.MethodRunner.runInSequence(MethodRunner.java:46)
TestInvoker.java: org.testng.internal.TestInvoker$MethodInvocationAgent.invoke(TestInvoker.java:790)
TestInvoker.java: org.testng.internal.TestInvoker.invokeTestMethods(TestInvoker.java:143)
TestMethodWorker.java: org.testng.internal.TestMethodWorker.invokeTestMethods(TestMethodWorker.java:146)
TestMethodWorker.java: org.testng.internal.TestMethodWorker.run(TestMethodWorker.java:128)
TestRunner.java: org.testng.TestRunner.privateRun(TestRunner.java:763)
TestRunner.java: org.testng.TestRunner.run(TestRunner.java:594)
SuiteRunner.java: org.testng.SuiteRunner.runTest(SuiteRunner.java:398)
SuiteRunner.java: org.testng.SuiteRunner.runSequentially(SuiteRunner.java:392)
SuiteRunner.java: org.testng.SuiteRunner.privateRun(SuiteRunner.java:355)
SuiteRunner.java: org.testng.SuiteRunner.run(SuiteRunner.java:304)
SuiteRunnerWorker.java: org.testng.SuiteRunnerWorker.runSuite(SuiteRunnerWorker.java:53)
SuiteRunnerWorker.java: org.testng.SuiteRunnerWorker.run(SuiteRunnerWorker.java:96)
TestNG.java: org.testng.TestNG.runSuitesSequentially(TestNG.java:1146)
TestNG.java: org.testng.TestNG.runSuitesLocally(TestNG.java:1067)
TestNG.java: org.testng.TestNG.runSuites(TestNG.java:997)
TestNG.java: org.testng.TestNG.run(TestNG.java:965)
IDEARemoteTestNG.java: org.testng.IDEARemoteTestNG.run(IDEARemoteTestNG.java:73)
RemoteTestNGStarter.java: org.testng.RemoteTestNGStarter.main(RemoteTestNGStarter.java:123)



 expected [null] but found [java.lang.InterruptedException]
	at org.testng.Assert.fail(Assert.java:97)
	at org.testng.Assert.failNotSame(Assert.java:965)
	at org.testng.Assert.assertNull(Assert.java:898)
	at ru.vachok.networker.componentsrepo.server.TelnetStarterTest.startServer(TelnetStarterTest.java:50)
	at java.base/jdk.internal.reflect.NativeMethodAccessorImpl.invoke0(Native Method)
	at java.base/jdk.internal.reflect.NativeMethodAccessorImpl.invoke(NativeMethodAccessorImpl.java:62)
	at java.base/jdk.internal.reflect.DelegatingMethodAccessorImpl.invoke(DelegatingMethodAccessorImpl.java:43)
	at java.base/java.lang.reflect.Method.invoke(Method.java:567)
	at org.testng.internal.MethodInvocationHelper.invokeMethod(MethodInvocationHelper.java:131)
	at org.testng.internal.TestInvoker.invokeMethod(TestInvoker.java:570)
	at org.testng.internal.TestInvoker.invokeTestMethod(TestInvoker.java:170)
	at org.testng.internal.MethodRunner.runInSequence(MethodRunner.java:46)
	at org.testng.internal.TestInvoker$MethodInvocationAgent.invoke(TestInvoker.java:790)
	at org.testng.internal.TestInvoker.invokeTestMethods(TestInvoker.java:143)
	at org.testng.internal.TestMethodWorker.invokeTestMethods(TestMethodWorker.java:146)
	at org.testng.internal.TestMethodWorker.run(TestMethodWorker.java:128)
	at org.testng.TestRunner.privateRun(TestRunner.java:763)
	at org.testng.TestRunner.run(TestRunner.java:594)
	at org.testng.SuiteRunner.runTest(SuiteRunner.java:398)
	at org.testng.SuiteRunner.runSequentially(SuiteRunner.java:392)
	at org.testng.SuiteRunner.privateRun(SuiteRunner.java:355)
	at org.testng.SuiteRunner.run(SuiteRunner.java:304)
	at org.testng.SuiteRunnerWorker.runSuite(SuiteRunnerWorker.java:53)
	at org.testng.SuiteRunnerWorker.run(SuiteRunnerWorker.java:96)
	at org.testng.TestNG.runSuitesSequentially(TestNG.java:1146)
	at org.testng.TestNG.runSuitesLocally(TestNG.java:1067)
	at org.testng.TestNG.runSuites(TestNG.java:997)
	at org.testng.TestNG.run(TestNG.java:965)
	at org.testng.IDEARemoteTestNG.run(IDEARemoteTestNG.java:73)
	at org.testng.RemoteTestNGStarter.main(RemoteTestNGStarter.java:123)
</pre></div></td>
<td>0</td>
        <td>ru.vachok.networker.componentsrepo.server.TelnetStarterTest@408b87aa</td>
    </tr>
<tr>
    <td title='ru.vachok.networker.ad.user.FileADUsersParserTest.testGetAdUsers()'><b>testGetAdUsers</b><br>Test class: ru.vachok.networker.ad.user.FileADUsersParserTest</td>
    <td>
        <div><pre>java.lang.ClassCastException: class sun.nio.fs.WindowsPath cannot be cast to class java.io.File (sun.nio.fs.WindowsPath and java.io.File are in module java.base of loader &apos;bootstrap&apos;)
	at ru.vachok.networker.ad.user.FileADUsersParser.setClassOption(FileADUsersParser.java:83)
	at ru.vachok.networker.ad.user.FileADUsersParserTest.testGetAdUsers(FileADUsersParserTest.java:48)
... Removed 26 stack frames</pre>
        </div>
        <a href='#' onClick='toggleBox("stack-trace1766431855", this, "Click to show all stack frames", "Click to hide stack frames")'>Click to show all stack frames</a>
        <div class='stack-trace' id='stack-trace1766431855'><pre>java.lang.ClassCastException: class sun.nio.fs.WindowsPath cannot be cast to class java.io.File (sun.nio.fs.WindowsPath and java.io.File are in module java.base of loader &apos;bootstrap&apos;)
	at ru.vachok.networker.ad.user.FileADUsersParser.setClassOption(FileADUsersParser.java:83)
	at ru.vachok.networker.ad.user.FileADUsersParserTest.testGetAdUsers(FileADUsersParserTest.java:48)
	at java.base/jdk.internal.reflect.NativeMethodAccessorImpl.invoke0(Native Method)
	at java.base/jdk.internal.reflect.NativeMethodAccessorImpl.invoke(NativeMethodAccessorImpl.java:62)
	at java.base/jdk.internal.reflect.DelegatingMethodAccessorImpl.invoke(DelegatingMethodAccessorImpl.java:43)
	at java.base/java.lang.reflect.Method.invoke(Method.java:567)
	at org.testng.internal.MethodInvocationHelper.invokeMethod(MethodInvocationHelper.java:131)
	at org.testng.internal.TestInvoker.invokeMethod(TestInvoker.java:570)
	at org.testng.internal.TestInvoker.invokeTestMethod(TestInvoker.java:170)
	at org.testng.internal.MethodRunner.runInSequence(MethodRunner.java:46)
	at org.testng.internal.TestInvoker$MethodInvocationAgent.invoke(TestInvoker.java:790)
	at org.testng.internal.TestInvoker.invokeTestMethods(TestInvoker.java:143)
	at org.testng.internal.TestMethodWorker.invokeTestMethods(TestMethodWorker.java:146)
	at org.testng.internal.TestMethodWorker.run(TestMethodWorker.java:128)
	at org.testng.TestRunner.privateRun(TestRunner.java:763)
	at org.testng.TestRunner.run(TestRunner.java:594)
	at org.testng.SuiteRunner.runTest(SuiteRunner.java:398)
	at org.testng.SuiteRunner.runSequentially(SuiteRunner.java:392)
	at org.testng.SuiteRunner.privateRun(SuiteRunner.java:355)
	at org.testng.SuiteRunner.run(SuiteRunner.java:304)
	at org.testng.SuiteRunnerWorker.runSuite(SuiteRunnerWorker.java:53)
	at org.testng.SuiteRunnerWorker.run(SuiteRunnerWorker.java:96)
	at org.testng.TestNG.runSuitesSequentially(TestNG.java:1146)
	at org.testng.TestNG.runSuitesLocally(TestNG.java:1067)
	at org.testng.TestNG.runSuites(TestNG.java:997)
	at org.testng.TestNG.run(TestNG.java:965)
	at org.testng.IDEARemoteTestNG.run(IDEARemoteTestNG.java:73)
	at org.testng.RemoteTestNGStarter.main(RemoteTestNGStarter.java:123)
</pre></div></td>
<td>0</td>
    <td>ru.vachok.networker.ad.user.FileADUsersParserTest@69da0b12</td>
</tr>
<tr>
    <td title='ru.vachok.networker.ad.ADSrvTest.testGetDetails()'><b>testGetDetails</b><br>Test class: ru.vachok.networker.ad.ADSrvTest</td>
    <td>
        <div><pre>java.lang.AssertionError: &lt;p&gt;&lt;center&gt;&lt;font color=&quot;yellow&quot;&gt;10.200.213.85 : 1441 мин. (24,02 ч.) время открытых сессий, 0 мегабайт трафика.&lt;/font&gt;&lt;p&gt;&lt;details&gt;&lt;summary&gt;Посмотреть сайты, где был компьютер (BETA)&lt;/summary&gt;Показаны только &lt;b&gt;уникальные&lt;/b&gt; сайты&lt;br&gt;-1 trash rows cleaned&lt;p&gt;&lt;b&gt;Статистика за 3 дней&lt;/b&gt;&lt;br&gt;DENIED SITES: &lt;br&gt;&lt;font color=&quot;red&quot;&gt;2019.08.15 11:33:36 MSK, чт) TCP_DENIED_REPLY/403 HEAD  ||| &lt;a href=&quot;http://r2---sn-4vguxm-n8vl.gvt1.com&quot;&gt;http://r2---sn-4vguxm-n8vl.gvt1.com&lt;/a&gt;
&lt;/font&gt;&lt;br&gt;&lt;font color=&quot;red&quot;&gt;2019.08.15 11:33:33 MSK, чт) TCP_DENIED/403 POST  ||| &lt;a href=&quot;http://setiboincdata.ssl.berkeley.edu&quot;&gt;http://setiboincdata.ssl.berkeley.edu&lt;/a&gt;
&lt;/font&gt;&lt;br&gt;&lt;font color=&quot;red&quot;&gt;2019.08.13 02:37:20 MSK, вт) TAG_NONE_TIMEDOUT/413 POST  ||| &lt;a href=&quot;http://setiboinc.ssl.berkeley.edu&quot;&gt;http://setiboinc.ssl.berkeley.edu&lt;/a&gt;
&lt;/font&gt;&lt;br&gt;&lt;p&gt;ALLOWED SITES: &lt;br&gt;&lt;font color=&quot;green&quot;&gt;2019.08.15 11:33:36 MSK, чт) TCP_MISS/302 HEAD  ||| &lt;a href=&quot;http://redirector.gvt1.com&quot;&gt;http://redirector.gvt1.com&lt;/a&gt;
&lt;/font&gt;&lt;br&gt;&lt;font color=&quot;green&quot;&gt;2019.08.15 11:33:35 MSK, чт) TCP_MISS/200 GET  ||| &lt;a href=&quot;http://ocsp.digicert.com&quot;&gt;http://ocsp.digicert.com&lt;/a&gt;
&lt;/font&gt;&lt;br&gt;&lt;font color=&quot;green&quot;&gt;2019.08.15 11:33:34 MSK, чт) TCP_MISS/304 GET  ||| &lt;a href=&quot;http://ctldl.windowsupdate.com&quot;&gt;http://ctldl.windowsupdate.com&lt;/a&gt;
&lt;/font&gt;&lt;br&gt;&lt;font color=&quot;green&quot;&gt;2019.08.15 11:33:34 MSK, чт) TCP_MISS/200 HEAD  ||| &lt;a href=&quot;http://emupdate.avcdn.net&quot;&gt;http://emupdate.avcdn.net&lt;/a&gt;
&lt;/font&gt;&lt;br&gt;&lt;font color=&quot;green&quot;&gt;2019.08.15 11:33:34 MSK, чт) TCP_MISS/200 GET  ||| &lt;a href=&quot;http://ip-info.ff.avast.com&quot;&gt;http://ip-info.ff.avast.com&lt;/a&gt;
&lt;/font&gt;&lt;br&gt;&lt;font color=&quot;green&quot;&gt;2019.08.15 11:33:34 MSK, чт) TCP_MISS/200 GET  ||| &lt;a href=&quot;http://ccleaner.tools.avcdn.net&quot;&gt;http://ccleaner.tools.avcdn.net&lt;/a&gt;
&lt;/font&gt;&lt;br&gt;&lt;font color=&quot;green&quot;&gt;2019.08.15 11:33:33 MSK, чт) TCP_MISS/304 GET  ||| &lt;a href=&quot;http://crl.pki.goog&quot;&gt;http://crl.pki.goog&lt;/a&gt;
&lt;/font&gt;&lt;br&gt;&lt;font color=&quot;green&quot;&gt;2019.08.15 11:33:33 MSK, чт) TCP_MISS/302 GET  ||| &lt;a href=&quot;http://setiathome.berkeley.edu&quot;&gt;http://setiathome.berkeley.edu&lt;/a&gt;
&lt;/font&gt;&lt;br&gt;&lt;font color=&quot;green&quot;&gt;2019.08.15 11:33:33 MSK, чт) TCP_MISS/200 GET  ||| &lt;a href=&quot;http://www.msftconnecttest.com&quot;&gt;http://www.msftconnecttest.com&lt;/a&gt;
&lt;/font&gt;&lt;br&gt;&lt;font color=&quot;green&quot;&gt;2019.08.14 04:56:50 MSK, ср) TCP_MISS/302 GET  ||| &lt;a href=&quot;http://networker.vachok.ru&quot;&gt;http://networker.vachok.ru&lt;/a&gt;
&lt;/font&gt;&lt;br&gt;&lt;font color=&quot;green&quot;&gt;2019.08.14 04:56:47 MSK, ср) TCP_MISS_ABORTED/000 OPTIONS  ||| &lt;a href=&quot;http://10.10.111.1&quot;&gt;http://10.10.111.1&lt;/a&gt;
&lt;/font&gt;&lt;br&gt;&lt;/details&gt;&lt;p&gt;&lt;/center&gt; did not expect to find [true] but found [false]
	at ru.vachok.networker.ad.ADSrvTest.testGetDetails(ADSrvTest.java:59)
... Removed 29 stack frames</pre>
        </div>
        <a href='#' onClick='toggleBox("stack-trace340670126", this, "Click to show all stack frames", "Click to hide stack frames")'>Click to show all stack frames</a>
        <div class='stack-trace' id='stack-trace340670126'><pre>java.lang.AssertionError: &lt;p&gt;&lt;center&gt;&lt;font color=&quot;yellow&quot;&gt;10.200.213.85 : 1441 мин. (24,02 ч.) время открытых сессий, 0 мегабайт трафика.&lt;/font&gt;&lt;p&gt;&lt;details&gt;&lt;summary&gt;Посмотреть сайты, где был компьютер (BETA)&lt;/summary&gt;Показаны только &lt;b&gt;уникальные&lt;/b&gt; сайты&lt;br&gt;-1 trash rows cleaned&lt;p&gt;&lt;b&gt;Статистика за 3 дней&lt;/b&gt;&lt;br&gt;DENIED SITES: &lt;br&gt;&lt;font color=&quot;red&quot;&gt;2019.08.15 11:33:36 MSK, чт) TCP_DENIED_REPLY/403 HEAD  ||| &lt;a href=&quot;http://r2---sn-4vguxm-n8vl.gvt1.com&quot;&gt;http://r2---sn-4vguxm-n8vl.gvt1.com&lt;/a&gt;
&lt;/font&gt;&lt;br&gt;&lt;font color=&quot;red&quot;&gt;2019.08.15 11:33:33 MSK, чт) TCP_DENIED/403 POST  ||| &lt;a href=&quot;http://setiboincdata.ssl.berkeley.edu&quot;&gt;http://setiboincdata.ssl.berkeley.edu&lt;/a&gt;
&lt;/font&gt;&lt;br&gt;&lt;font color=&quot;red&quot;&gt;2019.08.13 02:37:20 MSK, вт) TAG_NONE_TIMEDOUT/413 POST  ||| &lt;a href=&quot;http://setiboinc.ssl.berkeley.edu&quot;&gt;http://setiboinc.ssl.berkeley.edu&lt;/a&gt;
&lt;/font&gt;&lt;br&gt;&lt;p&gt;ALLOWED SITES: &lt;br&gt;&lt;font color=&quot;green&quot;&gt;2019.08.15 11:33:36 MSK, чт) TCP_MISS/302 HEAD  ||| &lt;a href=&quot;http://redirector.gvt1.com&quot;&gt;http://redirector.gvt1.com&lt;/a&gt;
&lt;/font&gt;&lt;br&gt;&lt;font color=&quot;green&quot;&gt;2019.08.15 11:33:35 MSK, чт) TCP_MISS/200 GET  ||| &lt;a href=&quot;http://ocsp.digicert.com&quot;&gt;http://ocsp.digicert.com&lt;/a&gt;
&lt;/font&gt;&lt;br&gt;&lt;font color=&quot;green&quot;&gt;2019.08.15 11:33:34 MSK, чт) TCP_MISS/304 GET  ||| &lt;a href=&quot;http://ctldl.windowsupdate.com&quot;&gt;http://ctldl.windowsupdate.com&lt;/a&gt;
&lt;/font&gt;&lt;br&gt;&lt;font color=&quot;green&quot;&gt;2019.08.15 11:33:34 MSK, чт) TCP_MISS/200 HEAD  ||| &lt;a href=&quot;http://emupdate.avcdn.net&quot;&gt;http://emupdate.avcdn.net&lt;/a&gt;
&lt;/font&gt;&lt;br&gt;&lt;font color=&quot;green&quot;&gt;2019.08.15 11:33:34 MSK, чт) TCP_MISS/200 GET  ||| &lt;a href=&quot;http://ip-info.ff.avast.com&quot;&gt;http://ip-info.ff.avast.com&lt;/a&gt;
&lt;/font&gt;&lt;br&gt;&lt;font color=&quot;green&quot;&gt;2019.08.15 11:33:34 MSK, чт) TCP_MISS/200 GET  ||| &lt;a href=&quot;http://ccleaner.tools.avcdn.net&quot;&gt;http://ccleaner.tools.avcdn.net&lt;/a&gt;
&lt;/font&gt;&lt;br&gt;&lt;font color=&quot;green&quot;&gt;2019.08.15 11:33:33 MSK, чт) TCP_MISS/304 GET  ||| &lt;a href=&quot;http://crl.pki.goog&quot;&gt;http://crl.pki.goog&lt;/a&gt;
&lt;/font&gt;&lt;br&gt;&lt;font color=&quot;green&quot;&gt;2019.08.15 11:33:33 MSK, чт) TCP_MISS/302 GET  ||| &lt;a href=&quot;http://setiathome.berkeley.edu&quot;&gt;http://setiathome.berkeley.edu&lt;/a&gt;
&lt;/font&gt;&lt;br&gt;&lt;font color=&quot;green&quot;&gt;2019.08.15 11:33:33 MSK, чт) TCP_MISS/200 GET  ||| &lt;a href=&quot;http://www.msftconnecttest.com&quot;&gt;http://www.msftconnecttest.com&lt;/a&gt;
&lt;/font&gt;&lt;br&gt;&lt;font color=&quot;green&quot;&gt;2019.08.14 04:56:50 MSK, ср) TCP_MISS/302 GET  ||| &lt;a href=&quot;http://networker.vachok.ru&quot;&gt;http://networker.vachok.ru&lt;/a&gt;
&lt;/font&gt;&lt;br&gt;&lt;font color=&quot;green&quot;&gt;2019.08.14 04:56:47 MSK, ср) TCP_MISS_ABORTED/000 OPTIONS  ||| &lt;a href=&quot;http://10.10.111.1&quot;&gt;http://10.10.111.1&lt;/a&gt;
&lt;/font&gt;&lt;br&gt;&lt;/details&gt;&lt;p&gt;&lt;/center&gt; did not expect to find [true] but found [false]
	at org.testng.Assert.fail(Assert.java:97)
	at org.testng.Assert.failNotEquals(Assert.java:969)
	at org.testng.Assert.assertTrue(Assert.java:43)
	at ru.vachok.networker.ad.ADSrvTest.testGetDetails(ADSrvTest.java:59)
	at java.base/jdk.internal.reflect.NativeMethodAccessorImpl.invoke0(Native Method)
	at java.base/jdk.internal.reflect.NativeMethodAccessorImpl.invoke(NativeMethodAccessorImpl.java:62)
	at java.base/jdk.internal.reflect.DelegatingMethodAccessorImpl.invoke(DelegatingMethodAccessorImpl.java:43)
	at java.base/java.lang.reflect.Method.invoke(Method.java:567)
	at org.testng.internal.MethodInvocationHelper.invokeMethod(MethodInvocationHelper.java:131)
	at org.testng.internal.TestInvoker.invokeMethod(TestInvoker.java:570)
	at org.testng.internal.TestInvoker.invokeTestMethod(TestInvoker.java:170)
	at org.testng.internal.MethodRunner.runInSequence(MethodRunner.java:46)
	at org.testng.internal.TestInvoker$MethodInvocationAgent.invoke(TestInvoker.java:790)
	at org.testng.internal.TestInvoker.invokeTestMethods(TestInvoker.java:143)
	at org.testng.internal.TestMethodWorker.invokeTestMethods(TestMethodWorker.java:146)
	at org.testng.internal.TestMethodWorker.run(TestMethodWorker.java:128)
	at org.testng.TestRunner.privateRun(TestRunner.java:763)
	at org.testng.TestRunner.run(TestRunner.java:594)
	at org.testng.SuiteRunner.runTest(SuiteRunner.java:398)
	at org.testng.SuiteRunner.runSequentially(SuiteRunner.java:392)
	at org.testng.SuiteRunner.privateRun(SuiteRunner.java:355)
	at org.testng.SuiteRunner.run(SuiteRunner.java:304)
	at org.testng.SuiteRunnerWorker.runSuite(SuiteRunnerWorker.java:53)
	at org.testng.SuiteRunnerWorker.run(SuiteRunnerWorker.java:96)
	at org.testng.TestNG.runSuitesSequentially(TestNG.java:1146)
	at org.testng.TestNG.runSuitesLocally(TestNG.java:1067)
	at org.testng.TestNG.runSuites(TestNG.java:997)
	at org.testng.TestNG.run(TestNG.java:965)
	at org.testng.IDEARemoteTestNG.run(IDEARemoteTestNG.java:73)
	at org.testng.RemoteTestNGStarter.main(RemoteTestNGStarter.java:123)
</pre></div></td>
    <td>6</td>
    <td>ru.vachok.networker.ad.ADSrvTest@290aeb20</td>
</tr>
<tr>
    <td title='ru.vachok.networker.UsefulUtilitiesTest.testGetHTMLCenterRed()'><b>testGetHTMLCenterRed</b><br>Test class: ru.vachok.networker.UsefulUtilitiesTest</td>
    <td>
        <div><pre>java.lang.AssertionError: &lt;center&gt;&lt;font color=&quot;test&quot;&gt;red&lt;/font&gt;&lt;/center&gt; did not expect to find [true] but found [false]
	at ru.vachok.networker.UsefulUtilitiesTest.testGetHTMLCenterRed(UsefulUtilitiesTest.java:107)
... Removed 29 stack frames</pre>
        </div>
        <a href='#' onClick='toggleBox("stack-trace1336265843", this, "Click to show all stack frames", "Click to hide stack frames")'>Click to show all stack frames</a>
        <div class='stack-trace' id='stack-trace1336265843'><pre>java.lang.AssertionError: &lt;center&gt;&lt;font color=&quot;test&quot;&gt;red&lt;/font&gt;&lt;/center&gt; did not expect to find [true] but found [false]
	at org.testng.Assert.fail(Assert.java:97)
	at org.testng.Assert.failNotEquals(Assert.java:969)
	at org.testng.Assert.assertTrue(Assert.java:43)
	at ru.vachok.networker.UsefulUtilitiesTest.testGetHTMLCenterRed(UsefulUtilitiesTest.java:107)
	at java.base/jdk.internal.reflect.NativeMethodAccessorImpl.invoke0(Native Method)
	at java.base/jdk.internal.reflect.NativeMethodAccessorImpl.invoke(NativeMethodAccessorImpl.java:62)
	at java.base/jdk.internal.reflect.DelegatingMethodAccessorImpl.invoke(DelegatingMethodAccessorImpl.java:43)
	at java.base/java.lang.reflect.Method.invoke(Method.java:567)
	at org.testng.internal.MethodInvocationHelper.invokeMethod(MethodInvocationHelper.java:131)
	at org.testng.internal.TestInvoker.invokeMethod(TestInvoker.java:570)
	at org.testng.internal.TestInvoker.invokeTestMethod(TestInvoker.java:170)
	at org.testng.internal.MethodRunner.runInSequence(MethodRunner.java:46)
	at org.testng.internal.TestInvoker$MethodInvocationAgent.invoke(TestInvoker.java:790)
	at org.testng.internal.TestInvoker.invokeTestMethods(TestInvoker.java:143)
	at org.testng.internal.TestMethodWorker.invokeTestMethods(TestMethodWorker.java:146)
	at org.testng.internal.TestMethodWorker.run(TestMethodWorker.java:128)
	at org.testng.TestRunner.privateRun(TestRunner.java:763)
	at org.testng.TestRunner.run(TestRunner.java:594)
	at org.testng.SuiteRunner.runTest(SuiteRunner.java:398)
	at org.testng.SuiteRunner.runSequentially(SuiteRunner.java:392)
	at org.testng.SuiteRunner.privateRun(SuiteRunner.java:355)
	at org.testng.SuiteRunner.run(SuiteRunner.java:304)
	at org.testng.SuiteRunnerWorker.runSuite(SuiteRunnerWorker.java:53)
	at org.testng.SuiteRunnerWorker.run(SuiteRunnerWorker.java:96)
	at org.testng.TestNG.runSuitesSequentially(TestNG.java:1146)
	at org.testng.TestNG.runSuitesLocally(TestNG.java:1067)
	at org.testng.TestNG.runSuites(TestNG.java:997)
	at org.testng.TestNG.run(TestNG.java:965)
	at org.testng.IDEARemoteTestNG.run(IDEARemoteTestNG.java:73)
	at org.testng.RemoteTestNGStarter.main(RemoteTestNGStarter.java:123)
</pre></div></td>
<td>0</td>
    <td>ru.vachok.networker.UsefulUtilitiesTest@4992613f</td>
</tr>
<tr>
<td title='ru.vachok.networker.ad.user.FileADUsersParserTest.testGetInfoAbout()'><b>testGetInfoAbout</b><br>Test class: ru.vachok.networker.ad.user.FileADUsersParserTest</td>
    <td>
        <div><pre>ru.vachok.networker.componentsrepo.exceptions.InvokeIllegalException: Please, set the CSV-file via setInfo() this is ru_vachok_networker- :ru.vachok.networker.ad.user.FileADUsersParser.getInfoAbout(FileADUsersParser.java:68)
	at ru.vachok.networker.ad.user.FileADUsersParser.getInfoAbout(FileADUsersParser.java:68)
	at ru.vachok.networker.ad.user.FileADUsersParserTest.testGetInfoAbout(FileADUsersParserTest.java:59)
... Removed 26 stack frames</pre>
        </div>
        <a href='#' onClick='toggleBox("stack-trace365880880", this, "Click to show all stack frames", "Click to hide stack frames")'>Click to show all stack frames</a>
        <div class='stack-trace' id='stack-trace365880880'><pre>ru.vachok.networker.componentsrepo.exceptions.InvokeIllegalException: Please, set the CSV-file via setInfo() this is ru_vachok_networker- :ru.vachok.networker.ad.user.FileADUsersParser.getInfoAbout(FileADUsersParser.java:68)
	at ru.vachok.networker.ad.user.FileADUsersParser.getInfoAbout(FileADUsersParser.java:68)
	at ru.vachok.networker.ad.user.FileADUsersParserTest.testGetInfoAbout(FileADUsersParserTest.java:59)
	at java.base/jdk.internal.reflect.NativeMethodAccessorImpl.invoke0(Native Method)
	at java.base/jdk.internal.reflect.NativeMethodAccessorImpl.invoke(NativeMethodAccessorImpl.java:62)
	at java.base/jdk.internal.reflect.DelegatingMethodAccessorImpl.invoke(DelegatingMethodAccessorImpl.java:43)
	at java.base/java.lang.reflect.Method.invoke(Method.java:567)
	at org.testng.internal.MethodInvocationHelper.invokeMethod(MethodInvocationHelper.java:131)
	at org.testng.internal.TestInvoker.invokeMethod(TestInvoker.java:570)
	at org.testng.internal.TestInvoker.invokeTestMethod(TestInvoker.java:170)
	at org.testng.internal.MethodRunner.runInSequence(MethodRunner.java:46)
	at org.testng.internal.TestInvoker$MethodInvocationAgent.invoke(TestInvoker.java:790)
	at org.testng.internal.TestInvoker.invokeTestMethods(TestInvoker.java:143)
	at org.testng.internal.TestMethodWorker.invokeTestMethods(TestMethodWorker.java:146)
	at org.testng.internal.TestMethodWorker.run(TestMethodWorker.java:128)
	at org.testng.TestRunner.privateRun(TestRunner.java:763)
	at org.testng.TestRunner.run(TestRunner.java:594)
	at org.testng.SuiteRunner.runTest(SuiteRunner.java:398)
	at org.testng.SuiteRunner.runSequentially(SuiteRunner.java:392)
	at org.testng.SuiteRunner.privateRun(SuiteRunner.java:355)
	at org.testng.SuiteRunner.run(SuiteRunner.java:304)
	at org.testng.SuiteRunnerWorker.runSuite(SuiteRunnerWorker.java:53)
	at org.testng.SuiteRunnerWorker.run(SuiteRunnerWorker.java:96)
	at org.testng.TestNG.runSuitesSequentially(TestNG.java:1146)
	at org.testng.TestNG.runSuitesLocally(TestNG.java:1067)
	at org.testng.TestNG.runSuites(TestNG.java:997)
	at org.testng.TestNG.run(TestNG.java:965)
	at org.testng.IDEARemoteTestNG.run(IDEARemoteTestNG.java:73)
	at org.testng.RemoteTestNGStarter.main(RemoteTestNGStarter.java:123)
</pre></div></td>
    <td>1</td>
    <td>ru.vachok.networker.ad.user.FileADUsersParserTest@69da0b12</td>
</tr>
<tr>
<td title='ru.vachok.networker.info.PageGenerationHelperTest.testGetInfoAbout()'><b>testGetInfoAbout</b><br>Test class: ru.vachok.networker.info.PageGenerationHelperTest</td>
    <td>
        <div><pre>java.lang.AssertionError: expected [&lt;a href=&quot;/&quot;&gt;Главная&lt;/a&gt;] but found [&lt;center&gt;&lt;font color=&quot;&quot;&gt;&lt;a href=&quot;/&quot;&gt;Главная&lt;/a&gt;
&lt;/font&gt;&lt;/center&gt;]
	at ru.vachok.networker.info.PageGenerationHelperTest.testGetInfoAbout(PageGenerationHelperTest.java:41)
... Removed 31 stack frames</pre>
        </div>
        <a href='#' onClick='toggleBox("stack-trace509293541", this, "Click to show all stack frames", "Click to hide stack frames")'>Click to show all stack frames</a>
        <div class='stack-trace' id='stack-trace509293541'><pre>java.lang.AssertionError: expected [&lt;a href=&quot;/&quot;&gt;Главная&lt;/a&gt;] but found [&lt;center&gt;&lt;font color=&quot;&quot;&gt;&lt;a href=&quot;/&quot;&gt;Главная&lt;/a&gt;
&lt;/font&gt;&lt;/center&gt;]
	at org.testng.Assert.fail(Assert.java:97)
	at org.testng.Assert.assertEqualsImpl(Assert.java:136)
	at org.testng.Assert.assertEquals(Assert.java:118)
	at org.testng.Assert.assertEquals(Assert.java:575)
	at org.testng.Assert.assertEquals(Assert.java:585)
	at ru.vachok.networker.info.PageGenerationHelperTest.testGetInfoAbout(PageGenerationHelperTest.java:41)
	at java.base/jdk.internal.reflect.NativeMethodAccessorImpl.invoke0(Native Method)
	at java.base/jdk.internal.reflect.NativeMethodAccessorImpl.invoke(NativeMethodAccessorImpl.java:62)
	at java.base/jdk.internal.reflect.DelegatingMethodAccessorImpl.invoke(DelegatingMethodAccessorImpl.java:43)
	at java.base/java.lang.reflect.Method.invoke(Method.java:567)
	at org.testng.internal.MethodInvocationHelper.invokeMethod(MethodInvocationHelper.java:131)
	at org.testng.internal.TestInvoker.invokeMethod(TestInvoker.java:570)
	at org.testng.internal.TestInvoker.invokeTestMethod(TestInvoker.java:170)
	at org.testng.internal.MethodRunner.runInSequence(MethodRunner.java:46)
	at org.testng.internal.TestInvoker$MethodInvocationAgent.invoke(TestInvoker.java:790)
	at org.testng.internal.TestInvoker.invokeTestMethods(TestInvoker.java:143)
	at org.testng.internal.TestMethodWorker.invokeTestMethods(TestMethodWorker.java:146)
	at org.testng.internal.TestMethodWorker.run(TestMethodWorker.java:128)
	at org.testng.TestRunner.privateRun(TestRunner.java:763)
	at org.testng.TestRunner.run(TestRunner.java:594)
	at org.testng.SuiteRunner.runTest(SuiteRunner.java:398)
	at org.testng.SuiteRunner.runSequentially(SuiteRunner.java:392)
	at org.testng.SuiteRunner.privateRun(SuiteRunner.java:355)
	at org.testng.SuiteRunner.run(SuiteRunner.java:304)
	at org.testng.SuiteRunnerWorker.runSuite(SuiteRunnerWorker.java:53)
	at org.testng.SuiteRunnerWorker.run(SuiteRunnerWorker.java:96)
	at org.testng.TestNG.runSuitesSequentially(TestNG.java:1146)
	at org.testng.TestNG.runSuitesLocally(TestNG.java:1067)
	at org.testng.TestNG.runSuites(TestNG.java:997)
	at org.testng.TestNG.run(TestNG.java:965)
	at org.testng.IDEARemoteTestNG.run(IDEARemoteTestNG.java:73)
	at org.testng.RemoteTestNGStarter.main(RemoteTestNGStarter.java:123)
</pre></div></td>
<td>0</td>
    <td>ru.vachok.networker.info.PageGenerationHelperTest@7d0cc890</td>
</tr>
<tr>
<td title='ru.vachok.networker.abstr.NetKeeperTest.testGetKudrWorkTime()'><b>testGetKudrWorkTime</b><br>Test class: ru.vachok.networker.abstr.NetKeeperTest</td>
<td><div><pre>java.lang.AssertionError: did not expect to find [true] but found [false]
	at ru.vachok.networker.abstr.NetKeeperTest.testGetKudrWorkTime(NetKeeperTest.java:72)
... Removed 30 stack frames</pre>
</div>
    <a href='#' onClick='toggleBox("stack-trace47710680", this, "Click to show all stack frames", "Click to hide stack frames")'>Click to show all stack frames</a>
    <div class='stack-trace' id='stack-trace47710680'><pre>java.lang.AssertionError: did not expect to find [true] but found [false]
	at org.testng.Assert.fail(Assert.java:97)
	at org.testng.Assert.failNotEquals(Assert.java:969)
	at org.testng.Assert.assertTrue(Assert.java:43)
	at org.testng.Assert.assertTrue(Assert.java:53)
	at ru.vachok.networker.abstr.NetKeeperTest.testGetKudrWorkTime(NetKeeperTest.java:72)
	at java.base/jdk.internal.reflect.NativeMethodAccessorImpl.invoke0(Native Method)
	at java.base/jdk.internal.reflect.NativeMethodAccessorImpl.invoke(NativeMethodAccessorImpl.java:62)
	at java.base/jdk.internal.reflect.DelegatingMethodAccessorImpl.invoke(DelegatingMethodAccessorImpl.java:43)
	at java.base/java.lang.reflect.Method.invoke(Method.java:567)
	at org.testng.internal.MethodInvocationHelper.invokeMethod(MethodInvocationHelper.java:131)
	at org.testng.internal.TestInvoker.invokeMethod(TestInvoker.java:570)
	at org.testng.internal.TestInvoker.invokeTestMethod(TestInvoker.java:170)
	at org.testng.internal.MethodRunner.runInSequence(MethodRunner.java:46)
	at org.testng.internal.TestInvoker$MethodInvocationAgent.invoke(TestInvoker.java:790)
	at org.testng.internal.TestInvoker.invokeTestMethods(TestInvoker.java:143)
	at org.testng.internal.TestMethodWorker.invokeTestMethods(TestMethodWorker.java:146)
	at org.testng.internal.TestMethodWorker.run(TestMethodWorker.java:128)
	at org.testng.TestRunner.privateRun(TestRunner.java:763)
	at org.testng.TestRunner.run(TestRunner.java:594)
	at org.testng.SuiteRunner.runTest(SuiteRunner.java:398)
	at org.testng.SuiteRunner.runSequentially(SuiteRunner.java:392)
	at org.testng.SuiteRunner.privateRun(SuiteRunner.java:355)
	at org.testng.SuiteRunner.run(SuiteRunner.java:304)
	at org.testng.SuiteRunnerWorker.runSuite(SuiteRunnerWorker.java:53)
	at org.testng.SuiteRunnerWorker.run(SuiteRunnerWorker.java:96)
	at org.testng.TestNG.runSuitesSequentially(TestNG.java:1146)
	at org.testng.TestNG.runSuitesLocally(TestNG.java:1067)
	at org.testng.TestNG.runSuites(TestNG.java:997)
	at org.testng.TestNG.run(TestNG.java:965)
	at org.testng.IDEARemoteTestNG.run(IDEARemoteTestNG.java:73)
	at org.testng.RemoteTestNGStarter.main(RemoteTestNGStarter.java:123)
</pre></div></td>
<td>0</td>
    <td>ru.vachok.networker.abstr.NetKeeperTest@6fd5717c</td>
</tr>
<tr>
<td title='ru.vachok.networker.services.MyCalenTest.testGetTimeInfo()'><b>testGetTimeInfo</b><br>Test class: ru.vachok.networker.services.MyCalenTest</td>
<td><div><pre>java.lang.AssertionError: did not expect to find [true] but found [false]
	at ru.vachok.networker.services.MyCalenTest.testGetTimeInfo(MyCalenTest.java:33)
... Removed 30 stack frames</pre>
</div>
    <a href='#' onClick='toggleBox("stack-trace1778700964", this, "Click to show all stack frames", "Click to hide stack frames")'>Click to show all stack frames</a>
    <div class='stack-trace' id='stack-trace1778700964'><pre>java.lang.AssertionError: did not expect to find [true] but found [false]
	at org.testng.Assert.fail(Assert.java:97)
	at org.testng.Assert.failNotEquals(Assert.java:969)
	at org.testng.Assert.assertTrue(Assert.java:43)
	at org.testng.Assert.assertTrue(Assert.java:53)
	at ru.vachok.networker.services.MyCalenTest.testGetTimeInfo(MyCalenTest.java:33)
	at java.base/jdk.internal.reflect.NativeMethodAccessorImpl.invoke0(Native Method)
	at java.base/jdk.internal.reflect.NativeMethodAccessorImpl.invoke(NativeMethodAccessorImpl.java:62)
	at java.base/jdk.internal.reflect.DelegatingMethodAccessorImpl.invoke(DelegatingMethodAccessorImpl.java:43)
	at java.base/java.lang.reflect.Method.invoke(Method.java:567)
	at org.testng.internal.MethodInvocationHelper.invokeMethod(MethodInvocationHelper.java:131)
	at org.testng.internal.TestInvoker.invokeMethod(TestInvoker.java:570)
	at org.testng.internal.TestInvoker.invokeTestMethod(TestInvoker.java:170)
	at org.testng.internal.MethodRunner.runInSequence(MethodRunner.java:46)
	at org.testng.internal.TestInvoker$MethodInvocationAgent.invoke(TestInvoker.java:790)
	at org.testng.internal.TestInvoker.invokeTestMethods(TestInvoker.java:143)
	at org.testng.internal.TestMethodWorker.invokeTestMethods(TestMethodWorker.java:146)
	at org.testng.internal.TestMethodWorker.run(TestMethodWorker.java:128)
	at org.testng.TestRunner.privateRun(TestRunner.java:763)
	at org.testng.TestRunner.run(TestRunner.java:594)
	at org.testng.SuiteRunner.runTest(SuiteRunner.java:398)
	at org.testng.SuiteRunner.runSequentially(SuiteRunner.java:392)
	at org.testng.SuiteRunner.privateRun(SuiteRunner.java:355)
	at org.testng.SuiteRunner.run(SuiteRunner.java:304)
	at org.testng.SuiteRunnerWorker.runSuite(SuiteRunnerWorker.java:53)
	at org.testng.SuiteRunnerWorker.run(SuiteRunnerWorker.java:96)
	at org.testng.TestNG.runSuitesSequentially(TestNG.java:1146)
	at org.testng.TestNG.runSuitesLocally(TestNG.java:1067)
	at org.testng.TestNG.runSuites(TestNG.java:997)
	at org.testng.TestNG.run(TestNG.java:965)
	at org.testng.IDEARemoteTestNG.run(IDEARemoteTestNG.java:73)
	at org.testng.RemoteTestNGStarter.main(RemoteTestNGStarter.java:123)
</pre></div></td>
<td>0</td>
    <td>ru.vachok.networker.services.MyCalenTest@351e414e</td>
</tr>
<tr>
<td title='ru.vachok.networker.AppComponentsTest.testGetUserResolver()'><b>testGetUserResolver</b><br>Test class: ru.vachok.networker.AppComponentsTest</td>
<td><div><pre>java.lang.AssertionError: did not expect to find [true] but found [false]
	at ru.vachok.networker.AppComponentsTest.testGetUserResolver(AppComponentsTest.java:238)
... Removed 30 stack frames</pre>
</div>
    <a href='#' onClick='toggleBox("stack-trace1545644729", this, "Click to show all stack frames", "Click to hide stack frames")'>Click to show all stack frames</a>
    <div class='stack-trace' id='stack-trace1545644729'><pre>java.lang.AssertionError: did not expect to find [true] but found [false]
	at org.testng.Assert.fail(Assert.java:97)
	at org.testng.Assert.failNotEquals(Assert.java:969)
	at org.testng.Assert.assertTrue(Assert.java:43)
	at org.testng.Assert.assertTrue(Assert.java:53)
	at ru.vachok.networker.AppComponentsTest.testGetUserResolver(AppComponentsTest.java:238)
	at java.base/jdk.internal.reflect.NativeMethodAccessorImpl.invoke0(Native Method)
	at java.base/jdk.internal.reflect.NativeMethodAccessorImpl.invoke(NativeMethodAccessorImpl.java:62)
	at java.base/jdk.internal.reflect.DelegatingMethodAccessorImpl.invoke(DelegatingMethodAccessorImpl.java:43)
	at java.base/java.lang.reflect.Method.invoke(Method.java:567)
	at org.testng.internal.MethodInvocationHelper.invokeMethod(MethodInvocationHelper.java:131)
	at org.testng.internal.TestInvoker.invokeMethod(TestInvoker.java:570)
	at org.testng.internal.TestInvoker.invokeTestMethod(TestInvoker.java:170)
	at org.testng.internal.MethodRunner.runInSequence(MethodRunner.java:46)
	at org.testng.internal.TestInvoker$MethodInvocationAgent.invoke(TestInvoker.java:790)
	at org.testng.internal.TestInvoker.invokeTestMethods(TestInvoker.java:143)
	at org.testng.internal.TestMethodWorker.invokeTestMethods(TestMethodWorker.java:146)
	at org.testng.internal.TestMethodWorker.run(TestMethodWorker.java:128)
	at org.testng.TestRunner.privateRun(TestRunner.java:763)
	at org.testng.TestRunner.run(TestRunner.java:594)
	at org.testng.SuiteRunner.runTest(SuiteRunner.java:398)
	at org.testng.SuiteRunner.runSequentially(SuiteRunner.java:392)
	at org.testng.SuiteRunner.privateRun(SuiteRunner.java:355)
	at org.testng.SuiteRunner.run(SuiteRunner.java:304)
	at org.testng.SuiteRunnerWorker.runSuite(SuiteRunnerWorker.java:53)
	at org.testng.SuiteRunnerWorker.run(SuiteRunnerWorker.java:96)
	at org.testng.TestNG.runSuitesSequentially(TestNG.java:1146)
	at org.testng.TestNG.runSuitesLocally(TestNG.java:1067)
	at org.testng.TestNG.runSuites(TestNG.java:997)
	at org.testng.TestNG.run(TestNG.java:965)
	at org.testng.IDEARemoteTestNG.run(IDEARemoteTestNG.java:73)
	at org.testng.RemoteTestNGStarter.main(RemoteTestNGStarter.java:123)
</pre></div></td>
    <td>18</td>
    <td>ru.vachok.networker.AppComponentsTest@1fde4f40</td>
</tr>
    <tr>
        <td title='ru.vachok.networker.UsefulUtilitiesTest.testIsPingOK()'><b>testIsPingOK</b><br>Test class: ru.vachok.networker.UsefulUtilitiesTest</td>
        <td>
            <div><pre>java.lang.AssertionError: did not expect to find [true] but found [false]
	at ru.vachok.networker.UsefulUtilitiesTest.testIsPingOK(UsefulUtilitiesTest.java:53)
... Removed 30 stack frames</pre>
            </div>
            <a href='#' onClick='toggleBox("stack-trace1628800110", this, "Click to show all stack frames", "Click to hide stack frames")'>Click to show all stack frames</a>
            <div class='stack-trace' id='stack-trace1628800110'><pre>java.lang.AssertionError: did not expect to find [true] but found [false]
	at org.testng.Assert.fail(Assert.java:97)
	at org.testng.Assert.failNotEquals(Assert.java:969)
	at org.testng.Assert.assertTrue(Assert.java:43)
	at org.testng.Assert.assertTrue(Assert.java:53)
	at ru.vachok.networker.UsefulUtilitiesTest.testIsPingOK(UsefulUtilitiesTest.java:53)
	at java.base/jdk.internal.reflect.NativeMethodAccessorImpl.invoke0(Native Method)
	at java.base/jdk.internal.reflect.NativeMethodAccessorImpl.invoke(NativeMethodAccessorImpl.java:62)
	at java.base/jdk.internal.reflect.DelegatingMethodAccessorImpl.invoke(DelegatingMethodAccessorImpl.java:43)
	at java.base/java.lang.reflect.Method.invoke(Method.java:567)
	at org.testng.internal.MethodInvocationHelper.invokeMethod(MethodInvocationHelper.java:131)
	at org.testng.internal.TestInvoker.invokeMethod(TestInvoker.java:570)
	at org.testng.internal.TestInvoker.invokeTestMethod(TestInvoker.java:170)
	at org.testng.internal.MethodRunner.runInSequence(MethodRunner.java:46)
	at org.testng.internal.TestInvoker$MethodInvocationAgent.invoke(TestInvoker.java:790)
	at org.testng.internal.TestInvoker.invokeTestMethods(TestInvoker.java:143)
	at org.testng.internal.TestMethodWorker.invokeTestMethods(TestMethodWorker.java:146)
	at org.testng.internal.TestMethodWorker.run(TestMethodWorker.java:128)
	at org.testng.TestRunner.privateRun(TestRunner.java:763)
	at org.testng.TestRunner.run(TestRunner.java:594)
	at org.testng.SuiteRunner.runTest(SuiteRunner.java:398)
	at org.testng.SuiteRunner.runSequentially(SuiteRunner.java:392)
	at org.testng.SuiteRunner.privateRun(SuiteRunner.java:355)
	at org.testng.SuiteRunner.run(SuiteRunner.java:304)
	at org.testng.SuiteRunnerWorker.runSuite(SuiteRunnerWorker.java:53)
	at org.testng.SuiteRunnerWorker.run(SuiteRunnerWorker.java:96)
	at org.testng.TestNG.runSuitesSequentially(TestNG.java:1146)
	at org.testng.TestNG.runSuitesLocally(TestNG.java:1067)
	at org.testng.TestNG.runSuites(TestNG.java:997)
	at org.testng.TestNG.run(TestNG.java:965)
	at org.testng.IDEARemoteTestNG.run(IDEARemoteTestNG.java:73)
	at org.testng.RemoteTestNGStarter.main(RemoteTestNGStarter.java:123)
</pre>
            </div>
        </td>
        <td>0</td>
        <td>ru.vachok.networker.UsefulUtilitiesTest@4992613f</td>
    </tr>
<tr>
<td title='ru.vachok.networker.controller.OKMakerTest.testMakeOk()'><b>testMakeOk</b><br>Test class: ru.vachok.networker.controller.OKMakerTest</td>
<td><div><pre>java.lang.AssertionError: did not expect to find [true] but found [false]
	at ru.vachok.networker.controller.OKMakerTest.testMakeOk(OKMakerTest.java:43)
... Removed 30 stack frames</pre>
</div>
    <a href='#' onClick='toggleBox("stack-trace103402417", this, "Click to show all stack frames", "Click to hide stack frames")'>Click to show all stack frames</a>
    <div class='stack-trace' id='stack-trace103402417'><pre>java.lang.AssertionError: did not expect to find [true] but found [false]
	at org.testng.Assert.fail(Assert.java:97)
	at org.testng.Assert.failNotEquals(Assert.java:969)
	at org.testng.Assert.assertTrue(Assert.java:43)
	at org.testng.Assert.assertTrue(Assert.java:53)
	at ru.vachok.networker.controller.OKMakerTest.testMakeOk(OKMakerTest.java:43)
	at java.base/jdk.internal.reflect.NativeMethodAccessorImpl.invoke0(Native Method)
	at java.base/jdk.internal.reflect.NativeMethodAccessorImpl.invoke(NativeMethodAccessorImpl.java:62)
	at java.base/jdk.internal.reflect.DelegatingMethodAccessorImpl.invoke(DelegatingMethodAccessorImpl.java:43)
	at java.base/java.lang.reflect.Method.invoke(Method.java:567)
	at org.testng.internal.MethodInvocationHelper.invokeMethod(MethodInvocationHelper.java:131)
	at org.testng.internal.TestInvoker.invokeMethod(TestInvoker.java:570)
	at org.testng.internal.TestInvoker.invokeTestMethod(TestInvoker.java:170)
	at org.testng.internal.MethodRunner.runInSequence(MethodRunner.java:46)
	at org.testng.internal.TestInvoker$MethodInvocationAgent.invoke(TestInvoker.java:790)
	at org.testng.internal.TestInvoker.invokeTestMethods(TestInvoker.java:143)
	at org.testng.internal.TestMethodWorker.invokeTestMethods(TestMethodWorker.java:146)
	at org.testng.internal.TestMethodWorker.run(TestMethodWorker.java:128)
	at org.testng.TestRunner.privateRun(TestRunner.java:763)
	at org.testng.TestRunner.run(TestRunner.java:594)
	at org.testng.SuiteRunner.runTest(SuiteRunner.java:398)
	at org.testng.SuiteRunner.runSequentially(SuiteRunner.java:392)
	at org.testng.SuiteRunner.privateRun(SuiteRunner.java:355)
	at org.testng.SuiteRunner.run(SuiteRunner.java:304)
	at org.testng.SuiteRunnerWorker.runSuite(SuiteRunnerWorker.java:53)
	at org.testng.SuiteRunnerWorker.run(SuiteRunnerWorker.java:96)
	at org.testng.TestNG.runSuitesSequentially(TestNG.java:1146)
	at org.testng.TestNG.runSuitesLocally(TestNG.java:1067)
	at org.testng.TestNG.runSuites(TestNG.java:997)
	at org.testng.TestNG.run(TestNG.java:965)
	at org.testng.IDEARemoteTestNG.run(IDEARemoteTestNG.java:73)
	at org.testng.RemoteTestNGStarter.main(RemoteTestNGStarter.java:123)
</pre></div></td>
<td>0</td>
    <td>ru.vachok.networker.controller.OKMakerTest@45d6ef73</td>
</tr>
<tr>
<td title='ru.vachok.networker.accesscontrol.common.usermanagement.ConcreteFolderACLWriterTest.testRun()'><b>testRun</b><br>Test class: ru.vachok.networker.accesscontrol.common.usermanagement.ConcreteFolderACLWriterTest</td>
<td><div><pre>java.lang.AssertionError: \\srv-fs\it$$\ХЛАМ\owner_users.txt (Отказано в доступе) did not expect to find [true] but found [false]
	at ru.vachok.networker.accesscontrol.common.usermanagement.ConcreteFolderACLWriterTest.testRun(ConcreteFolderACLWriterTest.java:41)
... Removed 29 stack frames</pre>
</div>
    <a href='#' onClick='toggleBox("stack-trace1125514779", this, "Click to show all stack frames", "Click to hide stack frames")'>Click to show all stack frames</a>
    <div class='stack-trace' id='stack-trace1125514779'><pre>java.lang.AssertionError: \\srv-fs\it$$\ХЛАМ\owner_users.txt (Отказано в доступе) did not expect to find [true] but found [false]
	at org.testng.Assert.fail(Assert.java:97)
	at org.testng.Assert.failNotEquals(Assert.java:969)
	at org.testng.Assert.assertTrue(Assert.java:43)
	at ru.vachok.networker.accesscontrol.common.usermanagement.ConcreteFolderACLWriterTest.testRun(ConcreteFolderACLWriterTest.java:41)
	at java.base/jdk.internal.reflect.NativeMethodAccessorImpl.invoke0(Native Method)
	at java.base/jdk.internal.reflect.NativeMethodAccessorImpl.invoke(NativeMethodAccessorImpl.java:62)
	at java.base/jdk.internal.reflect.DelegatingMethodAccessorImpl.invoke(DelegatingMethodAccessorImpl.java:43)
	at java.base/java.lang.reflect.Method.invoke(Method.java:567)
	at org.testng.internal.MethodInvocationHelper.invokeMethod(MethodInvocationHelper.java:131)
	at org.testng.internal.TestInvoker.invokeMethod(TestInvoker.java:570)
	at org.testng.internal.TestInvoker.invokeTestMethod(TestInvoker.java:170)
	at org.testng.internal.MethodRunner.runInSequence(MethodRunner.java:46)
	at org.testng.internal.TestInvoker$MethodInvocationAgent.invoke(TestInvoker.java:790)
	at org.testng.internal.TestInvoker.invokeTestMethods(TestInvoker.java:143)
	at org.testng.internal.TestMethodWorker.invokeTestMethods(TestMethodWorker.java:146)
	at org.testng.internal.TestMethodWorker.run(TestMethodWorker.java:128)
	at org.testng.TestRunner.privateRun(TestRunner.java:763)
	at org.testng.TestRunner.run(TestRunner.java:594)
	at org.testng.SuiteRunner.runTest(SuiteRunner.java:398)
	at org.testng.SuiteRunner.runSequentially(SuiteRunner.java:392)
	at org.testng.SuiteRunner.privateRun(SuiteRunner.java:355)
	at org.testng.SuiteRunner.run(SuiteRunner.java:304)
	at org.testng.SuiteRunnerWorker.runSuite(SuiteRunnerWorker.java:53)
	at org.testng.SuiteRunnerWorker.run(SuiteRunnerWorker.java:96)
	at org.testng.TestNG.runSuitesSequentially(TestNG.java:1146)
	at org.testng.TestNG.runSuitesLocally(TestNG.java:1067)
	at org.testng.TestNG.runSuites(TestNG.java:997)
	at org.testng.TestNG.run(TestNG.java:965)
	at org.testng.IDEARemoteTestNG.run(IDEARemoteTestNG.java:73)
	at org.testng.RemoteTestNGStarter.main(RemoteTestNGStarter.java:123)
</pre></div></td>
<td>0</td>
    <td>ru.vachok.networker.accesscontrol.common.usermanagement.ConcreteFolderACLWriterTest@26a4551a</td>
</tr>
<tr>
<td title='ru.vachok.networker.accesscontrol.sshactions.TemporaryFullInternetTest.testRunAdd()'><b>testRunAdd</b><br>Test class: ru.vachok.networker.accesscontrol.sshactions.TemporaryFullInternetTest</td>
<td><div><pre>java.lang.AssertionError: null
FutureTask.java: java.base/java.util.concurrent.FutureTask.get(FutureTask.java:204)
TemporaryFullInternetTest.java: ru.vachok.networker.accesscontrol.sshactions.TemporaryFullInternetTest.testRunAdd(TemporaryFullInternetTest.java:61)



 expected [null] but found [java.util.concurrent.TimeoutException]
	at ru.vachok.networker.accesscontrol.sshactions.TemporaryFullInternetTest.testRunAdd(TemporaryFullInternetTest.java:65)
... Removed 55 stack frames</pre>
</div>
    <a href='#' onClick='toggleBox("stack-trace1519451306", this, "Click to show all stack frames", "Click to hide stack frames")'>Click to show all stack frames</a>
    <div class='stack-trace' id='stack-trace1519451306'><pre>java.lang.AssertionError: null
FutureTask.java: java.base/java.util.concurrent.FutureTask.get(FutureTask.java:204)
TemporaryFullInternetTest.java: ru.vachok.networker.accesscontrol.sshactions.TemporaryFullInternetTest.testRunAdd(TemporaryFullInternetTest.java:61)
NativeMethodAccessorImpl.java: java.base/jdk.internal.reflect.NativeMethodAccessorImpl.invoke0(Native Method)
NativeMethodAccessorImpl.java: java.base/jdk.internal.reflect.NativeMethodAccessorImpl.invoke(NativeMethodAccessorImpl.java:62)
DelegatingMethodAccessorImpl.java: java.base/jdk.internal.reflect.DelegatingMethodAccessorImpl.invoke(DelegatingMethodAccessorImpl.java:43)
Method.java: java.base/java.lang.reflect.Method.invoke(Method.java:567)
MethodInvocationHelper.java: org.testng.internal.MethodInvocationHelper.invokeMethod(MethodInvocationHelper.java:131)
TestInvoker.java: org.testng.internal.TestInvoker.invokeMethod(TestInvoker.java:570)
TestInvoker.java: org.testng.internal.TestInvoker.invokeTestMethod(TestInvoker.java:170)
MethodRunner.java: org.testng.internal.MethodRunner.runInSequence(MethodRunner.java:46)
TestInvoker.java: org.testng.internal.TestInvoker$MethodInvocationAgent.invoke(TestInvoker.java:790)
TestInvoker.java: org.testng.internal.TestInvoker.invokeTestMethods(TestInvoker.java:143)
TestMethodWorker.java: org.testng.internal.TestMethodWorker.invokeTestMethods(TestMethodWorker.java:146)
TestMethodWorker.java: org.testng.internal.TestMethodWorker.run(TestMethodWorker.java:128)
TestRunner.java: org.testng.TestRunner.privateRun(TestRunner.java:763)
TestRunner.java: org.testng.TestRunner.run(TestRunner.java:594)
SuiteRunner.java: org.testng.SuiteRunner.runTest(SuiteRunner.java:398)
SuiteRunner.java: org.testng.SuiteRunner.runSequentially(SuiteRunner.java:392)
SuiteRunner.java: org.testng.SuiteRunner.privateRun(SuiteRunner.java:355)
SuiteRunner.java: org.testng.SuiteRunner.run(SuiteRunner.java:304)
SuiteRunnerWorker.java: org.testng.SuiteRunnerWorker.runSuite(SuiteRunnerWorker.java:53)
SuiteRunnerWorker.java: org.testng.SuiteRunnerWorker.run(SuiteRunnerWorker.java:96)
TestNG.java: org.testng.TestNG.runSuitesSequentially(TestNG.java:1146)
TestNG.java: org.testng.TestNG.runSuitesLocally(TestNG.java:1067)
TestNG.java: org.testng.TestNG.runSuites(TestNG.java:997)
TestNG.java: org.testng.TestNG.run(TestNG.java:965)
IDEARemoteTestNG.java: org.testng.IDEARemoteTestNG.run(IDEARemoteTestNG.java:73)
RemoteTestNGStarter.java: org.testng.RemoteTestNGStarter.main(RemoteTestNGStarter.java:123)



 expected [null] but found [java.util.concurrent.TimeoutException]
	at org.testng.Assert.fail(Assert.java:97)
	at org.testng.Assert.failNotSame(Assert.java:965)
	at org.testng.Assert.assertNull(Assert.java:898)
	at ru.vachok.networker.accesscontrol.sshactions.TemporaryFullInternetTest.testRunAdd(TemporaryFullInternetTest.java:65)
	at java.base/jdk.internal.reflect.NativeMethodAccessorImpl.invoke0(Native Method)
	at java.base/jdk.internal.reflect.NativeMethodAccessorImpl.invoke(NativeMethodAccessorImpl.java:62)
	at java.base/jdk.internal.reflect.DelegatingMethodAccessorImpl.invoke(DelegatingMethodAccessorImpl.java:43)
	at java.base/java.lang.reflect.Method.invoke(Method.java:567)
	at org.testng.internal.MethodInvocationHelper.invokeMethod(MethodInvocationHelper.java:131)
	at org.testng.internal.TestInvoker.invokeMethod(TestInvoker.java:570)
	at org.testng.internal.TestInvoker.invokeTestMethod(TestInvoker.java:170)
	at org.testng.internal.MethodRunner.runInSequence(MethodRunner.java:46)
	at org.testng.internal.TestInvoker$MethodInvocationAgent.invoke(TestInvoker.java:790)
	at org.testng.internal.TestInvoker.invokeTestMethods(TestInvoker.java:143)
	at org.testng.internal.TestMethodWorker.invokeTestMethods(TestMethodWorker.java:146)
	at org.testng.internal.TestMethodWorker.run(TestMethodWorker.java:128)
	at org.testng.TestRunner.privateRun(TestRunner.java:763)
	at org.testng.TestRunner.run(TestRunner.java:594)
	at org.testng.SuiteRunner.runTest(SuiteRunner.java:398)
	at org.testng.SuiteRunner.runSequentially(SuiteRunner.java:392)
	at org.testng.SuiteRunner.privateRun(SuiteRunner.java:355)
	at org.testng.SuiteRunner.run(SuiteRunner.java:304)
	at org.testng.SuiteRunnerWorker.runSuite(SuiteRunnerWorker.java:53)
	at org.testng.SuiteRunnerWorker.run(SuiteRunnerWorker.java:96)
	at org.testng.TestNG.runSuitesSequentially(TestNG.java:1146)
	at org.testng.TestNG.runSuitesLocally(TestNG.java:1067)
	at org.testng.TestNG.runSuites(TestNG.java:997)
	at org.testng.TestNG.run(TestNG.java:965)
	at org.testng.IDEARemoteTestNG.run(IDEARemoteTestNG.java:73)
	at org.testng.RemoteTestNGStarter.main(RemoteTestNGStarter.java:123)
</pre></div></td>
<td>0</td>
    <td>ru.vachok.networker.accesscontrol.sshactions.TemporaryFullInternetTest@50194e8d</td>
</tr>
<tr>
<td title='ru.vachok.networker.info.PageGenerationHelperTest.testTestToString()'><b>testTestToString</b><br>Test class: ru.vachok.networker.info.PageGenerationHelperTest</td>
<td><div><pre>java.lang.AssertionError: did not expect to find [true] but found [false]
	at ru.vachok.networker.info.PageGenerationHelperTest.testTestToString(PageGenerationHelperTest.java:61)
... Removed 30 stack frames</pre>
</div>
    <a href='#' onClick='toggleBox("stack-trace334759054", this, "Click to show all stack frames", "Click to hide stack frames")'>Click to show all stack frames</a>
    <div class='stack-trace' id='stack-trace334759054'><pre>java.lang.AssertionError: did not expect to find [true] but found [false]
	at org.testng.Assert.fail(Assert.java:97)
	at org.testng.Assert.failNotEquals(Assert.java:969)
	at org.testng.Assert.assertTrue(Assert.java:43)
	at org.testng.Assert.assertTrue(Assert.java:53)
	at ru.vachok.networker.info.PageGenerationHelperTest.testTestToString(PageGenerationHelperTest.java:61)
	at java.base/jdk.internal.reflect.NativeMethodAccessorImpl.invoke0(Native Method)
	at java.base/jdk.internal.reflect.NativeMethodAccessorImpl.invoke(NativeMethodAccessorImpl.java:62)
	at java.base/jdk.internal.reflect.DelegatingMethodAccessorImpl.invoke(DelegatingMethodAccessorImpl.java:43)
	at java.base/java.lang.reflect.Method.invoke(Method.java:567)
	at org.testng.internal.MethodInvocationHelper.invokeMethod(MethodInvocationHelper.java:131)
	at org.testng.internal.TestInvoker.invokeMethod(TestInvoker.java:570)
	at org.testng.internal.TestInvoker.invokeTestMethod(TestInvoker.java:170)
	at org.testng.internal.MethodRunner.runInSequence(MethodRunner.java:46)
	at org.testng.internal.TestInvoker$MethodInvocationAgent.invoke(TestInvoker.java:790)
	at org.testng.internal.TestInvoker.invokeTestMethods(TestInvoker.java:143)
	at org.testng.internal.TestMethodWorker.invokeTestMethods(TestMethodWorker.java:146)
	at org.testng.internal.TestMethodWorker.run(TestMethodWorker.java:128)
	at org.testng.TestRunner.privateRun(TestRunner.java:763)
	at org.testng.TestRunner.run(TestRunner.java:594)
	at org.testng.SuiteRunner.runTest(SuiteRunner.java:398)
	at org.testng.SuiteRunner.runSequentially(SuiteRunner.java:392)
	at org.testng.SuiteRunner.privateRun(SuiteRunner.java:355)
	at org.testng.SuiteRunner.run(SuiteRunner.java:304)
	at org.testng.SuiteRunnerWorker.runSuite(SuiteRunnerWorker.java:53)
	at org.testng.SuiteRunnerWorker.run(SuiteRunnerWorker.java:96)
	at org.testng.TestNG.runSuitesSequentially(TestNG.java:1146)
	at org.testng.TestNG.runSuitesLocally(TestNG.java:1067)
	at org.testng.TestNG.runSuites(TestNG.java:997)
	at org.testng.TestNG.run(TestNG.java:965)
	at org.testng.IDEARemoteTestNG.run(IDEARemoteTestNG.java:73)
	at org.testng.RemoteTestNGStarter.main(RemoteTestNGStarter.java:123)
</pre></div></td>
<td>0</td>
    <td>ru.vachok.networker.info.PageGenerationHelperTest@7d0cc890</td>
</tr>
</table><p>
<table width='100%' border='1' class='invocation-passed'>
<tr><td colspan='4' align='center'><b>PASSED TESTS</b></td></tr>
<tr><td><b>Test method</b></td>
<td width="30%"><b>Exception</b></td>
<td width="10%"><b>Time (seconds)</b></td>
<td><b>Instance</b></td>
</tr>
<tr>
<td title='ru.vachok.networker.net.libswork.RegRuFTPLibsUploaderTest.checkPassOverDB()'><b>checkPassOverDB</b><br>Test class: ru.vachok.networker.net.libswork.RegRuFTPLibsUploaderTest</td>
<td></td>
<td>0</td>
<td>RegRuFTPLibsUploader{ftpClient=null}</td></tr>
<tr>
<td title='ru.vachok.networker.net.libswork.RegRuFTPLibsUploaderTest.chkPC$$COPY()'><b>chkPC$$COPY</b><br>Test class: ru.vachok.networker.net.libswork.RegRuFTPLibsUploaderTest</td>
<td></td>
<td>0</td>
<td>RegRuFTPLibsUploader{ftpClient=null}</td></tr>
<tr>
<td title='ru.vachok.networker.net.libswork.RegRuFTPLibsUploaderTest.continueConnect()'><b>continueConnect</b><br>Test class: ru.vachok.networker.net.libswork.RegRuFTPLibsUploaderTest</td>
<td></td>
<td>0</td>
<td>RegRuFTPLibsUploader{ftpClient=null}</td></tr>
<tr>
<td title='ru.vachok.networker.ad.PhotoConverterSRVTest.convertFoto()'><b>convertFoto</b><br>Test class: ru.vachok.networker.ad.PhotoConverterSRVTest</td>
<td></td>
<td>0</td>
    <td>ru.vachok.networker.ad.PhotoConverterSRVTest@73ad4ecc</td>
</tr>
<tr>
<td title='ru.vachok.networker.services.SimpleCalculatorTest.countThreads()'><b>countThreads</b><br>Test class: ru.vachok.networker.services.SimpleCalculatorTest</td>
<td></td>
<td>0</td>
    <td>ru.vachok.networker.services.SimpleCalculatorTest@6fd77352</td>
</tr>
<tr>
<td title='ru.vachok.networker.net.monitor.PCMonitoringTest.exp$$WriteLog()'><b>exp$$WriteLog</b><br>Test class: ru.vachok.networker.net.monitor.PCMonitoringTest</td>
<td></td>
<td>0</td>
    <td>ru.vachok.networker.net.monitor.PCMonitoringTest@5246a3b3</td>
</tr>
<tr>
<td title='ru.vachok.networker.net.scanner.ScanOnlineTest.fileOnToLastCopyTest()'><b>fileOnToLastCopyTest</b><br>Test class: ru.vachok.networker.net.scanner.ScanOnlineTest</td>
<td></td>
<td>0</td>
    <td>ru.vachok.networker.net.scanner.ScanOnlineTest@6df3e44c</td>
</tr>
<tr>
<td title='ru.vachok.networker.net.libswork.RegRuFTPLibsUploaderTest.ftpTest()'><b>ftpTest</b><br>Test class: ru.vachok.networker.net.libswork.RegRuFTPLibsUploaderTest</td>
<td></td>
    <td>4</td>
<td>RegRuFTPLibsUploader{ftpClient=null}</td></tr>
<tr>
<td title='ru.vachok.networker.net.monitor.KudrWorkTimeTest.getExecution$$COPY()'><b>getExecution$$COPY</b><br>Test class: ru.vachok.networker.net.monitor.KudrWorkTimeTest</td>
<td></td>
<td>0</td>
    <td>ru.vachok.networker.net.monitor.KudrWorkTimeTest@67440de6</td>
</tr>
<tr>
<td title='ru.vachok.networker.AbstractNetworkerFactoryTest.getSSHFactoryOverAbsFactory()'><b>getSSHFactoryOverAbsFactory</b><br>Test class: ru.vachok.networker.AbstractNetworkerFactoryTest</td>
<td></td>
    <td>0</td>
    <td>ru.vachok.networker.AbstractNetworkerFactoryTest@30814f43</td>
</tr>
<tr>
<td title='ru.vachok.networker.net.monitor.DiapazonScanTest.isOldFilesExistsTest()'><b>isOldFilesExistsTest</b><br>Test class: ru.vachok.networker.net.monitor.DiapazonScanTest</td>
<td></td>
<td>0</td>
    <td>ru.vachok.networker.net.monitor.DiapazonScanTest@67b7c170</td>
</tr>
<tr>
<td title='ru.vachok.networker.net.monitor.KudrWorkTimeTest.kudrMonitorTest()'><b>kudrMonitorTest</b><br>Test class: ru.vachok.networker.net.monitor.KudrWorkTimeTest</td>
<td></td>
<td>1</td>
    <td>ru.vachok.networker.net.monitor.KudrWorkTimeTest@67440de6</td>
</tr>
<tr>
<td title='ru.vachok.networker.restapi.props.DBPropsCallableTest.localFind()'><b>localFind</b><br>Test class: ru.vachok.networker.restapi.props.DBPropsCallableTest</td>
<td></td>
<td>0</td>
    <td>ru.vachok.networker.restapi.props.DBPropsCallableTest@57a48985</td>
</tr>
<tr>
<td title='ru.vachok.networker.mailserver.testserver.MailPOPTesterTest.logFileReader()'><b>logFileReader</b><br>Test class: ru.vachok.networker.mailserver.testserver.MailPOPTesterTest</td>
<td></td>
<td>2</td>
    <td>ru.vachok.networker.mailserver.testserver.MailPOPTesterTest@5ff60a8c</td>
</tr>
<tr>
<td title='ru.vachok.networker.net.monitor.DiapazonScanTest.makeFilesMapTest()'><b>makeFilesMapTest</b><br>Test class: ru.vachok.networker.net.monitor.DiapazonScanTest</td>
<td></td>
<td>0</td>
    <td>ru.vachok.networker.net.monitor.DiapazonScanTest@67b7c170</td>
</tr>
<tr>
    <td title='ru.vachok.networker.services.MyCalenTest.planTruncateTableUsers()'><b>planTruncateTableUsers</b><br>Test class: ru.vachok.networker.services.MyCalenTest</td>
<td></td>
<td>0</td>
    <td>ru.vachok.networker.services.MyCalenTest@351e414e</td>
</tr>
<tr>
    <td title='ru.vachok.networker.AppInfoOnLoadTest.providerSet()'><b>providerSet</b><br>Test class: ru.vachok.networker.AppInfoOnLoadTest</td>
<td></td>
<td>0</td>
    <td>ru.vachok.networker.AppInfoOnLoadTest@49cf9028</td>
</tr>
<tr>
<td title='ru.vachok.networker.net.monitor.NetMonitorPTVTests.ptvIfBigTest()'><b>ptvIfBigTest</b><br>Test class: ru.vachok.networker.net.monitor.NetMonitorPTVTests</td>
<td></td>
<td>0</td>
    <td>ru.vachok.networker.net.monitor.NetMonitorPTVTests@889d9e8</td>
</tr>
<tr>
<td title='ru.vachok.networker.AppInfoOnLoadTest.realRun()'><b>realRun</b><br>Test class: ru.vachok.networker.AppInfoOnLoadTest</td>
<td></td>
    <td>6</td>
    <td>ru.vachok.networker.AppInfoOnLoadTest@49cf9028</td>
</tr>
<tr>
<td title='ru.vachok.networker.accesscontrol.common.usermanagement.RightsCheckerTest.runChecker()'><b>runChecker</b><br>Test class: ru.vachok.networker.accesscontrol.common.usermanagement.RightsCheckerTest</td>
<td></td>
    <td>7</td>
    <td>ru.vachok.networker.accesscontrol.common.usermanagement.RightsCheckerTest@3fdecce</td>
</tr>
<tr>
<td title='ru.vachok.networker.net.monitor.DiapazonScanTest.scanFilesTest()'><b>scanFilesTest</b><br>Test class: ru.vachok.networker.net.monitor.DiapazonScanTest</td>
<td></td>
<td>0</td>
    <td>ru.vachok.networker.net.monitor.DiapazonScanTest@67b7c170</td>
</tr>
<tr>
<td title='ru.vachok.networker.restapi.message.DBMessengerTest.sendMessage()'><b>sendMessage</b><br>Test class: ru.vachok.networker.restapi.message.DBMessengerTest</td>
<td></td>
<td>0</td>
    <td>ru.vachok.networker.restapi.message.DBMessengerTest@d56aaa6</td>
</tr>
<tr>
<td title='ru.vachok.networker.systray.actions.ActionMakeInfoAboutOldCommonFilesTest.testActionPerformed()'><b>testActionPerformed</b><br>Test class: ru.vachok.networker.systray.actions.ActionMakeInfoAboutOldCommonFilesTest</td>
<td></td>
<td>0</td>
    <td>ru.vachok.networker.systray.actions.ActionMakeInfoAboutOldCommonFilesTest@2c2db130</td>
</tr>
<tr>
<td title='ru.vachok.networker.controller.ActDirectoryCTRLTest.testAdFoto()'><b>testAdFoto</b><br>Test class: ru.vachok.networker.controller.ActDirectoryCTRLTest</td>
<td></td>
<td>0</td>
    <td>ru.vachok.networker.controller.ActDirectoryCTRLTest@79b08632</td>
</tr>
<tr>
<td title='ru.vachok.networker.AppComponentsTest.testAdSrv()'><b>testAdSrv</b><br>Test class: ru.vachok.networker.AppComponentsTest</td>
<td></td>
<td>0</td>
    <td>ru.vachok.networker.AppComponentsTest@1fde4f40</td>
</tr>
<tr>
<td title='ru.vachok.networker.controller.UserWebCTRLTest.testAdSrvForUser()'><b>testAdSrvForUser</b><br>Test class: ru.vachok.networker.controller.UserWebCTRLTest</td>
<td></td>
<td>0</td>
    <td>ru.vachok.networker.controller.UserWebCTRLTest@26d820eb</td>
</tr>
<tr>
<td title='ru.vachok.networker.controller.ActDirectoryCTRLTest.testAdUsersComps()'><b>testAdUsersComps</b><br>Test class: ru.vachok.networker.controller.ActDirectoryCTRLTest</td>
<td></td>
<td>0</td>
    <td>ru.vachok.networker.controller.ActDirectoryCTRLTest@79b08632</td>
</tr>
<tr>
<td title='ru.vachok.networker.accesscontrol.sshactions.SshActsTest.testAllowDomainAdd()'><b>testAllowDomainAdd</b><br>Test class: ru.vachok.networker.accesscontrol.sshactions.SshActsTest</td>
<td></td>
    <td>0</td>
    <td>ru.vachok.networker.accesscontrol.sshactions.SshActsTest@5411dd90</td>
</tr>
<tr>
<td title='ru.vachok.networker.accesscontrol.sshactions.SshActsTest.testAllowDomainDel()'><b>testAllowDomainDel</b><br>Test class: ru.vachok.networker.accesscontrol.sshactions.SshActsTest</td>
<td></td>
    <td>0</td>
    <td>ru.vachok.networker.accesscontrol.sshactions.SshActsTest@5411dd90</td>
</tr>
<tr>
<td title='ru.vachok.networker.controller.SshActsCTRLTest.testAllowPOST()'><b>testAllowPOST</b><br>Test class: ru.vachok.networker.controller.SshActsCTRLTest</td>
<td></td>
    <td>0</td>
    <td>ru.vachok.networker.controller.SshActsCTRLTest@314c8b4a</td>
</tr>
<tr>
<td title='ru.vachok.networker.fileworks.FileSystemWorkerTest.testAppendObjectToFile()'><b>testAppendObjectToFile</b><br>Test class: ru.vachok.networker.fileworks.FileSystemWorkerTest</td>
<td></td>
<td>0</td>
    <td>ru.vachok.networker.fileworks.FileSystemWorkerTest@2c43eb8</td>
</tr>
<tr>
<td title='ru.vachok.networker.restapi.message.DBMessengerTest.testAsSingle()'><b>testAsSingle</b><br>Test class: ru.vachok.networker.restapi.message.DBMessengerTest</td>
<td></td>
<td>0</td>
    <td>ru.vachok.networker.restapi.message.DBMessengerTest@d56aaa6</td>
</tr>
<tr>
    <td title='ru.vachok.networker.SSHFactoryTest.testCall()'><b>testCall</b><br>Test class: ru.vachok.networker.SSHFactoryTest</td>
<td></td>
<td>0</td>
    <td>ru.vachok.networker.SSHFactoryTest@7ce9e05a</td>
</tr>
<tr>
<td title='ru.vachok.networker.accesscontrol.common.OldBigFilesInfoCollectorTest.testCall()'><b>testCall</b><br>Test class: ru.vachok.networker.accesscontrol.common.OldBigFilesInfoCollectorTest</td>
<td></td>
<td>0</td>
    <td>ru.vachok.networker.accesscontrol.common.OldBigFilesInfoCollectorTest@5136207f</td>
</tr>
<tr>
<td title='ru.vachok.networker.restapi.props.DBPropsCallableTest.testCall()'><b>testCall</b><br>Test class: ru.vachok.networker.restapi.props.DBPropsCallableTest</td>
<td></td>
<td>0</td>
    <td>ru.vachok.networker.restapi.props.DBPropsCallableTest@57a48985</td>
</tr>
<tr>
<td title='ru.vachok.networker.services.TimeCheckerTest.testCall()'><b>testCall</b><br>Test class: ru.vachok.networker.services.TimeCheckerTest</td>
<td></td>
<td>0</td>
    <td>ru.vachok.networker.services.TimeCheckerTest@5109e8cf</td>
</tr>
<tr>
<td title='ru.vachok.networker.net.scanner.NetScannerSvcTest.testCheckMapSizeAndDoAction()'><b>testCheckMapSizeAndDoAction</b><br>Test class: ru.vachok.networker.net.scanner.NetScannerSvcTest</td>
<td></td>
<td>0</td>
    <td>ru.vachok.networker.net.scanner.NetScannerSvcTest@acf859d</td>
</tr>
<tr>
<td title='ru.vachok.networker.sysinfo.ServiceInfoCtrlTest.testCloseApp()'><b>testCloseApp</b><br>Test class: ru.vachok.networker.sysinfo.ServiceInfoCtrlTest</td>
<td></td>
<td>0</td>
    <td>ru.vachok.networker.sysinfo.ServiceInfoCtrlTest@78b41097</td>
</tr>
<tr>
<td title='ru.vachok.networker.accesscontrol.common.CommonCTRLTest.testCommonGET()'><b>testCommonGET</b><br>Test class: ru.vachok.networker.accesscontrol.common.CommonCTRLTest</td>
<td></td>
<td>0</td>
    <td>ru.vachok.networker.accesscontrol.common.CommonCTRLTest@17b64941</td>
</tr>
<tr>
<td title='ru.vachok.networker.accesscontrol.common.CommonCTRLTest.testCommonSearch()'><b>testCommonSearch</b><br>Test class: ru.vachok.networker.accesscontrol.common.CommonCTRLTest</td>
<td></td>
<td>0</td>
    <td>ru.vachok.networker.accesscontrol.common.CommonCTRLTest@17b64941</td>
</tr>
<tr>
<td title='ru.vachok.networker.AppComponentsTest.testConnection()'><b>testConnection</b><br>Test class: ru.vachok.networker.AppComponentsTest</td>
<td></td>
<td>0</td>
    <td>ru.vachok.networker.AppComponentsTest@1fde4f40</td>
</tr>
<tr>
<td title='ru.vachok.networker.fileworks.FileSystemWorkerTest.testCopyOrDelFile()'><b>testCopyOrDelFile</b><br>Test class: ru.vachok.networker.fileworks.FileSystemWorkerTest</td>
<td></td>
<td>0</td>
    <td>ru.vachok.networker.fileworks.FileSystemWorkerTest@2c43eb8</td>
</tr>
<tr>
<td title='ru.vachok.networker.services.SimpleCalculatorTest.testCountDoubles()'><b>testCountDoubles</b><br>Test class: ru.vachok.networker.services.SimpleCalculatorTest</td>
<td></td>
<td>0</td>
    <td>ru.vachok.networker.services.SimpleCalculatorTest@6fd77352</td>
</tr>
<tr>
<td title='ru.vachok.networker.fileworks.FileSystemWorkerTest.testCountStringsInFile()'><b>testCountStringsInFile</b><br>Test class: ru.vachok.networker.fileworks.FileSystemWorkerTest</td>
<td></td>
    <td>2</td>
    <td>ru.vachok.networker.fileworks.FileSystemWorkerTest@2c43eb8</td>
</tr>
<tr>
<td title='ru.vachok.networker.AbstractNetworkerFactoryTest.testCreateNetMonitorFactory()'><b>testCreateNetMonitorFactory</b><br>Test class: ru.vachok.networker.AbstractNetworkerFactoryTest</td>
<td></td>
<td>0</td>
    <td>ru.vachok.networker.AbstractNetworkerFactoryTest@30814f43</td>
</tr>
<tr>
<td title='ru.vachok.networker.AbstractNetworkerFactoryTest.testCreateSSHFactory()'><b>testCreateSSHFactory</b><br>Test class: ru.vachok.networker.AbstractNetworkerFactoryTest</td>
<td></td>
<td>0</td>
    <td>ru.vachok.networker.AbstractNetworkerFactoryTest@30814f43</td>
</tr>
<tr>
<td title='ru.vachok.networker.controller.SshActsCTRLTest.testDelDomPOST()'><b>testDelDomPOST</b><br>Test class: ru.vachok.networker.controller.SshActsCTRLTest</td>
<td></td>
    <td>0</td>
    <td>ru.vachok.networker.controller.SshActsCTRLTest@314c8b4a</td>
</tr>
<tr>
<td title='ru.vachok.networker.restapi.props.DBPropsCallableTest.testDelProps()'><b>testDelProps</b><br>Test class: ru.vachok.networker.restapi.props.DBPropsCallableTest</td>
<td></td>
<td>0</td>
    <td>ru.vachok.networker.restapi.props.DBPropsCallableTest@57a48985</td>
</tr>
<tr>
<td title='ru.vachok.networker.restapi.props.FilePropsLocalTest.testDelProps()'><b>testDelProps</b><br>Test class: ru.vachok.networker.restapi.props.FilePropsLocalTest</td>
<td></td>
<td>0</td>
    <td>ru.vachok.networker.restapi.props.FilePropsLocalTest@1ab6718</td>
</tr>
<tr>
<td title='ru.vachok.networker.fileworks.FileSystemWorkerTest.testDelTemp()'><b>testDelTemp</b><br>Test class: ru.vachok.networker.fileworks.FileSystemWorkerTest</td>
<td></td>
<td>0</td>
    <td>ru.vachok.networker.fileworks.FileSystemWorkerTest@2c43eb8</td>
</tr>
<tr>
<td title='ru.vachok.networker.AppComponentsTest.testDiapazonedScanInfo()'><b>testDiapazonedScanInfo</b><br>Test class: ru.vachok.networker.AppComponentsTest</td>
<td></td>
<td>0</td>
    <td>ru.vachok.networker.AppComponentsTest@1fde4f40</td>
</tr>
    <tr>
        <td title='ru.vachok.networker.SSHFactoryTest.testDirectCall()'><b>testDirectCall</b><br>Test class: ru.vachok.networker.SSHFactoryTest</td>
        <td></td>
        <td>0</td>
        <td>ru.vachok.networker.SSHFactoryTest@7ce9e05a</td>
    </tr>
<tr>
<td title='ru.vachok.networker.exe.ThreadConfigTest.testDumpToFile()'><b>testDumpToFile</b><br>Test class: ru.vachok.networker.exe.ThreadConfigTest</td>
<td></td>
<td>0</td>
    <td>ru.vachok.networker.exe.ThreadConfigTest@507d20bb</td>
</tr>
<tr>
<td title='ru.vachok.networker.controller.ErrCtrTest.testErrHandle()'><b>testErrHandle</b><br>Test class: ru.vachok.networker.controller.ErrCtrTest</td>
<td></td>
<td>0</td>
    <td>ru.vachok.networker.controller.ErrCtrTest@76c52298</td>
</tr>
<tr>
<td title='ru.vachok.networker.fileworks.FileSystemWorkerTest.testError()'><b>testError</b><br>Test class: ru.vachok.networker.fileworks.FileSystemWorkerTest</td>
<td></td>
<td>0</td>
    <td>ru.vachok.networker.fileworks.FileSystemWorkerTest@2c43eb8</td>
</tr>
<tr>
<td title='ru.vachok.networker.restapi.message.MessageLocalTest.testError()'><b>testError</b><br>Test class: ru.vachok.networker.restapi.message.MessageLocalTest</td>
<td></td>
<td>0</td>
    <td>ru.vachok.networker.restapi.message.MessageLocalTest@6972c30a</td>
</tr>
<tr>
<td title='ru.vachok.networker.exe.ThreadConfigTest.testExecByThreadConfig()'><b>testExecByThreadConfig</b><br>Test class: ru.vachok.networker.exe.ThreadConfigTest</td>
<td></td>
<td>0</td>
    <td>ru.vachok.networker.exe.ThreadConfigTest@507d20bb</td>
</tr>
<tr>
<td title='ru.vachok.networker.mailserver.ExSRVTest.testFileAsStrings()'><b>testFileAsStrings</b><br>Test class: ru.vachok.networker.mailserver.ExSRVTest</td>
<td></td>
<td>0</td>
    <td>ru.vachok.networker.mailserver.ExSRVTest@49293b43</td>
</tr>
<tr>
<td title='ru.vachok.networker.ad.ADSrvTest.testFromADUsersList()'><b>testFromADUsersList</b><br>Test class: ru.vachok.networker.ad.ADSrvTest</td>
<td></td>
<td>0</td>
    <td>ru.vachok.networker.ad.ADSrvTest@290aeb20</td>
</tr>
<tr>
<td title='ru.vachok.networker.ad.user.FileADUsersParserTest.testGetADUsers()'><b>testGetADUsers</b><br>Test class: ru.vachok.networker.ad.user.FileADUsersParserTest</td>
<td></td>
<td>0</td>
    <td>ru.vachok.networker.ad.user.FileADUsersParserTest@69da0b12</td>
</tr>
<tr>
<td title='ru.vachok.networker.ad.ADSrvTest.testGetAdComputer()'><b>testGetAdComputer</b><br>Test class: ru.vachok.networker.ad.ADSrvTest</td>
<td></td>
<td>0</td>
    <td>ru.vachok.networker.ad.ADSrvTest@290aeb20</td>
</tr>
<tr>
<td title='ru.vachok.networker.ad.PhotoConverterSRVTest.testGetAdFotoFile()'><b>testGetAdFotoFile</b><br>Test class: ru.vachok.networker.ad.PhotoConverterSRVTest</td>
<td></td>
<td>0</td>
    <td>ru.vachok.networker.ad.PhotoConverterSRVTest@73ad4ecc</td>
</tr>
<tr>
<td title='ru.vachok.networker.ad.ADSrvTest.testGetAdUser()'><b>testGetAdUser</b><br>Test class: ru.vachok.networker.ad.ADSrvTest</td>
<td></td>
<td>0</td>
    <td>ru.vachok.networker.ad.ADSrvTest@290aeb20</td>
</tr>
<tr>
<td title='ru.vachok.networker.abstr.NetKeeperTest.testGetAllDevices()'><b>testGetAllDevices</b><br>Test class: ru.vachok.networker.abstr.NetKeeperTest</td>
<td></td>
<td>0</td>
    <td>ru.vachok.networker.abstr.NetKeeperTest@6fd5717c</td>
</tr>
    <tr>
        <td title='ru.vachok.networker.info.PageGenerationHelperTest.testGetAsLink()'><b>testGetAsLink</b><br>Test class: ru.vachok.networker.info.PageGenerationHelperTest</td>
        <td></td>
        <td>0</td>
        <td>ru.vachok.networker.info.PageGenerationHelperTest@7d0cc890</td>
    </tr>
<tr>
<td title='ru.vachok.networker.UsefulUtilitiesTest.testGetAtomicTime()'><b>testGetAtomicTime</b><br>Test class: ru.vachok.networker.UsefulUtilitiesTest</td>
<td></td>
<td>0</td>
    <td>ru.vachok.networker.UsefulUtilitiesTest@4992613f</td>
</tr>
<tr>
<td title='ru.vachok.networker.AppInfoOnLoadTest.testGetBuildStamp()'><b>testGetBuildStamp</b><br>Test class: ru.vachok.networker.AppInfoOnLoadTest</td>
<td></td>
<td>0</td>
    <td>ru.vachok.networker.AppInfoOnLoadTest@49cf9028</td>
</tr>
<tr>
<td title='ru.vachok.networker.abstr.NetKeeperTest.testGetCurrentScanFiles()'><b>testGetCurrentScanFiles</b><br>Test class: ru.vachok.networker.abstr.NetKeeperTest</td>
<td></td>
<td>0</td>
    <td>ru.vachok.networker.abstr.NetKeeperTest@6fd5717c</td>
</tr>
<tr>
<td title='ru.vachok.networker.abstr.NetKeeperTest.testGetCurrentScanLists()'><b>testGetCurrentScanLists</b><br>Test class: ru.vachok.networker.abstr.NetKeeperTest</td>
<td></td>
<td>0</td>
    <td>ru.vachok.networker.abstr.NetKeeperTest@6fd5717c</td>
</tr>
    <tr>
        <td title='ru.vachok.networker.exe.runnabletasks.external.SaveLogsToDBTest.testGetDBInfo()'><b>testGetDBInfo</b><br>Test class:
            ru.vachok.networker.exe.runnabletasks.external.SaveLogsToDBTest
        </td>
        <td></td>
        <td>0</td>
        <td>ru.vachok.networker.exe.runnabletasks.external.SaveLogsToDBTest@9fec931</td>
    </tr>
<tr>
<td title='ru.vachok.networker.restapi.DataConnectToTest.testGetDataSource()'><b>testGetDataSource</b><br>Test class: ru.vachok.networker.restapi.DataConnectToTest</td>
<td></td>
<td>0</td>
    <td>ru.vachok.networker.restapi.DataConnectToTest@7ce7e83c</td>
</tr>
<tr>
<td title='ru.vachok.networker.restapi.database.DataConnectToAdapterTest.testGetDataSource()'><b>testGetDataSource</b><br>Test class: ru.vachok.networker.restapi.database.DataConnectToAdapterTest</td>
<td></td>
<td>0</td>
    <td>ru.vachok.networker.restapi.database.DataConnectToAdapterTest@4a05d8ae</td>
</tr>
<tr>
<td title='ru.vachok.networker.accesscontrol.common.OldBigFilesInfoCollectorTest.testGetDate()'><b>testGetDate</b><br>Test class: ru.vachok.networker.accesscontrol.common.OldBigFilesInfoCollectorTest</td>
<td></td>
<td>0</td>
    <td>ru.vachok.networker.accesscontrol.common.OldBigFilesInfoCollectorTest@5136207f</td>
</tr>
<tr>
<td title='ru.vachok.networker.restapi.DataConnectToTest.testGetDefaultConnection()'><b>testGetDefaultConnection</b><br>Test class: ru.vachok.networker.restapi.DataConnectToTest</td>
<td></td>
<td>0</td>
    <td>ru.vachok.networker.restapi.DataConnectToTest@7ce7e83c</td>
</tr>
<tr>
<td title='ru.vachok.networker.restapi.database.RegRuMysqlLocTest.testGetDefaultConnection()'><b>testGetDefaultConnection</b><br>Test class: ru.vachok.networker.restapi.database.RegRuMysqlLocTest</td>
<td></td>
<td>0</td>
    <td>ru.vachok.networker.restapi.database.RegRuMysqlLocTest@3c904f1e</td>
</tr>
<tr>
<td title='ru.vachok.networker.UsefulUtilitiesTest.testGetDelay()'><b>testGetDelay</b><br>Test class: ru.vachok.networker.UsefulUtilitiesTest</td>
<td></td>
<td>0</td>
    <td>ru.vachok.networker.UsefulUtilitiesTest@4992613f</td>
</tr>
<tr>
    <td title='ru.vachok.networker.UsefulUtilitiesTest.testGetDeleteTrashPatterns()'><b>testGetDeleteTrashPatterns</b><br>Test class: ru.vachok.networker.UsefulUtilitiesTest</td>
<td></td>
    <td>0</td>
    <td>ru.vachok.networker.UsefulUtilitiesTest@4992613f</td>
</tr>
<tr>
<td title='ru.vachok.networker.controller.ErrCtrTest.testGetErrorPath()'><b>testGetErrorPath</b><br>Test class: ru.vachok.networker.controller.ErrCtrTest</td>
<td></td>
<td>0</td>
    <td>ru.vachok.networker.controller.ErrCtrTest@76c52298</td>
</tr>
<tr>
<td title='ru.vachok.networker.net.monitor.PCMonitoringTest.testGetExecution()'><b>testGetExecution</b><br>Test class: ru.vachok.networker.net.monitor.PCMonitoringTest</td>
<td></td>
<td>0</td>
    <td>ru.vachok.networker.net.monitor.PCMonitoringTest@5246a3b3</td>
</tr>
<tr>
<td title='ru.vachok.networker.net.scanner.ScanOnlineTest.testGetExecution()'><b>testGetExecution</b><br>Test class: ru.vachok.networker.net.scanner.ScanOnlineTest</td>
<td></td>
<td>0</td>
    <td>ru.vachok.networker.net.scanner.ScanOnlineTest@6df3e44c</td>
</tr>
<tr>
<td title='ru.vachok.networker.net.scanner.ScanOnlineTest.testGetFileMAXOnlines()'><b>testGetFileMAXOnlines</b><br>Test class: ru.vachok.networker.net.scanner.ScanOnlineTest</td>
<td></td>
<td>0</td>
    <td>ru.vachok.networker.net.scanner.ScanOnlineTest@6df3e44c</td>
</tr>
<tr>
<td title='ru.vachok.networker.services.CsvTxtTest.testGetFiles()'><b>testGetFiles</b><br>Test class: ru.vachok.networker.services.CsvTxtTest</td>
<td></td>
<td>0</td>
    <td>ru.vachok.networker.services.CsvTxtTest@460510aa</td>
</tr>
<tr>
<td title='ru.vachok.networker.controller.FileCleanerCTRLTest.testGetFilesInfo()'><b>testGetFilesInfo</b><br>Test class: ru.vachok.networker.controller.FileCleanerCTRLTest</td>
<td></td>
<td>0</td>
    <td>ru.vachok.networker.controller.FileCleanerCTRLTest@bb9ab64</td>
</tr>
<tr>
<td title='ru.vachok.networker.controller.MatrixCtrTest.testGetFirst()'><b>testGetFirst</b><br>Test class: ru.vachok.networker.controller.MatrixCtrTest</td>
<td></td>
<td>0</td>
    <td>ru.vachok.networker.controller.MatrixCtrTest@a52ca2e</td>
</tr>
<tr>
<td title='ru.vachok.networker.exe.ThreadConfigTest.testGetI()'><b>testGetI</b><br>Test class: ru.vachok.networker.exe.ThreadConfigTest</td>
<td></td>
<td>0</td>
    <td>ru.vachok.networker.exe.ThreadConfigTest@507d20bb</td>
</tr>
<tr>
<td title='ru.vachok.networker.restapi.database.DataConnectToAdapterTest.testGetI()'><b>testGetI</b><br>Test class: ru.vachok.networker.restapi.database.DataConnectToAdapterTest</td>
<td></td>
<td>0</td>
    <td>ru.vachok.networker.restapi.database.DataConnectToAdapterTest@4a05d8ae</td>
</tr>
<tr>
<td title='ru.vachok.networker.AppInfoOnLoadTest.testGetIISLogSize()'><b>testGetIISLogSize</b><br>Test class: ru.vachok.networker.AppInfoOnLoadTest</td>
<td></td>
<td>0</td>
    <td>ru.vachok.networker.AppInfoOnLoadTest@49cf9028</td>
</tr>
<tr>
<td title='ru.vachok.networker.exe.schedule.WeekStatsTest.testGetInetStats()'><b>testGetInetStats</b><br>Test class: ru.vachok.networker.exe.schedule.WeekStatsTest</td>
<td></td>
<td>0</td>
    <td>ru.vachok.networker.exe.schedule.WeekStatsTest@3b05a99b</td>
</tr>
    <tr>
        <td title='ru.vachok.networker.exe.runnabletasks.external.SaveLogsToDBTest.testGetInfoAbout()'><b>testGetInfoAbout</b><br>Test class:
            ru.vachok.networker.exe.runnabletasks.external.SaveLogsToDBTest
        </td>
        <td></td>
        <td>7</td>
        <td>ru.vachok.networker.exe.runnabletasks.external.SaveLogsToDBTest@9fec931</td>
    </tr>
<tr>
<td title='ru.vachok.networker.controller.CalculateCTRLTest.testGetM()'><b>testGetM</b><br>Test class: ru.vachok.networker.controller.CalculateCTRLTest</td>
<td></td>
<td>0</td>
    <td>ru.vachok.networker.controller.CalculateCTRLTest@6aef4eb8</td>
</tr>
<tr>
<td title='ru.vachok.networker.AppComponentsTest.testGetMailProps()'><b>testGetMailProps</b><br>Test class: ru.vachok.networker.AppComponentsTest</td>
<td></td>
<td>0</td>
    <td>ru.vachok.networker.AppComponentsTest@1fde4f40</td>
</tr>
<tr>
<td title='ru.vachok.networker.UsefulUtilitiesTest.testGetMailRules()'><b>testGetMailRules</b><br>Test class: ru.vachok.networker.UsefulUtilitiesTest</td>
<td></td>
<td>0</td>
    <td>ru.vachok.networker.UsefulUtilitiesTest@4992613f</td>
</tr>
<tr>
<td title='ru.vachok.networker.controller.AnketaKonfetaCRTLTest.testGetMapForAnketa()'><b>testGetMapForAnketa</b><br>Test class: ru.vachok.networker.controller.AnketaKonfetaCRTLTest</td>
<td></td>
<td>0</td>
    <td>ru.vachok.networker.controller.AnketaKonfetaCRTLTest@787f32b7</td>
</tr>
<tr>
<td title='ru.vachok.networker.net.monitor.KudrWorkTimeTest.testGetMapOfConditionsTypeNameTypeCondition()'><b>testGetMapOfConditionsTypeNameTypeCondition</b><br>Test class: ru.vachok.networker.net.monitor.KudrWorkTimeTest</td>
<td></td>
<td>0</td>
    <td>ru.vachok.networker.net.monitor.KudrWorkTimeTest@67440de6</td>
</tr>
<tr>
<td title='ru.vachok.networker.net.monitor.PCMonitoringTest.testGetMonitoringRunnable()'><b>testGetMonitoringRunnable</b><br>Test class: ru.vachok.networker.net.monitor.PCMonitoringTest</td>
<td></td>
<td>0</td>
    <td>ru.vachok.networker.net.monitor.PCMonitoringTest@5246a3b3</td>
</tr>
<tr>
<td title='ru.vachok.networker.net.scanner.ScanOnlineTest.testGetMonitoringRunnable()'><b>testGetMonitoringRunnable</b><br>Test class: ru.vachok.networker.net.scanner.ScanOnlineTest</td>
<td></td>
<td>0</td>
    <td>ru.vachok.networker.net.scanner.ScanOnlineTest@6df3e44c</td>
</tr>
<tr>
<td title='ru.vachok.networker.UsefulUtilitiesTest.testGetMyTime()'><b>testGetMyTime</b><br>Test class: ru.vachok.networker.UsefulUtilitiesTest</td>
<td></td>
<td>0</td>
    <td>ru.vachok.networker.UsefulUtilitiesTest@4992613f</td>
</tr>
<tr>
<td title='ru.vachok.networker.abstr.NetKeeperTest.testGetNetworkPCs()'><b>testGetNetworkPCs</b><br>Test class: ru.vachok.networker.abstr.NetKeeperTest</td>
<td></td>
<td>0</td>
    <td>ru.vachok.networker.abstr.NetKeeperTest@6fd5717c</td>
</tr>
<tr>
<td title='ru.vachok.networker.services.MyCalenTest.testGetNextDay()'><b>testGetNextDay</b><br>Test class: ru.vachok.networker.services.MyCalenTest</td>
<td></td>
<td>0</td>
    <td>ru.vachok.networker.services.MyCalenTest@351e414e</td>
</tr>
<tr>
<td title='ru.vachok.networker.services.MyCalenTest.testGetNextDayofWeek()'><b>testGetNextDayofWeek</b><br>Test class: ru.vachok.networker.services.MyCalenTest</td>
<td></td>
<td>0</td>
    <td>ru.vachok.networker.services.MyCalenTest@351e414e</td>
</tr>
<tr>
<td title='ru.vachok.networker.abstr.NetKeeperTest.testGetOnePcMonitor()'><b>testGetOnePcMonitor</b><br>Test class: ru.vachok.networker.abstr.NetKeeperTest</td>
<td></td>
<td>0</td>
    <td>ru.vachok.networker.abstr.NetKeeperTest@6fd5717c</td>
</tr>
<tr>
<td title='ru.vachok.networker.net.scanner.ScanOnlineTest.testGetOnlinesFile()'><b>testGetOnlinesFile</b><br>Test class: ru.vachok.networker.net.scanner.ScanOnlineTest</td>
<td></td>
<td>0</td>
    <td>ru.vachok.networker.net.scanner.ScanOnlineTest@6df3e44c</td>
</tr>
<tr>
<td title='ru.vachok.networker.exe.schedule.WeekStatsTest.testGetPCStats()'><b>testGetPCStats</b><br>Test class: ru.vachok.networker.exe.schedule.WeekStatsTest</td>
<td></td>
    <td>1</td>
    <td>ru.vachok.networker.exe.schedule.WeekStatsTest@3b05a99b</td>
</tr>
<tr>
<td title='ru.vachok.networker.AppComponentsTest.testGetPFLists()'><b>testGetPFLists</b><br>Test class: ru.vachok.networker.AppComponentsTest</td>
<td></td>
<td>0</td>
    <td>ru.vachok.networker.AppComponentsTest@1fde4f40</td>
</tr>
<tr>
<td title='ru.vachok.networker.net.monitor.KudrWorkTimeTest.testGetPingResultStr()'><b>testGetPingResultStr</b><br>Test class: ru.vachok.networker.net.monitor.KudrWorkTimeTest</td>
<td></td>
<td>0</td>
    <td>ru.vachok.networker.net.monitor.KudrWorkTimeTest@67440de6</td>
</tr>
<tr>
<td title='ru.vachok.networker.net.monitor.PCMonitoringTest.testGetPingResultStr()'><b>testGetPingResultStr</b><br>Test class: ru.vachok.networker.net.monitor.PCMonitoringTest</td>
<td></td>
<td>0</td>
    <td>ru.vachok.networker.net.monitor.PCMonitoringTest@5246a3b3</td>
</tr>
<tr>
<td title='ru.vachok.networker.net.scanner.ScanOnlineTest.testGetPingResultStr()'><b>testGetPingResultStr</b><br>Test class: ru.vachok.networker.net.scanner.ScanOnlineTest</td>
<td></td>
<td>0</td>
    <td>ru.vachok.networker.net.scanner.ScanOnlineTest@6df3e44c</td>
</tr>
<tr>
<td title='ru.vachok.networker.AppComponentsTest.testGetProps()'><b>testGetProps</b><br>Test class: ru.vachok.networker.AppComponentsTest</td>
<td></td>
<td>0</td>
    <td>ru.vachok.networker.AppComponentsTest@1fde4f40</td>
</tr>
<tr>
<td title='ru.vachok.networker.restapi.props.DBPropsCallableTest.testGetProps()'><b>testGetProps</b><br>Test class: ru.vachok.networker.restapi.props.DBPropsCallableTest</td>
<td></td>
<td>0</td>
    <td>ru.vachok.networker.restapi.props.DBPropsCallableTest@57a48985</td>
</tr>
<tr>
<td title='ru.vachok.networker.restapi.props.FilePropsLocalTest.testGetProps()'><b>testGetProps</b><br>Test class: ru.vachok.networker.restapi.props.FilePropsLocalTest</td>
<td></td>
<td>0</td>
    <td>ru.vachok.networker.restapi.props.FilePropsLocalTest@1ab6718</td>
</tr>
<tr>
<td title='ru.vachok.networker.services.CsvTxtTest.testGetPsCommandsList()'><b>testGetPsCommandsList</b><br>Test class: ru.vachok.networker.services.CsvTxtTest</td>
<td></td>
<td>0</td>
    <td>ru.vachok.networker.services.CsvTxtTest@460510aa</td>
</tr>
<tr>
<td title='ru.vachok.networker.services.SimpleCalculatorTest.testGetQuery()'><b>testGetQuery</b><br>Test class: ru.vachok.networker.services.SimpleCalculatorTest</td>
<td></td>
<td>0</td>
    <td>ru.vachok.networker.services.SimpleCalculatorTest@6fd77352</td>
</tr>
<tr>
<td title='ru.vachok.networker.restapi.database.DataConnectToAdapterTest.testGetRegRuMysqlLibConnection()'><b>testGetRegRuMysqlLibConnection</b><br>Test class: ru.vachok.networker.restapi.database.DataConnectToAdapterTest</td>
<td></td>
<td>0</td>
    <td>ru.vachok.networker.restapi.database.DataConnectToAdapterTest@4a05d8ae</td>
</tr>
<tr>
<td title='ru.vachok.networker.restapi.props.DBPropsCallableTest.testGetRegSourceForProperties()'><b>testGetRegSourceForProperties</b><br>Test class: ru.vachok.networker.restapi.props.DBPropsCallableTest</td>
<td></td>
<td>0</td>
    <td>ru.vachok.networker.restapi.props.DBPropsCallableTest@57a48985</td>
</tr>
<tr>
<td title='ru.vachok.networker.net.scanner.ScanOnlineTest.testGetReplaceFileNamePattern()'><b>testGetReplaceFileNamePattern</b><br>Test class: ru.vachok.networker.net.scanner.ScanOnlineTest</td>
<td></td>
<td>0</td>
    <td>ru.vachok.networker.net.scanner.ScanOnlineTest@6df3e44c</td>
</tr>
<tr>
    <td title='ru.vachok.networker.info.InternetUseTest.testGetResponseTime()'><b>testGetResponseTime</b><br>Test class: ru.vachok.networker.info.InternetUseTest</td>
<td></td>
<td>0</td>
    <td>ru.vachok.networker.info.InternetUseTest@4eb30d44</td>
</tr>
<tr>
<td title='ru.vachok.networker.AbstractNetworkerFactoryTest.testGetSSHFactory()'><b>testGetSSHFactory</b><br>Test class: ru.vachok.networker.AbstractNetworkerFactoryTest</td>
<td></td>
    <td>0</td>
    <td>ru.vachok.networker.AbstractNetworkerFactoryTest@30814f43</td>
</tr>
<tr>
<td title='ru.vachok.networker.restapi.DataConnectToTest.testGetSavepoint()'><b>testGetSavepoint</b><br>Test class: ru.vachok.networker.restapi.DataConnectToTest</td>
<td></td>
<td>0</td>
    <td>ru.vachok.networker.restapi.DataConnectToTest@7ce7e83c</td>
</tr>
<tr>
<td title='ru.vachok.networker.restapi.database.DataConnectToAdapterTest.testGetSavepoint()'><b>testGetSavepoint</b><br>Test class: ru.vachok.networker.restapi.database.DataConnectToAdapterTest</td>
<td></td>
<td>0</td>
    <td>ru.vachok.networker.restapi.database.DataConnectToAdapterTest@4a05d8ae</td>
</tr>
<tr>
<td title='ru.vachok.networker.abstr.NetKeeperTest.testGetScanFiles()'><b>testGetScanFiles</b><br>Test class: ru.vachok.networker.abstr.NetKeeperTest</td>
<td></td>
<td>0</td>
    <td>ru.vachok.networker.abstr.NetKeeperTest@6fd5717c</td>
</tr>
<tr>
<td title='ru.vachok.networker.services.SimpleCalculatorTest.testGetStampFromDate()'><b>testGetStampFromDate</b><br>Test class: ru.vachok.networker.services.SimpleCalculatorTest</td>
<td></td>
<td>0</td>
    <td>ru.vachok.networker.services.SimpleCalculatorTest@6fd77352</td>
</tr>
<tr>
<td title='ru.vachok.networker.accesscontrol.common.OldBigFilesInfoCollectorTest.testGetStartPath()'><b>testGetStartPath</b><br>Test class: ru.vachok.networker.accesscontrol.common.OldBigFilesInfoCollectorTest</td>
<td></td>
<td>0</td>
    <td>ru.vachok.networker.accesscontrol.common.OldBigFilesInfoCollectorTest@5136207f</td>
</tr>
<tr>
<td title='ru.vachok.networker.net.monitor.KudrWorkTimeTest.testGetStatistics()'><b>testGetStatistics</b><br>Test class: ru.vachok.networker.net.monitor.KudrWorkTimeTest</td>
<td></td>
<td>0</td>
    <td>ru.vachok.networker.net.monitor.KudrWorkTimeTest@67440de6</td>
</tr>
<tr>
<td title='ru.vachok.networker.net.monitor.PCMonitoringTest.testGetStatistics()'><b>testGetStatistics</b><br>Test class: ru.vachok.networker.net.monitor.PCMonitoringTest</td>
<td></td>
<td>0</td>
    <td>ru.vachok.networker.net.monitor.PCMonitoringTest@5246a3b3</td>
</tr>
<tr>
<td title='ru.vachok.networker.net.scanner.ScanOnlineTest.testGetStatistics()'><b>testGetStatistics</b><br>Test class: ru.vachok.networker.net.scanner.ScanOnlineTest</td>
<td></td>
<td>0</td>
    <td>ru.vachok.networker.net.scanner.ScanOnlineTest@6df3e44c</td>
</tr>
<tr>
<td title='ru.vachok.networker.net.scanner.ScanOnlineTest.testGetStatistics()'><b>testGetStatistics</b><br>Test class: ru.vachok.networker.net.scanner.ScanOnlineTest</td>
<td></td>
<td>0</td>
    <td>ru.vachok.networker.net.scanner.ScanOnlineTest@6df3e44c</td>
</tr>
<tr>
<td title='ru.vachok.networker.net.scanner.ScanOnlineTest.testGetStatistics()'><b>testGetStatistics</b><br>Test class: ru.vachok.networker.net.scanner.ScanOnlineTest</td>
<td></td>
<td>0</td>
    <td>ru.vachok.networker.net.scanner.ScanOnlineTest@6df3e44c</td>
</tr>
<tr>
<td title='ru.vachok.networker.net.scanner.ScanOnlineTest.testGetStatistics()'><b>testGetStatistics</b><br>Test class: ru.vachok.networker.net.scanner.ScanOnlineTest</td>
<td></td>
<td>0</td>
    <td>ru.vachok.networker.net.scanner.ScanOnlineTest@6df3e44c</td>
</tr>
<tr>
<td title='ru.vachok.networker.net.scanner.ScanOnlineTest.testGetStatistics()'><b>testGetStatistics</b><br>Test class: ru.vachok.networker.net.scanner.ScanOnlineTest</td>
<td></td>
<td>0</td>
    <td>ru.vachok.networker.net.scanner.ScanOnlineTest@6df3e44c</td>
</tr>
<tr>
<td title='ru.vachok.networker.UsefulUtilitiesTest.testGetStringsVisit()'><b>testGetStringsVisit</b><br>Test class: ru.vachok.networker.UsefulUtilitiesTest</td>
<td></td>
<td>0</td>
    <td>ru.vachok.networker.UsefulUtilitiesTest@4992613f</td>
</tr>
<tr>
<td title='ru.vachok.networker.exe.ThreadConfigTest.testGetTaskExecutor()'><b>testGetTaskExecutor</b><br>Test class: ru.vachok.networker.exe.ThreadConfigTest</td>
<td></td>
<td>0</td>
    <td>ru.vachok.networker.exe.ThreadConfigTest@507d20bb</td>
</tr>
<tr>
<td title='ru.vachok.networker.exe.ThreadConfigTest.testGetTaskScheduler()'><b>testGetTaskScheduler</b><br>Test class: ru.vachok.networker.exe.ThreadConfigTest</td>
<td></td>
<td>0</td>
    <td>ru.vachok.networker.exe.ThreadConfigTest@507d20bb</td>
</tr>
<tr>
<td title='ru.vachok.networker.net.scanner.NetScannerSvcTest.testGetThePc()'><b>testGetThePc</b><br>Test class: ru.vachok.networker.net.scanner.NetScannerSvcTest</td>
<td></td>
<td>0</td>
    <td>ru.vachok.networker.net.scanner.NetScannerSvcTest@acf859d</td>
</tr>
<tr>
<td title='ru.vachok.networker.services.MyCalenTest.testGetThisDay()'><b>testGetThisDay</b><br>Test class: ru.vachok.networker.services.MyCalenTest</td>
<td></td>
<td>0</td>
    <td>ru.vachok.networker.services.MyCalenTest@351e414e</td>
</tr>
<tr>
<td title='ru.vachok.networker.AppInfoOnLoadTest.testGetThisDelay()'><b>testGetThisDelay</b><br>Test class: ru.vachok.networker.AppInfoOnLoadTest</td>
<td></td>
<td>0</td>
    <td>ru.vachok.networker.AppInfoOnLoadTest@49cf9028</td>
</tr>
<tr>
<td title='ru.vachok.networker.net.scanner.ScanOnlineTest.testGetTimeToEndStr()'><b>testGetTimeToEndStr</b><br>Test class: ru.vachok.networker.net.scanner.ScanOnlineTest</td>
<td></td>
<td>0</td>
    <td>ru.vachok.networker.net.scanner.ScanOnlineTest@6df3e44c</td>
</tr>
<tr>
<td title='ru.vachok.networker.services.CsvTxtTest.testGetTxtList()'><b>testGetTxtList</b><br>Test class: ru.vachok.networker.services.CsvTxtTest</td>
<td></td>
<td>0</td>
    <td>ru.vachok.networker.services.CsvTxtTest@460510aa</td>
</tr>
<tr>
<td title='ru.vachok.networker.UsefulUtilitiesTest.testGetUpTime()'><b>testGetUpTime</b><br>Test class: ru.vachok.networker.UsefulUtilitiesTest</td>
<td></td>
<td>0</td>
    <td>ru.vachok.networker.UsefulUtilitiesTest@4992613f</td>
</tr>
<tr>
<td title='ru.vachok.networker.accesscontrol.inetstats.InetUserPCNameTest.testGetUsage()'><b>testGetUsage</b><br>Test class: ru.vachok.networker.accesscontrol.inetstats.InetUserPCNameTest</td>
<td></td>
    <td>6</td>
    <td>ru.vachok.networker.accesscontrol.inetstats.InetUserPCNameTest@344426bf</td>
</tr>
<tr>
    <td title='ru.vachok.networker.info.InternetUseTest.testGetUsage()'><b>testGetUsage</b><br>Test class: ru.vachok.networker.info.InternetUseTest</td>
<td></td>
    <td>14</td>
    <td>ru.vachok.networker.info.InternetUseTest@4eb30d44</td>
</tr>
<tr>
<td title='ru.vachok.networker.ad.ADSrvTest.testGetUserInputRaw()'><b>testGetUserInputRaw</b><br>Test class: ru.vachok.networker.ad.ADSrvTest</td>
<td></td>
<td>0</td>
    <td>ru.vachok.networker.ad.ADSrvTest@290aeb20</td>
</tr>
<tr>
<td title='ru.vachok.networker.AppComponentsTest.testGetUserPref()'><b>testGetUserPref</b><br>Test class: ru.vachok.networker.AppComponentsTest</td>
<td></td>
<td>0</td>
    <td>ru.vachok.networker.AppComponentsTest@1fde4f40</td>
</tr>
<tr>
<td title='ru.vachok.networker.UsefulUtilitiesTest.testGetVis()'><b>testGetVis</b><br>Test class: ru.vachok.networker.UsefulUtilitiesTest</td>
<td></td>
<td>0</td>
    <td>ru.vachok.networker.UsefulUtilitiesTest@4992613f</td>
</tr>
<tr>
<td title='ru.vachok.networker.ExitAppTest.testGetVisitsMap()'><b>testGetVisitsMap</b><br>Test class: ru.vachok.networker.ExitAppTest</td>
<td></td>
<td>0</td>
    <td>ru.vachok.networker.ExitAppTest@2b61a019</td>
</tr>
<tr>
<td title='ru.vachok.networker.controller.MatrixCtrTest.testGetWorkPosition()'><b>testGetWorkPosition</b><br>Test class: ru.vachok.networker.controller.MatrixCtrTest</td>
<td></td>
<td>0</td>
    <td>ru.vachok.networker.controller.MatrixCtrTest@a52ca2e</td>
</tr>
<tr>
<td title='ru.vachok.networker.services.CsvTxtTest.testGetXlsList()'><b>testGetXlsList</b><br>Test class: ru.vachok.networker.services.CsvTxtTest</td>
<td></td>
<td>0</td>
    <td>ru.vachok.networker.services.CsvTxtTest@460510aa</td>
</tr>
<tr>
<td title='ru.vachok.networker.restapi.message.MessageLocalTest.testIgExc()'><b>testIgExc</b><br>Test class: ru.vachok.networker.restapi.message.MessageLocalTest</td>
<td></td>
<td>0</td>
    <td>ru.vachok.networker.restapi.message.MessageLocalTest@6972c30a</td>
</tr>
<tr>
<td title='ru.vachok.networker.restapi.message.MessageLocalTest.testInfo()'><b>testInfo</b><br>Test class: ru.vachok.networker.restapi.message.MessageLocalTest</td>
<td></td>
<td>0</td>
    <td>ru.vachok.networker.restapi.message.MessageLocalTest@6972c30a</td>
</tr>
<tr>
<td title='ru.vachok.networker.sysinfo.ServiceInfoCtrlTest.testInfoMapping()'><b>testInfoMapping</b><br>Test class: ru.vachok.networker.sysinfo.ServiceInfoCtrlTest</td>
<td></td>
<td>0</td>
    <td>ru.vachok.networker.sysinfo.ServiceInfoCtrlTest@78b41097</td>
</tr>
<tr>
<td title='ru.vachok.networker.sysinfo.ServiceInfoCtrlTest.testInfoMappingCOPY()'><b>testInfoMappingCOPY</b><br>Test class: ru.vachok.networker.sysinfo.ServiceInfoCtrlTest</td>
<td></td>
<td>0</td>
    <td>ru.vachok.networker.sysinfo.ServiceInfoCtrlTest@78b41097</td>
</tr>
<tr>
<td title='ru.vachok.networker.restapi.message.MessageLocalTest.testInfoTimer()'><b>testInfoTimer</b><br>Test class: ru.vachok.networker.restapi.message.MessageLocalTest</td>
<td></td>
<td>0</td>
    <td>ru.vachok.networker.restapi.message.MessageLocalTest@6972c30a</td>
</tr>
<tr>
<td title='ru.vachok.networker.AppComponentsTest.testIpFlushDNS()'><b>testIpFlushDNS</b><br>Test class: ru.vachok.networker.AppComponentsTest</td>
<td></td>
<td>0</td>
    <td>ru.vachok.networker.AppComponentsTest@1fde4f40</td>
</tr>
<tr>
    <td title='ru.vachok.networker.UsefulUtilitiesTest.testIpFlushDNS()'><b>testIpFlushDNS</b><br>Test class: ru.vachok.networker.UsefulUtilitiesTest</td>
<td></td>
<td>0</td>
    <td>ru.vachok.networker.UsefulUtilitiesTest@4992613f</td>
</tr>
<tr>
<td title='ru.vachok.networker.net.monitor.KudrWorkTimeTest.testIsReach()'><b>testIsReach</b><br>Test class: ru.vachok.networker.net.monitor.KudrWorkTimeTest</td>
<td></td>
<td>0</td>
    <td>ru.vachok.networker.net.monitor.KudrWorkTimeTest@67440de6</td>
</tr>
<tr>
<td title='ru.vachok.networker.net.monitor.PCMonitoringTest.testIsReach()'><b>testIsReach</b><br>Test class: ru.vachok.networker.net.monitor.PCMonitoringTest</td>
<td></td>
<td>0</td>
    <td>ru.vachok.networker.net.monitor.PCMonitoringTest@5246a3b3</td>
</tr>
<tr>
<td title='ru.vachok.networker.net.monitor.PingerFromFileTest.testIsReach()'><b>testIsReach</b><br>Test class: ru.vachok.networker.net.monitor.PingerFromFileTest</td>
<td></td>
<td>0</td>
    <td>ru.vachok.networker.net.monitor.PingerFromFileTest@ba354ca</td>
</tr>
<tr>
<td title='ru.vachok.networker.net.scanner.ScanOnlineTest.testIsReach()'><b>testIsReach</b><br>Test class: ru.vachok.networker.net.scanner.ScanOnlineTest</td>
<td></td>
<td>0</td>
    <td>ru.vachok.networker.net.scanner.ScanOnlineTest@6df3e44c</td>
</tr>
<tr>
<td title='ru.vachok.networker.exe.ThreadConfigTest.testKillAll()'><b>testKillAll</b><br>Test class: ru.vachok.networker.exe.ThreadConfigTest</td>
<td></td>
<td>0</td>
    <td>ru.vachok.networker.exe.ThreadConfigTest@507d20bb</td>
</tr>
<tr>
<td title='ru.vachok.networker.AppComponentsTest.testLaunchRegRuFTPLibsUploader()'><b>testLaunchRegRuFTPLibsUploader</b><br>Test class: ru.vachok.networker.AppComponentsTest</td>
<td></td>
<td>0</td>
    <td>ru.vachok.networker.AppComponentsTest@1fde4f40</td>
</tr>
<tr>
<td title='ru.vachok.networker.restapi.message.MessageLocalTest.testLoggerFine()'><b>testLoggerFine</b><br>Test class: ru.vachok.networker.restapi.message.MessageLocalTest</td>
<td></td>
<td>0</td>
    <td>ru.vachok.networker.restapi.message.MessageLocalTest@6972c30a</td>
</tr>
<tr>
<td title='ru.vachok.networker.abstr.NetKeeperTest.testMakeFilesMap()'><b>testMakeFilesMap</b><br>Test class: ru.vachok.networker.abstr.NetKeeperTest</td>
<td></td>
<td>0</td>
    <td>ru.vachok.networker.abstr.NetKeeperTest@6fd5717c</td>
</tr>
<tr>
<td title='ru.vachok.networker.controller.ShowAllDevCTRLTest.testModel()'><b>testModel</b><br>Test class: ru.vachok.networker.controller.ShowAllDevCTRLTest</td>
<td></td>
<td>0</td>
    <td>ru.vachok.networker.controller.ShowAllDevCTRLTest@4393593c</td>
</tr>
<tr>
<td title='ru.vachok.networker.controller.ShowAllDevCTRLTest.testModel()'><b>testModel</b><br>Test class: ru.vachok.networker.controller.ShowAllDevCTRLTest</td>
<td></td>
<td>0</td>
    <td>ru.vachok.networker.controller.ShowAllDevCTRLTest@4393593c</td>
</tr>
<tr>
<td title='ru.vachok.networker.controller.ShowAllDevCTRLTest.testModel()'><b>testModel</b><br>Test class: ru.vachok.networker.controller.ShowAllDevCTRLTest</td>
<td></td>
<td>0</td>
    <td>ru.vachok.networker.controller.ShowAllDevCTRLTest@4393593c</td>
</tr>
<tr>
<td title='ru.vachok.networker.controller.ShowAllDevCTRLTest.testModel()'><b>testModel</b><br>Test class: ru.vachok.networker.controller.ShowAllDevCTRLTest</td>
<td></td>
<td>0</td>
    <td>ru.vachok.networker.controller.ShowAllDevCTRLTest@4393593c</td>
</tr>
<tr>
<td title='ru.vachok.networker.controller.ShowAllDevCTRLTest.testModel()'><b>testModel</b><br>Test class: ru.vachok.networker.controller.ShowAllDevCTRLTest</td>
<td></td>
<td>0</td>
    <td>ru.vachok.networker.controller.ShowAllDevCTRLTest@4393593c</td>
</tr>
<tr>
<td title='ru.vachok.networker.net.scanner.NetScanCtrTest.testNetScan()'><b>testNetScan</b><br>Test class: ru.vachok.networker.net.scanner.NetScanCtrTest</td>
<td></td>
<td>0</td>
    <td>ru.vachok.networker.net.scanner.NetScanCtrTest@4c4f4365</td>
</tr>
<tr>
<td title='ru.vachok.networker.AbstractNetworkerFactoryTest.testNetScanServiceFactory()'><b>testNetScanServiceFactory</b><br>Test class: ru.vachok.networker.AbstractNetworkerFactoryTest</td>
<td></td>
<td>0</td>
    <td>ru.vachok.networker.AbstractNetworkerFactoryTest@30814f43</td>
</tr>
<tr>
<td title='ru.vachok.networker.AppComponentsTest.testNetScannerSvc()'><b>testNetScannerSvc</b><br>Test class: ru.vachok.networker.AppComponentsTest</td>
<td></td>
<td>0</td>
    <td>ru.vachok.networker.AppComponentsTest@1fde4f40</td>
</tr>
<tr>
<td title='ru.vachok.networker.controller.NoHupOutTest.testNoHupGet()'><b>testNoHupGet</b><br>Test class: ru.vachok.networker.controller.NoHupOutTest</td>
<td></td>
<td>0</td>
    <td>ru.vachok.networker.controller.NoHupOutTest@1ad8df52</td>
</tr>
<tr>
<td title='ru.vachok.networker.sysinfo.ServiceInfoCtrlTest.testOffPC()'><b>testOffPC</b><br>Test class: ru.vachok.networker.sysinfo.ServiceInfoCtrlTest</td>
<td></td>
<td>0</td>
    <td>ru.vachok.networker.sysinfo.ServiceInfoCtrlTest@78b41097</td>
</tr>
<tr>
<td title='ru.vachok.networker.controller.OkCTRLTest.testOkStr()'><b>testOkStr</b><br>Test class: ru.vachok.networker.controller.OkCTRLTest</td>
<td></td>
<td>0</td>
    <td>ru.vachok.networker.controller.OkCTRLTest@1f6d27cc</td>
</tr>
<tr>
<td title='ru.vachok.networker.fileworks.FileSystemWorkerTest.testPackFiles()'><b>testPackFiles</b><br>Test class: ru.vachok.networker.fileworks.FileSystemWorkerTest</td>
<td></td>
<td>0</td>
    <td>ru.vachok.networker.fileworks.FileSystemWorkerTest@2c43eb8</td>
</tr>
<tr>
<td title='ru.vachok.networker.controller.SshActsCTRLTest.testParseReq()'><b>testParseReq</b><br>Test class: ru.vachok.networker.controller.SshActsCTRLTest</td>
<td></td>
<td>0</td>
    <td>ru.vachok.networker.controller.SshActsCTRLTest@314c8b4a</td>
</tr>
<tr>
<td title='ru.vachok.networker.services.CsvTxtTest.testParseXlsx()'><b>testParseXlsx</b><br>Test class: ru.vachok.networker.services.CsvTxtTest</td>
<td></td>
<td>0</td>
    <td>ru.vachok.networker.services.CsvTxtTest@460510aa</td>
</tr>
<tr>
<td title='ru.vachok.networker.net.scanner.NetScanCtrTest.testPcNameForInfo()'><b>testPcNameForInfo</b><br>Test class: ru.vachok.networker.net.scanner.NetScanCtrTest</td>
<td></td>
<td>0</td>
    <td>ru.vachok.networker.net.scanner.NetScanCtrTest@4c4f4365</td>
</tr>
<tr>
<td title='ru.vachok.networker.net.scanner.NetScanCtrTest.testPingAddr()'><b>testPingAddr</b><br>Test class: ru.vachok.networker.net.scanner.NetScanCtrTest</td>
<td></td>
<td>0</td>
    <td>ru.vachok.networker.net.scanner.NetScanCtrTest@4c4f4365</td>
</tr>
<tr>
<td title='ru.vachok.networker.net.monitor.PingerFromFileTest.testPingDev()'><b>testPingDev</b><br>Test class: ru.vachok.networker.net.monitor.PingerFromFileTest</td>
<td></td>
<td>0</td>
    <td>ru.vachok.networker.net.monitor.PingerFromFileTest@ba354ca</td>
</tr>
<tr>
<td title='ru.vachok.networker.net.monitor.KudrWorkTimeTest.testPingDevices()'><b>testPingDevices</b><br>Test class: ru.vachok.networker.net.monitor.KudrWorkTimeTest</td>
<td></td>
<td>0</td>
    <td>ru.vachok.networker.net.monitor.KudrWorkTimeTest@67440de6</td>
</tr>
<tr>
<td title='ru.vachok.networker.net.scanner.ScanOnlineTest.testPingDevices()'><b>testPingDevices</b><br>Test class: ru.vachok.networker.net.scanner.ScanOnlineTest</td>
<td></td>
<td>0</td>
    <td>ru.vachok.networker.net.scanner.ScanOnlineTest@6df3e44c</td>
</tr>
<tr>
<td title='ru.vachok.networker.net.scanner.NetScanCtrTest.testPingPost()'><b>testPingPost</b><br>Test class: ru.vachok.networker.net.scanner.NetScanCtrTest</td>
<td></td>
<td>0</td>
    <td>ru.vachok.networker.net.scanner.NetScanCtrTest@4c4f4365</td>
</tr>
<tr>
<td title='ru.vachok.networker.controller.AnketaKonfetaCRTLTest.testPostAnketa()'><b>testPostAnketa</b><br>Test class: ru.vachok.networker.controller.AnketaKonfetaCRTLTest</td>
<td></td>
<td>0</td>
    <td>ru.vachok.networker.controller.AnketaKonfetaCRTLTest@787f32b7</td>
</tr>
<tr>
<td title='ru.vachok.networker.controller.FileCleanerCTRLTest.testPostFile()'><b>testPostFile</b><br>Test class: ru.vachok.networker.controller.FileCleanerCTRLTest</td>
<td></td>
<td>0</td>
    <td>ru.vachok.networker.controller.FileCleanerCTRLTest@bb9ab64</td>
</tr>
<tr>
<td title='ru.vachok.networker.ad.PhotoConverterSRVTest.testPsCommands()'><b>testPsCommands</b><br>Test class: ru.vachok.networker.ad.PhotoConverterSRVTest</td>
<td></td>
<td>0</td>
    <td>ru.vachok.networker.ad.PhotoConverterSRVTest@73ad4ecc</td>
</tr>
<tr>
<td title='ru.vachok.networker.accesscontrol.common.CommonSRVTest.testReStoreDir()'><b>testReStoreDir</b><br>Test class: ru.vachok.networker.accesscontrol.common.CommonSRVTest</td>
<td></td>
<td>2</td>
    <td>ru.vachok.networker.accesscontrol.common.CommonSRVTest@53ac845a</td>
</tr>
<tr>
<td title='ru.vachok.networker.fileworks.FileSystemWorkerTest.testReadFile()'><b>testReadFile</b><br>Test class: ru.vachok.networker.fileworks.FileSystemWorkerTest</td>
<td></td>
<td>0</td>
    <td>ru.vachok.networker.fileworks.FileSystemWorkerTest@2c43eb8</td>
</tr>
<tr>
<td title='ru.vachok.networker.fileworks.FileSystemWorkerTest.testReadFileToList()'><b>testReadFileToList</b><br>Test class: ru.vachok.networker.fileworks.FileSystemWorkerTest</td>
<td></td>
<td>0</td>
    <td>ru.vachok.networker.fileworks.FileSystemWorkerTest@2c43eb8</td>
</tr>
<tr>
<td title='ru.vachok.networker.fileworks.FileSystemWorkerTest.testReadFileToQueue()'><b>testReadFileToQueue</b><br>Test class: ru.vachok.networker.fileworks.FileSystemWorkerTest</td>
<td></td>
<td>0</td>
    <td>ru.vachok.networker.fileworks.FileSystemWorkerTest@2c43eb8</td>
</tr>
<tr>
<td title='ru.vachok.networker.fileworks.FileSystemWorkerTest.testReadFileToSet()'><b>testReadFileToSet</b><br>Test class: ru.vachok.networker.fileworks.FileSystemWorkerTest</td>
<td></td>
<td>0</td>
    <td>ru.vachok.networker.fileworks.FileSystemWorkerTest@2c43eb8</td>
</tr>
<tr>
<td title='ru.vachok.networker.controller.OdinAssSyncCTRLTest.testResetForm()'><b>testResetForm</b><br>Test class: ru.vachok.networker.controller.OdinAssSyncCTRLTest</td>
<td></td>
<td>0</td>
    <td>ru.vachok.networker.controller.OdinAssSyncCTRLTest@3f29e26</td>
</tr>
<tr>
<td title='ru.vachok.networker.ad.ADSrvTest.testRun()'><b>testRun</b><br>Test class: ru.vachok.networker.ad.ADSrvTest</td>
<td></td>
<td>0</td>
    <td>ru.vachok.networker.ad.ADSrvTest@290aeb20</td>
</tr>
<tr>
<td title='ru.vachok.networker.exe.schedule.MailIISLogsCleanerTest.testRun()'><b>testRun</b><br>Test class: ru.vachok.networker.exe.schedule.MailIISLogsCleanerTest</td>
<td></td>
<td>0</td>
    <td>ru.vachok.networker.exe.schedule.MailIISLogsCleanerTest@5cbd159f</td>
</tr>
<tr>
<td title='ru.vachok.networker.net.monitor.DiapazonScanTest.testRun()'><b>testRun</b><br>Test class: ru.vachok.networker.net.monitor.DiapazonScanTest</td>
<td></td>
<td>0</td>
    <td>ru.vachok.networker.net.monitor.DiapazonScanTest@67b7c170</td>
</tr>
<tr>
<td title='ru.vachok.networker.net.monitor.NetMonitorPTVTests.testRun()'><b>testRun</b><br>Test class: ru.vachok.networker.net.monitor.NetMonitorPTVTests</td>
<td></td>
    <td>2</td>
    <td>ru.vachok.networker.net.monitor.NetMonitorPTVTests@889d9e8</td>
</tr>
<tr>
<td title='ru.vachok.networker.net.monitor.PCMonitoringTest.testRun()'><b>testRun</b><br>Test class: ru.vachok.networker.net.monitor.PCMonitoringTest</td>
<td></td>
<td>0</td>
    <td>ru.vachok.networker.net.monitor.PCMonitoringTest@5246a3b3</td>
</tr>
<tr>
<td title='ru.vachok.networker.net.monitor.PingerFromFileTest.testRun()'><b>testRun</b><br>Test class: ru.vachok.networker.net.monitor.PingerFromFileTest</td>
<td></td>
    <td>10</td>
    <td>ru.vachok.networker.net.monitor.PingerFromFileTest@ba354ca</td>
</tr>
<tr>
<td title='ru.vachok.networker.net.scanner.ScanOnlineTest.testRun()'><b>testRun</b><br>Test class: ru.vachok.networker.net.scanner.ScanOnlineTest</td>
<td></td>
<td>0</td>
    <td>ru.vachok.networker.net.scanner.ScanOnlineTest@6df3e44c</td>
</tr>
<tr>
<td title='ru.vachok.networker.accesscontrol.sshactions.TemporaryFullInternetTest.testRunCheck()'><b>testRunCheck</b><br>Test class: ru.vachok.networker.accesscontrol.sshactions.TemporaryFullInternetTest</td>
<td></td>
<td>0</td>
    <td>ru.vachok.networker.accesscontrol.sshactions.TemporaryFullInternetTest@50194e8d</td>
</tr>
<tr>
<td title='ru.vachok.networker.accesscontrol.sshactions.TemporaryFullInternetTest.testRunFromMonitors()'><b>testRunFromMonitors</b><br>Test class: ru.vachok.networker.accesscontrol.sshactions.TemporaryFullInternetTest</td>
<td></td>
<td>0</td>
    <td>ru.vachok.networker.accesscontrol.sshactions.TemporaryFullInternetTest@50194e8d</td>
</tr>
<tr>
<td title='ru.vachok.networker.componentsrepo.server.TelnetServerTest.testRunSocket()'><b>testRunSocket</b><br>Test class: ru.vachok.networker.componentsrepo.server.TelnetServerTest</td>
<td></td>
<td>0</td>
    <td>ru.vachok.networker.componentsrepo.server.TelnetServerTest@59496961</td>
</tr>
<tr>
<td title='ru.vachok.networker.AppComponentsTest.testScanOnline()'><b>testScanOnline</b><br>Test class: ru.vachok.networker.AppComponentsTest</td>
<td></td>
<td>0</td>
    <td>ru.vachok.networker.AppComponentsTest@1fde4f40</td>
</tr>
<tr>
<td title='ru.vachok.networker.net.scanner.ScanOnlineTest.testScanOnlineLastBigger()'><b>testScanOnlineLastBigger</b><br>Test class: ru.vachok.networker.net.scanner.ScanOnlineTest</td>
<td></td>
<td>0</td>
    <td>ru.vachok.networker.net.scanner.ScanOnlineTest@6df3e44c</td>
</tr>
<tr>
<td title='ru.vachok.networker.accesscontrol.MatrixSRVTest.testSearchAccessPrincipals()'><b>testSearchAccessPrincipals</b><br>Test class: ru.vachok.networker.accesscontrol.MatrixSRVTest</td>
<td></td>
<td>0</td>
    <td>ru.vachok.networker.accesscontrol.MatrixSRVTest@7e2f86e6</td>
</tr>
<tr>
<td title='ru.vachok.networker.accesscontrol.common.CommonSRVTest.testSearchByPat()'><b>testSearchByPat</b><br>Test class: ru.vachok.networker.accesscontrol.common.CommonSRVTest</td>
<td></td>
<td>3</td>
    <td>ru.vachok.networker.accesscontrol.common.CommonSRVTest@53ac845a</td>
</tr>
<tr>
<td title='ru.vachok.networker.services.AnketaKonfetaTest.testSendKonfeta()'><b>testSendKonfeta</b><br>Test class: ru.vachok.networker.services.AnketaKonfetaTest</td>
<td></td>
<td>0</td>
    <td>ru.vachok.networker.services.AnketaKonfetaTest@3910fe11</td>
</tr>
<tr>
<td title='ru.vachok.networker.accesscontrol.common.OldBigFilesInfoCollectorTest.testSetDate()'><b>testSetDate</b><br>Test class: ru.vachok.networker.accesscontrol.common.OldBigFilesInfoCollectorTest</td>
<td></td>
<td>0</td>
    <td>ru.vachok.networker.accesscontrol.common.OldBigFilesInfoCollectorTest@5136207f</td>
</tr>
<tr>
<td title='ru.vachok.networker.services.CsvTxtTest.testSetFile()'><b>testSetFile</b><br>Test class: ru.vachok.networker.services.CsvTxtTest</td>
<td></td>
<td>0</td>
    <td>ru.vachok.networker.services.CsvTxtTest@460510aa</td>
</tr>
<tr>
<td title='ru.vachok.networker.ad.user.FileADUsersParserTest.testSetInfo()'><b>testSetInfo</b><br>Test class: ru.vachok.networker.ad.user.FileADUsersParserTest</td>
<td></td>
<td>0</td>
    <td>ru.vachok.networker.ad.user.FileADUsersParserTest@69da0b12</td>
</tr>
<tr>
<td title='ru.vachok.networker.info.PageGenerationHelperTest.testSetInfo()'><b>testSetInfo</b><br>Test class: ru.vachok.networker.info.PageGenerationHelperTest</td>
<td></td>
<td>0</td>
    <td>ru.vachok.networker.info.PageGenerationHelperTest@7d0cc890</td>
</tr>
<tr>
<td title='ru.vachok.networker.restapi.props.DBPropsCallableTest.testSetProps()'><b>testSetProps</b><br>Test class: ru.vachok.networker.restapi.props.DBPropsCallableTest</td>
<td></td>
<td>0</td>
    <td>ru.vachok.networker.restapi.props.DBPropsCallableTest@57a48985</td>
</tr>
<tr>
<td title='ru.vachok.networker.restapi.props.FilePropsLocalTest.testSetProps()'><b>testSetProps</b><br>Test class: ru.vachok.networker.restapi.props.FilePropsLocalTest</td>
<td></td>
<td>0</td>
    <td>ru.vachok.networker.restapi.props.FilePropsLocalTest@1ab6718</td>
</tr>
<tr>
<td title='ru.vachok.networker.services.SimpleCalculatorTest.testSetQuery()'><b>testSetQuery</b><br>Test class: ru.vachok.networker.services.SimpleCalculatorTest</td>
<td></td>
<td>0</td>
    <td>ru.vachok.networker.services.SimpleCalculatorTest@6fd77352</td>
</tr>
<tr>
<td title='ru.vachok.networker.restapi.DataConnectToTest.testSetSavepoint()'><b>testSetSavepoint</b><br>Test class: ru.vachok.networker.restapi.DataConnectToTest</td>
<td></td>
<td>0</td>
    <td>ru.vachok.networker.restapi.DataConnectToTest@7ce7e83c</td>
</tr>
<tr>
<td title='ru.vachok.networker.restapi.database.DataConnectToAdapterTest.testSetSavepoint()'><b>testSetSavepoint</b><br>Test class: ru.vachok.networker.restapi.database.DataConnectToAdapterTest</td>
<td></td>
<td>0</td>
    <td>ru.vachok.networker.restapi.database.DataConnectToAdapterTest@4a05d8ae</td>
</tr>
<tr>
<td title='ru.vachok.networker.net.scanner.NetScannerSvcTest.testSetThePc()'><b>testSetThePc</b><br>Test class: ru.vachok.networker.net.scanner.NetScannerSvcTest</td>
<td></td>
<td>0</td>
    <td>ru.vachok.networker.net.scanner.NetScannerSvcTest@acf859d</td>
</tr>
<tr>
<td title='ru.vachok.networker.ad.ADSrvTest.testSetUserInputRaw()'><b>testSetUserInputRaw</b><br>Test class: ru.vachok.networker.ad.ADSrvTest</td>
<td></td>
<td>0</td>
    <td>ru.vachok.networker.ad.ADSrvTest@290aeb20</td>
</tr>
<tr>
<td title='ru.vachok.networker.ad.ADSrvTest.testShowADPCList()'><b>testShowADPCList</b><br>Test class: ru.vachok.networker.ad.ADSrvTest</td>
<td></td>
<td>0</td>
    <td>ru.vachok.networker.ad.ADSrvTest@290aeb20</td>
</tr>
<tr>
<td title='ru.vachok.networker.exe.runnabletasks.external.SaveLogsToDBTest.testShowInfo()'><b>testShowInfo</b><br>Test class: ru.vachok.networker.exe.runnabletasks.external.SaveLogsToDBTest</td>
<td></td>
<td>0</td>
    <td>ru.vachok.networker.exe.runnabletasks.external.SaveLogsToDBTest@9fec931</td>
</tr>
<tr>
<td title='ru.vachok.networker.accesscontrol.inetstats.InetUserPCNameTest.testShowLog()'><b>testShowLog</b><br>Test class: ru.vachok.networker.accesscontrol.inetstats.InetUserPCNameTest</td>
<td></td>
    <td>6</td>
    <td>ru.vachok.networker.accesscontrol.inetstats.InetUserPCNameTest@344426bf</td>
</tr>
<tr>
    <td title='ru.vachok.networker.info.InternetUseTest.testShowLog()'><b>testShowLog</b><br>Test class: ru.vachok.networker.info.InternetUseTest</td>
<td></td>
    <td>6</td>
    <td>ru.vachok.networker.info.InternetUseTest@4eb30d44</td>
</tr>
<tr>
<td title='ru.vachok.networker.controller.MatrixCtrTest.testShowResults()'><b>testShowResults</b><br>Test class: ru.vachok.networker.controller.MatrixCtrTest</td>
<td></td>
<td>0</td>
    <td>ru.vachok.networker.controller.MatrixCtrTest@a52ca2e</td>
</tr>
<tr>
<td title='ru.vachok.networker.AppComponentsTest.testSimpleCalculator()'><b>testSimpleCalculator</b><br>Test class: ru.vachok.networker.AppComponentsTest</td>
<td></td>
<td>0</td>
    <td>ru.vachok.networker.AppComponentsTest@1fde4f40</td>
</tr>
<tr>
<td title='ru.vachok.networker.AppComponentsTest.testSshActs()'><b>testSshActs</b><br>Test class: ru.vachok.networker.AppComponentsTest</td>
<td></td>
<td>0</td>
    <td>ru.vachok.networker.AppComponentsTest@1fde4f40</td>
</tr>
<tr>
<td title='ru.vachok.networker.controller.SshActsCTRLTest.testSshActsGET()'><b>testSshActsGET</b><br>Test class: ru.vachok.networker.controller.SshActsCTRLTest</td>
<td></td>
<td>0</td>
    <td>ru.vachok.networker.controller.SshActsCTRLTest@314c8b4a</td>
</tr>
<tr>
<td title='ru.vachok.networker.controller.SshActsCTRLTest.testSshActsPOST()'><b>testSshActsPOST</b><br>Test class: ru.vachok.networker.controller.SshActsCTRLTest</td>
<td></td>
<td>0</td>
    <td>ru.vachok.networker.controller.SshActsCTRLTest@314c8b4a</td>
</tr>
<tr>
<td title='ru.vachok.networker.controller.SshActsCTRLTest.testTempFullInetAccess()'><b>testTempFullInetAccess</b><br>Test class: ru.vachok.networker.controller.SshActsCTRLTest</td>
<td></td>
    <td>0</td>
    <td>ru.vachok.networker.controller.SshActsCTRLTest@314c8b4a</td>
</tr>
<tr>
<td title='ru.vachok.networker.AppComponentsTest.testTemporaryFullInternet()'><b>testTemporaryFullInternet</b><br>Test class: ru.vachok.networker.AppComponentsTest</td>
<td></td>
<td>0</td>
    <td>ru.vachok.networker.AppComponentsTest@1fde4f40</td>
</tr>
<tr>
<td title='ru.vachok.networker.AppComponentsTest.testTestToString()'><b>testTestToString</b><br>Test class: ru.vachok.networker.AppComponentsTest</td>
<td></td>
<td>0</td>
    <td>ru.vachok.networker.AppComponentsTest@1fde4f40</td>
</tr>
<tr>
<td title='ru.vachok.networker.ExitAppTest.testTestToString()'><b>testTestToString</b><br>Test class: ru.vachok.networker.ExitAppTest</td>
<td></td>
<td>0</td>
    <td>ru.vachok.networker.ExitAppTest@2b61a019</td>
</tr>
<tr>
<td title='ru.vachok.networker.SSHFactoryTest.testTestToString()'><b>testTestToString</b><br>Test class: ru.vachok.networker.SSHFactoryTest</td>
<td></td>
<td>0</td>
    <td>ru.vachok.networker.SSHFactoryTest@7ce9e05a</td>
</tr>
<tr>
<td title='ru.vachok.networker.accesscontrol.PfListsTest.testTestToString()'><b>testTestToString</b><br>Test class: ru.vachok.networker.accesscontrol.PfListsTest</td>
<td></td>
<td>0</td>
    <td>ru.vachok.networker.accesscontrol.PfListsTest@4d774249</td>
</tr>
<tr>
<td title='ru.vachok.networker.accesscontrol.common.OldBigFilesInfoCollectorTest.testTestToString()'><b>testTestToString</b><br>Test class: ru.vachok.networker.accesscontrol.common.OldBigFilesInfoCollectorTest</td>
<td></td>
<td>0</td>
    <td>ru.vachok.networker.accesscontrol.common.OldBigFilesInfoCollectorTest@5136207f</td>
</tr>
<tr>
<td title='ru.vachok.networker.ad.ADSrvTest.testTestToString()'><b>testTestToString</b><br>Test class: ru.vachok.networker.ad.ADSrvTest</td>
<td></td>
<td>0</td>
    <td>ru.vachok.networker.ad.ADSrvTest@290aeb20</td>
</tr>
<tr>
<td title='ru.vachok.networker.ad.user.FileADUsersParserTest.testTestToString()'><b>testTestToString</b><br>Test class: ru.vachok.networker.ad.user.FileADUsersParserTest</td>
<td></td>
<td>0</td>
    <td>ru.vachok.networker.ad.user.FileADUsersParserTest@69da0b12</td>
</tr>
<tr>
<td title='ru.vachok.networker.ad.user.ADUserTest.testTestToString()'><b>testTestToString</b><br>Test class: ru.vachok.networker.ad.user.ADUserTest</td>
<td></td>
<td>0</td>
    <td>ru.vachok.networker.ad.user.ADUserTest@2764c546</td>
</tr>
<tr>
<td title='ru.vachok.networker.componentsrepo.server.TelnetServerTest.testTestToString()'><b>testTestToString</b><br>Test class: ru.vachok.networker.componentsrepo.server.TelnetServerTest</td>
<td></td>
<td>0</td>
    <td>ru.vachok.networker.componentsrepo.server.TelnetServerTest@59496961</td>
</tr>
<tr>
<td title='ru.vachok.networker.controller.ErrCtrTest.testTestToString()'><b>testTestToString</b><br>Test class: ru.vachok.networker.controller.ErrCtrTest</td>
<td></td>
<td>0</td>
    <td>ru.vachok.networker.controller.ErrCtrTest@76c52298</td>
</tr>
<tr>
<td title='ru.vachok.networker.controller.FileCleanerCTRLTest.testTestToString()'><b>testTestToString</b><br>Test class: ru.vachok.networker.controller.FileCleanerCTRLTest</td>
<td></td>
<td>0</td>
    <td>ru.vachok.networker.controller.FileCleanerCTRLTest@bb9ab64</td>
</tr>
<tr>
<td title='ru.vachok.networker.controller.NoHupOutTest.testTestToString()'><b>testTestToString</b><br>Test class: ru.vachok.networker.controller.NoHupOutTest</td>
<td></td>
<td>0</td>
    <td>ru.vachok.networker.controller.NoHupOutTest@1ad8df52</td>
</tr>
<tr>
<td title='ru.vachok.networker.controller.OKMakerTest.testTestToString()'><b>testTestToString</b><br>Test class: ru.vachok.networker.controller.OKMakerTest</td>
<td></td>
<td>0</td>
    <td>ru.vachok.networker.controller.OKMakerTest@45d6ef73</td>
</tr>
<tr>
<td title='ru.vachok.networker.controller.OdinAssSyncCTRLTest.testTestToString()'><b>testTestToString</b><br>Test class: ru.vachok.networker.controller.OdinAssSyncCTRLTest</td>
<td></td>
<td>0</td>
    <td>ru.vachok.networker.controller.OdinAssSyncCTRLTest@3f29e26</td>
</tr>
<tr>
<td title='ru.vachok.networker.controller.UserWebCTRLTest.testTestToString()'><b>testTestToString</b><br>Test class: ru.vachok.networker.controller.UserWebCTRLTest</td>
<td></td>
<td>0</td>
    <td>ru.vachok.networker.controller.UserWebCTRLTest@26d820eb</td>
</tr>
<tr>
<td title='ru.vachok.networker.exe.runnabletasks.external.SaveLogsToDBTest.testTestToString()'><b>testTestToString</b><br>Test class: ru.vachok.networker.exe.runnabletasks.external.SaveLogsToDBTest</td>
<td></td>
<td>0</td>
    <td>ru.vachok.networker.exe.runnabletasks.external.SaveLogsToDBTest@9fec931</td>
</tr>
<tr>
<td title='ru.vachok.networker.net.monitor.KudrWorkTimeTest.testTestToString()'><b>testTestToString</b><br>Test class: ru.vachok.networker.net.monitor.KudrWorkTimeTest</td>
<td></td>
<td>0</td>
    <td>ru.vachok.networker.net.monitor.KudrWorkTimeTest@67440de6</td>
</tr>
<tr>
<td title='ru.vachok.networker.net.scanner.NetScannerSvcTest.testTestToString()'><b>testTestToString</b><br>Test class: ru.vachok.networker.net.scanner.NetScannerSvcTest</td>
<td></td>
<td>0</td>
    <td>ru.vachok.networker.net.scanner.NetScannerSvcTest@acf859d</td>
</tr>
<tr>
<td title='ru.vachok.networker.restapi.message.MessageLocalTest.testTestToString()'><b>testTestToString</b><br>Test class: ru.vachok.networker.restapi.message.MessageLocalTest</td>
<td></td>
<td>0</td>
    <td>ru.vachok.networker.restapi.message.MessageLocalTest@6972c30a</td>
</tr>
<tr>
<td title='ru.vachok.networker.services.AnketaKonfetaTest.testTestToString()'><b>testTestToString</b><br>Test class: ru.vachok.networker.services.AnketaKonfetaTest</td>
<td></td>
<td>0</td>
    <td>ru.vachok.networker.services.AnketaKonfetaTest@3910fe11</td>
</tr>
<tr>
<td title='ru.vachok.networker.services.CsvTxtTest.testTestToString()'><b>testTestToString</b><br>Test class: ru.vachok.networker.services.CsvTxtTest</td>
<td></td>
<td>0</td>
    <td>ru.vachok.networker.services.CsvTxtTest@460510aa</td>
</tr>
<tr>
<td title='ru.vachok.networker.sysinfo.ServiceInfoCtrlTest.testTestToString()'><b>testTestToString</b><br>Test class: ru.vachok.networker.sysinfo.ServiceInfoCtrlTest</td>
<td></td>
<td>0</td>
    <td>ru.vachok.networker.sysinfo.ServiceInfoCtrlTest@78b41097</td>
</tr>
<tr>
<td title='ru.vachok.networker.systray.actions.ActionMakeInfoAboutOldCommonFilesTest.testTestToString()'><b>testTestToString</b><br>Test class: ru.vachok.networker.systray.actions.ActionMakeInfoAboutOldCommonFilesTest</td>
<td></td>
<td>0</td>
    <td>ru.vachok.networker.systray.actions.ActionMakeInfoAboutOldCommonFilesTest@2c2db130</td>
</tr>
<tr>
<td title='ru.vachok.networker.net.monitor.DiapazonScanTest.testTheInfoToString()'><b>testTheInfoToString</b><br>Test class: ru.vachok.networker.net.monitor.DiapazonScanTest</td>
<td></td>
<td>0</td>
    <td>ru.vachok.networker.net.monitor.DiapazonScanTest@67b7c170</td>
</tr>
<tr>
<td title='ru.vachok.networker.net.scanner.NetScannerSvcTest.testTheSETOfPCNamesPref()'><b>testTheSETOfPCNamesPref</b><br>Test class: ru.vachok.networker.net.scanner.NetScannerSvcTest</td>
<td></td>
<td>0</td>
    <td>ru.vachok.networker.net.scanner.NetScannerSvcTest@acf859d</td>
</tr>
<tr>
<td title='ru.vachok.networker.net.scanner.NetScannerSvcTest.testTheSETOfPcNames()'><b>testTheSETOfPcNames</b><br>Test class: ru.vachok.networker.net.scanner.NetScannerSvcTest</td>
<td></td>
<td>0</td>
    <td>ru.vachok.networker.net.scanner.NetScannerSvcTest@acf859d</td>
</tr>
<tr>
<td title='ru.vachok.networker.UsefulUtilitiesTest.testThisPC()'><b>testThisPC</b><br>Test class: ru.vachok.networker.UsefulUtilitiesTest</td>
<td></td>
<td>0</td>
    <td>ru.vachok.networker.UsefulUtilitiesTest@4992613f</td>
</tr>
<tr>
<td title='ru.vachok.networker.exe.ThreadConfigTest.testThrNameSet()'><b>testThrNameSet</b><br>Test class: ru.vachok.networker.exe.ThreadConfigTest</td>
<td></td>
<td>0</td>
    <td>ru.vachok.networker.exe.ThreadConfigTest@507d20bb</td>
</tr>
<tr>
<td title='ru.vachok.networker.AppComponentsTest.testThreadConfig()'><b>testThreadConfig</b><br>Test class: ru.vachok.networker.AppComponentsTest</td>
<td></td>
<td>0</td>
    <td>ru.vachok.networker.AppComponentsTest@1fde4f40</td>
</tr>
<tr>
<td title='ru.vachok.networker.controller.CalculateCTRLTest.testTimeStamp()'><b>testTimeStamp</b><br>Test class: ru.vachok.networker.controller.CalculateCTRLTest</td>
<td></td>
<td>0</td>
    <td>ru.vachok.networker.controller.CalculateCTRLTest@6aef4eb8</td>
</tr>
<tr>
<td title='ru.vachok.networker.restapi.message.DBMessengerTest.testToString()'><b>testToString</b><br>Test class: ru.vachok.networker.restapi.message.DBMessengerTest</td>
<td></td>
<td>0</td>
    <td>ru.vachok.networker.restapi.message.DBMessengerTest@d56aaa6</td>
</tr>
<tr>
<td title='ru.vachok.networker.AppInfoOnLoadTest.testToString1()'><b>testToString1</b><br>Test class: ru.vachok.networker.AppInfoOnLoadTest</td>
<td></td>
<td>0</td>
    <td>ru.vachok.networker.AppInfoOnLoadTest@49cf9028</td>
</tr>
<tr>
<td title='ru.vachok.networker.accesscontrol.common.usermanagement.ConcreteFolderACLWriterTest.testToString1()'><b>testToString1</b><br>Test class: ru.vachok.networker.accesscontrol.common.usermanagement.ConcreteFolderACLWriterTest</td>
<td></td>
<td>0</td>
    <td>ru.vachok.networker.accesscontrol.common.usermanagement.ConcreteFolderACLWriterTest@26a4551a</td>
</tr>
<tr>
<td title='ru.vachok.networker.ad.ADComputerTest.testToString1()'><b>testToString1</b><br>Test class: ru.vachok.networker.ad.ADComputerTest</td>
<td></td>
<td>0</td>
    <td>ru.vachok.networker.ad.ADComputerTest@3cee53dc</td>
</tr>
<tr>
<td title='ru.vachok.networker.ad.PhotoConverterSRVTest.testToString1()'><b>testToString1</b><br>Test class: ru.vachok.networker.ad.PhotoConverterSRVTest</td>
<td></td>
<td>0</td>
    <td>ru.vachok.networker.ad.PhotoConverterSRVTest@73ad4ecc</td>
</tr>
<tr>
<td title='ru.vachok.networker.exe.ThreadConfigTest.testToString1()'><b>testToString1</b><br>Test class: ru.vachok.networker.exe.ThreadConfigTest</td>
<td></td>
<td>0</td>
    <td>ru.vachok.networker.exe.ThreadConfigTest@507d20bb</td>
</tr>
<tr>
<td title='ru.vachok.networker.net.monitor.DiapazonScanTest.testToString1()'><b>testToString1</b><br>Test class: ru.vachok.networker.net.monitor.DiapazonScanTest</td>
<td></td>
<td>0</td>
    <td>ru.vachok.networker.net.monitor.DiapazonScanTest@67b7c170</td>
</tr>
<tr>
<td title='ru.vachok.networker.net.monitor.NetMonitorPTVTests.testToString1()'><b>testToString1</b><br>Test class: ru.vachok.networker.net.monitor.NetMonitorPTVTests</td>
<td></td>
    <td>1</td>
    <td>ru.vachok.networker.net.monitor.NetMonitorPTVTests@889d9e8</td>
</tr>
<tr>
<td title='ru.vachok.networker.net.scanner.ScanOnlineTest.testToString1()'><b>testToString1</b><br>Test class: ru.vachok.networker.net.scanner.ScanOnlineTest</td>
<td></td>
<td>0</td>
    <td>ru.vachok.networker.net.scanner.ScanOnlineTest@6df3e44c</td>
</tr>
<tr>
<td title='ru.vachok.networker.restapi.database.RegRuMysqlLocTest.testToString1()'><b>testToString1</b><br>Test class: ru.vachok.networker.restapi.database.RegRuMysqlLocTest</td>
<td></td>
<td>0</td>
    <td>ru.vachok.networker.restapi.database.RegRuMysqlLocTest@3c904f1e</td>
</tr>
<tr>
<td title='ru.vachok.networker.restapi.props.DBPropsCallableTest.testToString1()'><b>testToString1</b><br>Test class: ru.vachok.networker.restapi.props.DBPropsCallableTest</td>
<td></td>
<td>0</td>
    <td>ru.vachok.networker.restapi.props.DBPropsCallableTest@57a48985</td>
</tr>
<tr>
<td title='ru.vachok.networker.services.SimpleCalculatorTest.testToString1()'><b>testToString1</b><br>Test class: ru.vachok.networker.services.SimpleCalculatorTest</td>
<td></td>
<td>0</td>
    <td>ru.vachok.networker.services.SimpleCalculatorTest@6fd77352</td>
</tr>
<tr>
<td title='ru.vachok.networker.services.MyCalenTest.testToStringS()'><b>testToStringS</b><br>Test class: ru.vachok.networker.services.MyCalenTest</td>
<td></td>
<td>0</td>
    <td>ru.vachok.networker.services.MyCalenTest@351e414e</td>
</tr>
<tr>
<td title='ru.vachok.networker.net.scanner.ScanOnlineTest.testToStringTester()'><b>testToStringTester</b><br>Test class: ru.vachok.networker.net.scanner.ScanOnlineTest</td>
<td></td>
<td>0</td>
    <td>ru.vachok.networker.net.scanner.ScanOnlineTest@6df3e44c</td>
</tr>
<tr>
<td title='ru.vachok.networker.controller.OdinAssSyncCTRLTest.testUploadFiles()'><b>testUploadFiles</b><br>Test class: ru.vachok.networker.controller.OdinAssSyncCTRLTest</td>
<td></td>
<td>0</td>
    <td>ru.vachok.networker.controller.OdinAssSyncCTRLTest@3f29e26</td>
</tr>
<tr>
<td title='ru.vachok.networker.controller.UserWebCTRLTest.testUserGet()'><b>testUserGet</b><br>Test class: ru.vachok.networker.controller.UserWebCTRLTest</td>
<td></td>
<td>0</td>
    <td>ru.vachok.networker.controller.UserWebCTRLTest@26d820eb</td>
</tr>
<tr>
<td title='ru.vachok.networker.controller.UserWebCTRLTest.testUserPost()'><b>testUserPost</b><br>Test class: ru.vachok.networker.controller.UserWebCTRLTest</td>
<td></td>
<td>0</td>
    <td>ru.vachok.networker.controller.UserWebCTRLTest@26d820eb</td>
</tr>
<tr>
<td title='ru.vachok.networker.ad.ADSrvTest.testUserSetter()'><b>testUserSetter</b><br>Test class: ru.vachok.networker.ad.ADSrvTest</td>
<td></td>
<td>0</td>
    <td>ru.vachok.networker.ad.ADSrvTest@290aeb20</td>
</tr>
<tr>
<td title='ru.vachok.networker.AppComponentsTest.testVersionInfo()'><b>testVersionInfo</b><br>Test class: ru.vachok.networker.AppComponentsTest</td>
<td></td>
<td>0</td>
    <td>ru.vachok.networker.AppComponentsTest@1fde4f40</td>
</tr>
<tr>
<td title='ru.vachok.networker.controller.OdinAssSyncCTRLTest.testViewPage()'><b>testViewPage</b><br>Test class: ru.vachok.networker.controller.OdinAssSyncCTRLTest</td>
<td></td>
<td>0</td>
    <td>ru.vachok.networker.controller.OdinAssSyncCTRLTest@3f29e26</td>
</tr>
<tr>
<td title='ru.vachok.networker.AppComponentsTest.testVisitor()'><b>testVisitor</b><br>Test class: ru.vachok.networker.AppComponentsTest</td>
<td></td>
<td>0</td>
    <td>ru.vachok.networker.AppComponentsTest@1fde4f40</td>
</tr>
<tr>
<td title='ru.vachok.networker.restapi.message.MessageLocalTest.testWarn()'><b>testWarn</b><br>Test class: ru.vachok.networker.restapi.message.MessageLocalTest</td>
<td></td>
<td>0</td>
    <td>ru.vachok.networker.restapi.message.MessageLocalTest@6972c30a</td>
</tr>
<tr>
<td title='ru.vachok.networker.accesscontrol.sshactions.SshActsTest.testWhatSrvNeed()'><b>testWhatSrvNeed</b><br>Test class: ru.vachok.networker.accesscontrol.sshactions.SshActsTest</td>
<td></td>
<td>0</td>
    <td>ru.vachok.networker.accesscontrol.sshactions.SshActsTest@5411dd90</td>
</tr>
<tr>
<td title='ru.vachok.networker.controller.SshActsCTRLTest.testWhatSrvNeed()'><b>testWhatSrvNeed</b><br>Test class: ru.vachok.networker.controller.SshActsCTRLTest</td>
<td></td>
<td>0</td>
    <td>ru.vachok.networker.controller.SshActsCTRLTest@314c8b4a</td>
</tr>
<tr>
<td title='ru.vachok.networker.services.WhoIsWithSRVTest.testWhoIs()'><b>testWhoIs</b><br>Test class: ru.vachok.networker.services.WhoIsWithSRVTest</td>
<td></td>
<td>3</td>
    <td>ru.vachok.networker.services.WhoIsWithSRVTest@3f672204</td>
</tr>
<tr>
<td title='ru.vachok.networker.accesscontrol.common.usermanagement.ConcreteFolderACLWriterTest.testWriteACLs()'><b>testWriteACLs</b><br>Test class: ru.vachok.networker.accesscontrol.common.usermanagement.ConcreteFolderACLWriterTest</td>
<td></td>
    <td>1</td>
    <td>ru.vachok.networker.accesscontrol.common.usermanagement.ConcreteFolderACLWriterTest@26a4551a</td>
</tr>
<tr>
<td title='ru.vachok.networker.fileworks.FileSystemWorkerTest.testWriteFile()'><b>testWriteFile</b><br>Test class: ru.vachok.networker.fileworks.FileSystemWorkerTest</td>
<td></td>
<td>0</td>
    <td>ru.vachok.networker.fileworks.FileSystemWorkerTest@2c43eb8</td>
</tr>
<tr>
<td title='ru.vachok.networker.net.monitor.KudrWorkTimeTest.testWriteLog()'><b>testWriteLog</b><br>Test class: ru.vachok.networker.net.monitor.KudrWorkTimeTest</td>
<td></td>
<td>1</td>
    <td>ru.vachok.networker.net.monitor.KudrWorkTimeTest@67440de6</td>
</tr>
<tr>
<td title='ru.vachok.networker.net.monitor.PCMonitoringTest.testWriteLog()'><b>testWriteLog</b><br>Test class: ru.vachok.networker.net.monitor.PCMonitoringTest</td>
<td></td>
<td>0</td>
    <td>ru.vachok.networker.net.monitor.PCMonitoringTest@5246a3b3</td>
</tr>
<tr>
<td title='ru.vachok.networker.net.scanner.ScanOnlineTest.testWriteLogToFile()'><b>testWriteLogToFile</b><br>Test class: ru.vachok.networker.net.scanner.ScanOnlineTest</td>
<td></td>
<td>0</td>
    <td>ru.vachok.networker.net.scanner.ScanOnlineTest@6df3e44c</td>
</tr>
<tr>
<td title='ru.vachok.networker.ExitAppTest.testWriteOwnObject()'><b>testWriteOwnObject</b><br>Test class: ru.vachok.networker.ExitAppTest</td>
<td></td>
<td>0</td>
    <td>ru.vachok.networker.ExitAppTest@2b61a019</td>
</tr>
</table>
<p>
<table border='1' class='invocation-skipped' width='100%'>
    <tr>
        <td align='center' colspan='4'><b>SKIPPED TESTS</b></td>
    </tr>
    <tr>
        <td><b>Test method</b></td>
        <td width="30%"><b>Exception</b></td>
        <td width="10%"><b>Time (seconds)</b></td>
        <td><b>Instance</b></td>
    </tr>
    <tr>
        <td title='ru.vachok.networker.IntoApplicationTest.testBeforeSt()'><b>testBeforeSt</b><br>Test class: ru.vachok.networker.IntoApplicationTest</td>
        <td>
            <div><pre>java.lang.ExceptionInInitializerError
	at ru.vachok.networker.IntoApplicationTest.setUp(IntoApplicationTest.java:29)
Caused by: org.springframework.context.ApplicationContextException: Unable to start web server; nested exception is org.springframework.boot.web.server.WebServerException: Unable to start embedded Tomcat
	at org.springframework.boot.web.servlet.context.ServletWebServerApplicationContext.onRefresh(ServletWebServerApplicationContext.java:155)
	at org.springframework.context.support.AbstractApplicationContext.refresh(AbstractApplicationContext.java:544)
	at org.springframework.boot.web.servlet.context.ServletWebServerApplicationContext.refresh(ServletWebServerApplicationContext.java:140)
	at org.springframework.boot.SpringApplication.refresh(SpringApplication.java:762)
	at org.springframework.boot.SpringApplication.refreshContext(SpringApplication.java:398)
	at org.springframework.boot.SpringApplication.run(SpringApplication.java:330)
	at org.springframework.boot.SpringApplication.run(SpringApplication.java:1258)
	at org.springframework.boot.SpringApplication.run(SpringApplication.java:1246)
	at ru.vachok.networker.IntoApplication.&lt;clinit&gt;(IntoApplication.java:52)
	... 25 more
Caused by: org.springframework.boot.web.server.WebServerException: Unable to start embedded Tomcat
	at org.springframework.boot.web.embedded.tomcat.TomcatWebServer.initialize(TomcatWebServer.java:126)
	at org.springframework.boot.web.embedded.tomcat.TomcatWebServer.&lt;init&gt;(TomcatWebServer.java:86)
	at org.springframework.boot.web.embedded.tomcat.TomcatServletWebServerFactory.getTomcatWebServer(TomcatServletWebServerFactory.java:413)
	at org.springframework.boot.web.embedded.tomcat.TomcatServletWebServerFactory.getWebServer(TomcatServletWebServerFactory.java:174)
	at org.springframework.boot.web.servlet.context.ServletWebServerApplicationContext.createWebServer(ServletWebServerApplicationContext.java:179)
	at org.springframework.boot.web.servlet.context.ServletWebServerApplicationContext.onRefresh(ServletWebServerApplicationContext.java:152)
	... 33 more
Caused by: org.apache.catalina.LifecycleException: Failed to start component [StandardServer[-1]]
	at org.apache.catalina.util.LifecycleBase.start(LifecycleBase.java:167)
	at org.apache.catalina.startup.Tomcat.start(Tomcat.java:367)
	at org.springframework.boot.web.embedded.tomcat.TomcatWebServer.initialize(TomcatWebServer.java:107)
	... 38 more
Caused by: org.apache.catalina.LifecycleException: Failed to start component [StandardService[Tomcat]]
	at org.apache.catalina.util.LifecycleBase.start(LifecycleBase.java:167)
	at org.apache.catalina.core.StandardServer.startInternal(StandardServer.java:793)
	at org.apache.catalina.util.LifecycleBase.start(LifecycleBase.java:150)
	... 40 more
Caused by: org.apache.catalina.LifecycleException: Failed to start component [StandardEngine[Tomcat]]
	at org.apache.catalina.util.LifecycleBase.start(LifecycleBase.java:167)
	at org.apache.catalina.core.StandardService.startInternal(StandardService.java:422)
	at org.apache.catalina.util.LifecycleBase.start(LifecycleBase.java:150)
	... 42 more
Caused by: org.apache.catalina.LifecycleException: A child container failed during start
	at org.apache.catalina.core.ContainerBase.startInternal(ContainerBase.java:949)
	at org.apache.catalina.core.StandardEngine.startInternal(StandardEngine.java:262)
	at org.apache.catalina.util.LifecycleBase.start(LifecycleBase.java:150)
	... 44 more
... Removed 24 stack frames</pre>
            </div>
            <a href='#' onClick='toggleBox("stack-trace1426461720", this, "Click to show all stack frames", "Click to hide stack frames")'>Click to show all stack frames</a>
            <div class='stack-trace' id='stack-trace1426461720'><pre>java.lang.ExceptionInInitializerError
	at ru.vachok.networker.IntoApplicationTest.setUp(IntoApplicationTest.java:29)
	at java.base/jdk.internal.reflect.NativeMethodAccessorImpl.invoke0(Native Method)
	at java.base/jdk.internal.reflect.NativeMethodAccessorImpl.invoke(NativeMethodAccessorImpl.java:62)
	at java.base/jdk.internal.reflect.DelegatingMethodAccessorImpl.invoke(DelegatingMethodAccessorImpl.java:43)
	at java.base/java.lang.reflect.Method.invoke(Method.java:567)
	at org.testng.internal.MethodInvocationHelper.invokeMethod(MethodInvocationHelper.java:131)
	at org.testng.internal.MethodInvocationHelper.invokeMethodConsideringTimeout(MethodInvocationHelper.java:61)
	at org.testng.internal.ConfigInvoker.invokeConfigurationMethod(ConfigInvoker.java:340)
	at org.testng.internal.ConfigInvoker.invokeConfigurations(ConfigInvoker.java:294)
	at org.testng.internal.TestMethodWorker.invokeBeforeClassMethods(TestMethodWorker.java:176)
	at org.testng.internal.TestMethodWorker.run(TestMethodWorker.java:122)
	at org.testng.TestRunner.privateRun(TestRunner.java:763)
	at org.testng.TestRunner.run(TestRunner.java:594)
	at org.testng.SuiteRunner.runTest(SuiteRunner.java:398)
	at org.testng.SuiteRunner.runSequentially(SuiteRunner.java:392)
	at org.testng.SuiteRunner.privateRun(SuiteRunner.java:355)
	at org.testng.SuiteRunner.run(SuiteRunner.java:304)
	at org.testng.SuiteRunnerWorker.runSuite(SuiteRunnerWorker.java:53)
	at org.testng.SuiteRunnerWorker.run(SuiteRunnerWorker.java:96)
	at org.testng.TestNG.runSuitesSequentially(TestNG.java:1146)
	at org.testng.TestNG.runSuitesLocally(TestNG.java:1067)
	at org.testng.TestNG.runSuites(TestNG.java:997)
	at org.testng.TestNG.run(TestNG.java:965)
	at org.testng.IDEARemoteTestNG.run(IDEARemoteTestNG.java:73)
	at org.testng.RemoteTestNGStarter.main(RemoteTestNGStarter.java:123)
Caused by: org.springframework.context.ApplicationContextException: Unable to start web server; nested exception is org.springframework.boot.web.server.WebServerException: Unable to start embedded Tomcat
	at org.springframework.boot.web.servlet.context.ServletWebServerApplicationContext.onRefresh(ServletWebServerApplicationContext.java:155)
	at org.springframework.context.support.AbstractApplicationContext.refresh(AbstractApplicationContext.java:544)
	at org.springframework.boot.web.servlet.context.ServletWebServerApplicationContext.refresh(ServletWebServerApplicationContext.java:140)
	at org.springframework.boot.SpringApplication.refresh(SpringApplication.java:762)
	at org.springframework.boot.SpringApplication.refreshContext(SpringApplication.java:398)
	at org.springframework.boot.SpringApplication.run(SpringApplication.java:330)
	at org.springframework.boot.SpringApplication.run(SpringApplication.java:1258)
	at org.springframework.boot.SpringApplication.run(SpringApplication.java:1246)
	at ru.vachok.networker.IntoApplication.&lt;clinit&gt;(IntoApplication.java:52)
	... 25 more
Caused by: org.springframework.boot.web.server.WebServerException: Unable to start embedded Tomcat
	at org.springframework.boot.web.embedded.tomcat.TomcatWebServer.initialize(TomcatWebServer.java:126)
	at org.springframework.boot.web.embedded.tomcat.TomcatWebServer.&lt;init&gt;(TomcatWebServer.java:86)
	at org.springframework.boot.web.embedded.tomcat.TomcatServletWebServerFactory.getTomcatWebServer(TomcatServletWebServerFactory.java:413)
	at org.springframework.boot.web.embedded.tomcat.TomcatServletWebServerFactory.getWebServer(TomcatServletWebServerFactory.java:174)
	at org.springframework.boot.web.servlet.context.ServletWebServerApplicationContext.createWebServer(ServletWebServerApplicationContext.java:179)
	at org.springframework.boot.web.servlet.context.ServletWebServerApplicationContext.onRefresh(ServletWebServerApplicationContext.java:152)
	... 33 more
Caused by: org.apache.catalina.LifecycleException: Failed to start component [StandardServer[-1]]
	at org.apache.catalina.util.LifecycleBase.start(LifecycleBase.java:167)
	at org.apache.catalina.startup.Tomcat.start(Tomcat.java:367)
	at org.springframework.boot.web.embedded.tomcat.TomcatWebServer.initialize(TomcatWebServer.java:107)
	... 38 more
Caused by: org.apache.catalina.LifecycleException: Failed to start component [StandardService[Tomcat]]
	at org.apache.catalina.util.LifecycleBase.start(LifecycleBase.java:167)
	at org.apache.catalina.core.StandardServer.startInternal(StandardServer.java:793)
	at org.apache.catalina.util.LifecycleBase.start(LifecycleBase.java:150)
	... 40 more
Caused by: org.apache.catalina.LifecycleException: Failed to start component [StandardEngine[Tomcat]]
	at org.apache.catalina.util.LifecycleBase.start(LifecycleBase.java:167)
	at org.apache.catalina.core.StandardService.startInternal(StandardService.java:422)
	at org.apache.catalina.util.LifecycleBase.start(LifecycleBase.java:150)
	... 42 more
Caused by: org.apache.catalina.LifecycleException: A child container failed during start
	at org.apache.catalina.core.ContainerBase.startInternal(ContainerBase.java:949)
	at org.apache.catalina.core.StandardEngine.startInternal(StandardEngine.java:262)
	at org.apache.catalina.util.LifecycleBase.start(LifecycleBase.java:150)
	... 44 more
</pre>
            </div>
        </td>
        <td>0</td>
        <td>ru.vachok.networker.IntoApplicationTest@11a00961</td>
    </tr>
    <tr>
        <td title='ru.vachok.networker.IntoApplicationTest.testMain()'><b>testMain</b><br>Test class: ru.vachok.networker.IntoApplicationTest</td>
        <td>
            <div><pre>java.lang.ExceptionInInitializerError
	at ru.vachok.networker.IntoApplicationTest.setUp(IntoApplicationTest.java:29)
Caused by: org.springframework.context.ApplicationContextException: Unable to start web server; nested exception is org.springframework.boot.web.server.WebServerException: Unable to start embedded Tomcat
	at org.springframework.boot.web.servlet.context.ServletWebServerApplicationContext.onRefresh(ServletWebServerApplicationContext.java:155)
	at org.springframework.context.support.AbstractApplicationContext.refresh(AbstractApplicationContext.java:544)
	at org.springframework.boot.web.servlet.context.ServletWebServerApplicationContext.refresh(ServletWebServerApplicationContext.java:140)
	at org.springframework.boot.SpringApplication.refresh(SpringApplication.java:762)
	at org.springframework.boot.SpringApplication.refreshContext(SpringApplication.java:398)
	at org.springframework.boot.SpringApplication.run(SpringApplication.java:330)
	at org.springframework.boot.SpringApplication.run(SpringApplication.java:1258)
	at org.springframework.boot.SpringApplication.run(SpringApplication.java:1246)
	at ru.vachok.networker.IntoApplication.&lt;clinit&gt;(IntoApplication.java:52)
	... 25 more
Caused by: org.springframework.boot.web.server.WebServerException: Unable to start embedded Tomcat
	at org.springframework.boot.web.embedded.tomcat.TomcatWebServer.initialize(TomcatWebServer.java:126)
	at org.springframework.boot.web.embedded.tomcat.TomcatWebServer.&lt;init&gt;(TomcatWebServer.java:86)
	at org.springframework.boot.web.embedded.tomcat.TomcatServletWebServerFactory.getTomcatWebServer(TomcatServletWebServerFactory.java:413)
	at org.springframework.boot.web.embedded.tomcat.TomcatServletWebServerFactory.getWebServer(TomcatServletWebServerFactory.java:174)
	at org.springframework.boot.web.servlet.context.ServletWebServerApplicationContext.createWebServer(ServletWebServerApplicationContext.java:179)
	at org.springframework.boot.web.servlet.context.ServletWebServerApplicationContext.onRefresh(ServletWebServerApplicationContext.java:152)
	... 33 more
Caused by: org.apache.catalina.LifecycleException: Failed to start component [StandardServer[-1]]
	at org.apache.catalina.util.LifecycleBase.start(LifecycleBase.java:167)
	at org.apache.catalina.startup.Tomcat.start(Tomcat.java:367)
	at org.springframework.boot.web.embedded.tomcat.TomcatWebServer.initialize(TomcatWebServer.java:107)
	... 38 more
Caused by: org.apache.catalina.LifecycleException: Failed to start component [StandardService[Tomcat]]
	at org.apache.catalina.util.LifecycleBase.start(LifecycleBase.java:167)
	at org.apache.catalina.core.StandardServer.startInternal(StandardServer.java:793)
	at org.apache.catalina.util.LifecycleBase.start(LifecycleBase.java:150)
	... 40 more
Caused by: org.apache.catalina.LifecycleException: Failed to start component [StandardEngine[Tomcat]]
	at org.apache.catalina.util.LifecycleBase.start(LifecycleBase.java:167)
	at org.apache.catalina.core.StandardService.startInternal(StandardService.java:422)
	at org.apache.catalina.util.LifecycleBase.start(LifecycleBase.java:150)
	... 42 more
Caused by: org.apache.catalina.LifecycleException: A child container failed during start
	at org.apache.catalina.core.ContainerBase.startInternal(ContainerBase.java:949)
	at org.apache.catalina.core.StandardEngine.startInternal(StandardEngine.java:262)
	at org.apache.catalina.util.LifecycleBase.start(LifecycleBase.java:150)
	... 44 more
... Removed 24 stack frames</pre>
            </div>
            <a href='#' onClick='toggleBox("stack-trace41792607", this, "Click to show all stack frames", "Click to hide stack frames")'>Click to show all stack frames</a>
            <div class='stack-trace' id='stack-trace41792607'><pre>java.lang.ExceptionInInitializerError
	at ru.vachok.networker.IntoApplicationTest.setUp(IntoApplicationTest.java:29)
	at java.base/jdk.internal.reflect.NativeMethodAccessorImpl.invoke0(Native Method)
	at java.base/jdk.internal.reflect.NativeMethodAccessorImpl.invoke(NativeMethodAccessorImpl.java:62)
	at java.base/jdk.internal.reflect.DelegatingMethodAccessorImpl.invoke(DelegatingMethodAccessorImpl.java:43)
	at java.base/java.lang.reflect.Method.invoke(Method.java:567)
	at org.testng.internal.MethodInvocationHelper.invokeMethod(MethodInvocationHelper.java:131)
	at org.testng.internal.MethodInvocationHelper.invokeMethodConsideringTimeout(MethodInvocationHelper.java:61)
	at org.testng.internal.ConfigInvoker.invokeConfigurationMethod(ConfigInvoker.java:340)
	at org.testng.internal.ConfigInvoker.invokeConfigurations(ConfigInvoker.java:294)
	at org.testng.internal.TestMethodWorker.invokeBeforeClassMethods(TestMethodWorker.java:176)
	at org.testng.internal.TestMethodWorker.run(TestMethodWorker.java:122)
	at org.testng.TestRunner.privateRun(TestRunner.java:763)
	at org.testng.TestRunner.run(TestRunner.java:594)
	at org.testng.SuiteRunner.runTest(SuiteRunner.java:398)
	at org.testng.SuiteRunner.runSequentially(SuiteRunner.java:392)
	at org.testng.SuiteRunner.privateRun(SuiteRunner.java:355)
	at org.testng.SuiteRunner.run(SuiteRunner.java:304)
	at org.testng.SuiteRunnerWorker.runSuite(SuiteRunnerWorker.java:53)
	at org.testng.SuiteRunnerWorker.run(SuiteRunnerWorker.java:96)
	at org.testng.TestNG.runSuitesSequentially(TestNG.java:1146)
	at org.testng.TestNG.runSuitesLocally(TestNG.java:1067)
	at org.testng.TestNG.runSuites(TestNG.java:997)
	at org.testng.TestNG.run(TestNG.java:965)
	at org.testng.IDEARemoteTestNG.run(IDEARemoteTestNG.java:73)
	at org.testng.RemoteTestNGStarter.main(RemoteTestNGStarter.java:123)
Caused by: org.springframework.context.ApplicationContextException: Unable to start web server; nested exception is org.springframework.boot.web.server.WebServerException: Unable to start embedded Tomcat
	at org.springframework.boot.web.servlet.context.ServletWebServerApplicationContext.onRefresh(ServletWebServerApplicationContext.java:155)
	at org.springframework.context.support.AbstractApplicationContext.refresh(AbstractApplicationContext.java:544)
	at org.springframework.boot.web.servlet.context.ServletWebServerApplicationContext.refresh(ServletWebServerApplicationContext.java:140)
	at org.springframework.boot.SpringApplication.refresh(SpringApplication.java:762)
	at org.springframework.boot.SpringApplication.refreshContext(SpringApplication.java:398)
	at org.springframework.boot.SpringApplication.run(SpringApplication.java:330)
	at org.springframework.boot.SpringApplication.run(SpringApplication.java:1258)
	at org.springframework.boot.SpringApplication.run(SpringApplication.java:1246)
	at ru.vachok.networker.IntoApplication.&lt;clinit&gt;(IntoApplication.java:52)
	... 25 more
Caused by: org.springframework.boot.web.server.WebServerException: Unable to start embedded Tomcat
	at org.springframework.boot.web.embedded.tomcat.TomcatWebServer.initialize(TomcatWebServer.java:126)
	at org.springframework.boot.web.embedded.tomcat.TomcatWebServer.&lt;init&gt;(TomcatWebServer.java:86)
	at org.springframework.boot.web.embedded.tomcat.TomcatServletWebServerFactory.getTomcatWebServer(TomcatServletWebServerFactory.java:413)
	at org.springframework.boot.web.embedded.tomcat.TomcatServletWebServerFactory.getWebServer(TomcatServletWebServerFactory.java:174)
	at org.springframework.boot.web.servlet.context.ServletWebServerApplicationContext.createWebServer(ServletWebServerApplicationContext.java:179)
	at org.springframework.boot.web.servlet.context.ServletWebServerApplicationContext.onRefresh(ServletWebServerApplicationContext.java:152)
	... 33 more
Caused by: org.apache.catalina.LifecycleException: Failed to start component [StandardServer[-1]]
	at org.apache.catalina.util.LifecycleBase.start(LifecycleBase.java:167)
	at org.apache.catalina.startup.Tomcat.start(Tomcat.java:367)
	at org.springframework.boot.web.embedded.tomcat.TomcatWebServer.initialize(TomcatWebServer.java:107)
	... 38 more
Caused by: org.apache.catalina.LifecycleException: Failed to start component [StandardService[Tomcat]]
	at org.apache.catalina.util.LifecycleBase.start(LifecycleBase.java:167)
	at org.apache.catalina.core.StandardServer.startInternal(StandardServer.java:793)
	at org.apache.catalina.util.LifecycleBase.start(LifecycleBase.java:150)
	... 40 more
Caused by: org.apache.catalina.LifecycleException: Failed to start component [StandardEngine[Tomcat]]
	at org.apache.catalina.util.LifecycleBase.start(LifecycleBase.java:167)
	at org.apache.catalina.core.StandardService.startInternal(StandardService.java:422)
	at org.apache.catalina.util.LifecycleBase.start(LifecycleBase.java:150)
	... 42 more
Caused by: org.apache.catalina.LifecycleException: A child container failed during start
	at org.apache.catalina.core.ContainerBase.startInternal(ContainerBase.java:949)
	at org.apache.catalina.core.StandardEngine.startInternal(StandardEngine.java:262)
	at org.apache.catalina.util.LifecycleBase.start(LifecycleBase.java:150)
	... 44 more
</pre>
            </div>
        </td>
        <td>0</td>
        <td>ru.vachok.networker.IntoApplicationTest@11a00961</td>
    </tr>
    <tr>
        <td title='ru.vachok.networker.IntoApplicationTest.testReloadConfigurableApplicationContext()'><b>testReloadConfigurableApplicationContext</b><br>Test class:
            ru.vachok.networker.IntoApplicationTest
        </td>
        <td>
            <div><pre>java.lang.ExceptionInInitializerError
	at ru.vachok.networker.IntoApplicationTest.setUp(IntoApplicationTest.java:29)
Caused by: org.springframework.context.ApplicationContextException: Unable to start web server; nested exception is org.springframework.boot.web.server.WebServerException: Unable to start embedded Tomcat
	at org.springframework.boot.web.servlet.context.ServletWebServerApplicationContext.onRefresh(ServletWebServerApplicationContext.java:155)
	at org.springframework.context.support.AbstractApplicationContext.refresh(AbstractApplicationContext.java:544)
	at org.springframework.boot.web.servlet.context.ServletWebServerApplicationContext.refresh(ServletWebServerApplicationContext.java:140)
	at org.springframework.boot.SpringApplication.refresh(SpringApplication.java:762)
	at org.springframework.boot.SpringApplication.refreshContext(SpringApplication.java:398)
	at org.springframework.boot.SpringApplication.run(SpringApplication.java:330)
	at org.springframework.boot.SpringApplication.run(SpringApplication.java:1258)
	at org.springframework.boot.SpringApplication.run(SpringApplication.java:1246)
	at ru.vachok.networker.IntoApplication.&lt;clinit&gt;(IntoApplication.java:52)
	... 25 more
Caused by: org.springframework.boot.web.server.WebServerException: Unable to start embedded Tomcat
	at org.springframework.boot.web.embedded.tomcat.TomcatWebServer.initialize(TomcatWebServer.java:126)
	at org.springframework.boot.web.embedded.tomcat.TomcatWebServer.&lt;init&gt;(TomcatWebServer.java:86)
	at org.springframework.boot.web.embedded.tomcat.TomcatServletWebServerFactory.getTomcatWebServer(TomcatServletWebServerFactory.java:413)
	at org.springframework.boot.web.embedded.tomcat.TomcatServletWebServerFactory.getWebServer(TomcatServletWebServerFactory.java:174)
	at org.springframework.boot.web.servlet.context.ServletWebServerApplicationContext.createWebServer(ServletWebServerApplicationContext.java:179)
	at org.springframework.boot.web.servlet.context.ServletWebServerApplicationContext.onRefresh(ServletWebServerApplicationContext.java:152)
	... 33 more
Caused by: org.apache.catalina.LifecycleException: Failed to start component [StandardServer[-1]]
	at org.apache.catalina.util.LifecycleBase.start(LifecycleBase.java:167)
	at org.apache.catalina.startup.Tomcat.start(Tomcat.java:367)
	at org.springframework.boot.web.embedded.tomcat.TomcatWebServer.initialize(TomcatWebServer.java:107)
	... 38 more
Caused by: org.apache.catalina.LifecycleException: Failed to start component [StandardService[Tomcat]]
	at org.apache.catalina.util.LifecycleBase.start(LifecycleBase.java:167)
	at org.apache.catalina.core.StandardServer.startInternal(StandardServer.java:793)
	at org.apache.catalina.util.LifecycleBase.start(LifecycleBase.java:150)
	... 40 more
Caused by: org.apache.catalina.LifecycleException: Failed to start component [StandardEngine[Tomcat]]
	at org.apache.catalina.util.LifecycleBase.start(LifecycleBase.java:167)
	at org.apache.catalina.core.StandardService.startInternal(StandardService.java:422)
	at org.apache.catalina.util.LifecycleBase.start(LifecycleBase.java:150)
	... 42 more
Caused by: org.apache.catalina.LifecycleException: A child container failed during start
	at org.apache.catalina.core.ContainerBase.startInternal(ContainerBase.java:949)
	at org.apache.catalina.core.StandardEngine.startInternal(StandardEngine.java:262)
	at org.apache.catalina.util.LifecycleBase.start(LifecycleBase.java:150)
	... 44 more
... Removed 24 stack frames</pre>
            </div>
            <a href='#' onClick='toggleBox("stack-trace1858328804", this, "Click to show all stack frames", "Click to hide stack frames")'>Click to show all stack frames</a>
            <div class='stack-trace' id='stack-trace1858328804'><pre>java.lang.ExceptionInInitializerError
	at ru.vachok.networker.IntoApplicationTest.setUp(IntoApplicationTest.java:29)
	at java.base/jdk.internal.reflect.NativeMethodAccessorImpl.invoke0(Native Method)
	at java.base/jdk.internal.reflect.NativeMethodAccessorImpl.invoke(NativeMethodAccessorImpl.java:62)
	at java.base/jdk.internal.reflect.DelegatingMethodAccessorImpl.invoke(DelegatingMethodAccessorImpl.java:43)
	at java.base/java.lang.reflect.Method.invoke(Method.java:567)
	at org.testng.internal.MethodInvocationHelper.invokeMethod(MethodInvocationHelper.java:131)
	at org.testng.internal.MethodInvocationHelper.invokeMethodConsideringTimeout(MethodInvocationHelper.java:61)
	at org.testng.internal.ConfigInvoker.invokeConfigurationMethod(ConfigInvoker.java:340)
	at org.testng.internal.ConfigInvoker.invokeConfigurations(ConfigInvoker.java:294)
	at org.testng.internal.TestMethodWorker.invokeBeforeClassMethods(TestMethodWorker.java:176)
	at org.testng.internal.TestMethodWorker.run(TestMethodWorker.java:122)
	at org.testng.TestRunner.privateRun(TestRunner.java:763)
	at org.testng.TestRunner.run(TestRunner.java:594)
	at org.testng.SuiteRunner.runTest(SuiteRunner.java:398)
	at org.testng.SuiteRunner.runSequentially(SuiteRunner.java:392)
	at org.testng.SuiteRunner.privateRun(SuiteRunner.java:355)
	at org.testng.SuiteRunner.run(SuiteRunner.java:304)
	at org.testng.SuiteRunnerWorker.runSuite(SuiteRunnerWorker.java:53)
	at org.testng.SuiteRunnerWorker.run(SuiteRunnerWorker.java:96)
	at org.testng.TestNG.runSuitesSequentially(TestNG.java:1146)
	at org.testng.TestNG.runSuitesLocally(TestNG.java:1067)
	at org.testng.TestNG.runSuites(TestNG.java:997)
	at org.testng.TestNG.run(TestNG.java:965)
	at org.testng.IDEARemoteTestNG.run(IDEARemoteTestNG.java:73)
	at org.testng.RemoteTestNGStarter.main(RemoteTestNGStarter.java:123)
Caused by: org.springframework.context.ApplicationContextException: Unable to start web server; nested exception is org.springframework.boot.web.server.WebServerException: Unable to start embedded Tomcat
	at org.springframework.boot.web.servlet.context.ServletWebServerApplicationContext.onRefresh(ServletWebServerApplicationContext.java:155)
	at org.springframework.context.support.AbstractApplicationContext.refresh(AbstractApplicationContext.java:544)
	at org.springframework.boot.web.servlet.context.ServletWebServerApplicationContext.refresh(ServletWebServerApplicationContext.java:140)
	at org.springframework.boot.SpringApplication.refresh(SpringApplication.java:762)
	at org.springframework.boot.SpringApplication.refreshContext(SpringApplication.java:398)
	at org.springframework.boot.SpringApplication.run(SpringApplication.java:330)
	at org.springframework.boot.SpringApplication.run(SpringApplication.java:1258)
	at org.springframework.boot.SpringApplication.run(SpringApplication.java:1246)
	at ru.vachok.networker.IntoApplication.&lt;clinit&gt;(IntoApplication.java:52)
	... 25 more
Caused by: org.springframework.boot.web.server.WebServerException: Unable to start embedded Tomcat
	at org.springframework.boot.web.embedded.tomcat.TomcatWebServer.initialize(TomcatWebServer.java:126)
	at org.springframework.boot.web.embedded.tomcat.TomcatWebServer.&lt;init&gt;(TomcatWebServer.java:86)
	at org.springframework.boot.web.embedded.tomcat.TomcatServletWebServerFactory.getTomcatWebServer(TomcatServletWebServerFactory.java:413)
	at org.springframework.boot.web.embedded.tomcat.TomcatServletWebServerFactory.getWebServer(TomcatServletWebServerFactory.java:174)
	at org.springframework.boot.web.servlet.context.ServletWebServerApplicationContext.createWebServer(ServletWebServerApplicationContext.java:179)
	at org.springframework.boot.web.servlet.context.ServletWebServerApplicationContext.onRefresh(ServletWebServerApplicationContext.java:152)
	... 33 more
Caused by: org.apache.catalina.LifecycleException: Failed to start component [StandardServer[-1]]
	at org.apache.catalina.util.LifecycleBase.start(LifecycleBase.java:167)
	at org.apache.catalina.startup.Tomcat.start(Tomcat.java:367)
	at org.springframework.boot.web.embedded.tomcat.TomcatWebServer.initialize(TomcatWebServer.java:107)
	... 38 more
Caused by: org.apache.catalina.LifecycleException: Failed to start component [StandardService[Tomcat]]
	at org.apache.catalina.util.LifecycleBase.start(LifecycleBase.java:167)
	at org.apache.catalina.core.StandardServer.startInternal(StandardServer.java:793)
	at org.apache.catalina.util.LifecycleBase.start(LifecycleBase.java:150)
	... 40 more
Caused by: org.apache.catalina.LifecycleException: Failed to start component [StandardEngine[Tomcat]]
	at org.apache.catalina.util.LifecycleBase.start(LifecycleBase.java:167)
	at org.apache.catalina.core.StandardService.startInternal(StandardService.java:422)
	at org.apache.catalina.util.LifecycleBase.start(LifecycleBase.java:150)
	... 42 more
Caused by: org.apache.catalina.LifecycleException: A child container failed during start
	at org.apache.catalina.core.ContainerBase.startInternal(ContainerBase.java:949)
	at org.apache.catalina.core.StandardEngine.startInternal(StandardEngine.java:262)
	at org.apache.catalina.util.LifecycleBase.start(LifecycleBase.java:150)
	... 44 more
</pre>
            </div>
        </td>
        <td>0</td>
        <td>ru.vachok.networker.IntoApplicationTest@11a00961</td>
    </tr>
</table><p>
</body>
</html>