<?xml version="1.0" encoding="UTF-8"?>
<!-- Copyright (c) all rights. http://networker.vachok.ru 2019. -->

<!-- Generated by org.testng.reporters.JUnitXMLReporter -->
<testsuite ignored="19" hostname="HOME" failures="15" tests="306" name="networker" time="143.115" errors="0" timestamp="2019-08-15T15:47:00 MSK">
    <testcase classname="ru.vachok.networker.IntoApplicationTest" name="@BeforeClass setUp" time="4.705">
        <failure type="java.lang.ExceptionInInitializerError">
            <![CDATA[java.lang.ExceptionInInitializerError
at ru.vachok.networker.IntoApplicationTest.setUp(IntoApplicationTest.java:29)
Caused by: org.springframework.context.ApplicationContextException: Unable to start web server; nested exception is org.springframework.boot.web.server.WebServerException: Unable to start embedded Tomcat
at org.springframework.boot.web.servlet.context.ServletWebServerApplicationContext.onRefresh(ServletWebServerApplicationContext.java:155)
at org.springframework.context.support.AbstractApplicationContext.refresh(AbstractApplicationContext.java:544)
at org.springframework.boot.web.servlet.context.ServletWebServerApplicationContext.refresh(ServletWebServerApplicationContext.java:140)
at org.springframework.boot.SpringApplication.refresh(SpringApplication.java:762)
at org.springframework.boot.SpringApplication.refreshContext(SpringApplication.java:398)
at org.springframework.boot.SpringApplication.run(SpringApplication.java:330)
at org.springframework.boot.SpringApplication.run(SpringApplication.java:1258)
at org.springframework.boot.SpringApplication.run(SpringApplication.java:1246)
at ru.vachok.networker.IntoApplication.<clinit>(IntoApplication.java:52)
... 25 more
Caused by: org.springframework.boot.web.server.WebServerException: Unable to start embedded Tomcat
at org.springframework.boot.web.embedded.tomcat.TomcatWebServer.initialize(TomcatWebServer.java:126)
at org.springframework.boot.web.embedded.tomcat.TomcatWebServer.<init>(TomcatWebServer.java:86)
at org.springframework.boot.web.embedded.tomcat.TomcatServletWebServerFactory.getTomcatWebServer(TomcatServletWebServerFactory.java:413)
at org.springframework.boot.web.embedded.tomcat.TomcatServletWebServerFactory.getWebServer(TomcatServletWebServerFactory.java:174)
at org.springframework.boot.web.servlet.context.ServletWebServerApplicationContext.createWebServer(ServletWebServerApplicationContext.java:179)
at org.springframework.boot.web.servlet.context.ServletWebServerApplicationContext.onRefresh(ServletWebServerApplicationContext.java:152)
... 33 more
Caused by: org.apache.catalina.LifecycleException: Failed to start component [StandardServer[-1]]
at org.apache.catalina.util.LifecycleBase.start(LifecycleBase.java:167)
at org.apache.catalina.startup.Tomcat.start(Tomcat.java:367)
at org.springframework.boot.web.embedded.tomcat.TomcatWebServer.initialize(TomcatWebServer.java:107)
... 38 more
Caused by: org.apache.catalina.LifecycleException: Failed to start component [StandardService[Tomcat]]
at org.apache.catalina.util.LifecycleBase.start(LifecycleBase.java:167)
at org.apache.catalina.core.StandardServer.startInternal(StandardServer.java:793)
at org.apache.catalina.util.LifecycleBase.start(LifecycleBase.java:150)
... 40 more
Caused by: org.apache.catalina.LifecycleException: Failed to start component [StandardEngine[Tomcat]]
at org.apache.catalina.util.LifecycleBase.start(LifecycleBase.java:167)
at org.apache.catalina.core.StandardService.startInternal(StandardService.java:422)
at org.apache.catalina.util.LifecycleBase.start(LifecycleBase.java:150)
... 42 more
Caused by: org.apache.catalina.LifecycleException: A child container failed during start
at org.apache.catalina.core.ContainerBase.startInternal(ContainerBase.java:949)
at org.apache.catalina.core.StandardEngine.startInternal(StandardEngine.java:262)
at org.apache.catalina.util.LifecycleBase.start(LifecycleBase.java:150)
... 44 more
... Removed 24 stack frames]]>
        </failure>
    </testcase> <!-- @BeforeClass setUp -->
    <testcase classname="ru.vachok.networker.IntoApplicationTest" name="@AfterClass tearDown" time="-1.565873108778E9">
        <skipped/>
    </testcase> <!-- @AfterClass tearDown -->
    <testcase classname="ru.vachok.networker.AbstractNetworkerFactoryTest" name="getSSHFactoryOverAbsFactory" time="0.947"/>
    <testcase classname="ru.vachok.networker.AbstractNetworkerFactoryTest" name="testCreateNetMonitorFactory" time="0.091"/>
    <testcase classname="ru.vachok.networker.AbstractNetworkerFactoryTest" name="testCreateSSHFactory" time="0.004"/>
    <testcase classname="ru.vachok.networker.AbstractNetworkerFactoryTest" name="testGetSSHFactory" time="0.56"/>
    <testcase classname="ru.vachok.networker.AbstractNetworkerFactoryTest" name="testNetScanServiceFactory" time="0.001"/>
    <testcase classname="ru.vachok.networker.AppComponentsTest" name="testAdSrv" time="0.002"/>
    <testcase classname="ru.vachok.networker.AppComponentsTest" name="testConnection" time="0.085"/>
    <testcase classname="ru.vachok.networker.AppComponentsTest" name="testDiapazonedScanInfo" time="0.023"/>
    <testcase classname="ru.vachok.networker.AppComponentsTest" name="testGetMailProps" time="0.0"/>
  <testcase classname="ru.vachok.networker.AppComponentsTest" name="testGetPFLists" time="0.001"/>
    <testcase classname="ru.vachok.networker.AppComponentsTest" name="testGetProps" time="0.001"/>
    <testcase classname="ru.vachok.networker.AppComponentsTest" name="testGetUserPref" time="0.007"/>
    <testcase classname="ru.vachok.networker.AppComponentsTest" name="testGetUserResolver" time="18.23">
    <failure type="java.lang.AssertionError" message="did not expect to find [true] but found [false]">
        <![CDATA[java.lang.AssertionError: did not expect to find [true] but found [false]
at ru.vachok.networker.AppComponentsTest.testGetUserResolver(AppComponentsTest.java:238)
... Removed 30 stack frames]]>
    </failure>
  </testcase> <!-- testGetUserResolver -->
    <testcase classname="ru.vachok.networker.AppComponentsTest" name="testIpFlushDNS" time="0.035"/>
    <testcase classname="ru.vachok.networker.AppComponentsTest" name="testLaunchRegRuFTPLibsUploader" time="0.064"/>
    <testcase classname="ru.vachok.networker.AppComponentsTest" name="testNetScannerSvc" time="0.031"/>
    <testcase classname="ru.vachok.networker.AppComponentsTest" name="testScanOnline" time="0.041"/>
    <testcase classname="ru.vachok.networker.AppComponentsTest" name="testSimpleCalculator" time="0.005"/>
    <testcase classname="ru.vachok.networker.AppComponentsTest" name="testSshActs" time="0.008"/>
    <testcase classname="ru.vachok.networker.AppComponentsTest" name="testTemporaryFullInternet" time="0.012"/>
  <testcase classname="ru.vachok.networker.AppComponentsTest" name="testTestToString" time="0.001"/>
    <testcase classname="ru.vachok.networker.AppComponentsTest" name="testThreadConfig" time="0.004"/>
    <testcase classname="ru.vachok.networker.AppComponentsTest" name="testVersionInfo" time="0.037"/>
  <testcase classname="ru.vachok.networker.AppComponentsTest" name="testVisitor" time="0.001"/>
    <testcase classname="ru.vachok.networker.AppInfoOnLoadTest" name="onePCMonStart" time="0.001">
        <failure type="java.lang.AssertionError" message="did not expect to find [false] but found [true]">
            <![CDATA[java.lang.AssertionError: did not expect to find [false] but found [true]
at ru.vachok.networker.AppInfoOnLoadTest.onePCMonStart(AppInfoOnLoadTest.java:110)
... Removed 30 stack frames]]>
        </failure>
    </testcase> <!-- onePCMonStart -->
    <testcase classname="ru.vachok.networker.AppInfoOnLoadTest" name="providerSet" time="0.006"/>
    <testcase classname="ru.vachok.networker.AppInfoOnLoadTest" name="realRun" time="6.118"/>
    <testcase classname="ru.vachok.networker.AppInfoOnLoadTest" name="testGetBuildStamp" time="0.163"/>
  <testcase classname="ru.vachok.networker.AppInfoOnLoadTest" name="testGetIISLogSize" time="0.003"/>
    <testcase classname="ru.vachok.networker.AppInfoOnLoadTest" name="testGetThisDelay" time="0.021"/>
    <testcase classname="ru.vachok.networker.AppInfoOnLoadTest" name="testToString1" time="0.0"/>
  <testcase classname="ru.vachok.networker.ExitAppTest" name="testGetVisitsMap" time="0.001"/>
  <testcase classname="ru.vachok.networker.ExitAppTest" name="testTestToString" time="0.001"/>
    <testcase classname="ru.vachok.networker.ExitAppTest" name="testWriteOwnObject" time="0.02"/>
    <testcase classname="ru.vachok.networker.IntoApplicationTest" name="testBeforeSt" time="0.0">
        <skipped/>
    </testcase> <!-- testBeforeSt -->
    <testcase classname="ru.vachok.networker.IntoApplicationTest" name="testMain" time="0.0">
        <skipped/>
    </testcase> <!-- testMain -->
    <testcase classname="ru.vachok.networker.IntoApplicationTest" name="testReloadConfigurableApplicationContext" time="0.0">
        <skipped/>
    </testcase> <!-- testReloadConfigurableApplicationContext -->
    <testcase classname="ru.vachok.networker.SSHFactoryTest" name="testCall" time="0.6"/>
    <testcase classname="ru.vachok.networker.SSHFactoryTest" name="testDirectCall" time="0.873"/>
  <testcase classname="ru.vachok.networker.SSHFactoryTest" name="testTestToString" time="0.0"/>
    <testcase classname="ru.vachok.networker.UsefulUtilitiesTest" name="testGetAtomicTime" time="0.283"/>
  <testcase classname="ru.vachok.networker.UsefulUtilitiesTest" name="testGetDelay" time="0.001"/>
    <testcase classname="ru.vachok.networker.UsefulUtilitiesTest" name="testGetDeleteTrashPatterns" time="0.001"/>
    <testcase classname="ru.vachok.networker.UsefulUtilitiesTest" name="testGetHTMLCenterRed" time="0.0">
        <failure type="java.lang.AssertionError"
                 message="&amp;lt;center&amp;gt;&amp;lt;font color=&amp;quot;test&amp;quot;&amp;gt;red&amp;lt;/font&amp;gt;&amp;lt;/center&amp;gt; did not expect to find [true] but found [false]">
            <![CDATA[java.lang.AssertionError: <center><font color="test">red</font></center> did not expect to find [true] but found [false]
at ru.vachok.networker.UsefulUtilitiesTest.testGetHTMLCenterRed(UsefulUtilitiesTest.java:107)
... Removed 29 stack frames]]>
        </failure>
    </testcase> <!-- testGetHTMLCenterRed -->
  <testcase classname="ru.vachok.networker.UsefulUtilitiesTest" name="testGetMailRules" time="0.0"/>
    <testcase classname="ru.vachok.networker.UsefulUtilitiesTest" name="testGetMyTime" time="0.001"/>
  <testcase classname="ru.vachok.networker.UsefulUtilitiesTest" name="testGetStringsVisit" time="0.0"/>
    <testcase classname="ru.vachok.networker.UsefulUtilitiesTest" name="testGetUpTime" time="0.0"/>
  <testcase classname="ru.vachok.networker.UsefulUtilitiesTest" name="testGetVis" time="0.001"/>
    <testcase classname="ru.vachok.networker.UsefulUtilitiesTest" name="testIpFlushDNS" time="0.062"/>
    <testcase classname="ru.vachok.networker.UsefulUtilitiesTest" name="testIsPingOK" time="0.16">
        <failure type="java.lang.AssertionError" message="did not expect to find [true] but found [false]">
            <![CDATA[java.lang.AssertionError: did not expect to find [true] but found [false]
at ru.vachok.networker.UsefulUtilitiesTest.testIsPingOK(UsefulUtilitiesTest.java:53)
... Removed 30 stack frames]]>
        </failure>
    </testcase> <!-- testIsPingOK -->
  <testcase classname="ru.vachok.networker.UsefulUtilitiesTest" name="testThisPC" time="0.0"/>
  <testcase classname="ru.vachok.networker.abstr.NetKeeperTest" name="testGetAllDevices" time="0.0"/>
  <testcase classname="ru.vachok.networker.abstr.NetKeeperTest" name="testGetCurrentScanFiles" time="0.001"/>
    <testcase classname="ru.vachok.networker.abstr.NetKeeperTest" name="testGetCurrentScanLists" time="0.002"/>
  <testcase classname="ru.vachok.networker.abstr.NetKeeperTest" name="testGetKudrWorkTime" time="0.001">
    <failure type="java.lang.AssertionError" message="did not expect to find [true] but found [false]">
      <![CDATA[java.lang.AssertionError: did not expect to find [true] but found [false]
at ru.vachok.networker.abstr.NetKeeperTest.testGetKudrWorkTime(NetKeeperTest.java:72)
... Removed 30 stack frames]]>
    </failure>
  </testcase> <!-- testGetKudrWorkTime -->
    <testcase classname="ru.vachok.networker.abstr.NetKeeperTest" name="testGetNetworkPCs" time="0.001"/>
    <testcase classname="ru.vachok.networker.abstr.NetKeeperTest" name="testGetOnePcMonitor" time="0.0"/>
  <testcase classname="ru.vachok.networker.abstr.NetKeeperTest" name="testGetScanFiles" time="0.0"/>
    <testcase classname="ru.vachok.networker.abstr.NetKeeperTest" name="testMakeFilesMap" time="0.011"/>
  <testcase classname="ru.vachok.networker.accesscontrol.MatrixSRVTest" name="testSearchAccessPrincipals" time="0.038"/>
    <testcase classname="ru.vachok.networker.ssh.PfListsTest" name="testTestToString" time="0.0"/>
    <testcase classname="ru.vachok.networker.ad.common.CommonCTRLTest" name="testCommonGET" time="0.008"/>
    <testcase classname="ru.vachok.networker.ad.common.CommonCTRLTest" name="testCommonSearch" time="0.123"/>
    <testcase classname="ru.vachok.networker.ad.common.CommonSRVTest" name="testReStoreDir" time="2.961"/>
    <testcase classname="ru.vachok.networker.ad.common.CommonSRVTest" name="testSearchByPat" time="3.514"/>
    <testcase classname="ru.vachok.networker.ad.common.OldBigFilesInfoCollectorTest" name="testCall" time="0.003"/>
    <testcase classname="ru.vachok.networker.ad.common.OldBigFilesInfoCollectorTest" name="testGetDate" time="0.001"/>
    <testcase classname="ru.vachok.networker.ad.common.OldBigFilesInfoCollectorTest" name="testGetStartPath" time="0.0"/>
    <testcase classname="ru.vachok.networker.ad.common.OldBigFilesInfoCollectorTest" name="testSetDate" time="0.001"/>
    <testcase classname="ru.vachok.networker.ad.common.OldBigFilesInfoCollectorTest" name="testTestToString" time="0.001"/>
    <testcase classname="ru.vachok.networker.ad.usermanagement.ConcreteFolderACLWriterTest" name="testRun" time="0.944">
    <failure type="java.lang.AssertionError" message="\\srv-fs\it$$\ХЛАМ\owner_users.txt (Отказано в доступе) did not expect to find [true] but found [false]">
        <![CDATA[java.lang.AssertionError: \\srv-fs\it$$\ХЛАМ\owner_users.txt (Отказано в доступе) did not expect to find [true] but found [false]
at ru.vachok.networker.ad.usermanagement.ConcreteFolderACLWriterTest.testRun(ConcreteFolderACLWriterTest.java:41)
... Removed 29 stack frames]]>
    </failure>
  </testcase> <!-- testRun -->
    <testcase classname="ru.vachok.networker.ad.usermanagement.ConcreteFolderACLWriterTest" name="testToString1" time="0.001"/>
    <testcase classname="ru.vachok.networker.ad.usermanagement.ConcreteFolderACLWriterTest" name="testWriteACLs" time="1.13"/>
    <testcase classname="ru.vachok.networker.ad.usermanagement.RightsCheckerTest" name="runChecker" time="7.809"/>
    <testcase classname="ru.vachok.networker.info.inetstats.PCInetTest" name="testGetUsage" time="6.913"/>
    <testcase classname="ru.vachok.networker.info.inetstats.PCInetTest" name="testShowLog" time="6.686"/>
    <testcase classname="ru.vachok.networker.ssh.SshActsTest" name="testAllowDomainAdd" time="0.676"/>
    <testcase classname="ru.vachok.networker.ssh.SshActsTest" name="testAllowDomainDel" time="0.716"/>
    <testcase classname="ru.vachok.networker.ssh.SshActsTest" name="testWhatSrvNeed" time="0.001"/>
    <testcase classname="ru.vachok.networker.ssh.TemporaryFullInternetTest" name="testRunAdd" time="0.033">
    <failure type="java.lang.AssertionError" message="null
FutureTask.java: java.base/java.util.concurrent.FutureTask.get(FutureTask.java:204)
TemporaryFullInternetTest.java: ru.vachok.networker.ssh.TemporaryFullInternetTest.testRunAdd(TemporaryFullInternetTest.java:61)
NativeMethodAccessorImpl.java: java.base/jdk.internal.reflect.NativeMethodAccessorImpl.invoke0(Native Method)
NativeMethodAccessorImpl.java: java.base/jdk.internal.reflect.NativeMethodAccessorImpl.invoke(NativeMethodAccessorImpl.java:62)
DelegatingMethodAccessorImpl.java: java.base/jdk.internal.reflect.DelegatingMethodAccessorImpl.invoke(DelegatingMethodAccessorImpl.java:43)
Method.java: java.base/java.lang.reflect.Method.invoke(Method.java:567)
MethodInvocationHelper.java: org.testng.internal.MethodInvocationHelper.invokeMethod(MethodInvocationHelper.java:131)
TestInvoker.java: org.testng.internal.TestInvoker.invokeMethod(TestInvoker.java:570)
TestInvoker.java: org.testng.internal.TestInvoker.invokeTestMethod(TestInvoker.java:170)
MethodRunner.java: org.testng.internal.MethodRunner.runInSequence(MethodRunner.java:46)
TestInvoker.java: org.testng.internal.TestInvoker$MethodInvocationAgent.invoke(TestInvoker.java:790)
TestInvoker.java: org.testng.internal.TestInvoker.invokeTestMethods(TestInvoker.java:143)
TestMethodWorker.java: org.testng.internal.TestMethodWorker.invokeTestMethods(TestMethodWorker.java:146)
TestMethodWorker.java: org.testng.internal.TestMethodWorker.run(TestMethodWorker.java:128)
TestRunner.java: org.testng.TestRunner.privateRun(TestRunner.java:763)
TestRunner.java: org.testng.TestRunner.run(TestRunner.java:594)
SuiteRunner.java: org.testng.SuiteRunner.runTest(SuiteRunner.java:398)
SuiteRunner.java: org.testng.SuiteRunner.runSequentially(SuiteRunner.java:392)
SuiteRunner.java: org.testng.SuiteRunner.privateRun(SuiteRunner.java:355)
SuiteRunner.java: org.testng.SuiteRunner.run(SuiteRunner.java:304)
SuiteRunnerWorker.java: org.testng.SuiteRunnerWorker.runSuite(SuiteRunnerWorker.java:53)
SuiteRunnerWorker.java: org.testng.SuiteRunnerWorker.run(SuiteRunnerWorker.java:96)
TestNG.java: org.testng.TestNG.runSuitesSequentially(TestNG.java:1146)
TestNG.java: org.testng.TestNG.runSuitesLocally(TestNG.java:1067)
TestNG.java: org.testng.TestNG.runSuites(TestNG.java:997)
TestNG.java: org.testng.TestNG.run(TestNG.java:965)
IDEARemoteTestNG.java: org.testng.IDEARemoteTestNG.run(IDEARemoteTestNG.java:73)
RemoteTestNGStarter.java: org.testng.RemoteTestNGStarter.main(RemoteTestNGStarter.java:123)



 expected [null] but found [java.util.concurrent.TimeoutException]">
        <![CDATA[java.lang.AssertionError: null
FutureTask.java: java.base/java.util.concurrent.FutureTask.get(FutureTask.java:204)
TemporaryFullInternetTest.java: ru.vachok.networker.ssh.TemporaryFullInternetTest.testRunAdd(TemporaryFullInternetTest.java:61)



 expected [null] but found [java.util.concurrent.TimeoutException]
at ru.vachok.networker.ssh.TemporaryFullInternetTest.testRunAdd(TemporaryFullInternetTest.java:65)
... Removed 55 stack frames]]>
    </failure>
  </testcase> <!-- testRunAdd -->
    <testcase classname="ru.vachok.networker.ssh.TemporaryFullInternetTest" name="testRunCheck" time="0.074"/>
    <testcase classname="ru.vachok.networker.ssh.TemporaryFullInternetTest" name="testRunFromMonitors" time="0.021"/>
  <testcase classname="ru.vachok.networker.ad.ADComputerTest" name="testToString1" time="0.0"/>
    <testcase classname="ru.vachok.networker.ad.ADSrvTest" name="testFromADUsersList" time="0.368"/>
  <testcase classname="ru.vachok.networker.ad.ADSrvTest" name="testGetAdComputer" time="0.0"/>
  <testcase classname="ru.vachok.networker.ad.ADSrvTest" name="testGetAdUser" time="0.001"/>
    <testcase classname="ru.vachok.networker.ad.ADSrvTest" name="testGetDetails" time="6.515">
        <failure type="java.lang.AssertionError"
                 message="&amp;lt;p&amp;gt;&amp;lt;center&amp;gt;&amp;lt;font color=&amp;quot;yellow&amp;quot;&amp;gt;10.200.213.85 : 1441 мин. (24,02 ч.) время открытых сессий, 0 мегабайт трафика.&amp;lt;/font&amp;gt;&amp;lt;p&amp;gt;&amp;lt;details&amp;gt;&amp;lt;summary&amp;gt;Посмотреть сайты, где был компьютер (BETA)&amp;lt;/summary&amp;gt;Показаны только &amp;lt;b&amp;gt;уникальные&amp;lt;/b&amp;gt; сайты&amp;lt;br&amp;gt;-1 trash rows cleaned&amp;lt;p&amp;gt;&amp;lt;b&amp;gt;Статистика за 3 дней&amp;lt;/b&amp;gt;&amp;lt;br&amp;gt;DENIED SITES: &amp;lt;br&amp;gt;&amp;lt;font color=&amp;quot;red&amp;quot;&amp;gt;2019.08.15 11:33:36 MSK, чт) TCP_DENIED_REPLY/403 HEAD  ||| &amp;lt;a href=&amp;quot;http://r2---sn-4vguxm-n8vl.gvt1.com&amp;quot;&amp;gt;http://r2---sn-4vguxm-n8vl.gvt1.com&amp;lt;/a&amp;gt;
&amp;lt;/font&amp;gt;&amp;lt;br&amp;gt;&amp;lt;font color=&amp;quot;red&amp;quot;&amp;gt;2019.08.15 11:33:33 MSK, чт) TCP_DENIED/403 POST  ||| &amp;lt;a href=&amp;quot;http://setiboincdata.ssl.berkeley.edu&amp;quot;&amp;gt;http://setiboincdata.ssl.berkeley.edu&amp;lt;/a&amp;gt;
&amp;lt;/font&amp;gt;&amp;lt;br&amp;gt;&amp;lt;font color=&amp;quot;red&amp;quot;&amp;gt;2019.08.13 02:37:20 MSK, вт) TAG_NONE_TIMEDOUT/413 POST  ||| &amp;lt;a href=&amp;quot;http://setiboinc.ssl.berkeley.edu&amp;quot;&amp;gt;http://setiboinc.ssl.berkeley.edu&amp;lt;/a&amp;gt;
&amp;lt;/font&amp;gt;&amp;lt;br&amp;gt;&amp;lt;p&amp;gt;ALLOWED SITES: &amp;lt;br&amp;gt;&amp;lt;font color=&amp;quot;green&amp;quot;&amp;gt;2019.08.15 11:33:36 MSK, чт) TCP_MISS/302 HEAD  ||| &amp;lt;a href=&amp;quot;http://redirector.gvt1.com&amp;quot;&amp;gt;http://redirector.gvt1.com&amp;lt;/a&amp;gt;
&amp;lt;/font&amp;gt;&amp;lt;br&amp;gt;&amp;lt;font color=&amp;quot;green&amp;quot;&amp;gt;2019.08.15 11:33:35 MSK, чт) TCP_MISS/200 GET  ||| &amp;lt;a href=&amp;quot;http://ocsp.digicert.com&amp;quot;&amp;gt;http://ocsp.digicert.com&amp;lt;/a&amp;gt;
&amp;lt;/font&amp;gt;&amp;lt;br&amp;gt;&amp;lt;font color=&amp;quot;green&amp;quot;&amp;gt;2019.08.15 11:33:34 MSK, чт) TCP_MISS/304 GET  ||| &amp;lt;a href=&amp;quot;http://ctldl.windowsupdate.com&amp;quot;&amp;gt;http://ctldl.windowsupdate.com&amp;lt;/a&amp;gt;
&amp;lt;/font&amp;gt;&amp;lt;br&amp;gt;&amp;lt;font color=&amp;quot;green&amp;quot;&amp;gt;2019.08.15 11:33:34 MSK, чт) TCP_MISS/200 HEAD  ||| &amp;lt;a href=&amp;quot;http://emupdate.avcdn.net&amp;quot;&amp;gt;http://emupdate.avcdn.net&amp;lt;/a&amp;gt;
&amp;lt;/font&amp;gt;&amp;lt;br&amp;gt;&amp;lt;font color=&amp;quot;green&amp;quot;&amp;gt;2019.08.15 11:33:34 MSK, чт) TCP_MISS/200 GET  ||| &amp;lt;a href=&amp;quot;http://ip-info.ff.avast.com&amp;quot;&amp;gt;http://ip-info.ff.avast.com&amp;lt;/a&amp;gt;
&amp;lt;/font&amp;gt;&amp;lt;br&amp;gt;&amp;lt;font color=&amp;quot;green&amp;quot;&amp;gt;2019.08.15 11:33:34 MSK, чт) TCP_MISS/200 GET  ||| &amp;lt;a href=&amp;quot;http://ccleaner.tools.avcdn.net&amp;quot;&amp;gt;http://ccleaner.tools.avcdn.net&amp;lt;/a&amp;gt;
&amp;lt;/font&amp;gt;&amp;lt;br&amp;gt;&amp;lt;font color=&amp;quot;green&amp;quot;&amp;gt;2019.08.15 11:33:33 MSK, чт) TCP_MISS/304 GET  ||| &amp;lt;a href=&amp;quot;http://crl.pki.goog&amp;quot;&amp;gt;http://crl.pki.goog&amp;lt;/a&amp;gt;
&amp;lt;/font&amp;gt;&amp;lt;br&amp;gt;&amp;lt;font color=&amp;quot;green&amp;quot;&amp;gt;2019.08.15 11:33:33 MSK, чт) TCP_MISS/302 GET  ||| &amp;lt;a href=&amp;quot;http://setiathome.berkeley.edu&amp;quot;&amp;gt;http://setiathome.berkeley.edu&amp;lt;/a&amp;gt;
&amp;lt;/font&amp;gt;&amp;lt;br&amp;gt;&amp;lt;font color=&amp;quot;green&amp;quot;&amp;gt;2019.08.15 11:33:33 MSK, чт) TCP_MISS/200 GET  ||| &amp;lt;a href=&amp;quot;http://www.msftconnecttest.com&amp;quot;&amp;gt;http://www.msftconnecttest.com&amp;lt;/a&amp;gt;
&amp;lt;/font&amp;gt;&amp;lt;br&amp;gt;&amp;lt;font color=&amp;quot;green&amp;quot;&amp;gt;2019.08.14 04:56:50 MSK, ср) TCP_MISS/302 GET  ||| &amp;lt;a href=&amp;quot;http://networker.vachok.ru&amp;quot;&amp;gt;http://networker.vachok.ru&amp;lt;/a&amp;gt;
&amp;lt;/font&amp;gt;&amp;lt;br&amp;gt;&amp;lt;font color=&amp;quot;green&amp;quot;&amp;gt;2019.08.14 04:56:47 MSK, ср) TCP_MISS_ABORTED/000 OPTIONS  ||| &amp;lt;a href=&amp;quot;http://10.10.111.1&amp;quot;&amp;gt;http://10.10.111.1&amp;lt;/a&amp;gt;
&amp;lt;/font&amp;gt;&amp;lt;br&amp;gt;&amp;lt;/details&amp;gt;&amp;lt;p&amp;gt;&amp;lt;/center&amp;gt; did not expect to find [true] but found [false]">
            <![CDATA[java.lang.AssertionError: <p><center><font color="yellow">10.200.213.85 : 1441 мин. (24,02 ч.) время открытых сессий, 0 мегабайт трафика.</font><p><details><summary>Посмотреть сайты, где был компьютер (BETA)</summary>Показаны только <b>уникальные</b> сайты<br>-1 trash rows cleaned<p><b>Статистика за 3 дней</b><br>DENIED SITES: <br><font color="red">2019.08.15 11:33:36 MSK, чт) TCP_DENIED_REPLY/403 HEAD  ||| <a href="http://r2---sn-4vguxm-n8vl.gvt1.com">http://r2---sn-4vguxm-n8vl.gvt1.com</a>
</font><br><font color="red">2019.08.15 11:33:33 MSK, чт) TCP_DENIED/403 POST  ||| <a href="http://setiboincdata.ssl.berkeley.edu">http://setiboincdata.ssl.berkeley.edu</a>
</font><br><font color="red">2019.08.13 02:37:20 MSK, вт) TAG_NONE_TIMEDOUT/413 POST  ||| <a href="http://setiboinc.ssl.berkeley.edu">http://setiboinc.ssl.berkeley.edu</a>
</font><br><p>ALLOWED SITES: <br><font color="green">2019.08.15 11:33:36 MSK, чт) TCP_MISS/302 HEAD  ||| <a href="http://redirector.gvt1.com">http://redirector.gvt1.com</a>
</font><br><font color="green">2019.08.15 11:33:35 MSK, чт) TCP_MISS/200 GET  ||| <a href="http://ocsp.digicert.com">http://ocsp.digicert.com</a>
</font><br><font color="green">2019.08.15 11:33:34 MSK, чт) TCP_MISS/304 GET  ||| <a href="http://ctldl.windowsupdate.com">http://ctldl.windowsupdate.com</a>
</font><br><font color="green">2019.08.15 11:33:34 MSK, чт) TCP_MISS/200 HEAD  ||| <a href="http://emupdate.avcdn.net">http://emupdate.avcdn.net</a>
</font><br><font color="green">2019.08.15 11:33:34 MSK, чт) TCP_MISS/200 GET  ||| <a href="http://ip-info.ff.avast.com">http://ip-info.ff.avast.com</a>
</font><br><font color="green">2019.08.15 11:33:34 MSK, чт) TCP_MISS/200 GET  ||| <a href="http://ccleaner.tools.avcdn.net">http://ccleaner.tools.avcdn.net</a>
</font><br><font color="green">2019.08.15 11:33:33 MSK, чт) TCP_MISS/304 GET  ||| <a href="http://crl.pki.goog">http://crl.pki.goog</a>
</font><br><font color="green">2019.08.15 11:33:33 MSK, чт) TCP_MISS/302 GET  ||| <a href="http://setiathome.berkeley.edu">http://setiathome.berkeley.edu</a>
</font><br><font color="green">2019.08.15 11:33:33 MSK, чт) TCP_MISS/200 GET  ||| <a href="http://www.msftconnecttest.com">http://www.msftconnecttest.com</a>
</font><br><font color="green">2019.08.14 04:56:50 MSK, ср) TCP_MISS/302 GET  ||| <a href="http://networker.vachok.ru">http://networker.vachok.ru</a>
</font><br><font color="green">2019.08.14 04:56:47 MSK, ср) TCP_MISS_ABORTED/000 OPTIONS  ||| <a href="http://10.10.111.1">http://10.10.111.1</a>
</font><br></details><p></center> did not expect to find [true] but found [false]
at ru.vachok.networker.ad.ADSrvTest.testGetDetails(ADSrvTest.java:59)
... Removed 29 stack frames]]>
        </failure>
    </testcase> <!-- testGetDetails -->
    <testcase classname="ru.vachok.networker.ad.ADSrvTest" name="testGetUserInputRaw" time="0.001"/>
  <testcase classname="ru.vachok.networker.ad.ADSrvTest" name="testRun" time="0.007"/>
  <testcase classname="ru.vachok.networker.ad.ADSrvTest" name="testSetUserInputRaw" time="0.0"/>
  <testcase classname="ru.vachok.networker.ad.ADSrvTest" name="testShowADPCList" time="0.001"/>
  <testcase classname="ru.vachok.networker.ad.ADSrvTest" name="testTestToString" time="0.0"/>
    <testcase classname="ru.vachok.networker.ad.ADSrvTest" name="testUserSetter" time="0.101"/>
    <testcase classname="ru.vachok.networker.ad.PhotoConverterSRVTest" name="convertFoto" time="0.002"/>
  <testcase classname="ru.vachok.networker.ad.PhotoConverterSRVTest" name="testGetAdFotoFile" time="0.0"/>
    <testcase classname="ru.vachok.networker.ad.PhotoConverterSRVTest" name="testPsCommands" time="0.001"/>
  <testcase classname="ru.vachok.networker.ad.PhotoConverterSRVTest" name="testToString1" time="0.001"/>
    <testcase classname="ru.vachok.networker.ad.user.FileADUsersParserTest" name="testGetADUsers" time="0.0"/>
  <testcase classname="ru.vachok.networker.ad.user.FileADUsersParserTest" name="testGetAdUsers" time="0.001">
    <failure type="java.lang.ClassCastException" message="class sun.nio.fs.WindowsPath cannot be cast to class java.io.File (sun.nio.fs.WindowsPath and java.io.File are in module java.base of loader &amp;apos;bootstrap&amp;apos;)">
      <![CDATA[java.lang.ClassCastException: class sun.nio.fs.WindowsPath cannot be cast to class java.io.File (sun.nio.fs.WindowsPath and java.io.File are in module java.base of loader 'bootstrap')
at ru.vachok.networker.ad.user.FileADUsersParser.setClassOption(FileADUsersParser.java:83)
at ru.vachok.networker.ad.user.FileADUsersParserTest.testGetAdUsers(FileADUsersParserTest.java:48)
... Removed 26 stack frames]]>
    </failure>
  </testcase> <!-- testGetAdUsers -->
    <testcase classname="ru.vachok.networker.ad.user.FileADUsersParserTest" name="testGetInfoAbout" time="1.205">
        <failure type="ru.vachok.networker.componentsrepo.exceptions.InvokeIllegalException"
                 message="Please, set the CSV-file via setInfo() this is ru_vachok_networker- :ru.vachok.networker.ad.user.FileADUsersParser.getInfoAbout(FileADUsersParser.java:68)">
            <![CDATA[ru.vachok.networker.componentsrepo.exceptions.InvokeIllegalException: Please, set the CSV-file via setInfo() this is ru_vachok_networker- :ru.vachok.networker.ad.user.FileADUsersParser.getInfoAbout(FileADUsersParser.java:68)
at ru.vachok.networker.ad.user.FileADUsersParser.getInfoAbout(FileADUsersParser.java:68)
at ru.vachok.networker.ad.user.FileADUsersParserTest.testGetInfoAbout(FileADUsersParserTest.java:59)
... Removed 26 stack frames]]>
    </failure>
  </testcase> <!-- testGetInfoAbout -->
  <testcase classname="ru.vachok.networker.ad.user.FileADUsersParserTest" name="testSetInfo" time="0.0"/>
    <testcase classname="ru.vachok.networker.ad.user.FileADUsersParserTest" name="testTestToString" time="0.0"/>
    <testcase classname="ru.vachok.networker.ad.user.ADUserTest" name="testTestToString" time="0.001"/>
  <testcase classname="ru.vachok.networker.componentsrepo.server.TelnetServerTest" name="testRunSocket" time="0.001"/>
    <testcase classname="ru.vachok.networker.componentsrepo.server.TelnetServerTest" name="testTestToString" time="0.001"/>
    <testcase classname="ru.vachok.networker.componentsrepo.server.TelnetStarterTest" name="startServer" time="0.004">
    <failure type="java.lang.AssertionError" message="null
FutureTask.java: java.base/java.util.concurrent.FutureTask.awaitDone(FutureTask.java:418)
FutureTask.java: java.base/java.util.concurrent.FutureTask.get(FutureTask.java:203)
TelnetStarterTest.java: ru.vachok.networker.componentsrepo.server.TelnetStarterTest.startServer(TelnetStarterTest.java:47)
NativeMethodAccessorImpl.java: java.base/jdk.internal.reflect.NativeMethodAccessorImpl.invoke0(Native Method)
NativeMethodAccessorImpl.java: java.base/jdk.internal.reflect.NativeMethodAccessorImpl.invoke(NativeMethodAccessorImpl.java:62)
DelegatingMethodAccessorImpl.java: java.base/jdk.internal.reflect.DelegatingMethodAccessorImpl.invoke(DelegatingMethodAccessorImpl.java:43)
Method.java: java.base/java.lang.reflect.Method.invoke(Method.java:567)
MethodInvocationHelper.java: org.testng.internal.MethodInvocationHelper.invokeMethod(MethodInvocationHelper.java:131)
TestInvoker.java: org.testng.internal.TestInvoker.invokeMethod(TestInvoker.java:570)
TestInvoker.java: org.testng.internal.TestInvoker.invokeTestMethod(TestInvoker.java:170)
MethodRunner.java: org.testng.internal.MethodRunner.runInSequence(MethodRunner.java:46)
TestInvoker.java: org.testng.internal.TestInvoker$MethodInvocationAgent.invoke(TestInvoker.java:790)
TestInvoker.java: org.testng.internal.TestInvoker.invokeTestMethods(TestInvoker.java:143)
TestMethodWorker.java: org.testng.internal.TestMethodWorker.invokeTestMethods(TestMethodWorker.java:146)
TestMethodWorker.java: org.testng.internal.TestMethodWorker.run(TestMethodWorker.java:128)
TestRunner.java: org.testng.TestRunner.privateRun(TestRunner.java:763)
TestRunner.java: org.testng.TestRunner.run(TestRunner.java:594)
SuiteRunner.java: org.testng.SuiteRunner.runTest(SuiteRunner.java:398)
SuiteRunner.java: org.testng.SuiteRunner.runSequentially(SuiteRunner.java:392)
SuiteRunner.java: org.testng.SuiteRunner.privateRun(SuiteRunner.java:355)
SuiteRunner.java: org.testng.SuiteRunner.run(SuiteRunner.java:304)
SuiteRunnerWorker.java: org.testng.SuiteRunnerWorker.runSuite(SuiteRunnerWorker.java:53)
SuiteRunnerWorker.java: org.testng.SuiteRunnerWorker.run(SuiteRunnerWorker.java:96)
TestNG.java: org.testng.TestNG.runSuitesSequentially(TestNG.java:1146)
TestNG.java: org.testng.TestNG.runSuitesLocally(TestNG.java:1067)
TestNG.java: org.testng.TestNG.runSuites(TestNG.java:997)
TestNG.java: org.testng.TestNG.run(TestNG.java:965)
IDEARemoteTestNG.java: org.testng.IDEARemoteTestNG.run(IDEARemoteTestNG.java:73)
RemoteTestNGStarter.java: org.testng.RemoteTestNGStarter.main(RemoteTestNGStarter.java:123)



 expected [null] but found [java.lang.InterruptedException]">
      <![CDATA[java.lang.AssertionError: null
FutureTask.java: java.base/java.util.concurrent.FutureTask.awaitDone(FutureTask.java:418)
FutureTask.java: java.base/java.util.concurrent.FutureTask.get(FutureTask.java:203)
TelnetStarterTest.java: ru.vachok.networker.componentsrepo.server.TelnetStarterTest.startServer(TelnetStarterTest.java:47)



 expected [null] but found [java.lang.InterruptedException]
at ru.vachok.networker.componentsrepo.server.TelnetStarterTest.startServer(TelnetStarterTest.java:50)
... Removed 55 stack frames]]>
    </failure>
  </testcase> <!-- startServer -->
    <testcase classname="ru.vachok.networker.ad.ActDirectoryCTRLTest" name="testAdFoto" time="0.005"/>
    <testcase classname="ru.vachok.networker.ad.ActDirectoryCTRLTest" name="testAdUsersComps" time="0.198"/>
    <testcase classname="ru.vachok.networker.controller.AnketaKonfetaCRTLTest" name="testGetMapForAnketa" time="0.002"/>
    <testcase classname="ru.vachok.networker.controller.AnketaKonfetaCRTLTest" name="testPostAnketa" time="0.002"/>
    <testcase classname="ru.vachok.networker.controller.CalculateCTRLTest" name="testGetM" time="0.003"/>
    <testcase classname="ru.vachok.networker.controller.CalculateCTRLTest" name="testTimeStamp" time="0.002"/>
    <testcase classname="ru.vachok.networker.controller.ErrCtrTest" name="testErrHandle" time="0.005"/>
    <testcase classname="ru.vachok.networker.controller.ErrCtrTest" name="testGetErrorPath" time="0.001"/>
    <testcase classname="ru.vachok.networker.controller.ErrCtrTest" name="testTestToString" time="0.001"/>
    <testcase classname="ru.vachok.networker.controller.FileCleanerCTRLTest" name="testGetFilesInfo" time="0.001"/>
    <testcase classname="ru.vachok.networker.controller.FileCleanerCTRLTest" name="testPostFile" time="0.003"/>
  <testcase classname="ru.vachok.networker.controller.FileCleanerCTRLTest" name="testTestToString" time="0.0"/>
    <testcase classname="ru.vachok.networker.controller.MatrixCtrTest" name="testGetFirst" time="0.065"/>
    <testcase classname="ru.vachok.networker.controller.MatrixCtrTest" name="testGetWorkPosition" time="0.036"/>
    <testcase classname="ru.vachok.networker.controller.MatrixCtrTest" name="testShowResults" time="0.002"/>
  <testcase classname="ru.vachok.networker.controller.NoHupOutTest" name="testNoHupGet" time="0.001"/>
    <testcase classname="ru.vachok.networker.controller.NoHupOutTest" name="testTestToString" time="0.0"/>
    <testcase classname="ru.vachok.networker.controller.ConfigsReloaderTest" name="testMakeOk" time="0.005">
    <failure type="java.lang.AssertionError" message="did not expect to find [true] but found [false]">
        <![CDATA[java.lang.AssertionError: did not expect to find [true] but found [false]
at ru.vachok.networker.controller.ConfigsReloaderTest.testMakeOk(OKMakerTest.java:43)
... Removed 30 stack frames]]>
    </failure>
  </testcase> <!-- testMakeOk -->
    <testcase classname="ru.vachok.networker.controller.ConfigsReloaderTest" name="testTestToString" time="0.0"/>
    <testcase classname="ru.vachok.networker.controller.OdinAssSyncCTRLTest" name="testResetForm" time="0.001"/>
  <testcase classname="ru.vachok.networker.controller.OdinAssSyncCTRLTest" name="testTestToString" time="0.0"/>
    <testcase classname="ru.vachok.networker.controller.OdinAssSyncCTRLTest" name="testUploadFiles" time="0.006"/>
  <testcase classname="ru.vachok.networker.controller.OdinAssSyncCTRLTest" name="testViewPage" time="0.001"/>
    <testcase classname="ru.vachok.networker.controller.OkCTRLTest" name="testOkStr" time="0.004"/>
    <testcase classname="ru.vachok.networker.controller.ShowAllDevCTRLTest" name="testModel" time="0.128"/>
    <testcase classname="ru.vachok.networker.controller.ShowAllDevCTRLTest" name="testModel" time="0.203"/>
    <testcase classname="ru.vachok.networker.controller.ShowAllDevCTRLTest" name="testModel" time="0.102"/>
    <testcase classname="ru.vachok.networker.controller.ShowAllDevCTRLTest" name="testModel" time="0.081"/>
    <testcase classname="ru.vachok.networker.controller.ShowAllDevCTRLTest" name="testModel" time="0.063"/>
    <testcase classname="ru.vachok.networker.controller.SshActsCTRLTest" name="testAllowPOST" time="0.634"/>
    <testcase classname="ru.vachok.networker.controller.SshActsCTRLTest" name="testDelDomPOST" time="0.397"/>
    <testcase classname="ru.vachok.networker.controller.SshActsCTRLTest" name="testParseReq" time="0.003"/>
    <testcase classname="ru.vachok.networker.controller.SshActsCTRLTest" name="testSshActsGET" time="0.006"/>
    <testcase classname="ru.vachok.networker.controller.SshActsCTRLTest" name="testSshActsPOST" time="0.003"/>
    <testcase classname="ru.vachok.networker.controller.SshActsCTRLTest" name="testTempFullInetAccess" time="0.588"/>
  <testcase classname="ru.vachok.networker.controller.SshActsCTRLTest" name="testWhatSrvNeed" time="0.0"/>
    <testcase classname="ru.vachok.networker.controller.UserWebCTRLTest" name="testAdSrvForUser" time="0.001"/>
  <testcase classname="ru.vachok.networker.controller.UserWebCTRLTest" name="testTestToString" time="0.0"/>
  <testcase classname="ru.vachok.networker.controller.UserWebCTRLTest" name="testUserGet" time="0.001"/>
    <testcase classname="ru.vachok.networker.controller.UserWebCTRLTest" name="testUserPost" time="0.001"/>
    <testcase classname="ru.vachok.networker.exe.ThreadConfigTest" name="testDumpToFile" time="0.002"/>
  <testcase classname="ru.vachok.networker.exe.ThreadConfigTest" name="testExecByThreadConfig" time="0.001"/>
  <testcase classname="ru.vachok.networker.exe.ThreadConfigTest" name="testGetI" time="0.001"/>
    <testcase classname="ru.vachok.networker.exe.ThreadConfigTest" name="testGetTaskExecutor" time="0.001"/>
    <testcase classname="ru.vachok.networker.exe.ThreadConfigTest" name="testGetTaskScheduler" time="0.001"/>
    <testcase classname="ru.vachok.networker.exe.ThreadConfigTest" name="testKillAll" time="0.001"/>
    <testcase classname="ru.vachok.networker.exe.ThreadConfigTest" name="testThrNameSet" time="0.001"/>
    <testcase classname="ru.vachok.networker.exe.ThreadConfigTest" name="testToString1" time="0.002"/>
    <testcase classname="ru.vachok.networker.exe.runnabletasks.external.SaveLogsToDBTest" name="testGetDBInfo" time="0.036"/>
    <testcase classname="ru.vachok.networker.exe.runnabletasks.external.SaveLogsToDBTest" name="testGetInfoAbout" time="7.832"/>
    <testcase classname="ru.vachok.networker.exe.runnabletasks.external.SaveLogsToDBTest" name="testShowInfo" time="0.061"/>
  <testcase classname="ru.vachok.networker.exe.runnabletasks.external.SaveLogsToDBTest" name="testTestToString" time="0.001"/>
    <testcase classname="ru.vachok.networker.exe.schedule.MailIISLogsCleanerTest" name="testRun" time="0.157"/>
    <testcase classname="ru.vachok.networker.exe.schedule.WeekStatsTest" name="testGetInetStats" time="0.062"/>
    <testcase classname="ru.vachok.networker.exe.schedule.WeekStatsTest" name="testGetPCStats" time="1.372"/>
    <testcase classname="ru.vachok.networker.componentsrepo.fileworks.FileSystemWorkerTest" name="testAppendObjectToFile" time="0.004"/>
    <testcase classname="ru.vachok.networker.componentsrepo.fileworks.FileSystemWorkerTest" name="testCopyOrDelFile" time="0.007"/>
    <testcase classname="ru.vachok.networker.componentsrepo.fileworks.FileSystemWorkerTest" name="testCountStringsInFile" time="2.692"/>
    <testcase classname="ru.vachok.networker.componentsrepo.fileworks.FileSystemWorkerTest" name="testDelTemp" time="0.9"/>
    <testcase classname="ru.vachok.networker.componentsrepo.fileworks.FileSystemWorkerTest" name="testError" time="0.022"/>
    <testcase classname="ru.vachok.networker.componentsrepo.fileworks.FileSystemWorkerTest" name="testPackFiles" time="0.05"/>
    <testcase classname="ru.vachok.networker.componentsrepo.fileworks.FileSystemWorkerTest" name="testReadFile" time="0.002"/>
    <testcase classname="ru.vachok.networker.componentsrepo.fileworks.FileSystemWorkerTest" name="testReadFileToList" time="0.001"/>
    <testcase classname="ru.vachok.networker.componentsrepo.fileworks.FileSystemWorkerTest" name="testReadFileToQueue" time="0.001"/>
    <testcase classname="ru.vachok.networker.componentsrepo.fileworks.FileSystemWorkerTest" name="testReadFileToSet" time="0.002"/>
    <testcase classname="ru.vachok.networker.componentsrepo.fileworks.FileSystemWorkerTest" name="testWriteFile" time="0.003"/>
    <testcase classname="ru.vachok.networker.info.PageGenerationHelperTest" name="testGetAsLink" time="0.001"/>
    <testcase classname="ru.vachok.networker.info.PageGenerationHelperTest" name="testGetInfoAbout" time="0.001">
        <failure type="java.lang.AssertionError"
                 message="expected [&amp;lt;a href=&amp;quot;/&amp;quot;&amp;gt;Главная&amp;lt;/a&amp;gt;] but found [&amp;lt;center&amp;gt;&amp;lt;font color=&amp;quot;&amp;quot;&amp;gt;&amp;lt;a href=&amp;quot;/&amp;quot;&amp;gt;Главная&amp;lt;/a&amp;gt;
&amp;lt;/font&amp;gt;&amp;lt;/center&amp;gt;]">
            <![CDATA[java.lang.AssertionError: expected [<a href="/">Главная</a>] but found [<center><font color=""><a href="/">Главная</a>
</font></center>]
at ru.vachok.networker.info.PageGenerationHelperTest.testGetInfoAbout(PageGenerationHelperTest.java:41)
... Removed 31 stack frames]]>
    </failure>
  </testcase> <!-- testGetInfoAbout -->
    <testcase classname="ru.vachok.networker.info.PageGenerationHelperTest" name="testSetInfo" time="0.004"/>
    <testcase classname="ru.vachok.networker.info.PageGenerationHelperTest" name="testTestToString" time="0.001">
    <failure type="java.lang.AssertionError" message="did not expect to find [true] but found [false]">
      <![CDATA[java.lang.AssertionError: did not expect to find [true] but found [false]
at ru.vachok.networker.info.PageGenerationHelperTest.testTestToString(PageGenerationHelperTest.java:61)
... Removed 30 stack frames]]>
    </failure>
  </testcase> <!-- testTestToString -->
    <testcase classname="ru.vachok.networker.mail.ExSRVTest" name="testFileAsStrings" time="0.116"/>
    <testcase classname="ru.vachok.networker.mail.testserver.MailPOPTesterTest" name="logFileReader" time="2.835"/>
    <testcase classname="ru.vachok.networker.net.libswork.RegRuFTPLibsUploaderTest" name="checkPassOverDB on RegRuFTPLibsUploader{ftpClient=null}" time="0.056"/>
    <testcase classname="ru.vachok.networker.net.libswork.RegRuFTPLibsUploaderTest" name="chkPC$$COPY on RegRuFTPLibsUploader{ftpClient=null}" time="0.005"/>
    <testcase classname="ru.vachok.networker.net.libswork.RegRuFTPLibsUploaderTest" name="continueConnect on RegRuFTPLibsUploader{ftpClient=null}" time="0.159"/>
    <testcase classname="ru.vachok.networker.net.libswork.RegRuFTPLibsUploaderTest" name="ftpTest on RegRuFTPLibsUploader{ftpClient=null}" time="4.6"/>
    <testcase classname="ru.vachok.networker.net.monitor.DiapazonScanTest" name="isOldFilesExistsTest" time="0.006"/>
    <testcase classname="ru.vachok.networker.net.monitor.DiapazonScanTest" name="makeFilesMapTest" time="0.004"/>
    <testcase classname="ru.vachok.networker.net.monitor.DiapazonScanTest" name="scanFilesTest" time="0.001"/>
    <testcase classname="ru.vachok.networker.net.monitor.DiapazonScanTest" name="testRun" time="0.129"/>
    <testcase classname="ru.vachok.networker.net.monitor.DiapazonScanTest" name="testTheInfoToString" time="0.027"/>
    <testcase classname="ru.vachok.networker.net.monitor.DiapazonScanTest" name="testToString1" time="0.073"/>
    <testcase classname="ru.vachok.networker.net.monitor.KudrWorkTimeTest" name="getExecution$$COPY" time="0.004"/>
  <testcase classname="ru.vachok.networker.net.monitor.KudrWorkTimeTest" name="kudrMonitorTest" time="1.002"/>
  <testcase classname="ru.vachok.networker.net.monitor.KudrWorkTimeTest" name="testGetMapOfConditionsTypeNameTypeCondition" time="0.0"/>
  <testcase classname="ru.vachok.networker.net.monitor.KudrWorkTimeTest" name="testGetPingResultStr" time="0.001"/>
  <testcase classname="ru.vachok.networker.net.monitor.KudrWorkTimeTest" name="testGetStatistics" time="0.0"/>
    <testcase classname="ru.vachok.networker.net.monitor.KudrWorkTimeTest" name="testIsReach" time="0.001"/>
  <testcase classname="ru.vachok.networker.net.monitor.KudrWorkTimeTest" name="testPingDevices" time="0.001"/>
  <testcase classname="ru.vachok.networker.net.monitor.KudrWorkTimeTest" name="testTestToString" time="0.0"/>
  <testcase classname="ru.vachok.networker.net.monitor.KudrWorkTimeTest" name="testWriteLog" time="1.002"/>
    <testcase classname="ru.vachok.networker.net.monitor.NetMonitorPTVTests" name="ptvIfBigTest" time="0.003"/>
    <testcase classname="ru.vachok.networker.net.monitor.NetMonitorPTVTests" name="testRun" time="2.961"/>
    <testcase classname="ru.vachok.networker.net.monitor.NetMonitorPTVTests" name="testToString1" time="1.104"/>
  <testcase classname="ru.vachok.networker.net.monitor.PCMonitoringTest" name="exp$$WriteLog" time="0.001"/>
    <testcase classname="ru.vachok.networker.net.monitor.PCMonitoringTest" name="testGetExecution" time="0.603"/>
  <testcase classname="ru.vachok.networker.net.monitor.PCMonitoringTest" name="testGetMonitoringRunnable" time="0.0"/>
  <testcase classname="ru.vachok.networker.net.monitor.PCMonitoringTest" name="testGetPingResultStr" time="0.0"/>
  <testcase classname="ru.vachok.networker.net.monitor.PCMonitoringTest" name="testGetStatistics" time="0.0"/>
  <testcase classname="ru.vachok.networker.net.monitor.PCMonitoringTest" name="testIsReach" time="0.001"/>
  <testcase classname="ru.vachok.networker.net.monitor.PCMonitoringTest" name="testRun" time="0.001"/>
    <testcase classname="ru.vachok.networker.net.monitor.PCMonitoringTest" name="testWriteLog" time="0.001"/>
    <testcase classname="ru.vachok.networker.net.monitor.PingerFromFileTest" name="testIsReach" time="0.076"/>
    <testcase classname="ru.vachok.networker.net.monitor.PingerFromFileTest" name="testPingDev" time="0.299"/>
    <testcase classname="ru.vachok.networker.net.monitor.PingerFromFileTest" name="testRun" time="10.153"/>
    <testcase classname="ru.vachok.networker.net.scanner.NetScanCtrTest" name="testNetScan" time="0.026"/>
    <testcase classname="ru.vachok.networker.net.scanner.NetScanCtrTest" name="testPcNameForInfo" time="0.027"/>
    <testcase classname="ru.vachok.networker.net.scanner.NetScanCtrTest" name="testPingAddr" time="0.002"/>
  <testcase classname="ru.vachok.networker.net.scanner.NetScanCtrTest" name="testPingPost" time="0.004"/>
  <testcase classname="ru.vachok.networker.net.scanner.NetScannerSvcTest" name="testCheckMapSizeAndDoAction" time="0.0"/>
    <testcase classname="ru.vachok.networker.net.scanner.NetScannerSvcTest" name="testGetThePc" time="0.001"/>
  <testcase classname="ru.vachok.networker.net.scanner.NetScannerSvcTest" name="testSetThePc" time="0.0"/>
  <testcase classname="ru.vachok.networker.net.scanner.NetScannerSvcTest" name="testTestToString" time="0.0"/>
  <testcase classname="ru.vachok.networker.net.scanner.NetScannerSvcTest" name="testTheSETOfPCNamesPref" time="0.0"/>
    <testcase classname="ru.vachok.networker.net.scanner.NetScannerSvcTest" name="testTheSETOfPcNames" time="0.001"/>
    <testcase classname="ru.vachok.networker.net.scanner.ScanOnlineTest" name="fileOnToLastCopyTest" time="0.006"/>
    <testcase classname="ru.vachok.networker.net.scanner.ScanOnlineTest" name="testGetExecution" time="0.0"/>
    <testcase classname="ru.vachok.networker.net.scanner.ScanOnlineTest" name="testGetFileMAXOnlines" time="0.001"/>
    <testcase classname="ru.vachok.networker.net.scanner.ScanOnlineTest" name="testGetMonitoringRunnable" time="0.001"/>
  <testcase classname="ru.vachok.networker.net.scanner.ScanOnlineTest" name="testGetOnlinesFile" time="0.001"/>
    <testcase classname="ru.vachok.networker.net.scanner.ScanOnlineTest" name="testGetPingResultStr" time="0.002"/>
  <testcase classname="ru.vachok.networker.net.scanner.ScanOnlineTest" name="testGetReplaceFileNamePattern" time="0.001"/>
  <testcase classname="ru.vachok.networker.net.scanner.ScanOnlineTest" name="testGetStatistics" time="0.001"/>
  <testcase classname="ru.vachok.networker.net.scanner.ScanOnlineTest" name="testGetStatistics" time="0.001"/>
  <testcase classname="ru.vachok.networker.net.scanner.ScanOnlineTest" name="testGetStatistics" time="0.001"/>
    <testcase classname="ru.vachok.networker.net.scanner.ScanOnlineTest" name="testGetStatistics" time="0.001"/>
    <testcase classname="ru.vachok.networker.net.scanner.ScanOnlineTest" name="testGetStatistics" time="0.001"/>
  <testcase classname="ru.vachok.networker.net.scanner.ScanOnlineTest" name="testGetTimeToEndStr" time="0.0"/>
  <testcase classname="ru.vachok.networker.net.scanner.ScanOnlineTest" name="testIsReach" time="0.05"/>
    <testcase classname="ru.vachok.networker.net.scanner.ScanOnlineTest" name="testPingDevices" time="0.089"/>
    <testcase classname="ru.vachok.networker.net.scanner.ScanOnlineTest" name="testRun" time="0.008"/>
    <testcase classname="ru.vachok.networker.net.scanner.ScanOnlineTest" name="testScanOnlineLastBigger" time="0.001"/>
    <testcase classname="ru.vachok.networker.net.scanner.ScanOnlineTest" name="testToString1" time="0.055"/>
    <testcase classname="ru.vachok.networker.net.scanner.ScanOnlineTest" name="testToStringTester" time="0.034"/>
    <testcase classname="ru.vachok.networker.net.scanner.ScanOnlineTest" name="testWriteLogToFile" time="0.002"/>
    <testcase classname="ru.vachok.networker.restapi.DataConnectToTest" name="testGetDataSource" time="0.0"/>
    <testcase classname="ru.vachok.networker.restapi.DataConnectToTest" name="testGetDefaultConnection" time="0.029"/>
    <testcase classname="ru.vachok.networker.restapi.DataConnectToTest" name="testGetSavepoint" time="0.029"/>
    <testcase classname="ru.vachok.networker.restapi.DataConnectToTest" name="testSetSavepoint" time="0.026"/>
  <testcase classname="ru.vachok.networker.restapi.database.DataConnectToAdapterTest" name="testGetDataSource" time="0.0"/>
  <testcase classname="ru.vachok.networker.restapi.database.DataConnectToAdapterTest" name="testGetI" time="0.0"/>
    <testcase classname="ru.vachok.networker.restapi.database.DataConnectToAdapterTest" name="testGetRegRuMysqlLibConnection" time="0.029"/>
    <testcase classname="ru.vachok.networker.restapi.database.DataConnectToAdapterTest" name="testGetSavepoint" time="0.001"/>
    <testcase classname="ru.vachok.networker.restapi.database.DataConnectToAdapterTest" name="testSetSavepoint" time="0.001"/>
    <testcase classname="ru.vachok.networker.restapi.database.RegRuMysqlLocTest" name="testGetDefaultConnection" time="0.031"/>
  <testcase classname="ru.vachok.networker.restapi.database.RegRuMysqlLocTest" name="testToString1" time="0.0"/>
    <testcase classname="ru.vachok.networker.info.inetstats.InternetUseTest" name="testGetResponseTime" time="0.269"/>
    <testcase classname="ru.vachok.networker.info.inetstats.InternetUseTest" name="testGetUsage" time="14.209"/>
    <testcase classname="ru.vachok.networker.info.inetstats.InternetUseTest" name="testShowLog" time="6.52"/>
    <testcase classname="ru.vachok.networker.restapi.message.DBMessengerTest" name="sendMessage" time="0.036"/>
  <testcase classname="ru.vachok.networker.restapi.message.DBMessengerTest" name="testAsSingle" time="0.001"/>
  <testcase classname="ru.vachok.networker.restapi.message.DBMessengerTest" name="testToString" time="0.0"/>
  <testcase classname="ru.vachok.networker.restapi.message.MessageLocalTest" name="testError" time="0.001"/>
  <testcase classname="ru.vachok.networker.restapi.message.MessageLocalTest" name="testIgExc" time="0.001"/>
  <testcase classname="ru.vachok.networker.restapi.message.MessageLocalTest" name="testInfo" time="0.001"/>
  <testcase classname="ru.vachok.networker.restapi.message.MessageLocalTest" name="testInfoTimer" time="0.0"/>
  <testcase classname="ru.vachok.networker.restapi.message.MessageLocalTest" name="testLoggerFine" time="0.0"/>
    <testcase classname="ru.vachok.networker.restapi.message.MessageLocalTest" name="testTestToString" time="0.001"/>
  <testcase classname="ru.vachok.networker.restapi.message.MessageLocalTest" name="testWarn" time="0.0"/>
    <testcase classname="ru.vachok.networker.restapi.props.DBPropsCallableTest" name="localFind" time="0.156"/>
    <testcase classname="ru.vachok.networker.restapi.props.DBPropsCallableTest" name="testCall" time="0.139"/>
    <testcase classname="ru.vachok.networker.restapi.props.DBPropsCallableTest" name="testDelProps" time="0.058"/>
    <testcase classname="ru.vachok.networker.restapi.props.DBPropsCallableTest" name="testGetProps" time="0.028"/>
  <testcase classname="ru.vachok.networker.restapi.props.DBPropsCallableTest" name="testGetRegSourceForProperties" time="0.0"/>
    <testcase classname="ru.vachok.networker.restapi.props.DBPropsCallableTest" name="testSetProps" time="0.132"/>
    <testcase classname="ru.vachok.networker.restapi.props.DBPropsCallableTest" name="testToString1" time="0.001"/>
  <testcase classname="ru.vachok.networker.restapi.props.FilePropsLocalTest" name="testDelProps" time="0.0"/>
    <testcase classname="ru.vachok.networker.restapi.props.FilePropsLocalTest" name="testGetProps" time="0.138"/>
    <testcase classname="ru.vachok.networker.restapi.props.FilePropsLocalTest" name="testSetProps" time="0.0"/>
    <testcase classname="ru.vachok.networker.componentsrepo.services.AnketaKonfetaTest" name="testSendKonfeta" time="0.01"/>
    <testcase classname="ru.vachok.networker.componentsrepo.services.AnketaKonfetaTest" name="testTestToString" time="0.0"/>
    <testcase classname="ru.vachok.networker.componentsrepo.services.CsvTxtTest" name="testGetFiles" time="0.0"/>
    <testcase classname="ru.vachok.networker.componentsrepo.services.CsvTxtTest" name="testGetPsCommandsList" time="0.0"/>
    <testcase classname="ru.vachok.networker.componentsrepo.services.CsvTxtTest" name="testGetTxtList" time="0.0"/>
    <testcase classname="ru.vachok.networker.componentsrepo.services.CsvTxtTest" name="testGetXlsList" time="0.0"/>
    <testcase classname="ru.vachok.networker.componentsrepo.services.CsvTxtTest" name="testParseXlsx" time="0.001"/>
    <testcase classname="ru.vachok.networker.componentsrepo.services.CsvTxtTest" name="testSetFile" time="0.0"/>
    <testcase classname="ru.vachok.networker.componentsrepo.services.CsvTxtTest" name="testTestToString" time="0.001"/>
    <testcase classname="ru.vachok.networker.componentsrepo.services.MyCalenTest" name="planTruncateTableUsers" time="0.001"/>
    <testcase classname="ru.vachok.networker.componentsrepo.services.MyCalenTest" name="testGetNextDay" time="0.001"/>
    <testcase classname="ru.vachok.networker.componentsrepo.services.MyCalenTest" name="testGetNextDayofWeek" time="0.001"/>
    <testcase classname="ru.vachok.networker.componentsrepo.services.MyCalenTest" name="testGetThisDay" time="0.0"/>
    <testcase classname="ru.vachok.networker.componentsrepo.services.MyCalenTest" name="testGetTimeInfo" time="0.001">
    <failure type="java.lang.AssertionError" message="did not expect to find [true] but found [false]">
        <![CDATA[java.lang.AssertionError: did not expect to find [true] but found [false]
at ru.vachok.networker.componentsrepo.services.MyCalenTest.testGetTimeInfo(MyCalenTest.java:33)
... Removed 30 stack frames]]>
    </failure>
  </testcase> <!-- testGetTimeInfo -->
    <testcase classname="ru.vachok.networker.componentsrepo.services.MyCalenTest" name="testToStringS" time="0.002"/>
    <testcase classname="ru.vachok.networker.componentsrepo.services.SimpleCalculatorTest" name="countThreads" time="0.001"/>
    <testcase classname="ru.vachok.networker.componentsrepo.services.SimpleCalculatorTest" name="testCountDoubles" time="0.0"/>
    <testcase classname="ru.vachok.networker.componentsrepo.services.SimpleCalculatorTest" name="testGetQuery" time="0.001"/>
    <testcase classname="ru.vachok.networker.componentsrepo.services.SimpleCalculatorTest" name="testGetStampFromDate" time="0.001"/>
    <testcase classname="ru.vachok.networker.componentsrepo.services.SimpleCalculatorTest" name="testSetQuery" time="0.0"/>
    <testcase classname="ru.vachok.networker.componentsrepo.services.SimpleCalculatorTest" name="testToString1" time="0.0"/>
    <testcase classname="ru.vachok.networker.componentsrepo.services.TimeCheckerTest" name="testCall" time="0.045"/>
    <testcase classname="ru.vachok.networker.componentsrepo.services.WhoIsWithSRVTest" name="testWhoIs" time="3.983"/>
    <testcase classname="ru.vachok.networker.sysinfo.ServiceInfoCtrlTest" name="testCloseApp" time="0.002"/>
  <testcase classname="ru.vachok.networker.sysinfo.ServiceInfoCtrlTest" name="testInfoMapping" time="0.0"/>
    <testcase classname="ru.vachok.networker.sysinfo.ServiceInfoCtrlTest" name="testInfoMappingCOPY" time="0.008"/>
    <testcase classname="ru.vachok.networker.sysinfo.ServiceInfoCtrlTest" name="testOffPC" time="0.002"/>
  <testcase classname="ru.vachok.networker.sysinfo.ServiceInfoCtrlTest" name="testTestToString" time="0.0"/>
    <testcase classname="ru.vachok.networker.systray.actions.ActionMakeInfoAboutOldCommonFilesTest" name="testActionPerformed" time="0.004"/>
    <testcase classname="ru.vachok.networker.systray.actions.ActionMakeInfoAboutOldCommonFilesTest" name="testTestToString" time="0.001"/>
  <testcase classname="ru.vachok.networker.net.monitor.KudrWorkTimeTest" name="testGetExecution" time="0.0">
    <ignored/>
  </testcase> <!-- testGetExecution -->
    <testcase classname="ru.vachok.networker.mail.testserver.MailPOPTesterTest" name="testTestInput" time="0.0">
    <ignored/>
  </testcase> <!-- testTestInput -->
    <testcase classname="ru.vachok.networker.mail.testserver.MailPOPTesterTest" name="realTesting" time="0.0">
    <ignored/>
  </testcase> <!-- realTesting -->
    <testcase classname="ru.vachok.networker.mail.testserver.MailPOPTesterTest" name="testTestComplex" time="0.0">
    <ignored/>
  </testcase> <!-- testTestComplex -->
  <testcase classname="ru.vachok.networker.AppInfoOnLoadTest" name="testRun" time="0.0">
    <ignored/>
  </testcase> <!-- testRun -->
    <testcase classname="ru.vachok.networker.ssh.TemporaryFullInternetTest" name="sshChecker$$Copy" time="0.0">
    <ignored/>
  </testcase> <!-- sshChecker$$Copy -->
    <testcase classname="ru.vachok.networker.componentsrepo.fileworks.FileSystemWorkerTest" name="countStringsInFileAsStream" time="0.0">
    <ignored/>
  </testcase> <!-- countStringsInFileAsStream -->
  <testcase classname="ru.vachok.networker.IntoApplicationTest" name="testGetConfigurableApplicationContext" time="0.0">
    <ignored/>
  </testcase> <!-- testGetConfigurableApplicationContext -->
  <testcase classname="ru.vachok.networker.componentsrepo.VersionInfoTest" name="testSetParams" time="0.0">
    <ignored/>
  </testcase> <!-- testSetParams -->
  <testcase classname="ru.vachok.networker.net.scanner.ScanOnlineTest" name="offlineNotEmptTEST" time="0.0">
    <ignored/>
  </testcase> <!-- offlineNotEmptTEST -->
    <testcase classname="ru.vachok.networker.componentsrepo.fileworks.FileSystemWorkerTest" name="testCopyOrDelFileWithPath" time="0.0">
    <ignored/>
  </testcase> <!-- testCopyOrDelFileWithPath -->
    <testcase classname="ru.vachok.networker.ad.common.CommonCTRLTest" name="testCommonArchPOST" time="0.0">
    <ignored/>
  </testcase> <!-- testCommonArchPOST -->
  <testcase classname="ru.vachok.networker.net.monitor.KudrWorkTimeTest" name="monitorAddress$$COPY" time="0.0">
    <ignored/>
  </testcase> <!-- monitorAddress$$COPY -->
    <testcase classname="ru.vachok.networker.mail.testserver.MailPOPTesterTest" name="testTestOutput" time="0.0">
    <ignored/>
  </testcase> <!-- testTestOutput -->
  <testcase classname="ru.vachok.networker.AppInfoOnLoadTest" name="testKudrMonitor" time="0.0">
    <ignored/>
  </testcase> <!-- testKudrMonitor -->
  <testcase classname="ru.vachok.networker.componentsrepo.VersionInfoTest" name="getParamsTEST" time="0.0">
    <ignored/>
  </testcase> <!-- getParamsTEST -->
  <testcase classname="ru.vachok.networker.systray.actions.ActionOpenProgFolderTest" name="testActionPerformed" time="0.0">
    <ignored/>
  </testcase> <!-- testActionPerformed -->
  <testcase classname="ru.vachok.networker.ExitAppTest" name="testRun" time="0.0">
    <ignored/>
  </testcase> <!-- testRun -->
  <testcase classname="ru.vachok.networker.SSHFactoryTest" name="testOverABSFactory" time="0.0">
    <ignored/>
  </testcase> <!-- testOverABSFactory -->
</testsuite> <!-- networker -->
