<!-- Copyright (c) all rights. http://networker.vachok.ru 2019. -->

<html>
<head>
    <title>TestNG: networker</title>
    <link href="../testng.css" rel="stylesheet" type="text/css"/>
    <link href="../my-testng.css" rel="stylesheet" type="text/css"/>

    <style type="text/css">
.log { display: none;}
.stack-trace { display: none;}

    </style>
    <script type="text/javascript">
<!--
function flip(e) {
  current = e.style.display;
  if (current == 'block') {
    e.style.display = 'none';
    return 0;
  }
  else {
    e.style.display = 'block';
    return 1;
  }
}

function toggleBox(szDivId, elem, msg1, msg2)
{
  var res = -1;  if (document.getElementById) {
    res = flip(document.getElementById(szDivId));
  }
  else if (document.all) {
    // this is the way old msie versions work
    res = flip(document.all[szDivId]);
  }
  if(elem) {
    if(res == 0) elem.innerHTML = msg1; else elem.innerHTML = msg2;
  }

}

function toggleAllBoxes() {
  if (document.getElementsByTagName) {
    d = document.getElementsByTagName('div');
    for (i = 0; i < d.length; i++) {
      if (d[i].className == 'log') {
        flip(d[i]);
      }
    }
  }
}

// -->

    </script>

</head>
<body>
<h2 align='center'>networker</h2>
<table align="center" border='1'>
    <tr>
        <td>Tests passed/Failed/Skipped:</td>
        <td>368/31/0</td>
    </tr>
    <tr>
        <td>Started on:</td>
        <td>Sat Aug 10 11:56:51 MSK 2019</td>
    </tr>
    <tr>
        <td>Total time:</td>
        <td>384 seconds (384661 ms)</td>
    </tr>
    <tr>
        <td>Included groups:</td>
        <td></td>
    </tr>
    <tr>
        <td>Excluded groups:</td>
        <td></td>
    </tr>
</table>
<p/>
<small><i>(Hover the method name to see the test class name)</i></small>
<p/>
<table border='1' class='invocation-failed' width='100%'>
    <tr>
        <td align='center' colspan='4'><b>FAILED TESTS</b></td>
    </tr>
    <tr>
        <td><b>Test method</b></td>
        <td width="30%"><b>Exception</b></td>
        <td width="10%"><b>Time (seconds)</b></td>
        <td><b>Instance</b></td>
    </tr>
    <tr>
        <td title='ru.vachok.networker.accesscontrol.common.usermanagement.RightsCheckerTest.copyExistsFiles()'><b>copyExistsFiles</b><br>Test class:
            ru.vachok.networker.accesscontrol.common.usermanagement.RightsCheckerTest
        </td>
        <td>
            <div><pre>java.lang.AssertionError: G:\My_Proj\FtpClientPlus\modules\networker\logscommon\common.own did not expect to find [true] but found [false]
	at ru.vachok.networker.accesscontrol.common.usermanagement.RightsCheckerTest.copyExistsFiles(RightsCheckerTest.java:82)
... Removed 29 stack frames</pre>
            </div>
            <a href='#' onClick='toggleBox("stack-trace1067780644", this, "Click to show all stack frames", "Click to hide stack frames")'>Click to show all stack frames</a>
            <div class='stack-trace' id='stack-trace1067780644'><pre>java.lang.AssertionError: G:\My_Proj\FtpClientPlus\modules\networker\logscommon\common.own did not expect to find [true] but found [false]
	at org.testng.Assert.fail(Assert.java:97)
	at org.testng.Assert.failNotEquals(Assert.java:969)
	at org.testng.Assert.assertTrue(Assert.java:43)
	at ru.vachok.networker.accesscontrol.common.usermanagement.RightsCheckerTest.copyExistsFiles(RightsCheckerTest.java:82)
	at java.base/jdk.internal.reflect.NativeMethodAccessorImpl.invoke0(Native Method)
	at java.base/jdk.internal.reflect.NativeMethodAccessorImpl.invoke(NativeMethodAccessorImpl.java:62)
	at java.base/jdk.internal.reflect.DelegatingMethodAccessorImpl.invoke(DelegatingMethodAccessorImpl.java:43)
	at java.base/java.lang.reflect.Method.invoke(Method.java:567)
	at org.testng.internal.MethodInvocationHelper.invokeMethod(MethodInvocationHelper.java:131)
	at org.testng.internal.TestInvoker.invokeMethod(TestInvoker.java:570)
	at org.testng.internal.TestInvoker.invokeTestMethod(TestInvoker.java:170)
	at org.testng.internal.MethodRunner.runInSequence(MethodRunner.java:46)
	at org.testng.internal.TestInvoker$MethodInvocationAgent.invoke(TestInvoker.java:790)
	at org.testng.internal.TestInvoker.invokeTestMethods(TestInvoker.java:143)
	at org.testng.internal.TestMethodWorker.invokeTestMethods(TestMethodWorker.java:146)
	at org.testng.internal.TestMethodWorker.run(TestMethodWorker.java:128)
	at org.testng.TestRunner.privateRun(TestRunner.java:763)
	at org.testng.TestRunner.run(TestRunner.java:594)
	at org.testng.SuiteRunner.runTest(SuiteRunner.java:398)
	at org.testng.SuiteRunner.runSequentially(SuiteRunner.java:392)
	at org.testng.SuiteRunner.privateRun(SuiteRunner.java:355)
	at org.testng.SuiteRunner.run(SuiteRunner.java:304)
	at org.testng.SuiteRunnerWorker.runSuite(SuiteRunnerWorker.java:53)
	at org.testng.SuiteRunnerWorker.run(SuiteRunnerWorker.java:96)
	at org.testng.TestNG.runSuitesSequentially(TestNG.java:1146)
	at org.testng.TestNG.runSuitesLocally(TestNG.java:1067)
	at org.testng.TestNG.runSuites(TestNG.java:997)
	at org.testng.TestNG.run(TestNG.java:965)
	at org.testng.IDEARemoteTestNG.run(IDEARemoteTestNG.java:73)
	at org.testng.RemoteTestNGStarter.main(RemoteTestNGStarter.java:123)
</pre>
            </div>
        </td>
        <td>0</td>
        <td>ru.vachok.networker.accesscontrol.common.usermanagement.RightsCheckerTest@32069394</td>
    </tr>
    <tr>
        <td title='ru.vachok.networker.services.MyCalenTest.planTruncateTableUsers()'><b>planTruncateTableUsers</b><br>Test class: ru.vachok.networker.services.MyCalenTest</td>
        <td>
            <div><pre>java.util.concurrent.RejectedExecutionException: Task java.util.concurrent.ScheduledThreadPoolExecutor$ScheduledFutureTask@2979c6ef[Not completed, task = java.util.concurrent.Executors$RunnableAdapter@137d04d8[Wrapped task = ru.vachok.networker.services.MyCalen$$Lambda$664/0x0000000801847840@25b8f9d2]] rejected from java.util.concurrent.ScheduledThreadPoolExecutor@73316a0a[Terminated, pool size = 0, active threads = 0, queued tasks = 0, completed tasks = 0]
	at java.base/java.util.concurrent.ThreadPoolExecutor$AbortPolicy.rejectedExecution(ThreadPoolExecutor.java:2055)
	at java.base/java.util.concurrent.ThreadPoolExecutor.reject(ThreadPoolExecutor.java:825)
	at java.base/java.util.concurrent.ScheduledThreadPoolExecutor.delayedExecute(ScheduledThreadPoolExecutor.java:340)
	at java.base/java.util.concurrent.ScheduledThreadPoolExecutor.scheduleWithFixedDelay(ScheduledThreadPoolExecutor.java:680)
	at ru.vachok.networker.services.MyCalen.planTruncateTableUsers(MyCalen.java:170)
	at ru.vachok.networker.services.MyCalenTest.planTruncateTableUsers(MyCalenTest.java:72)
... Removed 26 stack frames</pre>
            </div>
            <a href='#' onClick='toggleBox("stack-trace1799078390", this, "Click to show all stack frames", "Click to hide stack frames")'>Click to show all stack frames</a>
            <div class='stack-trace' id='stack-trace1799078390'><pre>java.util.concurrent.RejectedExecutionException: Task java.util.concurrent.ScheduledThreadPoolExecutor$ScheduledFutureTask@2979c6ef[Not completed, task = java.util.concurrent.Executors$RunnableAdapter@137d04d8[Wrapped task = ru.vachok.networker.services.MyCalen$$Lambda$664/0x0000000801847840@25b8f9d2]] rejected from java.util.concurrent.ScheduledThreadPoolExecutor@73316a0a[Terminated, pool size = 0, active threads = 0, queued tasks = 0, completed tasks = 0]
	at java.base/java.util.concurrent.ThreadPoolExecutor$AbortPolicy.rejectedExecution(ThreadPoolExecutor.java:2055)
	at java.base/java.util.concurrent.ThreadPoolExecutor.reject(ThreadPoolExecutor.java:825)
	at java.base/java.util.concurrent.ScheduledThreadPoolExecutor.delayedExecute(ScheduledThreadPoolExecutor.java:340)
	at java.base/java.util.concurrent.ScheduledThreadPoolExecutor.scheduleWithFixedDelay(ScheduledThreadPoolExecutor.java:680)
	at ru.vachok.networker.services.MyCalen.planTruncateTableUsers(MyCalen.java:170)
	at ru.vachok.networker.services.MyCalenTest.planTruncateTableUsers(MyCalenTest.java:72)
	at java.base/jdk.internal.reflect.NativeMethodAccessorImpl.invoke0(Native Method)
	at java.base/jdk.internal.reflect.NativeMethodAccessorImpl.invoke(NativeMethodAccessorImpl.java:62)
	at java.base/jdk.internal.reflect.DelegatingMethodAccessorImpl.invoke(DelegatingMethodAccessorImpl.java:43)
	at java.base/java.lang.reflect.Method.invoke(Method.java:567)
	at org.testng.internal.MethodInvocationHelper.invokeMethod(MethodInvocationHelper.java:131)
	at org.testng.internal.TestInvoker.invokeMethod(TestInvoker.java:570)
	at org.testng.internal.TestInvoker.invokeTestMethod(TestInvoker.java:170)
	at org.testng.internal.MethodRunner.runInSequence(MethodRunner.java:46)
	at org.testng.internal.TestInvoker$MethodInvocationAgent.invoke(TestInvoker.java:790)
	at org.testng.internal.TestInvoker.invokeTestMethods(TestInvoker.java:143)
	at org.testng.internal.TestMethodWorker.invokeTestMethods(TestMethodWorker.java:146)
	at org.testng.internal.TestMethodWorker.run(TestMethodWorker.java:128)
	at org.testng.TestRunner.privateRun(TestRunner.java:763)
	at org.testng.TestRunner.run(TestRunner.java:594)
	at org.testng.SuiteRunner.runTest(SuiteRunner.java:398)
	at org.testng.SuiteRunner.runSequentially(SuiteRunner.java:392)
	at org.testng.SuiteRunner.privateRun(SuiteRunner.java:355)
	at org.testng.SuiteRunner.run(SuiteRunner.java:304)
	at org.testng.SuiteRunnerWorker.runSuite(SuiteRunnerWorker.java:53)
	at org.testng.SuiteRunnerWorker.run(SuiteRunnerWorker.java:96)
	at org.testng.TestNG.runSuitesSequentially(TestNG.java:1146)
	at org.testng.TestNG.runSuitesLocally(TestNG.java:1067)
	at org.testng.TestNG.runSuites(TestNG.java:997)
	at org.testng.TestNG.run(TestNG.java:965)
	at org.testng.IDEARemoteTestNG.run(IDEARemoteTestNG.java:73)
	at org.testng.RemoteTestNGStarter.main(RemoteTestNGStarter.java:123)
</pre>
            </div>
        </td>
        <td>0</td>
        <td>ru.vachok.networker.services.MyCalenTest@495e8a3</td>
    </tr>
    <tr>
        <td title='ru.vachok.networker.accesscontrol.common.FileRestorerTest.realCall()'><b>realCall</b><br>Test class: ru.vachok.networker.accesscontrol.common.FileRestorerTest
        </td>
        <td>
            <div><pre>java.lang.AssertionError: null
FutureTask.java: java.base/java.util.concurrent.FutureTask.awaitDone(FutureTask.java:418)
FutureTask.java: java.base/java.util.concurrent.FutureTask.get(FutureTask.java:203)
FileRestorerTest.java: ru.vachok.networker.accesscontrol.common.FileRestorerTest.realCall(FileRestorerTest.java:45)



 expected [null] but found [java.lang.InterruptedException]
	at ru.vachok.networker.accesscontrol.common.FileRestorerTest.realCall(FileRestorerTest.java:52)
... Removed 55 stack frames</pre>
            </div>
            <a href='#' onClick='toggleBox("stack-trace1387466189", this, "Click to show all stack frames", "Click to hide stack frames")'>Click to show all stack frames</a>
            <div class='stack-trace' id='stack-trace1387466189'><pre>java.lang.AssertionError: null
FutureTask.java: java.base/java.util.concurrent.FutureTask.awaitDone(FutureTask.java:418)
FutureTask.java: java.base/java.util.concurrent.FutureTask.get(FutureTask.java:203)
FileRestorerTest.java: ru.vachok.networker.accesscontrol.common.FileRestorerTest.realCall(FileRestorerTest.java:45)
NativeMethodAccessorImpl.java: java.base/jdk.internal.reflect.NativeMethodAccessorImpl.invoke0(Native Method)
NativeMethodAccessorImpl.java: java.base/jdk.internal.reflect.NativeMethodAccessorImpl.invoke(NativeMethodAccessorImpl.java:62)
DelegatingMethodAccessorImpl.java: java.base/jdk.internal.reflect.DelegatingMethodAccessorImpl.invoke(DelegatingMethodAccessorImpl.java:43)
Method.java: java.base/java.lang.reflect.Method.invoke(Method.java:567)
MethodInvocationHelper.java: org.testng.internal.MethodInvocationHelper.invokeMethod(MethodInvocationHelper.java:131)
TestInvoker.java: org.testng.internal.TestInvoker.invokeMethod(TestInvoker.java:570)
TestInvoker.java: org.testng.internal.TestInvoker.invokeTestMethod(TestInvoker.java:170)
MethodRunner.java: org.testng.internal.MethodRunner.runInSequence(MethodRunner.java:46)
TestInvoker.java: org.testng.internal.TestInvoker$MethodInvocationAgent.invoke(TestInvoker.java:790)
TestInvoker.java: org.testng.internal.TestInvoker.invokeTestMethods(TestInvoker.java:143)
TestMethodWorker.java: org.testng.internal.TestMethodWorker.invokeTestMethods(TestMethodWorker.java:146)
TestMethodWorker.java: org.testng.internal.TestMethodWorker.run(TestMethodWorker.java:128)
TestRunner.java: org.testng.TestRunner.privateRun(TestRunner.java:763)
TestRunner.java: org.testng.TestRunner.run(TestRunner.java:594)
SuiteRunner.java: org.testng.SuiteRunner.runTest(SuiteRunner.java:398)
SuiteRunner.java: org.testng.SuiteRunner.runSequentially(SuiteRunner.java:392)
SuiteRunner.java: org.testng.SuiteRunner.privateRun(SuiteRunner.java:355)
SuiteRunner.java: org.testng.SuiteRunner.run(SuiteRunner.java:304)
SuiteRunnerWorker.java: org.testng.SuiteRunnerWorker.runSuite(SuiteRunnerWorker.java:53)
SuiteRunnerWorker.java: org.testng.SuiteRunnerWorker.run(SuiteRunnerWorker.java:96)
TestNG.java: org.testng.TestNG.runSuitesSequentially(TestNG.java:1146)
TestNG.java: org.testng.TestNG.runSuitesLocally(TestNG.java:1067)
TestNG.java: org.testng.TestNG.runSuites(TestNG.java:997)
TestNG.java: org.testng.TestNG.run(TestNG.java:965)
IDEARemoteTestNG.java: org.testng.IDEARemoteTestNG.run(IDEARemoteTestNG.java:73)
RemoteTestNGStarter.java: org.testng.RemoteTestNGStarter.main(RemoteTestNGStarter.java:123)



 expected [null] but found [java.lang.InterruptedException]
	at org.testng.Assert.fail(Assert.java:97)
	at org.testng.Assert.failNotSame(Assert.java:965)
	at org.testng.Assert.assertNull(Assert.java:898)
	at ru.vachok.networker.accesscontrol.common.FileRestorerTest.realCall(FileRestorerTest.java:52)
	at java.base/jdk.internal.reflect.NativeMethodAccessorImpl.invoke0(Native Method)
	at java.base/jdk.internal.reflect.NativeMethodAccessorImpl.invoke(NativeMethodAccessorImpl.java:62)
	at java.base/jdk.internal.reflect.DelegatingMethodAccessorImpl.invoke(DelegatingMethodAccessorImpl.java:43)
	at java.base/java.lang.reflect.Method.invoke(Method.java:567)
	at org.testng.internal.MethodInvocationHelper.invokeMethod(MethodInvocationHelper.java:131)
	at org.testng.internal.TestInvoker.invokeMethod(TestInvoker.java:570)
	at org.testng.internal.TestInvoker.invokeTestMethod(TestInvoker.java:170)
	at org.testng.internal.MethodRunner.runInSequence(MethodRunner.java:46)
	at org.testng.internal.TestInvoker$MethodInvocationAgent.invoke(TestInvoker.java:790)
	at org.testng.internal.TestInvoker.invokeTestMethods(TestInvoker.java:143)
	at org.testng.internal.TestMethodWorker.invokeTestMethods(TestMethodWorker.java:146)
	at org.testng.internal.TestMethodWorker.run(TestMethodWorker.java:128)
	at org.testng.TestRunner.privateRun(TestRunner.java:763)
	at org.testng.TestRunner.run(TestRunner.java:594)
	at org.testng.SuiteRunner.runTest(SuiteRunner.java:398)
	at org.testng.SuiteRunner.runSequentially(SuiteRunner.java:392)
	at org.testng.SuiteRunner.privateRun(SuiteRunner.java:355)
	at org.testng.SuiteRunner.run(SuiteRunner.java:304)
	at org.testng.SuiteRunnerWorker.runSuite(SuiteRunnerWorker.java:53)
	at org.testng.SuiteRunnerWorker.run(SuiteRunnerWorker.java:96)
	at org.testng.TestNG.runSuitesSequentially(TestNG.java:1146)
	at org.testng.TestNG.runSuitesLocally(TestNG.java:1067)
	at org.testng.TestNG.runSuites(TestNG.java:997)
	at org.testng.TestNG.run(TestNG.java:965)
	at org.testng.IDEARemoteTestNG.run(IDEARemoteTestNG.java:73)
	at org.testng.RemoteTestNGStarter.main(RemoteTestNGStarter.java:123)
</pre>
            </div>
        </td>
        <td>0</td>
        <td>ru.vachok.networker.accesscontrol.common.FileRestorerTest@51468039</td>
    </tr>
    <tr>
        <td title='ru.vachok.networker.accesscontrol.common.usermanagement.RightsCheckerTest.runChecker()'><b>runChecker</b><br>Test class:
            ru.vachok.networker.accesscontrol.common.usermanagement.RightsCheckerTest
        </td>
        <td>
            <div><pre>java.lang.AssertionError: null
FutureTask.java: java.base/java.util.concurrent.FutureTask.awaitDone(FutureTask.java:418)
FutureTask.java: java.base/java.util.concurrent.FutureTask.get(FutureTask.java:203)
RightsCheckerTest.java: ru.vachok.networker.accesscontrol.common.usermanagement.RightsCheckerTest.runChecker(RightsCheckerTest.java:61)



 expected [null] but found [java.lang.InterruptedException]
	at ru.vachok.networker.accesscontrol.common.usermanagement.RightsCheckerTest.runChecker(RightsCheckerTest.java:64)
... Removed 55 stack frames</pre>
            </div>
            <a href='#' onClick='toggleBox("stack-trace1226973575", this, "Click to show all stack frames", "Click to hide stack frames")'>Click to show all stack frames</a>
            <div class='stack-trace' id='stack-trace1226973575'><pre>java.lang.AssertionError: null
FutureTask.java: java.base/java.util.concurrent.FutureTask.awaitDone(FutureTask.java:418)
FutureTask.java: java.base/java.util.concurrent.FutureTask.get(FutureTask.java:203)
RightsCheckerTest.java: ru.vachok.networker.accesscontrol.common.usermanagement.RightsCheckerTest.runChecker(RightsCheckerTest.java:61)
NativeMethodAccessorImpl.java: java.base/jdk.internal.reflect.NativeMethodAccessorImpl.invoke0(Native Method)
NativeMethodAccessorImpl.java: java.base/jdk.internal.reflect.NativeMethodAccessorImpl.invoke(NativeMethodAccessorImpl.java:62)
DelegatingMethodAccessorImpl.java: java.base/jdk.internal.reflect.DelegatingMethodAccessorImpl.invoke(DelegatingMethodAccessorImpl.java:43)
Method.java: java.base/java.lang.reflect.Method.invoke(Method.java:567)
MethodInvocationHelper.java: org.testng.internal.MethodInvocationHelper.invokeMethod(MethodInvocationHelper.java:131)
TestInvoker.java: org.testng.internal.TestInvoker.invokeMethod(TestInvoker.java:570)
TestInvoker.java: org.testng.internal.TestInvoker.invokeTestMethod(TestInvoker.java:170)
MethodRunner.java: org.testng.internal.MethodRunner.runInSequence(MethodRunner.java:46)
TestInvoker.java: org.testng.internal.TestInvoker$MethodInvocationAgent.invoke(TestInvoker.java:790)
TestInvoker.java: org.testng.internal.TestInvoker.invokeTestMethods(TestInvoker.java:143)
TestMethodWorker.java: org.testng.internal.TestMethodWorker.invokeTestMethods(TestMethodWorker.java:146)
TestMethodWorker.java: org.testng.internal.TestMethodWorker.run(TestMethodWorker.java:128)
TestRunner.java: org.testng.TestRunner.privateRun(TestRunner.java:763)
TestRunner.java: org.testng.TestRunner.run(TestRunner.java:594)
SuiteRunner.java: org.testng.SuiteRunner.runTest(SuiteRunner.java:398)
SuiteRunner.java: org.testng.SuiteRunner.runSequentially(SuiteRunner.java:392)
SuiteRunner.java: org.testng.SuiteRunner.privateRun(SuiteRunner.java:355)
SuiteRunner.java: org.testng.SuiteRunner.run(SuiteRunner.java:304)
SuiteRunnerWorker.java: org.testng.SuiteRunnerWorker.runSuite(SuiteRunnerWorker.java:53)
SuiteRunnerWorker.java: org.testng.SuiteRunnerWorker.run(SuiteRunnerWorker.java:96)
TestNG.java: org.testng.TestNG.runSuitesSequentially(TestNG.java:1146)
TestNG.java: org.testng.TestNG.runSuitesLocally(TestNG.java:1067)
TestNG.java: org.testng.TestNG.runSuites(TestNG.java:997)
TestNG.java: org.testng.TestNG.run(TestNG.java:965)
IDEARemoteTestNG.java: org.testng.IDEARemoteTestNG.run(IDEARemoteTestNG.java:73)
RemoteTestNGStarter.java: org.testng.RemoteTestNGStarter.main(RemoteTestNGStarter.java:123)



 expected [null] but found [java.lang.InterruptedException]
	at org.testng.Assert.fail(Assert.java:97)
	at org.testng.Assert.failNotSame(Assert.java:965)
	at org.testng.Assert.assertNull(Assert.java:898)
	at ru.vachok.networker.accesscontrol.common.usermanagement.RightsCheckerTest.runChecker(RightsCheckerTest.java:64)
	at java.base/jdk.internal.reflect.NativeMethodAccessorImpl.invoke0(Native Method)
	at java.base/jdk.internal.reflect.NativeMethodAccessorImpl.invoke(NativeMethodAccessorImpl.java:62)
	at java.base/jdk.internal.reflect.DelegatingMethodAccessorImpl.invoke(DelegatingMethodAccessorImpl.java:43)
	at java.base/java.lang.reflect.Method.invoke(Method.java:567)
	at org.testng.internal.MethodInvocationHelper.invokeMethod(MethodInvocationHelper.java:131)
	at org.testng.internal.TestInvoker.invokeMethod(TestInvoker.java:570)
	at org.testng.internal.TestInvoker.invokeTestMethod(TestInvoker.java:170)
	at org.testng.internal.MethodRunner.runInSequence(MethodRunner.java:46)
	at org.testng.internal.TestInvoker$MethodInvocationAgent.invoke(TestInvoker.java:790)
	at org.testng.internal.TestInvoker.invokeTestMethods(TestInvoker.java:143)
	at org.testng.internal.TestMethodWorker.invokeTestMethods(TestMethodWorker.java:146)
	at org.testng.internal.TestMethodWorker.run(TestMethodWorker.java:128)
	at org.testng.TestRunner.privateRun(TestRunner.java:763)
	at org.testng.TestRunner.run(TestRunner.java:594)
	at org.testng.SuiteRunner.runTest(SuiteRunner.java:398)
	at org.testng.SuiteRunner.runSequentially(SuiteRunner.java:392)
	at org.testng.SuiteRunner.privateRun(SuiteRunner.java:355)
	at org.testng.SuiteRunner.run(SuiteRunner.java:304)
	at org.testng.SuiteRunnerWorker.runSuite(SuiteRunnerWorker.java:53)
	at org.testng.SuiteRunnerWorker.run(SuiteRunnerWorker.java:96)
	at org.testng.TestNG.runSuitesSequentially(TestNG.java:1146)
	at org.testng.TestNG.runSuitesLocally(TestNG.java:1067)
	at org.testng.TestNG.runSuites(TestNG.java:997)
	at org.testng.TestNG.run(TestNG.java:965)
	at org.testng.IDEARemoteTestNG.run(IDEARemoteTestNG.java:73)
	at org.testng.RemoteTestNGStarter.main(RemoteTestNGStarter.java:123)
</pre>
            </div>
        </td>
        <td>0</td>
        <td>ru.vachok.networker.accesscontrol.common.usermanagement.RightsCheckerTest@32069394</td>
    </tr>
    <tr>
        <td title='ru.vachok.networker.restapi.message.DBMessengerTest.sendMessage()'><b>sendMessage</b><br>Test class: ru.vachok.networker.restapi.message.DBMessengerTest</td>
        <td>
            <div><pre>java.lang.AssertionError: DROP command denied to user &apos;u0466446_network&apos;@&apos;91.192.22.201&apos; for table &apos;ru_vachok_networker&apos;
Util.java: com.mysql.jdbc.Util.handleNewInstance(Util.java:425)
Util.java: com.mysql.jdbc.Util.getInstance(Util.java:408)
SQLError.java: com.mysql.jdbc.SQLError.createSQLException(SQLError.java:944)
MysqlIO.java: com.mysql.jdbc.MysqlIO.checkErrorPacket(MysqlIO.java:3976)
MysqlIO.java: com.mysql.jdbc.MysqlIO.checkErrorPacket(MysqlIO.java:3912)
MysqlIO.java: com.mysql.jdbc.MysqlIO.sendCommand(MysqlIO.java:2530)
MysqlIO.java: com.mysql.jdbc.MysqlIO.sqlQueryDirect(MysqlIO.java:2683)
ConnectionImpl.java: com.mysql.jdbc.ConnectionImpl.execSQL(ConnectionImpl.java:2486)
PreparedStatement.java: com.mysql.jdbc.PreparedStatement.executeInternal(PreparedStatement.java:1858)
PreparedStatement.java: com.mysql.jdbc.PreparedStatement.executeUpdateInternal(PreparedStatement.java:2079)
PreparedStatement.java: com.mysql.jdbc.PreparedStatement.executeUpdateInternal(PreparedStatement.java:2013)
PreparedStatement.java: com.mysql.jdbc.PreparedStatement.executeLargeUpdate(PreparedStatement.java:5104)
PreparedStatement.java: com.mysql.jdbc.PreparedStatement.executeUpdate(PreparedStatement.java:1998)
DBMessengerTest.java: ru.vachok.networker.restapi.message.DBMessengerTest.checkMessageExistsInDatabase(DBMessengerTest.java:78)
DBMessengerTest.java: ru.vachok.networker.restapi.message.DBMessengerTest.sendMessage(DBMessengerTest.java:58)



 expected [null] but found [com.mysql.jdbc.exceptions.jdbc4.MySQLSyntaxErrorException: DROP command denied to user &apos;u0466446_network&apos;@&apos;91.192.22.201&apos; for table &apos;ru_vachok_networker&apos;]
	at ru.vachok.networker.restapi.message.DBMessengerTest.checkMessageExistsInDatabase(DBMessengerTest.java:84)
	at ru.vachok.networker.restapi.message.DBMessengerTest.sendMessage(DBMessengerTest.java:58)
... Removed 60 stack frames</pre>
            </div>
            <a href='#' onClick='toggleBox("stack-trace493495005", this, "Click to show all stack frames", "Click to hide stack frames")'>Click to show all stack frames</a>
            <div class='stack-trace' id='stack-trace493495005'><pre>java.lang.AssertionError: DROP command denied to user &apos;u0466446_network&apos;@&apos;91.192.22.201&apos; for table &apos;ru_vachok_networker&apos;
NativeConstructorAccessorImpl.java: java.base/jdk.internal.reflect.NativeConstructorAccessorImpl.newInstance0(Native Method)
NativeConstructorAccessorImpl.java: java.base/jdk.internal.reflect.NativeConstructorAccessorImpl.newInstance(NativeConstructorAccessorImpl.java:62)
DelegatingConstructorAccessorImpl.java: java.base/jdk.internal.reflect.DelegatingConstructorAccessorImpl.newInstance(DelegatingConstructorAccessorImpl.java:45)
Constructor.java: java.base/java.lang.reflect.Constructor.newInstanceWithCaller(Constructor.java:500)
Constructor.java: java.base/java.lang.reflect.Constructor.newInstance(Constructor.java:481)
Util.java: com.mysql.jdbc.Util.handleNewInstance(Util.java:425)
Util.java: com.mysql.jdbc.Util.getInstance(Util.java:408)
SQLError.java: com.mysql.jdbc.SQLError.createSQLException(SQLError.java:944)
MysqlIO.java: com.mysql.jdbc.MysqlIO.checkErrorPacket(MysqlIO.java:3976)
MysqlIO.java: com.mysql.jdbc.MysqlIO.checkErrorPacket(MysqlIO.java:3912)
MysqlIO.java: com.mysql.jdbc.MysqlIO.sendCommand(MysqlIO.java:2530)
MysqlIO.java: com.mysql.jdbc.MysqlIO.sqlQueryDirect(MysqlIO.java:2683)
ConnectionImpl.java: com.mysql.jdbc.ConnectionImpl.execSQL(ConnectionImpl.java:2486)
PreparedStatement.java: com.mysql.jdbc.PreparedStatement.executeInternal(PreparedStatement.java:1858)
PreparedStatement.java: com.mysql.jdbc.PreparedStatement.executeUpdateInternal(PreparedStatement.java:2079)
PreparedStatement.java: com.mysql.jdbc.PreparedStatement.executeUpdateInternal(PreparedStatement.java:2013)
PreparedStatement.java: com.mysql.jdbc.PreparedStatement.executeLargeUpdate(PreparedStatement.java:5104)
PreparedStatement.java: com.mysql.jdbc.PreparedStatement.executeUpdate(PreparedStatement.java:1998)
DBMessengerTest.java: ru.vachok.networker.restapi.message.DBMessengerTest.checkMessageExistsInDatabase(DBMessengerTest.java:78)
DBMessengerTest.java: ru.vachok.networker.restapi.message.DBMessengerTest.sendMessage(DBMessengerTest.java:58)
NativeMethodAccessorImpl.java: java.base/jdk.internal.reflect.NativeMethodAccessorImpl.invoke0(Native Method)
NativeMethodAccessorImpl.java: java.base/jdk.internal.reflect.NativeMethodAccessorImpl.invoke(NativeMethodAccessorImpl.java:62)
DelegatingMethodAccessorImpl.java: java.base/jdk.internal.reflect.DelegatingMethodAccessorImpl.invoke(DelegatingMethodAccessorImpl.java:43)
Method.java: java.base/java.lang.reflect.Method.invoke(Method.java:567)
MethodInvocationHelper.java: org.testng.internal.MethodInvocationHelper.invokeMethod(MethodInvocationHelper.java:131)
TestInvoker.java: org.testng.internal.TestInvoker.invokeMethod(TestInvoker.java:570)
TestInvoker.java: org.testng.internal.TestInvoker.invokeTestMethod(TestInvoker.java:170)
MethodRunner.java: org.testng.internal.MethodRunner.runInSequence(MethodRunner.java:46)
TestInvoker.java: org.testng.internal.TestInvoker$MethodInvocationAgent.invoke(TestInvoker.java:790)
TestInvoker.java: org.testng.internal.TestInvoker.invokeTestMethods(TestInvoker.java:143)
TestMethodWorker.java: org.testng.internal.TestMethodWorker.invokeTestMethods(TestMethodWorker.java:146)
TestMethodWorker.java: org.testng.internal.TestMethodWorker.run(TestMethodWorker.java:128)
TestRunner.java: org.testng.TestRunner.privateRun(TestRunner.java:763)
TestRunner.java: org.testng.TestRunner.run(TestRunner.java:594)
SuiteRunner.java: org.testng.SuiteRunner.runTest(SuiteRunner.java:398)
SuiteRunner.java: org.testng.SuiteRunner.runSequentially(SuiteRunner.java:392)
SuiteRunner.java: org.testng.SuiteRunner.privateRun(SuiteRunner.java:355)
SuiteRunner.java: org.testng.SuiteRunner.run(SuiteRunner.java:304)
SuiteRunnerWorker.java: org.testng.SuiteRunnerWorker.runSuite(SuiteRunnerWorker.java:53)
SuiteRunnerWorker.java: org.testng.SuiteRunnerWorker.run(SuiteRunnerWorker.java:96)
TestNG.java: org.testng.TestNG.runSuitesSequentially(TestNG.java:1146)
TestNG.java: org.testng.TestNG.runSuitesLocally(TestNG.java:1067)
TestNG.java: org.testng.TestNG.runSuites(TestNG.java:997)
TestNG.java: org.testng.TestNG.run(TestNG.java:965)
IDEARemoteTestNG.java: org.testng.IDEARemoteTestNG.run(IDEARemoteTestNG.java:73)
RemoteTestNGStarter.java: org.testng.RemoteTestNGStarter.main(RemoteTestNGStarter.java:123)



 expected [null] but found [com.mysql.jdbc.exceptions.jdbc4.MySQLSyntaxErrorException: DROP command denied to user &apos;u0466446_network&apos;@&apos;91.192.22.201&apos; for table &apos;ru_vachok_networker&apos;]
	at org.testng.Assert.fail(Assert.java:97)
	at org.testng.Assert.failNotSame(Assert.java:965)
	at org.testng.Assert.assertNull(Assert.java:898)
	at ru.vachok.networker.restapi.message.DBMessengerTest.checkMessageExistsInDatabase(DBMessengerTest.java:84)
	at ru.vachok.networker.restapi.message.DBMessengerTest.sendMessage(DBMessengerTest.java:58)
	at java.base/jdk.internal.reflect.NativeMethodAccessorImpl.invoke0(Native Method)
	at java.base/jdk.internal.reflect.NativeMethodAccessorImpl.invoke(NativeMethodAccessorImpl.java:62)
	at java.base/jdk.internal.reflect.DelegatingMethodAccessorImpl.invoke(DelegatingMethodAccessorImpl.java:43)
	at java.base/java.lang.reflect.Method.invoke(Method.java:567)
	at org.testng.internal.MethodInvocationHelper.invokeMethod(MethodInvocationHelper.java:131)
	at org.testng.internal.TestInvoker.invokeMethod(TestInvoker.java:570)
	at org.testng.internal.TestInvoker.invokeTestMethod(TestInvoker.java:170)
	at org.testng.internal.MethodRunner.runInSequence(MethodRunner.java:46)
	at org.testng.internal.TestInvoker$MethodInvocationAgent.invoke(TestInvoker.java:790)
	at org.testng.internal.TestInvoker.invokeTestMethods(TestInvoker.java:143)
	at org.testng.internal.TestMethodWorker.invokeTestMethods(TestMethodWorker.java:146)
	at org.testng.internal.TestMethodWorker.run(TestMethodWorker.java:128)
	at org.testng.TestRunner.privateRun(TestRunner.java:763)
	at org.testng.TestRunner.run(TestRunner.java:594)
	at org.testng.SuiteRunner.runTest(SuiteRunner.java:398)
	at org.testng.SuiteRunner.runSequentially(SuiteRunner.java:392)
	at org.testng.SuiteRunner.privateRun(SuiteRunner.java:355)
	at org.testng.SuiteRunner.run(SuiteRunner.java:304)
	at org.testng.SuiteRunnerWorker.runSuite(SuiteRunnerWorker.java:53)
	at org.testng.SuiteRunnerWorker.run(SuiteRunnerWorker.java:96)
	at org.testng.TestNG.runSuitesSequentially(TestNG.java:1146)
	at org.testng.TestNG.runSuitesLocally(TestNG.java:1067)
	at org.testng.TestNG.runSuites(TestNG.java:997)
	at org.testng.TestNG.run(TestNG.java:965)
	at org.testng.IDEARemoteTestNG.run(IDEARemoteTestNG.java:73)
	at org.testng.RemoteTestNGStarter.main(RemoteTestNGStarter.java:123)
</pre>
            </div>
        </td>
        <td>0</td>
        <td>ru.vachok.networker.restapi.message.DBMessengerTest@3278d065</td>
    </tr>
    <tr>
        <td title='ru.vachok.networker.componentsrepo.server.TelnetStarterTest.startServer()'><b>startServer</b><br>Test class:
            ru.vachok.networker.componentsrepo.server.TelnetStarterTest
        </td>
        <td>
            <div><pre>java.lang.AssertionError: null
FutureTask.java: java.base/java.util.concurrent.FutureTask.awaitDone(FutureTask.java:418)
FutureTask.java: java.base/java.util.concurrent.FutureTask.get(FutureTask.java:203)
TelnetStarterTest.java: ru.vachok.networker.componentsrepo.server.TelnetStarterTest.startServer(TelnetStarterTest.java:46)



 expected [null] but found [java.lang.InterruptedException]
	at ru.vachok.networker.componentsrepo.server.TelnetStarterTest.startServer(TelnetStarterTest.java:49)
... Removed 55 stack frames</pre>
            </div>
            <a href='#' onClick='toggleBox("stack-trace2048109909", this, "Click to show all stack frames", "Click to hide stack frames")'>Click to show all stack frames</a>
            <div class='stack-trace' id='stack-trace2048109909'><pre>java.lang.AssertionError: null
FutureTask.java: java.base/java.util.concurrent.FutureTask.awaitDone(FutureTask.java:418)
FutureTask.java: java.base/java.util.concurrent.FutureTask.get(FutureTask.java:203)
TelnetStarterTest.java: ru.vachok.networker.componentsrepo.server.TelnetStarterTest.startServer(TelnetStarterTest.java:46)
NativeMethodAccessorImpl.java: java.base/jdk.internal.reflect.NativeMethodAccessorImpl.invoke0(Native Method)
NativeMethodAccessorImpl.java: java.base/jdk.internal.reflect.NativeMethodAccessorImpl.invoke(NativeMethodAccessorImpl.java:62)
DelegatingMethodAccessorImpl.java: java.base/jdk.internal.reflect.DelegatingMethodAccessorImpl.invoke(DelegatingMethodAccessorImpl.java:43)
Method.java: java.base/java.lang.reflect.Method.invoke(Method.java:567)
MethodInvocationHelper.java: org.testng.internal.MethodInvocationHelper.invokeMethod(MethodInvocationHelper.java:131)
TestInvoker.java: org.testng.internal.TestInvoker.invokeMethod(TestInvoker.java:570)
TestInvoker.java: org.testng.internal.TestInvoker.invokeTestMethod(TestInvoker.java:170)
MethodRunner.java: org.testng.internal.MethodRunner.runInSequence(MethodRunner.java:46)
TestInvoker.java: org.testng.internal.TestInvoker$MethodInvocationAgent.invoke(TestInvoker.java:790)
TestInvoker.java: org.testng.internal.TestInvoker.invokeTestMethods(TestInvoker.java:143)
TestMethodWorker.java: org.testng.internal.TestMethodWorker.invokeTestMethods(TestMethodWorker.java:146)
TestMethodWorker.java: org.testng.internal.TestMethodWorker.run(TestMethodWorker.java:128)
TestRunner.java: org.testng.TestRunner.privateRun(TestRunner.java:763)
TestRunner.java: org.testng.TestRunner.run(TestRunner.java:594)
SuiteRunner.java: org.testng.SuiteRunner.runTest(SuiteRunner.java:398)
SuiteRunner.java: org.testng.SuiteRunner.runSequentially(SuiteRunner.java:392)
SuiteRunner.java: org.testng.SuiteRunner.privateRun(SuiteRunner.java:355)
SuiteRunner.java: org.testng.SuiteRunner.run(SuiteRunner.java:304)
SuiteRunnerWorker.java: org.testng.SuiteRunnerWorker.runSuite(SuiteRunnerWorker.java:53)
SuiteRunnerWorker.java: org.testng.SuiteRunnerWorker.run(SuiteRunnerWorker.java:96)
TestNG.java: org.testng.TestNG.runSuitesSequentially(TestNG.java:1146)
TestNG.java: org.testng.TestNG.runSuitesLocally(TestNG.java:1067)
TestNG.java: org.testng.TestNG.runSuites(TestNG.java:997)
TestNG.java: org.testng.TestNG.run(TestNG.java:965)
IDEARemoteTestNG.java: org.testng.IDEARemoteTestNG.run(IDEARemoteTestNG.java:73)
RemoteTestNGStarter.java: org.testng.RemoteTestNGStarter.main(RemoteTestNGStarter.java:123)



 expected [null] but found [java.lang.InterruptedException]
	at org.testng.Assert.fail(Assert.java:97)
	at org.testng.Assert.failNotSame(Assert.java:965)
	at org.testng.Assert.assertNull(Assert.java:898)
	at ru.vachok.networker.componentsrepo.server.TelnetStarterTest.startServer(TelnetStarterTest.java:49)
	at java.base/jdk.internal.reflect.NativeMethodAccessorImpl.invoke0(Native Method)
	at java.base/jdk.internal.reflect.NativeMethodAccessorImpl.invoke(NativeMethodAccessorImpl.java:62)
	at java.base/jdk.internal.reflect.DelegatingMethodAccessorImpl.invoke(DelegatingMethodAccessorImpl.java:43)
	at java.base/java.lang.reflect.Method.invoke(Method.java:567)
	at org.testng.internal.MethodInvocationHelper.invokeMethod(MethodInvocationHelper.java:131)
	at org.testng.internal.TestInvoker.invokeMethod(TestInvoker.java:570)
	at org.testng.internal.TestInvoker.invokeTestMethod(TestInvoker.java:170)
	at org.testng.internal.MethodRunner.runInSequence(MethodRunner.java:46)
	at org.testng.internal.TestInvoker$MethodInvocationAgent.invoke(TestInvoker.java:790)
	at org.testng.internal.TestInvoker.invokeTestMethods(TestInvoker.java:143)
	at org.testng.internal.TestMethodWorker.invokeTestMethods(TestMethodWorker.java:146)
	at org.testng.internal.TestMethodWorker.run(TestMethodWorker.java:128)
	at org.testng.TestRunner.privateRun(TestRunner.java:763)
	at org.testng.TestRunner.run(TestRunner.java:594)
	at org.testng.SuiteRunner.runTest(SuiteRunner.java:398)
	at org.testng.SuiteRunner.runSequentially(SuiteRunner.java:392)
	at org.testng.SuiteRunner.privateRun(SuiteRunner.java:355)
	at org.testng.SuiteRunner.run(SuiteRunner.java:304)
	at org.testng.SuiteRunnerWorker.runSuite(SuiteRunnerWorker.java:53)
	at org.testng.SuiteRunnerWorker.run(SuiteRunnerWorker.java:96)
	at org.testng.TestNG.runSuitesSequentially(TestNG.java:1146)
	at org.testng.TestNG.runSuitesLocally(TestNG.java:1067)
	at org.testng.TestNG.runSuites(TestNG.java:997)
	at org.testng.TestNG.run(TestNG.java:965)
	at org.testng.IDEARemoteTestNG.run(IDEARemoteTestNG.java:73)
	at org.testng.RemoteTestNGStarter.main(RemoteTestNGStarter.java:123)
</pre>
            </div>
        </td>
        <td>0</td>
        <td>ru.vachok.networker.componentsrepo.server.TelnetStarterTest@729d6ee2</td>
    </tr>
    <tr>
        <td title='ru.vachok.networker.systray.actions.ActionMakeInfoAboutOldCommonFilesTest.testActionPerformed()'><b>testActionPerformed</b><br>Test class:
            ru.vachok.networker.systray.actions.ActionMakeInfoAboutOldCommonFilesTest
        </td>
        <td>
            <div><pre>java.lang.AssertionError: did not expect to find [true] but found [false]
	at ru.vachok.networker.systray.actions.ActionMakeInfoAboutOldCommonFilesTest.testActionPerformed(ActionMakeInfoAboutOldCommonFilesTest.java:34)
... Removed 30 stack frames</pre>
            </div>
            <a href='#' onClick='toggleBox("stack-trace609825594", this, "Click to show all stack frames", "Click to hide stack frames")'>Click to show all stack frames</a>
            <div class='stack-trace' id='stack-trace609825594'><pre>java.lang.AssertionError: did not expect to find [true] but found [false]
	at org.testng.Assert.fail(Assert.java:97)
	at org.testng.Assert.failNotEquals(Assert.java:969)
	at org.testng.Assert.assertTrue(Assert.java:43)
	at org.testng.Assert.assertTrue(Assert.java:53)
	at ru.vachok.networker.systray.actions.ActionMakeInfoAboutOldCommonFilesTest.testActionPerformed(ActionMakeInfoAboutOldCommonFilesTest.java:34)
	at java.base/jdk.internal.reflect.NativeMethodAccessorImpl.invoke0(Native Method)
	at java.base/jdk.internal.reflect.NativeMethodAccessorImpl.invoke(NativeMethodAccessorImpl.java:62)
	at java.base/jdk.internal.reflect.DelegatingMethodAccessorImpl.invoke(DelegatingMethodAccessorImpl.java:43)
	at java.base/java.lang.reflect.Method.invoke(Method.java:567)
	at org.testng.internal.MethodInvocationHelper.invokeMethod(MethodInvocationHelper.java:131)
	at org.testng.internal.TestInvoker.invokeMethod(TestInvoker.java:570)
	at org.testng.internal.TestInvoker.invokeTestMethod(TestInvoker.java:170)
	at org.testng.internal.MethodRunner.runInSequence(MethodRunner.java:46)
	at org.testng.internal.TestInvoker$MethodInvocationAgent.invoke(TestInvoker.java:790)
	at org.testng.internal.TestInvoker.invokeTestMethods(TestInvoker.java:143)
	at org.testng.internal.TestMethodWorker.invokeTestMethods(TestMethodWorker.java:146)
	at org.testng.internal.TestMethodWorker.run(TestMethodWorker.java:128)
	at org.testng.TestRunner.privateRun(TestRunner.java:763)
	at org.testng.TestRunner.run(TestRunner.java:594)
	at org.testng.SuiteRunner.runTest(SuiteRunner.java:398)
	at org.testng.SuiteRunner.runSequentially(SuiteRunner.java:392)
	at org.testng.SuiteRunner.privateRun(SuiteRunner.java:355)
	at org.testng.SuiteRunner.run(SuiteRunner.java:304)
	at org.testng.SuiteRunnerWorker.runSuite(SuiteRunnerWorker.java:53)
	at org.testng.SuiteRunnerWorker.run(SuiteRunnerWorker.java:96)
	at org.testng.TestNG.runSuitesSequentially(TestNG.java:1146)
	at org.testng.TestNG.runSuitesLocally(TestNG.java:1067)
	at org.testng.TestNG.runSuites(TestNG.java:997)
	at org.testng.TestNG.run(TestNG.java:965)
	at org.testng.IDEARemoteTestNG.run(IDEARemoteTestNG.java:73)
	at org.testng.RemoteTestNGStarter.main(RemoteTestNGStarter.java:123)
</pre>
            </div>
        </td>
        <td>0</td>
        <td>ru.vachok.networker.systray.actions.ActionMakeInfoAboutOldCommonFilesTest@61bd0845</td>
    </tr>
    <tr>
        <td title='ru.vachok.networker.accesscontrol.common.usermanagement.UserACLManagerImplTest.testCreateACLForUserFromExistsACL()'><b>testCreateACLForUserFromExistsACL</b><br>Test
            class: ru.vachok.networker.accesscontrol.common.usermanagement.UserACLManagerImplTest
        </td>
        <td>
            <div><pre>java.lang.AssertionError: expected [HOME\14350:READ_DATA/WRITE_DATA/APPEND_DATA/READ_NAMED_ATTRS/WRITE_NAMED_ATTRS/EXECUTE/DELETE_CHILD/READ_ATTRIBUTES/WRITE_ATTRIBUTES/DELETE/READ_ACL/WRITE_ACL/WRITE_OWNER/SYNCHRONIZE:FILE_INHERIT/DIRECTORY_INHERIT:ALLOW] but found [HOME\14350:READ_DATA/WRITE_DATA/APPEND_DATA/READ_NAMED_ATTRS/WRITE_NAMED_ATTRS/EXECUTE/DELETE_CHILD/READ_ATTRIBUTES/WRITE_ATTRIBUTES/DELETE/READ_ACL/WRITE_ACL/WRITE_OWNER/SYNCHRONIZE:ALLOW]
	at ru.vachok.networker.accesscontrol.common.usermanagement.UserACLManagerImplTest.testCreateACLForUserFromExistsACL(UserACLManagerImplTest.java:105)
... Removed 30 stack frames</pre>
            </div>
            <a href='#' onClick='toggleBox("stack-trace585967750", this, "Click to show all stack frames", "Click to hide stack frames")'>Click to show all stack frames</a>
            <div class='stack-trace' id='stack-trace585967750'><pre>java.lang.AssertionError: expected [HOME\14350:READ_DATA/WRITE_DATA/APPEND_DATA/READ_NAMED_ATTRS/WRITE_NAMED_ATTRS/EXECUTE/DELETE_CHILD/READ_ATTRIBUTES/WRITE_ATTRIBUTES/DELETE/READ_ACL/WRITE_ACL/WRITE_OWNER/SYNCHRONIZE:FILE_INHERIT/DIRECTORY_INHERIT:ALLOW] but found [HOME\14350:READ_DATA/WRITE_DATA/APPEND_DATA/READ_NAMED_ATTRS/WRITE_NAMED_ATTRS/EXECUTE/DELETE_CHILD/READ_ATTRIBUTES/WRITE_ATTRIBUTES/DELETE/READ_ACL/WRITE_ACL/WRITE_OWNER/SYNCHRONIZE:ALLOW]
	at org.testng.Assert.fail(Assert.java:97)
	at org.testng.Assert.assertEqualsImpl(Assert.java:136)
	at org.testng.Assert.assertEquals(Assert.java:118)
	at org.testng.Assert.assertEquals(Assert.java:563)
	at ru.vachok.networker.accesscontrol.common.usermanagement.UserACLManagerImplTest.testCreateACLForUserFromExistsACL(UserACLManagerImplTest.java:105)
	at java.base/jdk.internal.reflect.NativeMethodAccessorImpl.invoke0(Native Method)
	at java.base/jdk.internal.reflect.NativeMethodAccessorImpl.invoke(NativeMethodAccessorImpl.java:62)
	at java.base/jdk.internal.reflect.DelegatingMethodAccessorImpl.invoke(DelegatingMethodAccessorImpl.java:43)
	at java.base/java.lang.reflect.Method.invoke(Method.java:567)
	at org.testng.internal.MethodInvocationHelper.invokeMethod(MethodInvocationHelper.java:131)
	at org.testng.internal.TestInvoker.invokeMethod(TestInvoker.java:570)
	at org.testng.internal.TestInvoker.invokeTestMethod(TestInvoker.java:170)
	at org.testng.internal.MethodRunner.runInSequence(MethodRunner.java:46)
	at org.testng.internal.TestInvoker$MethodInvocationAgent.invoke(TestInvoker.java:790)
	at org.testng.internal.TestInvoker.invokeTestMethods(TestInvoker.java:143)
	at org.testng.internal.TestMethodWorker.invokeTestMethods(TestMethodWorker.java:146)
	at org.testng.internal.TestMethodWorker.run(TestMethodWorker.java:128)
	at org.testng.TestRunner.privateRun(TestRunner.java:763)
	at org.testng.TestRunner.run(TestRunner.java:594)
	at org.testng.SuiteRunner.runTest(SuiteRunner.java:398)
	at org.testng.SuiteRunner.runSequentially(SuiteRunner.java:392)
	at org.testng.SuiteRunner.privateRun(SuiteRunner.java:355)
	at org.testng.SuiteRunner.run(SuiteRunner.java:304)
	at org.testng.SuiteRunnerWorker.runSuite(SuiteRunnerWorker.java:53)
	at org.testng.SuiteRunnerWorker.run(SuiteRunnerWorker.java:96)
	at org.testng.TestNG.runSuitesSequentially(TestNG.java:1146)
	at org.testng.TestNG.runSuitesLocally(TestNG.java:1067)
	at org.testng.TestNG.runSuites(TestNG.java:997)
	at org.testng.TestNG.run(TestNG.java:965)
	at org.testng.IDEARemoteTestNG.run(IDEARemoteTestNG.java:73)
	at org.testng.RemoteTestNGStarter.main(RemoteTestNGStarter.java:123)
</pre>
            </div>
        </td>
        <td>0</td>
        <td>ru.vachok.networker.accesscontrol.common.usermanagement.UserACLManagerImplTest@514dc5f4</td>
    </tr>
    <tr>
        <td title='ru.vachok.networker.AbstractNetworkerFactoryTest.testCreateNetMonitorFactory()'><b>testCreateNetMonitorFactory</b><br>Test class:
            ru.vachok.networker.AbstractNetworkerFactoryTest
        </td>
        <td>
            <div><pre>java.lang.AssertionError: did not expect to find [true] but found [false]
	at ru.vachok.networker.AbstractNetworkerFactoryTest.testCreateNetMonitorFactory(AbstractNetworkerFactoryTest.java:59)
... Removed 30 stack frames</pre>
            </div>
            <a href='#' onClick='toggleBox("stack-trace1712647370", this, "Click to show all stack frames", "Click to hide stack frames")'>Click to show all stack frames</a>
            <div class='stack-trace' id='stack-trace1712647370'><pre>java.lang.AssertionError: did not expect to find [true] but found [false]
	at org.testng.Assert.fail(Assert.java:97)
	at org.testng.Assert.failNotEquals(Assert.java:969)
	at org.testng.Assert.assertTrue(Assert.java:43)
	at org.testng.Assert.assertTrue(Assert.java:53)
	at ru.vachok.networker.AbstractNetworkerFactoryTest.testCreateNetMonitorFactory(AbstractNetworkerFactoryTest.java:59)
	at java.base/jdk.internal.reflect.NativeMethodAccessorImpl.invoke0(Native Method)
	at java.base/jdk.internal.reflect.NativeMethodAccessorImpl.invoke(NativeMethodAccessorImpl.java:62)
	at java.base/jdk.internal.reflect.DelegatingMethodAccessorImpl.invoke(DelegatingMethodAccessorImpl.java:43)
	at java.base/java.lang.reflect.Method.invoke(Method.java:567)
	at org.testng.internal.MethodInvocationHelper.invokeMethod(MethodInvocationHelper.java:131)
	at org.testng.internal.TestInvoker.invokeMethod(TestInvoker.java:570)
	at org.testng.internal.TestInvoker.invokeTestMethod(TestInvoker.java:170)
	at org.testng.internal.MethodRunner.runInSequence(MethodRunner.java:46)
	at org.testng.internal.TestInvoker$MethodInvocationAgent.invoke(TestInvoker.java:790)
	at org.testng.internal.TestInvoker.invokeTestMethods(TestInvoker.java:143)
	at org.testng.internal.TestMethodWorker.invokeTestMethods(TestMethodWorker.java:146)
	at org.testng.internal.TestMethodWorker.run(TestMethodWorker.java:128)
	at org.testng.TestRunner.privateRun(TestRunner.java:763)
	at org.testng.TestRunner.run(TestRunner.java:594)
	at org.testng.SuiteRunner.runTest(SuiteRunner.java:398)
	at org.testng.SuiteRunner.runSequentially(SuiteRunner.java:392)
	at org.testng.SuiteRunner.privateRun(SuiteRunner.java:355)
	at org.testng.SuiteRunner.run(SuiteRunner.java:304)
	at org.testng.SuiteRunnerWorker.runSuite(SuiteRunnerWorker.java:53)
	at org.testng.SuiteRunnerWorker.run(SuiteRunnerWorker.java:96)
	at org.testng.TestNG.runSuitesSequentially(TestNG.java:1146)
	at org.testng.TestNG.runSuitesLocally(TestNG.java:1067)
	at org.testng.TestNG.runSuites(TestNG.java:997)
	at org.testng.TestNG.run(TestNG.java:965)
	at org.testng.IDEARemoteTestNG.run(IDEARemoteTestNG.java:73)
	at org.testng.RemoteTestNGStarter.main(RemoteTestNGStarter.java:123)
</pre>
            </div>
        </td>
        <td>0</td>
        <td>ru.vachok.networker.AbstractNetworkerFactoryTest@56da8847</td>
    </tr>
    <tr>
        <td title='ru.vachok.networker.restapi.props.PreferencesHelperTest.testDelProps()'><b>testDelProps</b><br>Test class:
            ru.vachok.networker.restapi.props.PreferencesHelperTest
        </td>
        <td>
            <div><pre>java.lang.AssertionError: This functional is not ready yet. this is ru_vachok_networker- :ru.vachok.networker.restapi.props.PreferencesHelper.delProps(PreferencesHelper.java:29)

TODO: 06.08.2019 (23:25)
PreferencesHelper.java: ru.vachok.networker.restapi.props.PreferencesHelper.delProps(PreferencesHelper.java:29)
PreferencesHelperTest.java: ru.vachok.networker.restapi.props.PreferencesHelperTest.testDelProps(PreferencesHelperTest.java:72)



 expected [null] but found [ru.vachok.networker.componentsrepo.exceptions.TODOException: This functional is not ready yet. this is ru_vachok_networker- :ru.vachok.networker.restapi.props.PreferencesHelper.delProps(PreferencesHelper.java:29)

TODO: 06.08.2019 (23:25)]
	at ru.vachok.networker.restapi.props.PreferencesHelperTest.testDelProps(PreferencesHelperTest.java:75)
... Removed 55 stack frames</pre>
            </div>
            <a href='#' onClick='toggleBox("stack-trace1896452019", this, "Click to show all stack frames", "Click to hide stack frames")'>Click to show all stack frames</a>
            <div class='stack-trace' id='stack-trace1896452019'><pre>java.lang.AssertionError: This functional is not ready yet. this is ru_vachok_networker- :ru.vachok.networker.restapi.props.PreferencesHelper.delProps(PreferencesHelper.java:29)

TODO: 06.08.2019 (23:25)
PreferencesHelper.java: ru.vachok.networker.restapi.props.PreferencesHelper.delProps(PreferencesHelper.java:29)
PreferencesHelperTest.java: ru.vachok.networker.restapi.props.PreferencesHelperTest.testDelProps(PreferencesHelperTest.java:72)
NativeMethodAccessorImpl.java: java.base/jdk.internal.reflect.NativeMethodAccessorImpl.invoke0(Native Method)
NativeMethodAccessorImpl.java: java.base/jdk.internal.reflect.NativeMethodAccessorImpl.invoke(NativeMethodAccessorImpl.java:62)
DelegatingMethodAccessorImpl.java: java.base/jdk.internal.reflect.DelegatingMethodAccessorImpl.invoke(DelegatingMethodAccessorImpl.java:43)
Method.java: java.base/java.lang.reflect.Method.invoke(Method.java:567)
MethodInvocationHelper.java: org.testng.internal.MethodInvocationHelper.invokeMethod(MethodInvocationHelper.java:131)
TestInvoker.java: org.testng.internal.TestInvoker.invokeMethod(TestInvoker.java:570)
TestInvoker.java: org.testng.internal.TestInvoker.invokeTestMethod(TestInvoker.java:170)
MethodRunner.java: org.testng.internal.MethodRunner.runInSequence(MethodRunner.java:46)
TestInvoker.java: org.testng.internal.TestInvoker$MethodInvocationAgent.invoke(TestInvoker.java:790)
TestInvoker.java: org.testng.internal.TestInvoker.invokeTestMethods(TestInvoker.java:143)
TestMethodWorker.java: org.testng.internal.TestMethodWorker.invokeTestMethods(TestMethodWorker.java:146)
TestMethodWorker.java: org.testng.internal.TestMethodWorker.run(TestMethodWorker.java:128)
TestRunner.java: org.testng.TestRunner.privateRun(TestRunner.java:763)
TestRunner.java: org.testng.TestRunner.run(TestRunner.java:594)
SuiteRunner.java: org.testng.SuiteRunner.runTest(SuiteRunner.java:398)
SuiteRunner.java: org.testng.SuiteRunner.runSequentially(SuiteRunner.java:392)
SuiteRunner.java: org.testng.SuiteRunner.privateRun(SuiteRunner.java:355)
SuiteRunner.java: org.testng.SuiteRunner.run(SuiteRunner.java:304)
SuiteRunnerWorker.java: org.testng.SuiteRunnerWorker.runSuite(SuiteRunnerWorker.java:53)
SuiteRunnerWorker.java: org.testng.SuiteRunnerWorker.run(SuiteRunnerWorker.java:96)
TestNG.java: org.testng.TestNG.runSuitesSequentially(TestNG.java:1146)
TestNG.java: org.testng.TestNG.runSuitesLocally(TestNG.java:1067)
TestNG.java: org.testng.TestNG.runSuites(TestNG.java:997)
TestNG.java: org.testng.TestNG.run(TestNG.java:965)
IDEARemoteTestNG.java: org.testng.IDEARemoteTestNG.run(IDEARemoteTestNG.java:73)
RemoteTestNGStarter.java: org.testng.RemoteTestNGStarter.main(RemoteTestNGStarter.java:123)



 expected [null] but found [ru.vachok.networker.componentsrepo.exceptions.TODOException: This functional is not ready yet. this is ru_vachok_networker- :ru.vachok.networker.restapi.props.PreferencesHelper.delProps(PreferencesHelper.java:29)

TODO: 06.08.2019 (23:25)]
	at org.testng.Assert.fail(Assert.java:97)
	at org.testng.Assert.failNotSame(Assert.java:965)
	at org.testng.Assert.assertNull(Assert.java:898)
	at ru.vachok.networker.restapi.props.PreferencesHelperTest.testDelProps(PreferencesHelperTest.java:75)
	at java.base/jdk.internal.reflect.NativeMethodAccessorImpl.invoke0(Native Method)
	at java.base/jdk.internal.reflect.NativeMethodAccessorImpl.invoke(NativeMethodAccessorImpl.java:62)
	at java.base/jdk.internal.reflect.DelegatingMethodAccessorImpl.invoke(DelegatingMethodAccessorImpl.java:43)
	at java.base/java.lang.reflect.Method.invoke(Method.java:567)
	at org.testng.internal.MethodInvocationHelper.invokeMethod(MethodInvocationHelper.java:131)
	at org.testng.internal.TestInvoker.invokeMethod(TestInvoker.java:570)
	at org.testng.internal.TestInvoker.invokeTestMethod(TestInvoker.java:170)
	at org.testng.internal.MethodRunner.runInSequence(MethodRunner.java:46)
	at org.testng.internal.TestInvoker$MethodInvocationAgent.invoke(TestInvoker.java:790)
	at org.testng.internal.TestInvoker.invokeTestMethods(TestInvoker.java:143)
	at org.testng.internal.TestMethodWorker.invokeTestMethods(TestMethodWorker.java:146)
	at org.testng.internal.TestMethodWorker.run(TestMethodWorker.java:128)
	at org.testng.TestRunner.privateRun(TestRunner.java:763)
	at org.testng.TestRunner.run(TestRunner.java:594)
	at org.testng.SuiteRunner.runTest(SuiteRunner.java:398)
	at org.testng.SuiteRunner.runSequentially(SuiteRunner.java:392)
	at org.testng.SuiteRunner.privateRun(SuiteRunner.java:355)
	at org.testng.SuiteRunner.run(SuiteRunner.java:304)
	at org.testng.SuiteRunnerWorker.runSuite(SuiteRunnerWorker.java:53)
	at org.testng.SuiteRunnerWorker.run(SuiteRunnerWorker.java:96)
	at org.testng.TestNG.runSuitesSequentially(TestNG.java:1146)
	at org.testng.TestNG.runSuitesLocally(TestNG.java:1067)
	at org.testng.TestNG.runSuites(TestNG.java:997)
	at org.testng.TestNG.run(TestNG.java:965)
	at org.testng.IDEARemoteTestNG.run(IDEARemoteTestNG.java:73)
	at org.testng.RemoteTestNGStarter.main(RemoteTestNGStarter.java:123)
</pre>
            </div>
        </td>
        <td>0</td>
        <td>ru.vachok.networker.restapi.props.PreferencesHelperTest@65ff4b8c</td>
    </tr>
    <tr>
        <td title='ru.vachok.networker.abstr.NetKeeperTest.testGetAllDevices()'><b>testGetAllDevices</b><br>Test class: ru.vachok.networker.abstr.NetKeeperTest</td>
        <td>
            <div><pre>java.lang.AssertionError: did not expect to find [true] but found [false]
	at ru.vachok.networker.abstr.NetKeeperTest.testGetAllDevices(NetKeeperTest.java:66)
... Removed 30 stack frames</pre>
            </div>
            <a href='#' onClick='toggleBox("stack-trace553937658", this, "Click to show all stack frames", "Click to hide stack frames")'>Click to show all stack frames</a>
            <div class='stack-trace' id='stack-trace553937658'><pre>java.lang.AssertionError: did not expect to find [true] but found [false]
	at org.testng.Assert.fail(Assert.java:97)
	at org.testng.Assert.failNotEquals(Assert.java:969)
	at org.testng.Assert.assertTrue(Assert.java:43)
	at org.testng.Assert.assertTrue(Assert.java:53)
	at ru.vachok.networker.abstr.NetKeeperTest.testGetAllDevices(NetKeeperTest.java:66)
	at java.base/jdk.internal.reflect.NativeMethodAccessorImpl.invoke0(Native Method)
	at java.base/jdk.internal.reflect.NativeMethodAccessorImpl.invoke(NativeMethodAccessorImpl.java:62)
	at java.base/jdk.internal.reflect.DelegatingMethodAccessorImpl.invoke(DelegatingMethodAccessorImpl.java:43)
	at java.base/java.lang.reflect.Method.invoke(Method.java:567)
	at org.testng.internal.MethodInvocationHelper.invokeMethod(MethodInvocationHelper.java:131)
	at org.testng.internal.TestInvoker.invokeMethod(TestInvoker.java:570)
	at org.testng.internal.TestInvoker.invokeTestMethod(TestInvoker.java:170)
	at org.testng.internal.MethodRunner.runInSequence(MethodRunner.java:46)
	at org.testng.internal.TestInvoker$MethodInvocationAgent.invoke(TestInvoker.java:790)
	at org.testng.internal.TestInvoker.invokeTestMethods(TestInvoker.java:143)
	at org.testng.internal.TestMethodWorker.invokeTestMethods(TestMethodWorker.java:146)
	at org.testng.internal.TestMethodWorker.run(TestMethodWorker.java:128)
	at org.testng.TestRunner.privateRun(TestRunner.java:763)
	at org.testng.TestRunner.run(TestRunner.java:594)
	at org.testng.SuiteRunner.runTest(SuiteRunner.java:398)
	at org.testng.SuiteRunner.runSequentially(SuiteRunner.java:392)
	at org.testng.SuiteRunner.privateRun(SuiteRunner.java:355)
	at org.testng.SuiteRunner.run(SuiteRunner.java:304)
	at org.testng.SuiteRunnerWorker.runSuite(SuiteRunnerWorker.java:53)
	at org.testng.SuiteRunnerWorker.run(SuiteRunnerWorker.java:96)
	at org.testng.TestNG.runSuitesSequentially(TestNG.java:1146)
	at org.testng.TestNG.runSuitesLocally(TestNG.java:1067)
	at org.testng.TestNG.runSuites(TestNG.java:997)
	at org.testng.TestNG.run(TestNG.java:965)
	at org.testng.IDEARemoteTestNG.run(IDEARemoteTestNG.java:73)
	at org.testng.RemoteTestNGStarter.main(RemoteTestNGStarter.java:123)
</pre>
            </div>
        </td>
        <td>0</td>
        <td>ru.vachok.networker.abstr.NetKeeperTest@6eded11a</td>
    </tr>
    <tr>
        <td title='ru.vachok.networker.UsefulUtilitiesTest.testGetAtomicTime()'><b>testGetAtomicTime</b><br>Test class: ru.vachok.networker.UsefulUtilitiesTest</td>
        <td>
            <div><pre>ru.vachok.networker.componentsrepo.exceptions.TODOException: This functional is not ready yet. this is ru_vachok_networker- :ru.vachok.networker.UsefulUtilitiesTest.testGetAtomicTime(UsefulUtilitiesTest.java:82)

TODO: 10.08.2019 (11:50)
	at ru.vachok.networker.UsefulUtilitiesTest.testGetAtomicTime(UsefulUtilitiesTest.java:82)
... Removed 26 stack frames</pre>
            </div>
            <a href='#' onClick='toggleBox("stack-trace889129158", this, "Click to show all stack frames", "Click to hide stack frames")'>Click to show all stack frames</a>
            <div class='stack-trace' id='stack-trace889129158'><pre>ru.vachok.networker.componentsrepo.exceptions.TODOException: This functional is not ready yet. this is ru_vachok_networker- :ru.vachok.networker.UsefulUtilitiesTest.testGetAtomicTime(UsefulUtilitiesTest.java:82)

TODO: 10.08.2019 (11:50)
	at ru.vachok.networker.UsefulUtilitiesTest.testGetAtomicTime(UsefulUtilitiesTest.java:82)
	at java.base/jdk.internal.reflect.NativeMethodAccessorImpl.invoke0(Native Method)
	at java.base/jdk.internal.reflect.NativeMethodAccessorImpl.invoke(NativeMethodAccessorImpl.java:62)
	at java.base/jdk.internal.reflect.DelegatingMethodAccessorImpl.invoke(DelegatingMethodAccessorImpl.java:43)
	at java.base/java.lang.reflect.Method.invoke(Method.java:567)
	at org.testng.internal.MethodInvocationHelper.invokeMethod(MethodInvocationHelper.java:131)
	at org.testng.internal.TestInvoker.invokeMethod(TestInvoker.java:570)
	at org.testng.internal.TestInvoker.invokeTestMethod(TestInvoker.java:170)
	at org.testng.internal.MethodRunner.runInSequence(MethodRunner.java:46)
	at org.testng.internal.TestInvoker$MethodInvocationAgent.invoke(TestInvoker.java:790)
	at org.testng.internal.TestInvoker.invokeTestMethods(TestInvoker.java:143)
	at org.testng.internal.TestMethodWorker.invokeTestMethods(TestMethodWorker.java:146)
	at org.testng.internal.TestMethodWorker.run(TestMethodWorker.java:128)
	at org.testng.TestRunner.privateRun(TestRunner.java:763)
	at org.testng.TestRunner.run(TestRunner.java:594)
	at org.testng.SuiteRunner.runTest(SuiteRunner.java:398)
	at org.testng.SuiteRunner.runSequentially(SuiteRunner.java:392)
	at org.testng.SuiteRunner.privateRun(SuiteRunner.java:355)
	at org.testng.SuiteRunner.run(SuiteRunner.java:304)
	at org.testng.SuiteRunnerWorker.runSuite(SuiteRunnerWorker.java:53)
	at org.testng.SuiteRunnerWorker.run(SuiteRunnerWorker.java:96)
	at org.testng.TestNG.runSuitesSequentially(TestNG.java:1146)
	at org.testng.TestNG.runSuitesLocally(TestNG.java:1067)
	at org.testng.TestNG.runSuites(TestNG.java:997)
	at org.testng.TestNG.run(TestNG.java:965)
	at org.testng.IDEARemoteTestNG.run(IDEARemoteTestNG.java:73)
	at org.testng.RemoteTestNGStarter.main(RemoteTestNGStarter.java:123)
</pre>
            </div>
        </td>
        <td>0</td>
        <td>ru.vachok.networker.UsefulUtilitiesTest@515c732d</td>
    </tr>
    <tr>
        <td title='ru.vachok.networker.abstr.NetKeeperTest.testGetCurrentScanLists()'><b>testGetCurrentScanLists</b><br>Test class: ru.vachok.networker.abstr.NetKeeperTest</td>
        <td>
            <div><pre>java.lang.AssertionError: did not expect to find [true] but found [false]
	at ru.vachok.networker.abstr.NetKeeperTest.testGetCurrentScanLists(NetKeeperTest.java:43)
... Removed 30 stack frames</pre>
            </div>
            <a href='#' onClick='toggleBox("stack-trace1876077813", this, "Click to show all stack frames", "Click to hide stack frames")'>Click to show all stack frames</a>
            <div class='stack-trace' id='stack-trace1876077813'><pre>java.lang.AssertionError: did not expect to find [true] but found [false]
	at org.testng.Assert.fail(Assert.java:97)
	at org.testng.Assert.failNotEquals(Assert.java:969)
	at org.testng.Assert.assertTrue(Assert.java:43)
	at org.testng.Assert.assertTrue(Assert.java:53)
	at ru.vachok.networker.abstr.NetKeeperTest.testGetCurrentScanLists(NetKeeperTest.java:43)
	at java.base/jdk.internal.reflect.NativeMethodAccessorImpl.invoke0(Native Method)
	at java.base/jdk.internal.reflect.NativeMethodAccessorImpl.invoke(NativeMethodAccessorImpl.java:62)
	at java.base/jdk.internal.reflect.DelegatingMethodAccessorImpl.invoke(DelegatingMethodAccessorImpl.java:43)
	at java.base/java.lang.reflect.Method.invoke(Method.java:567)
	at org.testng.internal.MethodInvocationHelper.invokeMethod(MethodInvocationHelper.java:131)
	at org.testng.internal.TestInvoker.invokeMethod(TestInvoker.java:570)
	at org.testng.internal.TestInvoker.invokeTestMethod(TestInvoker.java:170)
	at org.testng.internal.MethodRunner.runInSequence(MethodRunner.java:46)
	at org.testng.internal.TestInvoker$MethodInvocationAgent.invoke(TestInvoker.java:790)
	at org.testng.internal.TestInvoker.invokeTestMethods(TestInvoker.java:143)
	at org.testng.internal.TestMethodWorker.invokeTestMethods(TestMethodWorker.java:146)
	at org.testng.internal.TestMethodWorker.run(TestMethodWorker.java:128)
	at org.testng.TestRunner.privateRun(TestRunner.java:763)
	at org.testng.TestRunner.run(TestRunner.java:594)
	at org.testng.SuiteRunner.runTest(SuiteRunner.java:398)
	at org.testng.SuiteRunner.runSequentially(SuiteRunner.java:392)
	at org.testng.SuiteRunner.privateRun(SuiteRunner.java:355)
	at org.testng.SuiteRunner.run(SuiteRunner.java:304)
	at org.testng.SuiteRunnerWorker.runSuite(SuiteRunnerWorker.java:53)
	at org.testng.SuiteRunnerWorker.run(SuiteRunnerWorker.java:96)
	at org.testng.TestNG.runSuitesSequentially(TestNG.java:1146)
	at org.testng.TestNG.runSuitesLocally(TestNG.java:1067)
	at org.testng.TestNG.runSuites(TestNG.java:997)
	at org.testng.TestNG.run(TestNG.java:965)
	at org.testng.IDEARemoteTestNG.run(IDEARemoteTestNG.java:73)
	at org.testng.RemoteTestNGStarter.main(RemoteTestNGStarter.java:123)
</pre>
            </div>
        </td>
        <td>0</td>
        <td>ru.vachok.networker.abstr.NetKeeperTest@6eded11a</td>
    </tr>
    <tr>
        <td title='ru.vachok.networker.UsefulUtilitiesTest.testGetDelay()'><b>testGetDelay</b><br>Test class: ru.vachok.networker.UsefulUtilitiesTest</td>
        <td>
            <div><pre>ru.vachok.networker.componentsrepo.exceptions.TODOException: This functional is not ready yet. this is ru_vachok_networker- :ru.vachok.networker.UsefulUtilitiesTest.testGetDelay(UsefulUtilitiesTest.java:67)

TODO: 10.08.2019 (11:50)
	at ru.vachok.networker.UsefulUtilitiesTest.testGetDelay(UsefulUtilitiesTest.java:67)
... Removed 26 stack frames</pre>
            </div>
            <a href='#' onClick='toggleBox("stack-trace2041615726", this, "Click to show all stack frames", "Click to hide stack frames")'>Click to show all stack frames</a>
            <div class='stack-trace' id='stack-trace2041615726'><pre>ru.vachok.networker.componentsrepo.exceptions.TODOException: This functional is not ready yet. this is ru_vachok_networker- :ru.vachok.networker.UsefulUtilitiesTest.testGetDelay(UsefulUtilitiesTest.java:67)

TODO: 10.08.2019 (11:50)
	at ru.vachok.networker.UsefulUtilitiesTest.testGetDelay(UsefulUtilitiesTest.java:67)
	at java.base/jdk.internal.reflect.NativeMethodAccessorImpl.invoke0(Native Method)
	at java.base/jdk.internal.reflect.NativeMethodAccessorImpl.invoke(NativeMethodAccessorImpl.java:62)
	at java.base/jdk.internal.reflect.DelegatingMethodAccessorImpl.invoke(DelegatingMethodAccessorImpl.java:43)
	at java.base/java.lang.reflect.Method.invoke(Method.java:567)
	at org.testng.internal.MethodInvocationHelper.invokeMethod(MethodInvocationHelper.java:131)
	at org.testng.internal.TestInvoker.invokeMethod(TestInvoker.java:570)
	at org.testng.internal.TestInvoker.invokeTestMethod(TestInvoker.java:170)
	at org.testng.internal.MethodRunner.runInSequence(MethodRunner.java:46)
	at org.testng.internal.TestInvoker$MethodInvocationAgent.invoke(TestInvoker.java:790)
	at org.testng.internal.TestInvoker.invokeTestMethods(TestInvoker.java:143)
	at org.testng.internal.TestMethodWorker.invokeTestMethods(TestMethodWorker.java:146)
	at org.testng.internal.TestMethodWorker.run(TestMethodWorker.java:128)
	at org.testng.TestRunner.privateRun(TestRunner.java:763)
	at org.testng.TestRunner.run(TestRunner.java:594)
	at org.testng.SuiteRunner.runTest(SuiteRunner.java:398)
	at org.testng.SuiteRunner.runSequentially(SuiteRunner.java:392)
	at org.testng.SuiteRunner.privateRun(SuiteRunner.java:355)
	at org.testng.SuiteRunner.run(SuiteRunner.java:304)
	at org.testng.SuiteRunnerWorker.runSuite(SuiteRunnerWorker.java:53)
	at org.testng.SuiteRunnerWorker.run(SuiteRunnerWorker.java:96)
	at org.testng.TestNG.runSuitesSequentially(TestNG.java:1146)
	at org.testng.TestNG.runSuitesLocally(TestNG.java:1067)
	at org.testng.TestNG.runSuites(TestNG.java:997)
	at org.testng.TestNG.run(TestNG.java:965)
	at org.testng.IDEARemoteTestNG.run(IDEARemoteTestNG.java:73)
	at org.testng.RemoteTestNGStarter.main(RemoteTestNGStarter.java:123)
</pre>
            </div>
        </td>
        <td>0</td>
        <td>ru.vachok.networker.UsefulUtilitiesTest@515c732d</td>
    </tr>
    <tr>
        <td title='ru.vachok.networker.abstr.NetKeeperTest.testGetKudrWorkTime()'><b>testGetKudrWorkTime</b><br>Test class: ru.vachok.networker.abstr.NetKeeperTest</td>
        <td>
            <div><pre>java.lang.AssertionError: did not expect to find [true] but found [false]
	at ru.vachok.networker.abstr.NetKeeperTest.testGetKudrWorkTime(NetKeeperTest.java:72)
... Removed 30 stack frames</pre>
            </div>
            <a href='#' onClick='toggleBox("stack-trace915404990", this, "Click to show all stack frames", "Click to hide stack frames")'>Click to show all stack frames</a>
            <div class='stack-trace' id='stack-trace915404990'><pre>java.lang.AssertionError: did not expect to find [true] but found [false]
	at org.testng.Assert.fail(Assert.java:97)
	at org.testng.Assert.failNotEquals(Assert.java:969)
	at org.testng.Assert.assertTrue(Assert.java:43)
	at org.testng.Assert.assertTrue(Assert.java:53)
	at ru.vachok.networker.abstr.NetKeeperTest.testGetKudrWorkTime(NetKeeperTest.java:72)
	at java.base/jdk.internal.reflect.NativeMethodAccessorImpl.invoke0(Native Method)
	at java.base/jdk.internal.reflect.NativeMethodAccessorImpl.invoke(NativeMethodAccessorImpl.java:62)
	at java.base/jdk.internal.reflect.DelegatingMethodAccessorImpl.invoke(DelegatingMethodAccessorImpl.java:43)
	at java.base/java.lang.reflect.Method.invoke(Method.java:567)
	at org.testng.internal.MethodInvocationHelper.invokeMethod(MethodInvocationHelper.java:131)
	at org.testng.internal.TestInvoker.invokeMethod(TestInvoker.java:570)
	at org.testng.internal.TestInvoker.invokeTestMethod(TestInvoker.java:170)
	at org.testng.internal.MethodRunner.runInSequence(MethodRunner.java:46)
	at org.testng.internal.TestInvoker$MethodInvocationAgent.invoke(TestInvoker.java:790)
	at org.testng.internal.TestInvoker.invokeTestMethods(TestInvoker.java:143)
	at org.testng.internal.TestMethodWorker.invokeTestMethods(TestMethodWorker.java:146)
	at org.testng.internal.TestMethodWorker.run(TestMethodWorker.java:128)
	at org.testng.TestRunner.privateRun(TestRunner.java:763)
	at org.testng.TestRunner.run(TestRunner.java:594)
	at org.testng.SuiteRunner.runTest(SuiteRunner.java:398)
	at org.testng.SuiteRunner.runSequentially(SuiteRunner.java:392)
	at org.testng.SuiteRunner.privateRun(SuiteRunner.java:355)
	at org.testng.SuiteRunner.run(SuiteRunner.java:304)
	at org.testng.SuiteRunnerWorker.runSuite(SuiteRunnerWorker.java:53)
	at org.testng.SuiteRunnerWorker.run(SuiteRunnerWorker.java:96)
	at org.testng.TestNG.runSuitesSequentially(TestNG.java:1146)
	at org.testng.TestNG.runSuitesLocally(TestNG.java:1067)
	at org.testng.TestNG.runSuites(TestNG.java:997)
	at org.testng.TestNG.run(TestNG.java:965)
	at org.testng.IDEARemoteTestNG.run(IDEARemoteTestNG.java:73)
	at org.testng.RemoteTestNGStarter.main(RemoteTestNGStarter.java:123)
</pre>
            </div>
        </td>
        <td>0</td>
        <td>ru.vachok.networker.abstr.NetKeeperTest@6eded11a</td>
    </tr>
    <tr>
        <td title='ru.vachok.networker.UsefulUtilitiesTest.testGetMailRules()'><b>testGetMailRules</b><br>Test class: ru.vachok.networker.UsefulUtilitiesTest</td>
        <td>
            <div><pre>ru.vachok.networker.componentsrepo.exceptions.TODOException: This functional is not ready yet. this is ru_vachok_networker- :ru.vachok.networker.UsefulUtilitiesTest.testGetMailRules(UsefulUtilitiesTest.java:37)

TODO: 10.08.2019 (11:51)
	at ru.vachok.networker.UsefulUtilitiesTest.testGetMailRules(UsefulUtilitiesTest.java:37)
... Removed 26 stack frames</pre>
            </div>
            <a href='#' onClick='toggleBox("stack-trace1242611737", this, "Click to show all stack frames", "Click to hide stack frames")'>Click to show all stack frames</a>
            <div class='stack-trace' id='stack-trace1242611737'><pre>ru.vachok.networker.componentsrepo.exceptions.TODOException: This functional is not ready yet. this is ru_vachok_networker- :ru.vachok.networker.UsefulUtilitiesTest.testGetMailRules(UsefulUtilitiesTest.java:37)

TODO: 10.08.2019 (11:51)
	at ru.vachok.networker.UsefulUtilitiesTest.testGetMailRules(UsefulUtilitiesTest.java:37)
	at java.base/jdk.internal.reflect.NativeMethodAccessorImpl.invoke0(Native Method)
	at java.base/jdk.internal.reflect.NativeMethodAccessorImpl.invoke(NativeMethodAccessorImpl.java:62)
	at java.base/jdk.internal.reflect.DelegatingMethodAccessorImpl.invoke(DelegatingMethodAccessorImpl.java:43)
	at java.base/java.lang.reflect.Method.invoke(Method.java:567)
	at org.testng.internal.MethodInvocationHelper.invokeMethod(MethodInvocationHelper.java:131)
	at org.testng.internal.TestInvoker.invokeMethod(TestInvoker.java:570)
	at org.testng.internal.TestInvoker.invokeTestMethod(TestInvoker.java:170)
	at org.testng.internal.MethodRunner.runInSequence(MethodRunner.java:46)
	at org.testng.internal.TestInvoker$MethodInvocationAgent.invoke(TestInvoker.java:790)
	at org.testng.internal.TestInvoker.invokeTestMethods(TestInvoker.java:143)
	at org.testng.internal.TestMethodWorker.invokeTestMethods(TestMethodWorker.java:146)
	at org.testng.internal.TestMethodWorker.run(TestMethodWorker.java:128)
	at org.testng.TestRunner.privateRun(TestRunner.java:763)
	at org.testng.TestRunner.run(TestRunner.java:594)
	at org.testng.SuiteRunner.runTest(SuiteRunner.java:398)
	at org.testng.SuiteRunner.runSequentially(SuiteRunner.java:392)
	at org.testng.SuiteRunner.privateRun(SuiteRunner.java:355)
	at org.testng.SuiteRunner.run(SuiteRunner.java:304)
	at org.testng.SuiteRunnerWorker.runSuite(SuiteRunnerWorker.java:53)
	at org.testng.SuiteRunnerWorker.run(SuiteRunnerWorker.java:96)
	at org.testng.TestNG.runSuitesSequentially(TestNG.java:1146)
	at org.testng.TestNG.runSuitesLocally(TestNG.java:1067)
	at org.testng.TestNG.runSuites(TestNG.java:997)
	at org.testng.TestNG.run(TestNG.java:965)
	at org.testng.IDEARemoteTestNG.run(IDEARemoteTestNG.java:73)
	at org.testng.RemoteTestNGStarter.main(RemoteTestNGStarter.java:123)
</pre>
            </div>
        </td>
        <td>0</td>
        <td>ru.vachok.networker.UsefulUtilitiesTest@515c732d</td>
    </tr>
    <tr>
        <td title='ru.vachok.networker.UsefulUtilitiesTest.testGetMyTime()'><b>testGetMyTime</b><br>Test class: ru.vachok.networker.UsefulUtilitiesTest</td>
        <td>
            <div><pre>ru.vachok.networker.componentsrepo.exceptions.TODOException: This functional is not ready yet. this is ru_vachok_networker- :ru.vachok.networker.UsefulUtilitiesTest.testGetMyTime(UsefulUtilitiesTest.java:62)

TODO: 10.08.2019 (11:50)
	at ru.vachok.networker.UsefulUtilitiesTest.testGetMyTime(UsefulUtilitiesTest.java:62)
... Removed 26 stack frames</pre>
            </div>
            <a href='#' onClick='toggleBox("stack-trace712217251", this, "Click to show all stack frames", "Click to hide stack frames")'>Click to show all stack frames</a>
            <div class='stack-trace' id='stack-trace712217251'><pre>ru.vachok.networker.componentsrepo.exceptions.TODOException: This functional is not ready yet. this is ru_vachok_networker- :ru.vachok.networker.UsefulUtilitiesTest.testGetMyTime(UsefulUtilitiesTest.java:62)

TODO: 10.08.2019 (11:50)
	at ru.vachok.networker.UsefulUtilitiesTest.testGetMyTime(UsefulUtilitiesTest.java:62)
	at java.base/jdk.internal.reflect.NativeMethodAccessorImpl.invoke0(Native Method)
	at java.base/jdk.internal.reflect.NativeMethodAccessorImpl.invoke(NativeMethodAccessorImpl.java:62)
	at java.base/jdk.internal.reflect.DelegatingMethodAccessorImpl.invoke(DelegatingMethodAccessorImpl.java:43)
	at java.base/java.lang.reflect.Method.invoke(Method.java:567)
	at org.testng.internal.MethodInvocationHelper.invokeMethod(MethodInvocationHelper.java:131)
	at org.testng.internal.TestInvoker.invokeMethod(TestInvoker.java:570)
	at org.testng.internal.TestInvoker.invokeTestMethod(TestInvoker.java:170)
	at org.testng.internal.MethodRunner.runInSequence(MethodRunner.java:46)
	at org.testng.internal.TestInvoker$MethodInvocationAgent.invoke(TestInvoker.java:790)
	at org.testng.internal.TestInvoker.invokeTestMethods(TestInvoker.java:143)
	at org.testng.internal.TestMethodWorker.invokeTestMethods(TestMethodWorker.java:146)
	at org.testng.internal.TestMethodWorker.run(TestMethodWorker.java:128)
	at org.testng.TestRunner.privateRun(TestRunner.java:763)
	at org.testng.TestRunner.run(TestRunner.java:594)
	at org.testng.SuiteRunner.runTest(SuiteRunner.java:398)
	at org.testng.SuiteRunner.runSequentially(SuiteRunner.java:392)
	at org.testng.SuiteRunner.privateRun(SuiteRunner.java:355)
	at org.testng.SuiteRunner.run(SuiteRunner.java:304)
	at org.testng.SuiteRunnerWorker.runSuite(SuiteRunnerWorker.java:53)
	at org.testng.SuiteRunnerWorker.run(SuiteRunnerWorker.java:96)
	at org.testng.TestNG.runSuitesSequentially(TestNG.java:1146)
	at org.testng.TestNG.runSuitesLocally(TestNG.java:1067)
	at org.testng.TestNG.runSuites(TestNG.java:997)
	at org.testng.TestNG.run(TestNG.java:965)
	at org.testng.IDEARemoteTestNG.run(IDEARemoteTestNG.java:73)
	at org.testng.RemoteTestNGStarter.main(RemoteTestNGStarter.java:123)
</pre>
            </div>
        </td>
        <td>0</td>
        <td>ru.vachok.networker.UsefulUtilitiesTest@515c732d</td>
    </tr>
    <tr>
        <td title='ru.vachok.networker.restapi.props.PreferencesHelperTest.testGetProps()'><b>testGetProps</b><br>Test class:
            ru.vachok.networker.restapi.props.PreferencesHelperTest
        </td>
        <td>
            <div><pre>ru.vachok.networker.componentsrepo.exceptions.TODOException: This functional is not ready yet. this is ru_vachok_networker- :ru.vachok.networker.restapi.props.PreferencesHelper.getProps(PreferencesHelper.java:19)

TODO: 06.08.2019 (23:25)
	at ru.vachok.networker.restapi.props.PreferencesHelper.getProps(PreferencesHelper.java:19)
	at ru.vachok.networker.restapi.props.PreferencesHelperTest.testGetProps(PreferencesHelperTest.java:48)
... Removed 26 stack frames</pre>
            </div>
            <a href='#' onClick='toggleBox("stack-trace2080126677", this, "Click to show all stack frames", "Click to hide stack frames")'>Click to show all stack frames</a>
            <div class='stack-trace' id='stack-trace2080126677'><pre>ru.vachok.networker.componentsrepo.exceptions.TODOException: This functional is not ready yet. this is ru_vachok_networker- :ru.vachok.networker.restapi.props.PreferencesHelper.getProps(PreferencesHelper.java:19)

TODO: 06.08.2019 (23:25)
	at ru.vachok.networker.restapi.props.PreferencesHelper.getProps(PreferencesHelper.java:19)
	at ru.vachok.networker.restapi.props.PreferencesHelperTest.testGetProps(PreferencesHelperTest.java:48)
	at java.base/jdk.internal.reflect.NativeMethodAccessorImpl.invoke0(Native Method)
	at java.base/jdk.internal.reflect.NativeMethodAccessorImpl.invoke(NativeMethodAccessorImpl.java:62)
	at java.base/jdk.internal.reflect.DelegatingMethodAccessorImpl.invoke(DelegatingMethodAccessorImpl.java:43)
	at java.base/java.lang.reflect.Method.invoke(Method.java:567)
	at org.testng.internal.MethodInvocationHelper.invokeMethod(MethodInvocationHelper.java:131)
	at org.testng.internal.TestInvoker.invokeMethod(TestInvoker.java:570)
	at org.testng.internal.TestInvoker.invokeTestMethod(TestInvoker.java:170)
	at org.testng.internal.MethodRunner.runInSequence(MethodRunner.java:46)
	at org.testng.internal.TestInvoker$MethodInvocationAgent.invoke(TestInvoker.java:790)
	at org.testng.internal.TestInvoker.invokeTestMethods(TestInvoker.java:143)
	at org.testng.internal.TestMethodWorker.invokeTestMethods(TestMethodWorker.java:146)
	at org.testng.internal.TestMethodWorker.run(TestMethodWorker.java:128)
	at org.testng.TestRunner.privateRun(TestRunner.java:763)
	at org.testng.TestRunner.run(TestRunner.java:594)
	at org.testng.SuiteRunner.runTest(SuiteRunner.java:398)
	at org.testng.SuiteRunner.runSequentially(SuiteRunner.java:392)
	at org.testng.SuiteRunner.privateRun(SuiteRunner.java:355)
	at org.testng.SuiteRunner.run(SuiteRunner.java:304)
	at org.testng.SuiteRunnerWorker.runSuite(SuiteRunnerWorker.java:53)
	at org.testng.SuiteRunnerWorker.run(SuiteRunnerWorker.java:96)
	at org.testng.TestNG.runSuitesSequentially(TestNG.java:1146)
	at org.testng.TestNG.runSuitesLocally(TestNG.java:1067)
	at org.testng.TestNG.runSuites(TestNG.java:997)
	at org.testng.TestNG.run(TestNG.java:965)
	at org.testng.IDEARemoteTestNG.run(IDEARemoteTestNG.java:73)
	at org.testng.RemoteTestNGStarter.main(RemoteTestNGStarter.java:123)
</pre>
            </div>
        </td>
        <td>0</td>
        <td>ru.vachok.networker.restapi.props.PreferencesHelperTest@65ff4b8c</td>
    </tr>
    <tr>
        <td title='ru.vachok.networker.componentsrepo.server.TelnetServerTest.testGetSocket()'><b>testGetSocket</b><br>Test class:
            ru.vachok.networker.componentsrepo.server.TelnetServerTest
        </td>
        <td>
            <div><pre>ru.vachok.networker.componentsrepo.exceptions.TODOException: This functional is not ready yet. this is ru_vachok_networker- :ru.vachok.networker.componentsrepo.server.TelnetServerTest.testGetSocket(TelnetServerTest.java:41)

TODO: 05.08.2019 (23:43)
	at ru.vachok.networker.componentsrepo.server.TelnetServerTest.testGetSocket(TelnetServerTest.java:41)
... Removed 26 stack frames</pre>
            </div>
            <a href='#' onClick='toggleBox("stack-trace208289607", this, "Click to show all stack frames", "Click to hide stack frames")'>Click to show all stack frames</a>
            <div class='stack-trace' id='stack-trace208289607'><pre>ru.vachok.networker.componentsrepo.exceptions.TODOException: This functional is not ready yet. this is ru_vachok_networker- :ru.vachok.networker.componentsrepo.server.TelnetServerTest.testGetSocket(TelnetServerTest.java:41)

TODO: 05.08.2019 (23:43)
	at ru.vachok.networker.componentsrepo.server.TelnetServerTest.testGetSocket(TelnetServerTest.java:41)
	at java.base/jdk.internal.reflect.NativeMethodAccessorImpl.invoke0(Native Method)
	at java.base/jdk.internal.reflect.NativeMethodAccessorImpl.invoke(NativeMethodAccessorImpl.java:62)
	at java.base/jdk.internal.reflect.DelegatingMethodAccessorImpl.invoke(DelegatingMethodAccessorImpl.java:43)
	at java.base/java.lang.reflect.Method.invoke(Method.java:567)
	at org.testng.internal.MethodInvocationHelper.invokeMethod(MethodInvocationHelper.java:131)
	at org.testng.internal.TestInvoker.invokeMethod(TestInvoker.java:570)
	at org.testng.internal.TestInvoker.invokeTestMethod(TestInvoker.java:170)
	at org.testng.internal.MethodRunner.runInSequence(MethodRunner.java:46)
	at org.testng.internal.TestInvoker$MethodInvocationAgent.invoke(TestInvoker.java:790)
	at org.testng.internal.TestInvoker.invokeTestMethods(TestInvoker.java:143)
	at org.testng.internal.TestMethodWorker.invokeTestMethods(TestMethodWorker.java:146)
	at org.testng.internal.TestMethodWorker.run(TestMethodWorker.java:128)
	at org.testng.TestRunner.privateRun(TestRunner.java:763)
	at org.testng.TestRunner.run(TestRunner.java:594)
	at org.testng.SuiteRunner.runTest(SuiteRunner.java:398)
	at org.testng.SuiteRunner.runSequentially(SuiteRunner.java:392)
	at org.testng.SuiteRunner.privateRun(SuiteRunner.java:355)
	at org.testng.SuiteRunner.run(SuiteRunner.java:304)
	at org.testng.SuiteRunnerWorker.runSuite(SuiteRunnerWorker.java:53)
	at org.testng.SuiteRunnerWorker.run(SuiteRunnerWorker.java:96)
	at org.testng.TestNG.runSuitesSequentially(TestNG.java:1146)
	at org.testng.TestNG.runSuitesLocally(TestNG.java:1067)
	at org.testng.TestNG.runSuites(TestNG.java:997)
	at org.testng.TestNG.run(TestNG.java:965)
	at org.testng.IDEARemoteTestNG.run(IDEARemoteTestNG.java:73)
	at org.testng.RemoteTestNGStarter.main(RemoteTestNGStarter.java:123)
</pre>
            </div>
        </td>
        <td>0</td>
        <td>ru.vachok.networker.componentsrepo.server.TelnetServerTest@5c7c75fb</td>
    </tr>
    <tr>
        <td title='ru.vachok.networker.UsefulUtilitiesTest.testGetStringsVisit()'><b>testGetStringsVisit</b><br>Test class: ru.vachok.networker.UsefulUtilitiesTest</td>
        <td>
            <div><pre>ru.vachok.networker.componentsrepo.exceptions.TODOException: This functional is not ready yet. this is ru_vachok_networker- :ru.vachok.networker.UsefulUtilitiesTest.testGetStringsVisit(UsefulUtilitiesTest.java:47)

TODO: 10.08.2019 (11:51)
	at ru.vachok.networker.UsefulUtilitiesTest.testGetStringsVisit(UsefulUtilitiesTest.java:47)
... Removed 26 stack frames</pre>
            </div>
            <a href='#' onClick='toggleBox("stack-trace1671213256", this, "Click to show all stack frames", "Click to hide stack frames")'>Click to show all stack frames</a>
            <div class='stack-trace' id='stack-trace1671213256'><pre>ru.vachok.networker.componentsrepo.exceptions.TODOException: This functional is not ready yet. this is ru_vachok_networker- :ru.vachok.networker.UsefulUtilitiesTest.testGetStringsVisit(UsefulUtilitiesTest.java:47)

TODO: 10.08.2019 (11:51)
	at ru.vachok.networker.UsefulUtilitiesTest.testGetStringsVisit(UsefulUtilitiesTest.java:47)
	at java.base/jdk.internal.reflect.NativeMethodAccessorImpl.invoke0(Native Method)
	at java.base/jdk.internal.reflect.NativeMethodAccessorImpl.invoke(NativeMethodAccessorImpl.java:62)
	at java.base/jdk.internal.reflect.DelegatingMethodAccessorImpl.invoke(DelegatingMethodAccessorImpl.java:43)
	at java.base/java.lang.reflect.Method.invoke(Method.java:567)
	at org.testng.internal.MethodInvocationHelper.invokeMethod(MethodInvocationHelper.java:131)
	at org.testng.internal.TestInvoker.invokeMethod(TestInvoker.java:570)
	at org.testng.internal.TestInvoker.invokeTestMethod(TestInvoker.java:170)
	at org.testng.internal.MethodRunner.runInSequence(MethodRunner.java:46)
	at org.testng.internal.TestInvoker$MethodInvocationAgent.invoke(TestInvoker.java:790)
	at org.testng.internal.TestInvoker.invokeTestMethods(TestInvoker.java:143)
	at org.testng.internal.TestMethodWorker.invokeTestMethods(TestMethodWorker.java:146)
	at org.testng.internal.TestMethodWorker.run(TestMethodWorker.java:128)
	at org.testng.TestRunner.privateRun(TestRunner.java:763)
	at org.testng.TestRunner.run(TestRunner.java:594)
	at org.testng.SuiteRunner.runTest(SuiteRunner.java:398)
	at org.testng.SuiteRunner.runSequentially(SuiteRunner.java:392)
	at org.testng.SuiteRunner.privateRun(SuiteRunner.java:355)
	at org.testng.SuiteRunner.run(SuiteRunner.java:304)
	at org.testng.SuiteRunnerWorker.runSuite(SuiteRunnerWorker.java:53)
	at org.testng.SuiteRunnerWorker.run(SuiteRunnerWorker.java:96)
	at org.testng.TestNG.runSuitesSequentially(TestNG.java:1146)
	at org.testng.TestNG.runSuitesLocally(TestNG.java:1067)
	at org.testng.TestNG.runSuites(TestNG.java:997)
	at org.testng.TestNG.run(TestNG.java:965)
	at org.testng.IDEARemoteTestNG.run(IDEARemoteTestNG.java:73)
	at org.testng.RemoteTestNGStarter.main(RemoteTestNGStarter.java:123)
</pre>
            </div>
        </td>
        <td>0</td>
        <td>ru.vachok.networker.UsefulUtilitiesTest@515c732d</td>
    </tr>
    <tr>
        <td title='ru.vachok.networker.services.MyCalenTest.testGetTimeInfo()'><b>testGetTimeInfo</b><br>Test class: ru.vachok.networker.services.MyCalenTest</td>
        <td>
            <div><pre>java.lang.AssertionError: did not expect to find [true] but found [false]
	at ru.vachok.networker.services.MyCalenTest.testGetTimeInfo(MyCalenTest.java:32)
... Removed 30 stack frames</pre>
            </div>
            <a href='#' onClick='toggleBox("stack-trace458630068", this, "Click to show all stack frames", "Click to hide stack frames")'>Click to show all stack frames</a>
            <div class='stack-trace' id='stack-trace458630068'><pre>java.lang.AssertionError: did not expect to find [true] but found [false]
	at org.testng.Assert.fail(Assert.java:97)
	at org.testng.Assert.failNotEquals(Assert.java:969)
	at org.testng.Assert.assertTrue(Assert.java:43)
	at org.testng.Assert.assertTrue(Assert.java:53)
	at ru.vachok.networker.services.MyCalenTest.testGetTimeInfo(MyCalenTest.java:32)
	at java.base/jdk.internal.reflect.NativeMethodAccessorImpl.invoke0(Native Method)
	at java.base/jdk.internal.reflect.NativeMethodAccessorImpl.invoke(NativeMethodAccessorImpl.java:62)
	at java.base/jdk.internal.reflect.DelegatingMethodAccessorImpl.invoke(DelegatingMethodAccessorImpl.java:43)
	at java.base/java.lang.reflect.Method.invoke(Method.java:567)
	at org.testng.internal.MethodInvocationHelper.invokeMethod(MethodInvocationHelper.java:131)
	at org.testng.internal.TestInvoker.invokeMethod(TestInvoker.java:570)
	at org.testng.internal.TestInvoker.invokeTestMethod(TestInvoker.java:170)
	at org.testng.internal.MethodRunner.runInSequence(MethodRunner.java:46)
	at org.testng.internal.TestInvoker$MethodInvocationAgent.invoke(TestInvoker.java:790)
	at org.testng.internal.TestInvoker.invokeTestMethods(TestInvoker.java:143)
	at org.testng.internal.TestMethodWorker.invokeTestMethods(TestMethodWorker.java:146)
	at org.testng.internal.TestMethodWorker.run(TestMethodWorker.java:128)
	at org.testng.TestRunner.privateRun(TestRunner.java:763)
	at org.testng.TestRunner.run(TestRunner.java:594)
	at org.testng.SuiteRunner.runTest(SuiteRunner.java:398)
	at org.testng.SuiteRunner.runSequentially(SuiteRunner.java:392)
	at org.testng.SuiteRunner.privateRun(SuiteRunner.java:355)
	at org.testng.SuiteRunner.run(SuiteRunner.java:304)
	at org.testng.SuiteRunnerWorker.runSuite(SuiteRunnerWorker.java:53)
	at org.testng.SuiteRunnerWorker.run(SuiteRunnerWorker.java:96)
	at org.testng.TestNG.runSuitesSequentially(TestNG.java:1146)
	at org.testng.TestNG.runSuitesLocally(TestNG.java:1067)
	at org.testng.TestNG.runSuites(TestNG.java:997)
	at org.testng.TestNG.run(TestNG.java:965)
	at org.testng.IDEARemoteTestNG.run(IDEARemoteTestNG.java:73)
	at org.testng.RemoteTestNGStarter.main(RemoteTestNGStarter.java:123)
</pre>
            </div>
        </td>
        <td>0</td>
        <td>ru.vachok.networker.services.MyCalenTest@495e8a3</td>
    </tr>
    <tr>
        <td title='ru.vachok.networker.UsefulUtilitiesTest.testGetUpTime()'><b>testGetUpTime</b><br>Test class: ru.vachok.networker.UsefulUtilitiesTest</td>
        <td>
            <div><pre>ru.vachok.networker.componentsrepo.exceptions.TODOException: This functional is not ready yet. this is ru_vachok_networker- :ru.vachok.networker.UsefulUtilitiesTest.testGetUpTime(UsefulUtilitiesTest.java:77)

TODO: 10.08.2019 (11:50)
	at ru.vachok.networker.UsefulUtilitiesTest.testGetUpTime(UsefulUtilitiesTest.java:77)
... Removed 26 stack frames</pre>
            </div>
            <a href='#' onClick='toggleBox("stack-trace1401070431", this, "Click to show all stack frames", "Click to hide stack frames")'>Click to show all stack frames</a>
            <div class='stack-trace' id='stack-trace1401070431'><pre>ru.vachok.networker.componentsrepo.exceptions.TODOException: This functional is not ready yet. this is ru_vachok_networker- :ru.vachok.networker.UsefulUtilitiesTest.testGetUpTime(UsefulUtilitiesTest.java:77)

TODO: 10.08.2019 (11:50)
	at ru.vachok.networker.UsefulUtilitiesTest.testGetUpTime(UsefulUtilitiesTest.java:77)
	at java.base/jdk.internal.reflect.NativeMethodAccessorImpl.invoke0(Native Method)
	at java.base/jdk.internal.reflect.NativeMethodAccessorImpl.invoke(NativeMethodAccessorImpl.java:62)
	at java.base/jdk.internal.reflect.DelegatingMethodAccessorImpl.invoke(DelegatingMethodAccessorImpl.java:43)
	at java.base/java.lang.reflect.Method.invoke(Method.java:567)
	at org.testng.internal.MethodInvocationHelper.invokeMethod(MethodInvocationHelper.java:131)
	at org.testng.internal.TestInvoker.invokeMethod(TestInvoker.java:570)
	at org.testng.internal.TestInvoker.invokeTestMethod(TestInvoker.java:170)
	at org.testng.internal.MethodRunner.runInSequence(MethodRunner.java:46)
	at org.testng.internal.TestInvoker$MethodInvocationAgent.invoke(TestInvoker.java:790)
	at org.testng.internal.TestInvoker.invokeTestMethods(TestInvoker.java:143)
	at org.testng.internal.TestMethodWorker.invokeTestMethods(TestMethodWorker.java:146)
	at org.testng.internal.TestMethodWorker.run(TestMethodWorker.java:128)
	at org.testng.TestRunner.privateRun(TestRunner.java:763)
	at org.testng.TestRunner.run(TestRunner.java:594)
	at org.testng.SuiteRunner.runTest(SuiteRunner.java:398)
	at org.testng.SuiteRunner.runSequentially(SuiteRunner.java:392)
	at org.testng.SuiteRunner.privateRun(SuiteRunner.java:355)
	at org.testng.SuiteRunner.run(SuiteRunner.java:304)
	at org.testng.SuiteRunnerWorker.runSuite(SuiteRunnerWorker.java:53)
	at org.testng.SuiteRunnerWorker.run(SuiteRunnerWorker.java:96)
	at org.testng.TestNG.runSuitesSequentially(TestNG.java:1146)
	at org.testng.TestNG.runSuitesLocally(TestNG.java:1067)
	at org.testng.TestNG.runSuites(TestNG.java:997)
	at org.testng.TestNG.run(TestNG.java:965)
	at org.testng.IDEARemoteTestNG.run(IDEARemoteTestNG.java:73)
	at org.testng.RemoteTestNGStarter.main(RemoteTestNGStarter.java:123)
</pre>
            </div>
        </td>
        <td>0</td>
        <td>ru.vachok.networker.UsefulUtilitiesTest@515c732d</td>
    </tr>
    <tr>
        <td title='ru.vachok.networker.UsefulUtilitiesTest.testGetVis()'><b>testGetVis</b><br>Test class: ru.vachok.networker.UsefulUtilitiesTest</td>
        <td>
            <div><pre>ru.vachok.networker.componentsrepo.exceptions.TODOException: This functional is not ready yet. this is ru_vachok_networker- :ru.vachok.networker.UsefulUtilitiesTest.testGetVis(UsefulUtilitiesTest.java:57)

TODO: 10.08.2019 (11:50)
	at ru.vachok.networker.UsefulUtilitiesTest.testGetVis(UsefulUtilitiesTest.java:57)
... Removed 26 stack frames</pre>
            </div>
            <a href='#' onClick='toggleBox("stack-trace2141012147", this, "Click to show all stack frames", "Click to hide stack frames")'>Click to show all stack frames</a>
            <div class='stack-trace' id='stack-trace2141012147'><pre>ru.vachok.networker.componentsrepo.exceptions.TODOException: This functional is not ready yet. this is ru_vachok_networker- :ru.vachok.networker.UsefulUtilitiesTest.testGetVis(UsefulUtilitiesTest.java:57)

TODO: 10.08.2019 (11:50)
	at ru.vachok.networker.UsefulUtilitiesTest.testGetVis(UsefulUtilitiesTest.java:57)
	at java.base/jdk.internal.reflect.NativeMethodAccessorImpl.invoke0(Native Method)
	at java.base/jdk.internal.reflect.NativeMethodAccessorImpl.invoke(NativeMethodAccessorImpl.java:62)
	at java.base/jdk.internal.reflect.DelegatingMethodAccessorImpl.invoke(DelegatingMethodAccessorImpl.java:43)
	at java.base/java.lang.reflect.Method.invoke(Method.java:567)
	at org.testng.internal.MethodInvocationHelper.invokeMethod(MethodInvocationHelper.java:131)
	at org.testng.internal.TestInvoker.invokeMethod(TestInvoker.java:570)
	at org.testng.internal.TestInvoker.invokeTestMethod(TestInvoker.java:170)
	at org.testng.internal.MethodRunner.runInSequence(MethodRunner.java:46)
	at org.testng.internal.TestInvoker$MethodInvocationAgent.invoke(TestInvoker.java:790)
	at org.testng.internal.TestInvoker.invokeTestMethods(TestInvoker.java:143)
	at org.testng.internal.TestMethodWorker.invokeTestMethods(TestMethodWorker.java:146)
	at org.testng.internal.TestMethodWorker.run(TestMethodWorker.java:128)
	at org.testng.TestRunner.privateRun(TestRunner.java:763)
	at org.testng.TestRunner.run(TestRunner.java:594)
	at org.testng.SuiteRunner.runTest(SuiteRunner.java:398)
	at org.testng.SuiteRunner.runSequentially(SuiteRunner.java:392)
	at org.testng.SuiteRunner.privateRun(SuiteRunner.java:355)
	at org.testng.SuiteRunner.run(SuiteRunner.java:304)
	at org.testng.SuiteRunnerWorker.runSuite(SuiteRunnerWorker.java:53)
	at org.testng.SuiteRunnerWorker.run(SuiteRunnerWorker.java:96)
	at org.testng.TestNG.runSuitesSequentially(TestNG.java:1146)
	at org.testng.TestNG.runSuitesLocally(TestNG.java:1067)
	at org.testng.TestNG.runSuites(TestNG.java:997)
	at org.testng.TestNG.run(TestNG.java:965)
	at org.testng.IDEARemoteTestNG.run(IDEARemoteTestNG.java:73)
	at org.testng.RemoteTestNGStarter.main(RemoteTestNGStarter.java:123)
</pre>
            </div>
        </td>
        <td>0</td>
        <td>ru.vachok.networker.UsefulUtilitiesTest@515c732d</td>
    </tr>
    <tr>
        <td title='ru.vachok.networker.UsefulUtilitiesTest.testIsPingOK()'><b>testIsPingOK</b><br>Test class: ru.vachok.networker.UsefulUtilitiesTest</td>
        <td>
            <div><pre>ru.vachok.networker.componentsrepo.exceptions.TODOException: This functional is not ready yet. this is ru_vachok_networker- :ru.vachok.networker.UsefulUtilitiesTest.testIsPingOK(UsefulUtilitiesTest.java:42)

TODO: 10.08.2019 (11:51)
	at ru.vachok.networker.UsefulUtilitiesTest.testIsPingOK(UsefulUtilitiesTest.java:42)
... Removed 26 stack frames</pre>
            </div>
            <a href='#' onClick='toggleBox("stack-trace1249669807", this, "Click to show all stack frames", "Click to hide stack frames")'>Click to show all stack frames</a>
            <div class='stack-trace' id='stack-trace1249669807'><pre>ru.vachok.networker.componentsrepo.exceptions.TODOException: This functional is not ready yet. this is ru_vachok_networker- :ru.vachok.networker.UsefulUtilitiesTest.testIsPingOK(UsefulUtilitiesTest.java:42)

TODO: 10.08.2019 (11:51)
	at ru.vachok.networker.UsefulUtilitiesTest.testIsPingOK(UsefulUtilitiesTest.java:42)
	at java.base/jdk.internal.reflect.NativeMethodAccessorImpl.invoke0(Native Method)
	at java.base/jdk.internal.reflect.NativeMethodAccessorImpl.invoke(NativeMethodAccessorImpl.java:62)
	at java.base/jdk.internal.reflect.DelegatingMethodAccessorImpl.invoke(DelegatingMethodAccessorImpl.java:43)
	at java.base/java.lang.reflect.Method.invoke(Method.java:567)
	at org.testng.internal.MethodInvocationHelper.invokeMethod(MethodInvocationHelper.java:131)
	at org.testng.internal.TestInvoker.invokeMethod(TestInvoker.java:570)
	at org.testng.internal.TestInvoker.invokeTestMethod(TestInvoker.java:170)
	at org.testng.internal.MethodRunner.runInSequence(MethodRunner.java:46)
	at org.testng.internal.TestInvoker$MethodInvocationAgent.invoke(TestInvoker.java:790)
	at org.testng.internal.TestInvoker.invokeTestMethods(TestInvoker.java:143)
	at org.testng.internal.TestMethodWorker.invokeTestMethods(TestMethodWorker.java:146)
	at org.testng.internal.TestMethodWorker.run(TestMethodWorker.java:128)
	at org.testng.TestRunner.privateRun(TestRunner.java:763)
	at org.testng.TestRunner.run(TestRunner.java:594)
	at org.testng.SuiteRunner.runTest(SuiteRunner.java:398)
	at org.testng.SuiteRunner.runSequentially(SuiteRunner.java:392)
	at org.testng.SuiteRunner.privateRun(SuiteRunner.java:355)
	at org.testng.SuiteRunner.run(SuiteRunner.java:304)
	at org.testng.SuiteRunnerWorker.runSuite(SuiteRunnerWorker.java:53)
	at org.testng.SuiteRunnerWorker.run(SuiteRunnerWorker.java:96)
	at org.testng.TestNG.runSuitesSequentially(TestNG.java:1146)
	at org.testng.TestNG.runSuitesLocally(TestNG.java:1067)
	at org.testng.TestNG.runSuites(TestNG.java:997)
	at org.testng.TestNG.run(TestNG.java:965)
	at org.testng.IDEARemoteTestNG.run(IDEARemoteTestNG.java:73)
	at org.testng.RemoteTestNGStarter.main(RemoteTestNGStarter.java:123)
</pre>
            </div>
        </td>
        <td>0</td>
        <td>ru.vachok.networker.UsefulUtilitiesTest@515c732d</td>
    </tr>
    <tr>
        <td title='ru.vachok.networker.controller.OKMakerTest.testMakeOk()'><b>testMakeOk</b><br>Test class: ru.vachok.networker.controller.OKMakerTest</td>
        <td>
            <div><pre>java.lang.AssertionError: did not expect to find [true] but found [false]
	at ru.vachok.networker.controller.OKMakerTest.testMakeOk(OKMakerTest.java:43)
... Removed 30 stack frames</pre>
            </div>
            <a href='#' onClick='toggleBox("stack-trace1574103562", this, "Click to show all stack frames", "Click to hide stack frames")'>Click to show all stack frames</a>
            <div class='stack-trace' id='stack-trace1574103562'><pre>java.lang.AssertionError: did not expect to find [true] but found [false]
	at org.testng.Assert.fail(Assert.java:97)
	at org.testng.Assert.failNotEquals(Assert.java:969)
	at org.testng.Assert.assertTrue(Assert.java:43)
	at org.testng.Assert.assertTrue(Assert.java:53)
	at ru.vachok.networker.controller.OKMakerTest.testMakeOk(OKMakerTest.java:43)
	at java.base/jdk.internal.reflect.NativeMethodAccessorImpl.invoke0(Native Method)
	at java.base/jdk.internal.reflect.NativeMethodAccessorImpl.invoke(NativeMethodAccessorImpl.java:62)
	at java.base/jdk.internal.reflect.DelegatingMethodAccessorImpl.invoke(DelegatingMethodAccessorImpl.java:43)
	at java.base/java.lang.reflect.Method.invoke(Method.java:567)
	at org.testng.internal.MethodInvocationHelper.invokeMethod(MethodInvocationHelper.java:131)
	at org.testng.internal.TestInvoker.invokeMethod(TestInvoker.java:570)
	at org.testng.internal.TestInvoker.invokeTestMethod(TestInvoker.java:170)
	at org.testng.internal.MethodRunner.runInSequence(MethodRunner.java:46)
	at org.testng.internal.TestInvoker$MethodInvocationAgent.invoke(TestInvoker.java:790)
	at org.testng.internal.TestInvoker.invokeTestMethods(TestInvoker.java:143)
	at org.testng.internal.TestMethodWorker.invokeTestMethods(TestMethodWorker.java:146)
	at org.testng.internal.TestMethodWorker.run(TestMethodWorker.java:128)
	at org.testng.TestRunner.privateRun(TestRunner.java:763)
	at org.testng.TestRunner.run(TestRunner.java:594)
	at org.testng.SuiteRunner.runTest(SuiteRunner.java:398)
	at org.testng.SuiteRunner.runSequentially(SuiteRunner.java:392)
	at org.testng.SuiteRunner.privateRun(SuiteRunner.java:355)
	at org.testng.SuiteRunner.run(SuiteRunner.java:304)
	at org.testng.SuiteRunnerWorker.runSuite(SuiteRunnerWorker.java:53)
	at org.testng.SuiteRunnerWorker.run(SuiteRunnerWorker.java:96)
	at org.testng.TestNG.runSuitesSequentially(TestNG.java:1146)
	at org.testng.TestNG.runSuitesLocally(TestNG.java:1067)
	at org.testng.TestNG.runSuites(TestNG.java:997)
	at org.testng.TestNG.run(TestNG.java:965)
	at org.testng.IDEARemoteTestNG.run(IDEARemoteTestNG.java:73)
	at org.testng.RemoteTestNGStarter.main(RemoteTestNGStarter.java:123)
</pre>
            </div>
        </td>
        <td>0</td>
        <td>ru.vachok.networker.controller.OKMakerTest@3063be68</td>
    </tr>
    <tr>
        <td title='ru.vachok.networker.controller.ExCTRLTest.testOstPstGet()'><b>testOstPstGet</b><br>Test class: ru.vachok.networker.controller.ExCTRLTest</td>
        <td>
            <div><pre>java.lang.AssertionError: did not expect to find [true] but found [false]
	at ru.vachok.networker.controller.ExCTRLTest.testOstPstGet(ExCTRLTest.java:82)
... Removed 30 stack frames</pre>
            </div>
            <a href='#' onClick='toggleBox("stack-trace1266035080", this, "Click to show all stack frames", "Click to hide stack frames")'>Click to show all stack frames</a>
            <div class='stack-trace' id='stack-trace1266035080'><pre>java.lang.AssertionError: did not expect to find [true] but found [false]
	at org.testng.Assert.fail(Assert.java:97)
	at org.testng.Assert.failNotEquals(Assert.java:969)
	at org.testng.Assert.assertTrue(Assert.java:43)
	at org.testng.Assert.assertTrue(Assert.java:53)
	at ru.vachok.networker.controller.ExCTRLTest.testOstPstGet(ExCTRLTest.java:82)
	at java.base/jdk.internal.reflect.NativeMethodAccessorImpl.invoke0(Native Method)
	at java.base/jdk.internal.reflect.NativeMethodAccessorImpl.invoke(NativeMethodAccessorImpl.java:62)
	at java.base/jdk.internal.reflect.DelegatingMethodAccessorImpl.invoke(DelegatingMethodAccessorImpl.java:43)
	at java.base/java.lang.reflect.Method.invoke(Method.java:567)
	at org.testng.internal.MethodInvocationHelper.invokeMethod(MethodInvocationHelper.java:131)
	at org.testng.internal.TestInvoker.invokeMethod(TestInvoker.java:570)
	at org.testng.internal.TestInvoker.invokeTestMethod(TestInvoker.java:170)
	at org.testng.internal.MethodRunner.runInSequence(MethodRunner.java:46)
	at org.testng.internal.TestInvoker$MethodInvocationAgent.invoke(TestInvoker.java:790)
	at org.testng.internal.TestInvoker.invokeTestMethods(TestInvoker.java:143)
	at org.testng.internal.TestMethodWorker.invokeTestMethods(TestMethodWorker.java:146)
	at org.testng.internal.TestMethodWorker.run(TestMethodWorker.java:128)
	at org.testng.TestRunner.privateRun(TestRunner.java:763)
	at org.testng.TestRunner.run(TestRunner.java:594)
	at org.testng.SuiteRunner.runTest(SuiteRunner.java:398)
	at org.testng.SuiteRunner.runSequentially(SuiteRunner.java:392)
	at org.testng.SuiteRunner.privateRun(SuiteRunner.java:355)
	at org.testng.SuiteRunner.run(SuiteRunner.java:304)
	at org.testng.SuiteRunnerWorker.runSuite(SuiteRunnerWorker.java:53)
	at org.testng.SuiteRunnerWorker.run(SuiteRunnerWorker.java:96)
	at org.testng.TestNG.runSuitesSequentially(TestNG.java:1146)
	at org.testng.TestNG.runSuitesLocally(TestNG.java:1067)
	at org.testng.TestNG.runSuites(TestNG.java:997)
	at org.testng.TestNG.run(TestNG.java:965)
	at org.testng.IDEARemoteTestNG.run(IDEARemoteTestNG.java:73)
	at org.testng.RemoteTestNGStarter.main(RemoteTestNGStarter.java:123)
</pre>
            </div>
        </td>
        <td>0</td>
        <td>ru.vachok.networker.controller.ExCTRLTest@5da3f32a</td>
    </tr>
    <tr>
        <td title='ru.vachok.networker.IntoApplicationTest.testReloadConfigurableApplicationContext()'><b>testReloadConfigurableApplicationContext</b><br>Test class:
            ru.vachok.networker.IntoApplicationTest
        </td>
        <td>
            <div><pre>org.springframework.core.task.TaskRejectedException: Executor [java.util.concurrent.ThreadPoolExecutor@cfaafc6[Terminated, pool size = 0, active threads = 0, queued tasks = 0, completed tasks = 0]] did not accept task: AppInfoOnLoad{, thisDelay=18&lt;br&gt;&lt;br&gt;infoForU ends. now ftpUploadTask(). Result: 1565427499137&lt;br&gt;144 MB IIS Logs
&lt;br&gt;HOME&lt;br&gt;new AppComponents().launchRegRuFTPLibsUploader() = true&lt;br&gt;144 MB IIS Logs
}
	at org.springframework.scheduling.concurrent.ThreadPoolTaskExecutor.execute(ThreadPoolTaskExecutor.java:317)
	at ru.vachok.networker.IntoApplication.afterSt(IntoApplication.java:109)
	at ru.vachok.networker.componentsrepo.ArgsReader.readArgs(ArgsReader.java:68)
	at ru.vachok.networker.componentsrepo.ArgsReader.fillArgsMap(ArgsReader.java:106)
	at ru.vachok.networker.componentsrepo.ArgsReader.run(ArgsReader.java:48)
	at ru.vachok.networker.IntoApplication.main(IntoApplication.java:93)
	at ru.vachok.networker.IntoApplicationTest.testReloadConfigurableApplicationContext(IntoApplicationTest.java:72)
Caused by: java.util.concurrent.RejectedExecutionException: Task AppInfoOnLoad{, thisDelay=18&lt;br&gt;&lt;br&gt;infoForU ends. now ftpUploadTask(). Result: 1565427499137&lt;br&gt;144 MB IIS Logs
&lt;br&gt;HOME&lt;br&gt;new AppComponents().launchRegRuFTPLibsUploader() = true&lt;br&gt;144 MB IIS Logs
} rejected from java.util.concurrent.ThreadPoolExecutor@cfaafc6[Terminated, pool size = 0, active threads = 0, queued tasks = 0, completed tasks = 0]
	at java.base/java.util.concurrent.ThreadPoolExecutor$AbortPolicy.rejectedExecution(ThreadPoolExecutor.java:2055)
	at java.base/java.util.concurrent.ThreadPoolExecutor.reject(ThreadPoolExecutor.java:825)
	at java.base/java.util.concurrent.ThreadPoolExecutor.execute(ThreadPoolExecutor.java:1355)
	at org.springframework.scheduling.concurrent.ThreadPoolTaskExecutor.execute(ThreadPoolTaskExecutor.java:314)
	... 32 more
... Removed 26 stack frames</pre>
            </div>
            <a href='#' onClick='toggleBox("stack-trace1954448985", this, "Click to show all stack frames", "Click to hide stack frames")'>Click to show all stack frames</a>
            <div class='stack-trace' id='stack-trace1954448985'><pre>org.springframework.core.task.TaskRejectedException: Executor [java.util.concurrent.ThreadPoolExecutor@cfaafc6[Terminated, pool size = 0, active threads = 0, queued tasks = 0, completed tasks = 0]] did not accept task: AppInfoOnLoad{, thisDelay=18&lt;br&gt;&lt;br&gt;infoForU ends. now ftpUploadTask(). Result: 1565427499137&lt;br&gt;144 MB IIS Logs
&lt;br&gt;HOME&lt;br&gt;new AppComponents().launchRegRuFTPLibsUploader() = true&lt;br&gt;144 MB IIS Logs
}
	at org.springframework.scheduling.concurrent.ThreadPoolTaskExecutor.execute(ThreadPoolTaskExecutor.java:317)
	at ru.vachok.networker.IntoApplication.afterSt(IntoApplication.java:109)
	at ru.vachok.networker.componentsrepo.ArgsReader.readArgs(ArgsReader.java:68)
	at ru.vachok.networker.componentsrepo.ArgsReader.fillArgsMap(ArgsReader.java:106)
	at ru.vachok.networker.componentsrepo.ArgsReader.run(ArgsReader.java:48)
	at ru.vachok.networker.IntoApplication.main(IntoApplication.java:93)
	at ru.vachok.networker.IntoApplicationTest.testReloadConfigurableApplicationContext(IntoApplicationTest.java:72)
	at java.base/jdk.internal.reflect.NativeMethodAccessorImpl.invoke0(Native Method)
	at java.base/jdk.internal.reflect.NativeMethodAccessorImpl.invoke(NativeMethodAccessorImpl.java:62)
	at java.base/jdk.internal.reflect.DelegatingMethodAccessorImpl.invoke(DelegatingMethodAccessorImpl.java:43)
	at java.base/java.lang.reflect.Method.invoke(Method.java:567)
	at org.testng.internal.MethodInvocationHelper.invokeMethod(MethodInvocationHelper.java:131)
	at org.testng.internal.TestInvoker.invokeMethod(TestInvoker.java:570)
	at org.testng.internal.TestInvoker.invokeTestMethod(TestInvoker.java:170)
	at org.testng.internal.MethodRunner.runInSequence(MethodRunner.java:46)
	at org.testng.internal.TestInvoker$MethodInvocationAgent.invoke(TestInvoker.java:790)
	at org.testng.internal.TestInvoker.invokeTestMethods(TestInvoker.java:143)
	at org.testng.internal.TestMethodWorker.invokeTestMethods(TestMethodWorker.java:146)
	at org.testng.internal.TestMethodWorker.run(TestMethodWorker.java:128)
	at org.testng.TestRunner.privateRun(TestRunner.java:763)
	at org.testng.TestRunner.run(TestRunner.java:594)
	at org.testng.SuiteRunner.runTest(SuiteRunner.java:398)
	at org.testng.SuiteRunner.runSequentially(SuiteRunner.java:392)
	at org.testng.SuiteRunner.privateRun(SuiteRunner.java:355)
	at org.testng.SuiteRunner.run(SuiteRunner.java:304)
	at org.testng.SuiteRunnerWorker.runSuite(SuiteRunnerWorker.java:53)
	at org.testng.SuiteRunnerWorker.run(SuiteRunnerWorker.java:96)
	at org.testng.TestNG.runSuitesSequentially(TestNG.java:1146)
	at org.testng.TestNG.runSuitesLocally(TestNG.java:1067)
	at org.testng.TestNG.runSuites(TestNG.java:997)
	at org.testng.TestNG.run(TestNG.java:965)
	at org.testng.IDEARemoteTestNG.run(IDEARemoteTestNG.java:73)
	at org.testng.RemoteTestNGStarter.main(RemoteTestNGStarter.java:123)
Caused by: java.util.concurrent.RejectedExecutionException: Task AppInfoOnLoad{, thisDelay=18&lt;br&gt;&lt;br&gt;infoForU ends. now ftpUploadTask(). Result: 1565427499137&lt;br&gt;144 MB IIS Logs
&lt;br&gt;HOME&lt;br&gt;new AppComponents().launchRegRuFTPLibsUploader() = true&lt;br&gt;144 MB IIS Logs
} rejected from java.util.concurrent.ThreadPoolExecutor@cfaafc6[Terminated, pool size = 0, active threads = 0, queued tasks = 0, completed tasks = 0]
	at java.base/java.util.concurrent.ThreadPoolExecutor$AbortPolicy.rejectedExecution(ThreadPoolExecutor.java:2055)
	at java.base/java.util.concurrent.ThreadPoolExecutor.reject(ThreadPoolExecutor.java:825)
	at java.base/java.util.concurrent.ThreadPoolExecutor.execute(ThreadPoolExecutor.java:1355)
	at org.springframework.scheduling.concurrent.ThreadPoolTaskExecutor.execute(ThreadPoolTaskExecutor.java:314)
	... 32 more
</pre>
            </div>
        </td>
        <td>0</td>
        <td>ru.vachok.networker.IntoApplicationTest@2a510e0e</td>
    </tr>
    <tr>
        <td title='ru.vachok.networker.net.monitor.PCMonitoringTest.testRun()'><b>testRun</b><br>Test class: ru.vachok.networker.net.monitor.PCMonitoringTest</td>
        <td>
            <div><pre>java.lang.AssertionError: null
FutureTask.java: java.base/java.util.concurrent.FutureTask.awaitDone(FutureTask.java:418)
FutureTask.java: java.base/java.util.concurrent.FutureTask.get(FutureTask.java:203)
PCMonitoringTest.java: ru.vachok.networker.net.monitor.PCMonitoringTest.testRun(PCMonitoringTest.java:102)



 expected [null] but found [java.lang.InterruptedException]
	at ru.vachok.networker.net.monitor.PCMonitoringTest.testRun(PCMonitoringTest.java:108)
... Removed 55 stack frames</pre>
            </div>
            <a href='#' onClick='toggleBox("stack-trace1318491599", this, "Click to show all stack frames", "Click to hide stack frames")'>Click to show all stack frames</a>
            <div class='stack-trace' id='stack-trace1318491599'><pre>java.lang.AssertionError: null
FutureTask.java: java.base/java.util.concurrent.FutureTask.awaitDone(FutureTask.java:418)
FutureTask.java: java.base/java.util.concurrent.FutureTask.get(FutureTask.java:203)
PCMonitoringTest.java: ru.vachok.networker.net.monitor.PCMonitoringTest.testRun(PCMonitoringTest.java:102)
NativeMethodAccessorImpl.java: java.base/jdk.internal.reflect.NativeMethodAccessorImpl.invoke0(Native Method)
NativeMethodAccessorImpl.java: java.base/jdk.internal.reflect.NativeMethodAccessorImpl.invoke(NativeMethodAccessorImpl.java:62)
DelegatingMethodAccessorImpl.java: java.base/jdk.internal.reflect.DelegatingMethodAccessorImpl.invoke(DelegatingMethodAccessorImpl.java:43)
Method.java: java.base/java.lang.reflect.Method.invoke(Method.java:567)
MethodInvocationHelper.java: org.testng.internal.MethodInvocationHelper.invokeMethod(MethodInvocationHelper.java:131)
TestInvoker.java: org.testng.internal.TestInvoker.invokeMethod(TestInvoker.java:570)
TestInvoker.java: org.testng.internal.TestInvoker.invokeTestMethod(TestInvoker.java:170)
MethodRunner.java: org.testng.internal.MethodRunner.runInSequence(MethodRunner.java:46)
TestInvoker.java: org.testng.internal.TestInvoker$MethodInvocationAgent.invoke(TestInvoker.java:790)
TestInvoker.java: org.testng.internal.TestInvoker.invokeTestMethods(TestInvoker.java:143)
TestMethodWorker.java: org.testng.internal.TestMethodWorker.invokeTestMethods(TestMethodWorker.java:146)
TestMethodWorker.java: org.testng.internal.TestMethodWorker.run(TestMethodWorker.java:128)
TestRunner.java: org.testng.TestRunner.privateRun(TestRunner.java:763)
TestRunner.java: org.testng.TestRunner.run(TestRunner.java:594)
SuiteRunner.java: org.testng.SuiteRunner.runTest(SuiteRunner.java:398)
SuiteRunner.java: org.testng.SuiteRunner.runSequentially(SuiteRunner.java:392)
SuiteRunner.java: org.testng.SuiteRunner.privateRun(SuiteRunner.java:355)
SuiteRunner.java: org.testng.SuiteRunner.run(SuiteRunner.java:304)
SuiteRunnerWorker.java: org.testng.SuiteRunnerWorker.runSuite(SuiteRunnerWorker.java:53)
SuiteRunnerWorker.java: org.testng.SuiteRunnerWorker.run(SuiteRunnerWorker.java:96)
TestNG.java: org.testng.TestNG.runSuitesSequentially(TestNG.java:1146)
TestNG.java: org.testng.TestNG.runSuitesLocally(TestNG.java:1067)
TestNG.java: org.testng.TestNG.runSuites(TestNG.java:997)
TestNG.java: org.testng.TestNG.run(TestNG.java:965)
IDEARemoteTestNG.java: org.testng.IDEARemoteTestNG.run(IDEARemoteTestNG.java:73)
RemoteTestNGStarter.java: org.testng.RemoteTestNGStarter.main(RemoteTestNGStarter.java:123)



 expected [null] but found [java.lang.InterruptedException]
	at org.testng.Assert.fail(Assert.java:97)
	at org.testng.Assert.failNotSame(Assert.java:965)
	at org.testng.Assert.assertNull(Assert.java:898)
	at ru.vachok.networker.net.monitor.PCMonitoringTest.testRun(PCMonitoringTest.java:108)
	at java.base/jdk.internal.reflect.NativeMethodAccessorImpl.invoke0(Native Method)
	at java.base/jdk.internal.reflect.NativeMethodAccessorImpl.invoke(NativeMethodAccessorImpl.java:62)
	at java.base/jdk.internal.reflect.DelegatingMethodAccessorImpl.invoke(DelegatingMethodAccessorImpl.java:43)
	at java.base/java.lang.reflect.Method.invoke(Method.java:567)
	at org.testng.internal.MethodInvocationHelper.invokeMethod(MethodInvocationHelper.java:131)
	at org.testng.internal.TestInvoker.invokeMethod(TestInvoker.java:570)
	at org.testng.internal.TestInvoker.invokeTestMethod(TestInvoker.java:170)
	at org.testng.internal.MethodRunner.runInSequence(MethodRunner.java:46)
	at org.testng.internal.TestInvoker$MethodInvocationAgent.invoke(TestInvoker.java:790)
	at org.testng.internal.TestInvoker.invokeTestMethods(TestInvoker.java:143)
	at org.testng.internal.TestMethodWorker.invokeTestMethods(TestMethodWorker.java:146)
	at org.testng.internal.TestMethodWorker.run(TestMethodWorker.java:128)
	at org.testng.TestRunner.privateRun(TestRunner.java:763)
	at org.testng.TestRunner.run(TestRunner.java:594)
	at org.testng.SuiteRunner.runTest(SuiteRunner.java:398)
	at org.testng.SuiteRunner.runSequentially(SuiteRunner.java:392)
	at org.testng.SuiteRunner.privateRun(SuiteRunner.java:355)
	at org.testng.SuiteRunner.run(SuiteRunner.java:304)
	at org.testng.SuiteRunnerWorker.runSuite(SuiteRunnerWorker.java:53)
	at org.testng.SuiteRunnerWorker.run(SuiteRunnerWorker.java:96)
	at org.testng.TestNG.runSuitesSequentially(TestNG.java:1146)
	at org.testng.TestNG.runSuitesLocally(TestNG.java:1067)
	at org.testng.TestNG.runSuites(TestNG.java:997)
	at org.testng.TestNG.run(TestNG.java:965)
	at org.testng.IDEARemoteTestNG.run(IDEARemoteTestNG.java:73)
	at org.testng.RemoteTestNGStarter.main(RemoteTestNGStarter.java:123)
</pre>
            </div>
        </td>
        <td>0</td>
        <td>ru.vachok.networker.net.monitor.PCMonitoringTest@45832b85</td>
    </tr>
    <tr>
        <td title='ru.vachok.networker.restapi.props.PreferencesHelperTest.testSetProps()'><b>testSetProps</b><br>Test class:
            ru.vachok.networker.restapi.props.PreferencesHelperTest
        </td>
        <td>
            <div><pre>java.lang.AssertionError: This functional is not ready yet. this is ru_vachok_networker- :ru.vachok.networker.restapi.props.PreferencesHelper.setProps(PreferencesHelper.java:24)

TODO: 06.08.2019 (23:25)
PreferencesHelper.java: ru.vachok.networker.restapi.props.PreferencesHelper.setProps(PreferencesHelper.java:24)
PreferencesHelperTest.java: ru.vachok.networker.restapi.props.PreferencesHelperTest.testSetProps(PreferencesHelperTest.java:62)



 expected [null] but found [ru.vachok.networker.componentsrepo.exceptions.TODOException: This functional is not ready yet. this is ru_vachok_networker- :ru.vachok.networker.restapi.props.PreferencesHelper.setProps(PreferencesHelper.java:24)

TODO: 06.08.2019 (23:25)]
	at ru.vachok.networker.restapi.props.PreferencesHelperTest.testSetProps(PreferencesHelperTest.java:65)
... Removed 55 stack frames</pre>
            </div>
            <a href='#' onClick='toggleBox("stack-trace2059236860", this, "Click to show all stack frames", "Click to hide stack frames")'>Click to show all stack frames</a>
            <div class='stack-trace' id='stack-trace2059236860'><pre>java.lang.AssertionError: This functional is not ready yet. this is ru_vachok_networker- :ru.vachok.networker.restapi.props.PreferencesHelper.setProps(PreferencesHelper.java:24)

TODO: 06.08.2019 (23:25)
PreferencesHelper.java: ru.vachok.networker.restapi.props.PreferencesHelper.setProps(PreferencesHelper.java:24)
PreferencesHelperTest.java: ru.vachok.networker.restapi.props.PreferencesHelperTest.testSetProps(PreferencesHelperTest.java:62)
NativeMethodAccessorImpl.java: java.base/jdk.internal.reflect.NativeMethodAccessorImpl.invoke0(Native Method)
NativeMethodAccessorImpl.java: java.base/jdk.internal.reflect.NativeMethodAccessorImpl.invoke(NativeMethodAccessorImpl.java:62)
DelegatingMethodAccessorImpl.java: java.base/jdk.internal.reflect.DelegatingMethodAccessorImpl.invoke(DelegatingMethodAccessorImpl.java:43)
Method.java: java.base/java.lang.reflect.Method.invoke(Method.java:567)
MethodInvocationHelper.java: org.testng.internal.MethodInvocationHelper.invokeMethod(MethodInvocationHelper.java:131)
TestInvoker.java: org.testng.internal.TestInvoker.invokeMethod(TestInvoker.java:570)
TestInvoker.java: org.testng.internal.TestInvoker.invokeTestMethod(TestInvoker.java:170)
MethodRunner.java: org.testng.internal.MethodRunner.runInSequence(MethodRunner.java:46)
TestInvoker.java: org.testng.internal.TestInvoker$MethodInvocationAgent.invoke(TestInvoker.java:790)
TestInvoker.java: org.testng.internal.TestInvoker.invokeTestMethods(TestInvoker.java:143)
TestMethodWorker.java: org.testng.internal.TestMethodWorker.invokeTestMethods(TestMethodWorker.java:146)
TestMethodWorker.java: org.testng.internal.TestMethodWorker.run(TestMethodWorker.java:128)
TestRunner.java: org.testng.TestRunner.privateRun(TestRunner.java:763)
TestRunner.java: org.testng.TestRunner.run(TestRunner.java:594)
SuiteRunner.java: org.testng.SuiteRunner.runTest(SuiteRunner.java:398)
SuiteRunner.java: org.testng.SuiteRunner.runSequentially(SuiteRunner.java:392)
SuiteRunner.java: org.testng.SuiteRunner.privateRun(SuiteRunner.java:355)
SuiteRunner.java: org.testng.SuiteRunner.run(SuiteRunner.java:304)
SuiteRunnerWorker.java: org.testng.SuiteRunnerWorker.runSuite(SuiteRunnerWorker.java:53)
SuiteRunnerWorker.java: org.testng.SuiteRunnerWorker.run(SuiteRunnerWorker.java:96)
TestNG.java: org.testng.TestNG.runSuitesSequentially(TestNG.java:1146)
TestNG.java: org.testng.TestNG.runSuitesLocally(TestNG.java:1067)
TestNG.java: org.testng.TestNG.runSuites(TestNG.java:997)
TestNG.java: org.testng.TestNG.run(TestNG.java:965)
IDEARemoteTestNG.java: org.testng.IDEARemoteTestNG.run(IDEARemoteTestNG.java:73)
RemoteTestNGStarter.java: org.testng.RemoteTestNGStarter.main(RemoteTestNGStarter.java:123)



 expected [null] but found [ru.vachok.networker.componentsrepo.exceptions.TODOException: This functional is not ready yet. this is ru_vachok_networker- :ru.vachok.networker.restapi.props.PreferencesHelper.setProps(PreferencesHelper.java:24)

TODO: 06.08.2019 (23:25)]
	at org.testng.Assert.fail(Assert.java:97)
	at org.testng.Assert.failNotSame(Assert.java:965)
	at org.testng.Assert.assertNull(Assert.java:898)
	at ru.vachok.networker.restapi.props.PreferencesHelperTest.testSetProps(PreferencesHelperTest.java:65)
	at java.base/jdk.internal.reflect.NativeMethodAccessorImpl.invoke0(Native Method)
	at java.base/jdk.internal.reflect.NativeMethodAccessorImpl.invoke(NativeMethodAccessorImpl.java:62)
	at java.base/jdk.internal.reflect.DelegatingMethodAccessorImpl.invoke(DelegatingMethodAccessorImpl.java:43)
	at java.base/java.lang.reflect.Method.invoke(Method.java:567)
	at org.testng.internal.MethodInvocationHelper.invokeMethod(MethodInvocationHelper.java:131)
	at org.testng.internal.TestInvoker.invokeMethod(TestInvoker.java:570)
	at org.testng.internal.TestInvoker.invokeTestMethod(TestInvoker.java:170)
	at org.testng.internal.MethodRunner.runInSequence(MethodRunner.java:46)
	at org.testng.internal.TestInvoker$MethodInvocationAgent.invoke(TestInvoker.java:790)
	at org.testng.internal.TestInvoker.invokeTestMethods(TestInvoker.java:143)
	at org.testng.internal.TestMethodWorker.invokeTestMethods(TestMethodWorker.java:146)
	at org.testng.internal.TestMethodWorker.run(TestMethodWorker.java:128)
	at org.testng.TestRunner.privateRun(TestRunner.java:763)
	at org.testng.TestRunner.run(TestRunner.java:594)
	at org.testng.SuiteRunner.runTest(SuiteRunner.java:398)
	at org.testng.SuiteRunner.runSequentially(SuiteRunner.java:392)
	at org.testng.SuiteRunner.privateRun(SuiteRunner.java:355)
	at org.testng.SuiteRunner.run(SuiteRunner.java:304)
	at org.testng.SuiteRunnerWorker.runSuite(SuiteRunnerWorker.java:53)
	at org.testng.SuiteRunnerWorker.run(SuiteRunnerWorker.java:96)
	at org.testng.TestNG.runSuitesSequentially(TestNG.java:1146)
	at org.testng.TestNG.runSuitesLocally(TestNG.java:1067)
	at org.testng.TestNG.runSuites(TestNG.java:997)
	at org.testng.TestNG.run(TestNG.java:965)
	at org.testng.IDEARemoteTestNG.run(IDEARemoteTestNG.java:73)
	at org.testng.RemoteTestNGStarter.main(RemoteTestNGStarter.java:123)
</pre>
            </div>
        </td>
        <td>0</td>
        <td>ru.vachok.networker.restapi.props.PreferencesHelperTest@65ff4b8c</td>
    </tr>
    <tr>
        <td title='ru.vachok.networker.UsefulUtilitiesTest.testStartTelnet()'><b>testStartTelnet</b><br>Test class: ru.vachok.networker.UsefulUtilitiesTest</td>
        <td>
            <div><pre>ru.vachok.networker.componentsrepo.exceptions.TODOException: This functional is not ready yet. this is ru_vachok_networker- :ru.vachok.networker.UsefulUtilitiesTest.testStartTelnet(UsefulUtilitiesTest.java:72)

TODO: 10.08.2019 (11:50)
	at ru.vachok.networker.UsefulUtilitiesTest.testStartTelnet(UsefulUtilitiesTest.java:72)
... Removed 26 stack frames</pre>
            </div>
            <a href='#' onClick='toggleBox("stack-trace732556569", this, "Click to show all stack frames", "Click to hide stack frames")'>Click to show all stack frames</a>
            <div class='stack-trace' id='stack-trace732556569'><pre>ru.vachok.networker.componentsrepo.exceptions.TODOException: This functional is not ready yet. this is ru_vachok_networker- :ru.vachok.networker.UsefulUtilitiesTest.testStartTelnet(UsefulUtilitiesTest.java:72)

TODO: 10.08.2019 (11:50)
	at ru.vachok.networker.UsefulUtilitiesTest.testStartTelnet(UsefulUtilitiesTest.java:72)
	at java.base/jdk.internal.reflect.NativeMethodAccessorImpl.invoke0(Native Method)
	at java.base/jdk.internal.reflect.NativeMethodAccessorImpl.invoke(NativeMethodAccessorImpl.java:62)
	at java.base/jdk.internal.reflect.DelegatingMethodAccessorImpl.invoke(DelegatingMethodAccessorImpl.java:43)
	at java.base/java.lang.reflect.Method.invoke(Method.java:567)
	at org.testng.internal.MethodInvocationHelper.invokeMethod(MethodInvocationHelper.java:131)
	at org.testng.internal.TestInvoker.invokeMethod(TestInvoker.java:570)
	at org.testng.internal.TestInvoker.invokeTestMethod(TestInvoker.java:170)
	at org.testng.internal.MethodRunner.runInSequence(MethodRunner.java:46)
	at org.testng.internal.TestInvoker$MethodInvocationAgent.invoke(TestInvoker.java:790)
	at org.testng.internal.TestInvoker.invokeTestMethods(TestInvoker.java:143)
	at org.testng.internal.TestMethodWorker.invokeTestMethods(TestMethodWorker.java:146)
	at org.testng.internal.TestMethodWorker.run(TestMethodWorker.java:128)
	at org.testng.TestRunner.privateRun(TestRunner.java:763)
	at org.testng.TestRunner.run(TestRunner.java:594)
	at org.testng.SuiteRunner.runTest(SuiteRunner.java:398)
	at org.testng.SuiteRunner.runSequentially(SuiteRunner.java:392)
	at org.testng.SuiteRunner.privateRun(SuiteRunner.java:355)
	at org.testng.SuiteRunner.run(SuiteRunner.java:304)
	at org.testng.SuiteRunnerWorker.runSuite(SuiteRunnerWorker.java:53)
	at org.testng.SuiteRunnerWorker.run(SuiteRunnerWorker.java:96)
	at org.testng.TestNG.runSuitesSequentially(TestNG.java:1146)
	at org.testng.TestNG.runSuitesLocally(TestNG.java:1067)
	at org.testng.TestNG.runSuites(TestNG.java:997)
	at org.testng.TestNG.run(TestNG.java:965)
	at org.testng.IDEARemoteTestNG.run(IDEARemoteTestNG.java:73)
	at org.testng.RemoteTestNGStarter.main(RemoteTestNGStarter.java:123)
</pre>
            </div>
        </td>
        <td>0</td>
        <td>ru.vachok.networker.UsefulUtilitiesTest@515c732d</td>
    </tr>
    <tr>
        <td title='ru.vachok.networker.UsefulUtilitiesTest.testThisPC()'><b>testThisPC</b><br>Test class: ru.vachok.networker.UsefulUtilitiesTest</td>
        <td>
            <div><pre>ru.vachok.networker.componentsrepo.exceptions.TODOException: This functional is not ready yet. this is ru_vachok_networker- :ru.vachok.networker.UsefulUtilitiesTest.testThisPC(UsefulUtilitiesTest.java:52)

TODO: 10.08.2019 (11:50)
	at ru.vachok.networker.UsefulUtilitiesTest.testThisPC(UsefulUtilitiesTest.java:52)
... Removed 26 stack frames</pre>
            </div>
            <a href='#' onClick='toggleBox("stack-trace458483452", this, "Click to show all stack frames", "Click to hide stack frames")'>Click to show all stack frames</a>
            <div class='stack-trace' id='stack-trace458483452'><pre>ru.vachok.networker.componentsrepo.exceptions.TODOException: This functional is not ready yet. this is ru_vachok_networker- :ru.vachok.networker.UsefulUtilitiesTest.testThisPC(UsefulUtilitiesTest.java:52)

TODO: 10.08.2019 (11:50)
	at ru.vachok.networker.UsefulUtilitiesTest.testThisPC(UsefulUtilitiesTest.java:52)
	at java.base/jdk.internal.reflect.NativeMethodAccessorImpl.invoke0(Native Method)
	at java.base/jdk.internal.reflect.NativeMethodAccessorImpl.invoke(NativeMethodAccessorImpl.java:62)
	at java.base/jdk.internal.reflect.DelegatingMethodAccessorImpl.invoke(DelegatingMethodAccessorImpl.java:43)
	at java.base/java.lang.reflect.Method.invoke(Method.java:567)
	at org.testng.internal.MethodInvocationHelper.invokeMethod(MethodInvocationHelper.java:131)
	at org.testng.internal.TestInvoker.invokeMethod(TestInvoker.java:570)
	at org.testng.internal.TestInvoker.invokeTestMethod(TestInvoker.java:170)
	at org.testng.internal.MethodRunner.runInSequence(MethodRunner.java:46)
	at org.testng.internal.TestInvoker$MethodInvocationAgent.invoke(TestInvoker.java:790)
	at org.testng.internal.TestInvoker.invokeTestMethods(TestInvoker.java:143)
	at org.testng.internal.TestMethodWorker.invokeTestMethods(TestMethodWorker.java:146)
	at org.testng.internal.TestMethodWorker.run(TestMethodWorker.java:128)
	at org.testng.TestRunner.privateRun(TestRunner.java:763)
	at org.testng.TestRunner.run(TestRunner.java:594)
	at org.testng.SuiteRunner.runTest(SuiteRunner.java:398)
	at org.testng.SuiteRunner.runSequentially(SuiteRunner.java:392)
	at org.testng.SuiteRunner.privateRun(SuiteRunner.java:355)
	at org.testng.SuiteRunner.run(SuiteRunner.java:304)
	at org.testng.SuiteRunnerWorker.runSuite(SuiteRunnerWorker.java:53)
	at org.testng.SuiteRunnerWorker.run(SuiteRunnerWorker.java:96)
	at org.testng.TestNG.runSuitesSequentially(TestNG.java:1146)
	at org.testng.TestNG.runSuitesLocally(TestNG.java:1067)
	at org.testng.TestNG.runSuites(TestNG.java:997)
	at org.testng.TestNG.run(TestNG.java:965)
	at org.testng.IDEARemoteTestNG.run(IDEARemoteTestNG.java:73)
	at org.testng.RemoteTestNGStarter.main(RemoteTestNGStarter.java:123)
</pre>
            </div>
        </td>
        <td>0</td>
        <td>ru.vachok.networker.UsefulUtilitiesTest@515c732d</td>
    </tr>
</table>
<p>
<table border='1' class='invocation-passed' width='100%'>
    <tr>
        <td align='center' colspan='4'><b>PASSED TESTS</b></td>
    </tr>
    <tr>
        <td><b>Test method</b></td>
        <td width="30%"><b>Exception</b></td>
        <td width="10%"><b>Time (seconds)</b></td>
        <td><b>Instance</b></td>
    </tr>
    <tr>
        <td title='ru.vachok.networker.ad.user.FileADUsersParserTest.adUsersFromFileGetter()'><b>adUsersFromFileGetter</b><br>Test class:
            ru.vachok.networker.ad.user.DataBaseADUsersSRVTest
        </td>
        <td></td>
        <td>0</td>
        <td>ru.vachok.networker.ad.user.DataBaseADUsersSRVTest@4a6facb0</td>
    </tr>
    <tr>
        <td title='ru.vachok.networker.accesscontrol.common.usermanagement.UserACLManagerImplTest.addAccess()'><b>addAccess</b><br>Test class:
            ru.vachok.networker.accesscontrol.common.usermanagement.UserACLManagerImplTest
        </td>
        <td></td>
        <td>14</td>
        <td>ru.vachok.networker.accesscontrol.common.usermanagement.UserACLManagerImplTest@514dc5f4</td>
    </tr>
    <tr>
        <td title='ru.vachok.networker.accesscontrol.common.usermanagement.UserACLAdderTest.booleanAddTest()'><b>booleanAddTest</b><br>Test class:
            ru.vachok.networker.accesscontrol.common.usermanagement.UserACLAdderTest
        </td>
        <td></td>
        <td>1</td>
        <td>ru.vachok.networker.accesscontrol.common.usermanagement.UserACLAdderTest@5ae87de0</td>
    </tr>
    <tr>
        <td title='ru.vachok.networker.net.libswork.RegRuFTPLibsUploaderTest.checkPassOverDB()'><b>checkPassOverDB</b><br>Test class:
            ru.vachok.networker.net.libswork.RegRuFTPLibsUploaderTest
        </td>
        <td></td>
        <td>0</td>
        <td>RegRuFTPLibsUploader{ftpClient=}</td>
    </tr>
    <tr>
        <td title='ru.vachok.networker.net.libswork.RegRuFTPLibsUploaderTest.chkPC$$COPY()'><b>chkPC$$COPY</b><br>Test class:
            ru.vachok.networker.net.libswork.RegRuFTPLibsUploaderTest
        </td>
        <td></td>
        <td>0</td>
        <td>RegRuFTPLibsUploader{ftpClient=}</td>
    </tr>
    <tr>
        <td title='ru.vachok.networker.net.libswork.RegRuFTPLibsUploaderTest.continueConnect()'><b>continueConnect</b><br>Test class:
            ru.vachok.networker.net.libswork.RegRuFTPLibsUploaderTest
        </td>
        <td></td>
        <td>0</td>
        <td>RegRuFTPLibsUploader{ftpClient=}</td>
    </tr>
    <tr>
        <td title='ru.vachok.networker.ad.PhotoConverterSRVTest.convertFoto()'><b>convertFoto</b><br>Test class: ru.vachok.networker.ad.PhotoConverterSRVTest</td>
        <td></td>
        <td>0</td>
        <td>ru.vachok.networker.ad.PhotoConverterSRVTest@ab4d2ba</td>
    </tr>
    <tr>
        <td title='ru.vachok.networker.fileworks.CountSizeOfWorkDirTest.countDiskSpace()'><b>countDiskSpace</b><br>Test class: ru.vachok.networker.fileworks.CountSizeOfWorkDirTest
        </td>
        <td></td>
        <td>0</td>
        <td>ru.vachok.networker.fileworks.CountSizeOfWorkDirTest@74231642</td>
    </tr>
    <tr>
        <td title='ru.vachok.networker.services.SimpleCalculatorTest.countThreads()'><b>countThreads</b><br>Test class: ru.vachok.networker.services.SimpleCalculatorTest</td>
        <td></td>
        <td>0</td>
        <td>ru.vachok.networker.services.SimpleCalculatorTest@614cbec4</td>
    </tr>
    <tr>
        <td title='ru.vachok.networker.net.monitor.ExecScanTest.cpOldFile$$COPY()'><b>cpOldFile$$COPY</b><br>Test class: ru.vachok.networker.net.monitor.ExecScanTest</td>
        <td></td>
        <td>0</td>
        <td>ru.vachok.networker.net.monitor.ExecScanTest@57b3d869</td>
    </tr>
    <tr>
        <td title='ru.vachok.networker.statistics.InternetStatsTest.dayOfWeekTesting()'><b>dayOfWeekTesting</b><br>Test class: ru.vachok.networker.statistics.InternetStatsTest</td>
        <td></td>
        <td>0</td>
        <td>ru.vachok.networker.statistics.InternetStatsTest@18dbc1b</td>
    </tr>
    <tr>
        <td title='ru.vachok.networker.net.monitor.PCMonitoringTest.exp$$WriteLog()'><b>exp$$WriteLog</b><br>Test class: ru.vachok.networker.net.monitor.PCMonitoringTest</td>
        <td></td>
        <td>0</td>
        <td>ru.vachok.networker.net.monitor.PCMonitoringTest@45832b85</td>
    </tr>
    <tr>
        <td title='ru.vachok.networker.systray.ActionRunTest.experementalAction()'><b>experementalAction</b><br>Test class: ru.vachok.networker.systray.ActionRunTest</td>
        <td></td>
        <td>3</td>
        <td>ru.vachok.networker.systray.ActionRunTest@cef885d</td>
    </tr>
    <tr>
        <td title='ru.vachok.networker.net.scanner.ScanOnlineTest.fileOnToLastCopyTest()'><b>fileOnToLastCopyTest</b><br>Test class: ru.vachok.networker.net.scanner.ScanOnlineTest
        </td>
        <td></td>
        <td>0</td>
        <td>ru.vachok.networker.net.scanner.ScanOnlineTest@bea5941</td>
    </tr>
    <tr>
        <td title='ru.vachok.networker.net.libswork.RegRuFTPLibsUploaderTest.ftpTest()'><b>ftpTest</b><br>Test class: ru.vachok.networker.net.libswork.RegRuFTPLibsUploaderTest</td>
        <td></td>
        <td>4</td>
        <td>RegRuFTPLibsUploader{ftpClient=}</td>
    </tr>
    <tr>
        <td title='ru.vachok.networker.net.monitor.KudrWorkTimeTest.getExecution$$COPY()'><b>getExecution$$COPY</b><br>Test class: ru.vachok.networker.net.monitor.KudrWorkTimeTest
        </td>
        <td></td>
        <td>0</td>
        <td>ru.vachok.networker.net.monitor.KudrWorkTimeTest@4efe014f</td>
    </tr>
    <tr>
        <td title='ru.vachok.networker.componentsrepo.InvokeIllegalExceptionTest.getMyThrow()'><b>getMyThrow</b><br>Test class:
            ru.vachok.networker.componentsrepo.InvokeIllegalExceptionTest
        </td>
        <td></td>
        <td>0</td>
        <td>ru.vachok.networker.componentsrepo.InvokeIllegalExceptionTest@8315e4a</td>
    </tr>
    <tr>
        <td title='ru.vachok.networker.AbstractNetworkerFactoryTest.getSSHFactoryOverAbsFactory()'><b>getSSHFactoryOverAbsFactory</b><br>Test class:
            ru.vachok.networker.AbstractNetworkerFactoryTest
        </td>
        <td></td>
        <td>0</td>
        <td>ru.vachok.networker.AbstractNetworkerFactoryTest@56da8847</td>
    </tr>
    <tr>
        <td title='ru.vachok.networker.statistics.WeekPCStatsTest.getStatsTest()'><b>getStatsTest</b><br>Test class: ru.vachok.networker.statistics.WeekPCStatsTest</td>
        <td></td>
        <td>3</td>
        <td>ru.vachok.networker.statistics.WeekPCStatsTest@45cb5307</td>
    </tr>
    <tr>
        <td title='ru.vachok.networker.net.monitor.DiapazonScanTest.isOldFilesExistsTest()'><b>isOldFilesExistsTest</b><br>Test class:
            ru.vachok.networker.net.monitor.DiapazonScanTest
        </td>
        <td></td>
        <td>0</td>
        <td>ru.vachok.networker.net.monitor.DiapazonScanTest@3c8758d1</td>
    </tr>
    <tr>
        <td title='ru.vachok.networker.net.monitor.KudrWorkTimeTest.kudrMonitorTest()'><b>kudrMonitorTest</b><br>Test class: ru.vachok.networker.net.monitor.KudrWorkTimeTest</td>
        <td></td>
        <td>1</td>
        <td>ru.vachok.networker.net.monitor.KudrWorkTimeTest@4efe014f</td>
    </tr>
    <tr>
        <td title='ru.vachok.networker.restapi.props.DBPropsCallableTest.localFind()'><b>localFind</b><br>Test class: ru.vachok.networker.restapi.props.DBPropsCallableTest</td>
        <td></td>
        <td>0</td>
        <td>ru.vachok.networker.restapi.props.DBPropsCallableTest@545f0b6</td>
    </tr>
    <tr>
        <td title='ru.vachok.networker.mailserver.testserver.MailPOPTesterTest.logFileReader()'><b>logFileReader</b><br>Test class:
            ru.vachok.networker.mailserver.testserver.MailPOPTesterTest
        </td>
        <td></td>
        <td>2</td>
        <td>ru.vachok.networker.mailserver.testserver.MailPOPTesterTest@7c5ac0</td>
    </tr>
    <tr>
        <td title='ru.vachok.networker.net.monitor.DiapazonScanTest.makeFilesMapTest()'><b>makeFilesMapTest</b><br>Test class: ru.vachok.networker.net.monitor.DiapazonScanTest</td>
        <td></td>
        <td>0</td>
        <td>ru.vachok.networker.net.monitor.DiapazonScanTest@3c8758d1</td>
    </tr>
    <tr>
        <td title='ru.vachok.networker.fileworks.FileSearcherTest.makeSearchByName()'><b>makeSearchByName</b><br>Test class: ru.vachok.networker.fileworks.FileSearcherTest</td>
        <td></td>
        <td>0</td>
        <td>ru.vachok.networker.fileworks.FileSearcherTest@1d654b5f</td>
    </tr>
    <tr>
        <td title='ru.vachok.networker.fileworks.FileSearcherTest.makeSearchByTime()'><b>makeSearchByTime</b><br>Test class: ru.vachok.networker.fileworks.FileSearcherTest</td>
        <td></td>
        <td>0</td>
        <td>ru.vachok.networker.fileworks.FileSearcherTest@1d654b5f</td>
    </tr>
    <tr>
        <td title='ru.vachok.networker.restapi.fsworks.UpakFilesTest.makeZip()'><b>makeZip</b><br>Test class: ru.vachok.networker.restapi.fsworks.UpakFilesTest</td>
        <td></td>
        <td>0</td>
        <td>ru.vachok.networker.restapi.fsworks.UpakFilesTest@5f82209e</td>
    </tr>
    <tr>
        <td title='ru.vachok.networker.net.monitor.ExecScanTest.oneIPScanTest()'><b>oneIPScanTest</b><br>Test class: ru.vachok.networker.net.monitor.ExecScanTest</td>
        <td></td>
        <td>1</td>
        <td>ru.vachok.networker.net.monitor.ExecScanTest@57b3d869</td>
    </tr>
    <tr>
        <td title='ru.vachok.networker.AppInfoOnLoadTest.onePCMonStart()'><b>onePCMonStart</b><br>Test class: ru.vachok.networker.AppInfoOnLoadTest</td>
        <td></td>
        <td>0</td>
        <td>ru.vachok.networker.AppInfoOnLoadTest@12a0d249</td>
    </tr>
    <tr>
        <td title='ru.vachok.networker.net.monitor.NetMonitorPTVTests.ptvIfBigTest()'><b>ptvIfBigTest</b><br>Test class: ru.vachok.networker.net.monitor.NetMonitorPTVTests</td>
        <td></td>
        <td>0</td>
        <td>ru.vachok.networker.net.monitor.NetMonitorPTVTests@4b511e61</td>
    </tr>
    <tr>
        <td title='ru.vachok.networker.info.ACLParserTest.readUserACL()'><b>readUserACL</b><br>Test class:
            ru.vachok.networker.accesscontrol.common.RightsParsingTest
        </td>
        <td></td>
        <td>1</td>
        <td>ru.vachok.networker.accesscontrol.common.RightsParsingTest@70421a08</td>
    </tr>
    <tr>
        <td title='ru.vachok.networker.AppInfoOnLoadTest.realRun()'><b>realRun</b><br>Test class: ru.vachok.networker.AppInfoOnLoadTest</td>
        <td></td>
        <td>2</td>
        <td>ru.vachok.networker.AppInfoOnLoadTest@12a0d249</td>
    </tr>
    <tr>
        <td title='ru.vachok.networker.info.ACLParserTest.realRunTest()'><b>realRunTest</b><br>Test class:
            ru.vachok.networker.accesscontrol.common.RightsParsingTest
        </td>
        <td></td>
        <td>3</td>
        <td>ru.vachok.networker.accesscontrol.common.RightsParsingTest@70421a08</td>
    </tr>
    <tr>
        <td title='ru.vachok.networker.accesscontrol.common.usermanagement.UserACLManagerImplTest.removeAccess()'><b>removeAccess</b><br>Test class:
            ru.vachok.networker.accesscontrol.common.usermanagement.UserACLManagerImplTest
        </td>
        <td></td>
        <td>14</td>
        <td>ru.vachok.networker.accesscontrol.common.usermanagement.UserACLManagerImplTest@514dc5f4</td>
    </tr>
    <tr>
        <td title='ru.vachok.networker.IntoApplicationTest.runMainApp()'><b>runMainApp</b><br>Test class: ru.vachok.networker.IntoApplicationTest</td>
        <td></td>
        <td>0</td>
        <td>ru.vachok.networker.IntoApplicationTest@2a510e0e</td>
    </tr>
    <tr>
        <td title='ru.vachok.networker.net.monitor.DiapazonScanTest.scanFilesTest()'><b>scanFilesTest</b><br>Test class: ru.vachok.networker.net.monitor.DiapazonScanTest</td>
        <td></td>
        <td>0</td>
        <td>ru.vachok.networker.net.monitor.DiapazonScanTest@3c8758d1</td>
    </tr>
    <tr>
        <td title='ru.vachok.networker.accesscontrol.sshactions.TemporaryFullInternetTest.sshChecker$$Copy()'><b>sshChecker$$Copy</b><br>Test class:
            ru.vachok.networker.accesscontrol.sshactions.TemporaryFullInternetTest
        </td>
        <td></td>
        <td>0</td>
        <td>ru.vachok.networker.accesscontrol.sshactions.TemporaryFullInternetTest@4adcc981</td>
    </tr>
    <tr>
        <td title='ru.vachok.networker.systray.ActionDelTMPTest.testActionPerformed()'><b>testActionPerformed</b><br>Test class: ru.vachok.networker.systray.ActionDelTMPTest</td>
        <td></td>
        <td>0</td>
        <td>ru.vachok.networker.systray.ActionDelTMPTest@63a72cc6</td>
    </tr>
    <tr>
        <td title='ru.vachok.networker.systray.ActionRunTest.testActionPerformed$$COPY()'><b>testActionPerformed$$COPY</b><br>Test class: ru.vachok.networker.systray.ActionRunTest
        </td>
        <td></td>
        <td>0</td>
        <td>ru.vachok.networker.systray.ActionRunTest@cef885d</td>
    </tr>
    <tr>
        <td title='ru.vachok.networker.controller.ActDirectoryCTRLTest.testAdFoto()'><b>testAdFoto</b><br>Test class: ru.vachok.networker.controller.ActDirectoryCTRLTest</td>
        <td></td>
        <td>2</td>
        <td>ru.vachok.networker.controller.ActDirectoryCTRLTest@2c02a007</td>
    </tr>
    <tr>
        <td title='ru.vachok.networker.AppComponentsTest.testAdSrv()'><b>testAdSrv</b><br>Test class: ru.vachok.networker.AppComponentsTest</td>
        <td></td>
        <td>0</td>
        <td>ru.vachok.networker.AppComponentsTest@33fec21</td>
    </tr>
    <tr>
        <td title='ru.vachok.networker.controller.UserWebCTRLTest.testAdSrvForUser()'><b>testAdSrvForUser</b><br>Test class: ru.vachok.networker.controller.UserWebCTRLTest</td>
        <td></td>
        <td>0</td>
        <td>ru.vachok.networker.controller.UserWebCTRLTest@4910afdf</td>
    </tr>
    <tr>
        <td title='ru.vachok.networker.controller.ActDirectoryCTRLTest.testAdUsersComps()'><b>testAdUsersComps</b><br>Test class:
            ru.vachok.networker.controller.ActDirectoryCTRLTest
        </td>
        <td></td>
        <td>0</td>
        <td>ru.vachok.networker.controller.ActDirectoryCTRLTest@2c02a007</td>
    </tr>
    <tr>
        <td title='ru.vachok.networker.accesscontrol.sshactions.SshActsTest.testAllowDomainAdd()'><b>testAllowDomainAdd</b><br>Test class:
            ru.vachok.networker.accesscontrol.sshactions.SshActsTest
        </td>
        <td></td>
        <td>0</td>
        <td>ru.vachok.networker.accesscontrol.sshactions.SshActsTest@4efed0e0</td>
    </tr>
    <tr>
        <td title='ru.vachok.networker.accesscontrol.sshactions.SshActsTest.testAllowDomainDel()'><b>testAllowDomainDel</b><br>Test class:
            ru.vachok.networker.accesscontrol.sshactions.SshActsTest
        </td>
        <td></td>
        <td>0</td>
        <td>ru.vachok.networker.accesscontrol.sshactions.SshActsTest@4efed0e0</td>
    </tr>
    <tr>
        <td title='ru.vachok.networker.controller.SshActsCTRLTest.testAllowPOST()'><b>testAllowPOST</b><br>Test class: ru.vachok.networker.controller.SshActsCTRLTest</td>
        <td></td>
        <td>0</td>
        <td>ru.vachok.networker.controller.SshActsCTRLTest@2759749</td>
    </tr>
    <tr>
        <td title='ru.vachok.networker.fileworks.FileSystemWorkerTest.testAppendObjectToFile()'><b>testAppendObjectToFile</b><br>Test class:
            ru.vachok.networker.fileworks.FileSystemWorkerTest
        </td>
        <td></td>
        <td>0</td>
        <td>ru.vachok.networker.fileworks.FileSystemWorkerTest@575d48db</td>
    </tr>
    <tr>
        <td title='ru.vachok.networker.restapi.message.DBMessengerTest.testAsSingle()'><b>testAsSingle</b><br>Test class: ru.vachok.networker.restapi.message.DBMessengerTest</td>
        <td></td>
        <td>0</td>
        <td>ru.vachok.networker.restapi.message.DBMessengerTest@3278d065</td>
    </tr>
    <tr>
        <td title='ru.vachok.networker.IntoApplicationTest.testBeforeSt()'><b>testBeforeSt</b><br>Test class: ru.vachok.networker.IntoApplicationTest</td>
        <td></td>
        <td>0</td>
        <td>ru.vachok.networker.IntoApplicationTest@2a510e0e</td>
    </tr>
    <tr>
        <td title='ru.vachok.networker.fileworks.CountSizeOfWorkDirTest.testCall()'><b>testCall</b><br>Test class: ru.vachok.networker.fileworks.CountSizeOfWorkDirTest</td>
        <td></td>
        <td>0</td>
        <td>ru.vachok.networker.fileworks.CountSizeOfWorkDirTest@74231642</td>
    </tr>
    <tr>
        <td title='ru.vachok.networker.restapi.props.DBPropsCallableTest.testCall()'><b>testCall</b><br>Test class: ru.vachok.networker.restapi.props.DBPropsCallableTest</td>
        <td></td>
        <td>0</td>
        <td>ru.vachok.networker.restapi.props.DBPropsCallableTest@545f0b6</td>
    </tr>
    <tr>
        <td title='ru.vachok.networker.exe.schedule.DeadLockMonitorTest.testCall()'><b>testCall</b><br>Test class: ru.vachok.networker.exe.schedule.DeadLockMonitorTest</td>
        <td></td>
        <td>0</td>
        <td>ru.vachok.networker.exe.schedule.DeadLockMonitorTest@3c9ef37b</td>
    </tr>
    <tr>
        <td title='ru.vachok.networker.services.FilesZipPackerTest.testCall()'><b>testCall</b><br>Test class: ru.vachok.networker.services.FilesZipPackerTest</td>
        <td></td>
        <td>0</td>
        <td>ru.vachok.networker.services.FilesZipPackerTest@1b36d248</td>
    </tr>
    <tr>
        <td title='ru.vachok.networker.accesscontrol.common.OldBigFilesInfoCollectorTest.testCall()'><b>testCall</b><br>Test class:
            ru.vachok.networker.accesscontrol.common.OldBigFilesInfoCollectorTest
        </td>
        <td></td>
        <td>0</td>
        <td>ru.vachok.networker.accesscontrol.common.OldBigFilesInfoCollectorTest@3a3bc0da</td>
    </tr>
    <tr>
        <td title='ru.vachok.networker.statistics.PCStatsTest.testCall()'><b>testCall</b><br>Test class: ru.vachok.networker.statistics.PCStatsTest</td>
        <td></td>
        <td>4</td>
        <td>ru.vachok.networker.statistics.PCStatsTest@103478b8</td>
    </tr>
    <tr>
        <td title='ru.vachok.networker.services.SpeedCheckerTest.testCall()'><b>testCall</b><br>Test class: ru.vachok.networker.services.SpeedCheckerTest</td>
        <td></td>
        <td>2</td>
        <td>ru.vachok.networker.services.SpeedCheckerTest@3835d3fd</td>
    </tr>
    <tr>
        <td title='ru.vachok.networker.SSHFactoryTest.testCall()'><b>testCall</b><br>Test class: ru.vachok.networker.SSHFactoryTest</td>
        <td></td>
        <td>0</td>
        <td>ru.vachok.networker.SSHFactoryTest@4ac0ed65</td>
    </tr>
    <tr>
        <td title='ru.vachok.networker.services.TimeCheckerTest.testCall()'><b>testCall</b><br>Test class: ru.vachok.networker.services.TimeCheckerTest</td>
        <td></td>
        <td>0</td>
        <td>ru.vachok.networker.services.TimeCheckerTest@3856d0cb</td>
    </tr>
    <tr>
        <td title='ru.vachok.networker.accesscontrol.sshactions.TraceroutingTest.testCall()'><b>testCall</b><br>Test class:
            ru.vachok.networker.accesscontrol.sshactions.TraceroutingTest
        </td>
        <td></td>
        <td>0</td>
        <td>ru.vachok.networker.accesscontrol.sshactions.TraceroutingTest@2125535d</td>
    </tr>
    <tr>
        <td title='ru.vachok.networker.ad.ADSrvTest.testCheckCommonRightsForUserName()'><b>testCheckCommonRightsForUserName</b><br>Test class: ru.vachok.networker.ad.ADSrvTest</td>
        <td></td>
        <td>0</td>
        <td>ru.vachok.networker.ad.ADSrvTest@6f4fc83f</td>
    </tr>
    <tr>
        <td title='ru.vachok.networker.net.scanner.CheckerIpTest.testCheckIP()'><b>testCheckIP</b><br>Test class: ru.vachok.networker.net.scanner.CheckerIpTest</td>
        <td></td>
        <td>0</td>
        <td>ru.vachok.networker.net.scanner.CheckerIpTest@70ce2fb2</td>
    </tr>
    <tr>
        <td title='ru.vachok.networker.net.scanner.NetScannerSvcTest.testCheckMapSizeAndDoAction()'><b>testCheckMapSizeAndDoAction</b><br>Test class:
            ru.vachok.networker.net.scanner.NetScannerSvcTest
        </td>
        <td></td>
        <td>0</td>
        <td>ru.vachok.networker.net.scanner.NetScannerSvcTest@6c6919ff</td>
    </tr>
    <tr>
        <td title='ru.vachok.networker.accesscontrol.NameOrIPCheckerTest.testCheckPat()'><b>testCheckPat</b><br>Test class: ru.vachok.networker.accesscontrol.NameOrIPCheckerTest
        </td>
        <td></td>
        <td>0</td>
        <td>ru.vachok.networker.accesscontrol.NameOrIPCheckerTest@6a7aa675</td>
    </tr>
    <tr>
        <td title='ru.vachok.networker.sysinfo.ServiceInfoCtrlTest.testCloseApp()'><b>testCloseApp</b><br>Test class: ru.vachok.networker.sysinfo.ServiceInfoCtrlTest</td>
        <td></td>
        <td>0</td>
        <td>ru.vachok.networker.sysinfo.ServiceInfoCtrlTest@df6f19b</td>
    </tr>
    <tr>
        <td title='ru.vachok.networker.accesscontrol.common.CommonCTRLTest.testCommonGET()'><b>testCommonGET</b><br>Test class:
            ru.vachok.networker.accesscontrol.common.CommonCTRLTest
        </td>
        <td></td>
        <td>0</td>
        <td>ru.vachok.networker.accesscontrol.common.CommonCTRLTest@25f14e93</td>
    </tr>
    <tr>
        <td title='ru.vachok.networker.accesscontrol.common.CommonCTRLTest.testCommonSearch()'><b>testCommonSearch</b><br>Test class:
            ru.vachok.networker.accesscontrol.common.CommonCTRLTest
        </td>
        <td></td>
        <td>0</td>
        <td>ru.vachok.networker.accesscontrol.common.CommonCTRLTest@25f14e93</td>
    </tr>
    <tr>
        <td title='ru.vachok.networker.restapi.message.MessageToTrayTest.testConfirm()'><b>testConfirm</b><br>Test class: ru.vachok.networker.restapi.message.MessageToTrayTest</td>
        <td></td>
        <td>0</td>
        <td>ru.vachok.networker.restapi.message.MessageToTrayTest@66dd04e2</td>
    </tr>
    <tr>
        <td title='ru.vachok.networker.accesscontrol.sshactions.AccessListsCheckUniqTest.testConnectTo()'><b>testConnectTo</b><br>Test class:
            ru.vachok.networker.accesscontrol.sshactions.AccessListsCheckUniqTest
        </td>
        <td></td>
        <td>0</td>
        <td>ru.vachok.networker.accesscontrol.sshactions.AccessListsCheckUniqTest@7323c38c</td>
    </tr>
    <tr>
        <td title='ru.vachok.networker.net.libswork.RegRuDBLibsTest.testConnectTo()'><b>testConnectTo</b><br>Test class: ru.vachok.networker.net.libswork.RegRuDBLibsTest</td>
        <td></td>
        <td>0</td>
        <td>ru.vachok.networker.net.libswork.RegRuDBLibsTest@278cb145</td>
    </tr>
    <tr>
        <td title='ru.vachok.networker.AppComponentsTest.testConnection()'><b>testConnection</b><br>Test class: ru.vachok.networker.AppComponentsTest</td>
        <td></td>
        <td>0</td>
        <td>ru.vachok.networker.AppComponentsTest@33fec21</td>
    </tr>
    <tr>
        <td title='ru.vachok.networker.fileworks.FileSystemWorkerTest.testCopyOrDelFile()'><b>testCopyOrDelFile</b><br>Test class:
            ru.vachok.networker.fileworks.FileSystemWorkerTest
        </td>
        <td></td>
        <td>0</td>
        <td>ru.vachok.networker.fileworks.FileSystemWorkerTest@575d48db</td>
    </tr>
    <tr>
        <td title='ru.vachok.networker.services.SimpleCalculatorTest.testCountDoubles()'><b>testCountDoubles</b><br>Test class: ru.vachok.networker.services.SimpleCalculatorTest
        </td>
        <td></td>
        <td>0</td>
        <td>ru.vachok.networker.services.SimpleCalculatorTest@614cbec4</td>
    </tr>
    <tr>
        <td title='ru.vachok.networker.fileworks.FileSystemWorkerTest.testCountStringsInFile()'><b>testCountStringsInFile</b><br>Test class:
            ru.vachok.networker.fileworks.FileSystemWorkerTest
        </td>
        <td></td>
        <td>5</td>
        <td>ru.vachok.networker.fileworks.FileSystemWorkerTest@575d48db</td>
    </tr>
    <tr>
        <td title='ru.vachok.networker.accesscontrol.common.usermanagement.UserACLManagerImplTest.testCreateNewACL()'><b>testCreateNewACL</b><br>Test class:
            ru.vachok.networker.accesscontrol.common.usermanagement.UserACLManagerImplTest
        </td>
        <td></td>
        <td>0</td>
        <td>ru.vachok.networker.accesscontrol.common.usermanagement.UserACLManagerImplTest@514dc5f4</td>
    </tr>
    <tr>
        <td title='ru.vachok.networker.AbstractNetworkerFactoryTest.testCreateSSHFactory()'><b>testCreateSSHFactory</b><br>Test class:
            ru.vachok.networker.AbstractNetworkerFactoryTest
        </td>
        <td></td>
        <td>0</td>
        <td>ru.vachok.networker.AbstractNetworkerFactoryTest@56da8847</td>
    </tr>
    <tr>
        <td title='ru.vachok.networker.controller.SshActsCTRLTest.testDelDomPOST()'><b>testDelDomPOST</b><br>Test class: ru.vachok.networker.controller.SshActsCTRLTest</td>
        <td></td>
        <td>0</td>
        <td>ru.vachok.networker.controller.SshActsCTRLTest@2759749</td>
    </tr>
    <tr>
        <td title='ru.vachok.networker.restapi.props.DBPropsCallableTest.testDelProps()'><b>testDelProps</b><br>Test class: ru.vachok.networker.restapi.props.DBPropsCallableTest
        </td>
        <td></td>
        <td>0</td>
        <td>ru.vachok.networker.restapi.props.DBPropsCallableTest@545f0b6</td>
    </tr>
    <tr>
        <td title='ru.vachok.networker.restapi.props.FilePropsLocalTest.testDelProps()'><b>testDelProps</b><br>Test class: ru.vachok.networker.restapi.props.FilePropsLocalTest</td>
        <td></td>
        <td>0</td>
        <td>ru.vachok.networker.restapi.props.FilePropsLocalTest@225ddf5f</td>
    </tr>
    <tr>
        <td title='ru.vachok.networker.restapi.props.PreferencesHelperTest.testDelProps$$COPY()'><b>testDelProps$$COPY</b><br>Test class:
            ru.vachok.networker.restapi.props.PreferencesHelperTest
        </td>
        <td></td>
        <td>0</td>
        <td>ru.vachok.networker.restapi.props.PreferencesHelperTest@65ff4b8c</td>
    </tr>
    <tr>
        <td title='ru.vachok.networker.fileworks.FileSystemWorkerTest.testDelTemp()'><b>testDelTemp</b><br>Test class: ru.vachok.networker.fileworks.FileSystemWorkerTest</td>
        <td></td>
        <td>0</td>
        <td>ru.vachok.networker.fileworks.FileSystemWorkerTest@575d48db</td>
    </tr>
    <tr>
        <td title='ru.vachok.networker.statistics.InternetStatsTest.testDeleteFrom()'><b>testDeleteFrom</b><br>Test class: ru.vachok.networker.statistics.InternetStatsTest</td>
        <td></td>
        <td>0</td>
        <td>ru.vachok.networker.statistics.InternetStatsTest@18dbc1b</td>
    </tr>
    <tr>
        <td title='ru.vachok.networker.accesscontrol.common.usermanagement.UserACLDeleterTest.testDeleter()'><b>testDeleter</b><br>Test class:
            ru.vachok.networker.accesscontrol.common.usermanagement.UserACLDeleterTest
        </td>
        <td></td>
        <td>14</td>
        <td>ru.vachok.networker.accesscontrol.common.usermanagement.UserACLDeleterTest@1f85904a</td>
    </tr>
    <tr>
        <td title='ru.vachok.networker.AppComponentsTest.testDiapazonedScanInfo()'><b>testDiapazonedScanInfo</b><br>Test class: ru.vachok.networker.AppComponentsTest</td>
        <td></td>
        <td>0</td>
        <td>ru.vachok.networker.AppComponentsTest@33fec21</td>
    </tr>
    <tr>
        <td title='ru.vachok.networker.SSHFactoryTest.testDirectCall()'><b>testDirectCall</b><br>Test class: ru.vachok.networker.SSHFactoryTest</td>
        <td></td>
        <td>0</td>
        <td>ru.vachok.networker.SSHFactoryTest@4ac0ed65</td>
    </tr>
    <tr>
        <td title='ru.vachok.networker.exe.ThreadConfigTest.testDumpToFile()'><b>testDumpToFile</b><br>Test class: ru.vachok.networker.exe.ThreadConfigTest</td>
        <td></td>
        <td>0</td>
        <td>ru.vachok.networker.exe.ThreadConfigTest@73aae7a</td>
    </tr>
    <tr>
        <td title='ru.vachok.networker.net.scanner.NetListsTest.testEditOffLines()'><b>testEditOffLines</b><br>Test class: ru.vachok.networker.net.scanner.NetListsTest</td>
        <td></td>
        <td>0</td>
        <td>ru.vachok.networker.net.scanner.NetListsTest@602a3237</td>
    </tr>
    <tr>
        <td title='ru.vachok.networker.controller.ErrCtrTest.testErrHandle()'><b>testErrHandle</b><br>Test class: ru.vachok.networker.controller.ErrCtrTest</td>
        <td></td>
        <td>0</td>
        <td>ru.vachok.networker.controller.ErrCtrTest@166ddfb7</td>
    </tr>
    <tr>
        <td title='ru.vachok.networker.fileworks.FileSystemWorkerTest.testError()'><b>testError</b><br>Test class: ru.vachok.networker.fileworks.FileSystemWorkerTest</td>
        <td></td>
        <td>0</td>
        <td>ru.vachok.networker.fileworks.FileSystemWorkerTest@575d48db</td>
    </tr>
    <tr>
        <td title='ru.vachok.networker.restapi.message.MessageToTrayTest.testErrorAlert()'><b>testErrorAlert</b><br>Test class:
            ru.vachok.networker.restapi.message.MessageToTrayTest
        </td>
        <td></td>
        <td>0</td>
        <td>ru.vachok.networker.restapi.message.MessageToTrayTest@66dd04e2</td>
    </tr>
    <tr>
        <td title='ru.vachok.networker.controller.ExCTRLTest.testExchangeWorks()'><b>testExchangeWorks</b><br>Test class: ru.vachok.networker.controller.ExCTRLTest</td>
        <td></td>
        <td>0</td>
        <td>ru.vachok.networker.controller.ExCTRLTest@5da3f32a</td>
    </tr>
    <tr>
        <td title='ru.vachok.networker.exe.ThreadConfigTest.testExecByThreadConfig()'><b>testExecByThreadConfig</b><br>Test class: ru.vachok.networker.exe.ThreadConfigTest</td>
        <td></td>
        <td>0</td>
        <td>ru.vachok.networker.exe.ThreadConfigTest@73aae7a</td>
    </tr>
    <tr>
        <td title='ru.vachok.networker.mailserver.ExSRVTest.testFileAsStrings()'><b>testFileAsStrings</b><br>Test class: ru.vachok.networker.mailserver.ExSRVTest</td>
        <td></td>
        <td>0</td>
        <td>ru.vachok.networker.mailserver.ExSRVTest@291cbe70</td>
    </tr>
    <tr>
        <td title='ru.vachok.networker.ad.user.FileADUsersParserTest.testFileParser()'><b>testFileParser</b><br>Test class: ru.vachok.networker.ad.user.DataBaseADUsersSRVTest</td>
        <td></td>
        <td>0</td>
        <td>ru.vachok.networker.ad.user.DataBaseADUsersSRVTest@4a6facb0</td>
    </tr>
    <tr>
        <td title='ru.vachok.networker.componentsrepo.ArgsReaderTest.testFillArgs()'><b>testFillArgs</b><br>Test class: ru.vachok.networker.componentsrepo.ArgsReaderTest</td>
        <td></td>
        <td>0</td>
        <td>ru.vachok.networker.componentsrepo.ArgsReaderTest@3c62be3c</td>
    </tr>
    <tr>
        <td title='ru.vachok.networker.info.ACLParserTest.testFoundPatternMap()'><b>testFoundPatternMap</b><br>Test class:
            ru.vachok.networker.accesscontrol.common.RightsParsingTest
        </td>
        <td></td>
        <td>5</td>
        <td>ru.vachok.networker.accesscontrol.common.RightsParsingTest@70421a08</td>
    </tr>
    <tr>
        <td title='ru.vachok.networker.ad.ADSrvTest.testFromADUsersList()'><b>testFromADUsersList</b><br>Test class: ru.vachok.networker.ad.ADSrvTest</td>
        <td></td>
        <td>0</td>
        <td>ru.vachok.networker.ad.ADSrvTest@6f4fc83f</td>
    </tr>
    <tr>
        <td title='ru.vachok.networker.accesscontrol.UsersKeeperTest.testGet24hrsTempInetList()'><b>testGet24hrsTempInetList</b><br>Test class:
            ru.vachok.networker.accesscontrol.UsersKeeperTest
        </td>
        <td></td>
        <td>0</td>
        <td>ru.vachok.networker.accesscontrol.UsersKeeperTest@7a247711</td>
    </tr>
    <tr>
        <td title='ru.vachok.networker.ad.ADSrvTest.testGetAdComputer()'><b>testGetAdComputer</b><br>Test class: ru.vachok.networker.ad.ADSrvTest</td>
        <td></td>
        <td>0</td>
        <td>ru.vachok.networker.ad.ADSrvTest@6f4fc83f</td>
    </tr>
    <tr>
        <td title='ru.vachok.networker.ad.PhotoConverterSRVTest.testGetAdFotoFile()'><b>testGetAdFotoFile</b><br>Test class: ru.vachok.networker.ad.PhotoConverterSRVTest</td>
        <td></td>
        <td>0</td>
        <td>ru.vachok.networker.ad.PhotoConverterSRVTest@ab4d2ba</td>
    </tr>
    <tr>
        <td title='ru.vachok.networker.ad.ADSrvTest.testGetAdUser()'><b>testGetAdUser</b><br>Test class: ru.vachok.networker.ad.ADSrvTest</td>
        <td></td>
        <td>0</td>
        <td>ru.vachok.networker.ad.ADSrvTest@6f4fc83f</td>
    </tr>
    <tr>
        <td title='ru.vachok.networker.ad.user.FileADUsersParserTest.testGetAdUsers()'><b>testGetAdUsers</b><br>Test class: ru.vachok.networker.ad.user.DataBaseADUsersSRVTest</td>
        <td></td>
        <td>0</td>
        <td>ru.vachok.networker.ad.user.DataBaseADUsersSRVTest@4a6facb0</td>
    </tr>
    <tr>
        <td title='ru.vachok.networker.AppInfoOnLoadTest.testGetBuildStamp()'><b>testGetBuildStamp</b><br>Test class: ru.vachok.networker.AppInfoOnLoadTest</td>
        <td></td>
        <td>0</td>
        <td>ru.vachok.networker.AppInfoOnLoadTest@12a0d249</td>
    </tr>
    <tr>
        <td title='ru.vachok.networker.net.libswork.RegRuDBLibsTest.testGetContentsQueue()'><b>testGetContentsQueue</b><br>Test class:
            ru.vachok.networker.net.libswork.RegRuDBLibsTest
        </td>
        <td></td>
        <td>0</td>
        <td>ru.vachok.networker.net.libswork.RegRuDBLibsTest@278cb145</td>
    </tr>
    <tr>
        <td title='ru.vachok.networker.abstr.NetKeeperTest.testGetCurrentScanFiles()'><b>testGetCurrentScanFiles</b><br>Test class: ru.vachok.networker.abstr.NetKeeperTest</td>
        <td></td>
        <td>0</td>
        <td>ru.vachok.networker.abstr.NetKeeperTest@6eded11a</td>
    </tr>
    <tr>
        <td title='ru.vachok.networker.restapi.database.DataConnectToAdapterTest.testGetDataSource()'><b>testGetDataSource</b><br>Test class:
            ru.vachok.networker.restapi.database.DataConnectToAdapterTest
        </td>
        <td></td>
        <td>0</td>
        <td>ru.vachok.networker.restapi.database.DataConnectToAdapterTest@5e055ce1</td>
    </tr>
    <tr>
        <td title='ru.vachok.networker.accesscontrol.common.OldBigFilesInfoCollectorTest.testGetDate()'><b>testGetDate</b><br>Test class:
            ru.vachok.networker.accesscontrol.common.OldBigFilesInfoCollectorTest
        </td>
        <td></td>
        <td>0</td>
        <td>ru.vachok.networker.accesscontrol.common.OldBigFilesInfoCollectorTest@3a3bc0da</td>
    </tr>
    <tr>
        <td title='ru.vachok.networker.restapi.database.RegRuMysqlLocTest.testGetDefaultConnection()'><b>testGetDefaultConnection</b><br>Test class:
            ru.vachok.networker.restapi.database.RegRuMysqlLocTest
        </td>
        <td></td>
        <td>0</td>
        <td>ru.vachok.networker.restapi.database.RegRuMysqlLocTest@351c6341</td>
    </tr>
    <tr>
        <td title='ru.vachok.networker.ad.ADSrvTest.testGetDetails()'><b>testGetDetails</b><br>Test class: ru.vachok.networker.ad.ADSrvTest</td>
        <td></td>
        <td>30</td>
        <td>ru.vachok.networker.ad.ADSrvTest@6f4fc83f</td>
    </tr>
    <tr>
        <td title='ru.vachok.networker.controller.ErrCtrTest.testGetErrorPath()'><b>testGetErrorPath</b><br>Test class: ru.vachok.networker.controller.ErrCtrTest</td>
        <td></td>
        <td>0</td>
        <td>ru.vachok.networker.controller.ErrCtrTest@166ddfb7</td>
    </tr>
    <tr>
        <td title='ru.vachok.networker.abstr.monitors.NetScanServiceTest.testGetExecution()'><b>testGetExecution</b><br>Test class:
            ru.vachok.networker.abstr.monitors.NetScanServiceTest
        </td>
        <td></td>
        <td>0</td>
        <td>ru.vachok.networker.abstr.monitors.NetScanServiceTest@5de335cf</td>
    </tr>
    <tr>
        <td title='ru.vachok.networker.net.monitor.PCMonitoringTest.testGetExecution()'><b>testGetExecution</b><br>Test class: ru.vachok.networker.net.monitor.PCMonitoringTest</td>
        <td></td>
        <td>0</td>
        <td>ru.vachok.networker.net.monitor.PCMonitoringTest@45832b85</td>
    </tr>
    <tr>
        <td title='ru.vachok.networker.net.scanner.ScanOnlineTest.testGetExecution()'><b>testGetExecution</b><br>Test class: ru.vachok.networker.net.scanner.ScanOnlineTest</td>
        <td></td>
        <td>0</td>
        <td>ru.vachok.networker.net.scanner.ScanOnlineTest@bea5941</td>
    </tr>
    <tr>
        <td title='ru.vachok.networker.net.scanner.ScanOnlineTest.testGetFileMAXOnlines()'><b>testGetFileMAXOnlines</b><br>Test class:
            ru.vachok.networker.net.scanner.ScanOnlineTest
        </td>
        <td></td>
        <td>0</td>
        <td>ru.vachok.networker.net.scanner.ScanOnlineTest@bea5941</td>
    </tr>
    <tr>
        <td title='ru.vachok.networker.AbstractNetworkerFactoryTest.testGetFilesFactory()'><b>testGetFilesFactory</b><br>Test class:
            ru.vachok.networker.AbstractNetworkerFactoryTest
        </td>
        <td></td>
        <td>0</td>
        <td>ru.vachok.networker.AbstractNetworkerFactoryTest@56da8847</td>
    </tr>
    <tr>
        <td title='ru.vachok.networker.controller.FileCleanerCTRLTest.testGetFilesInfo()'><b>testGetFilesInfo</b><br>Test class: ru.vachok.networker.controller.FileCleanerCTRLTest
        </td>
        <td></td>
        <td>0</td>
        <td>ru.vachok.networker.controller.FileCleanerCTRLTest@6be422da</td>
    </tr>
    <tr>
        <td title='ru.vachok.networker.controller.MatrixCtrTest.testGetFirst()'><b>testGetFirst</b><br>Test class: ru.vachok.networker.controller.MatrixCtrTest</td>
        <td></td>
        <td>0</td>
        <td>ru.vachok.networker.controller.MatrixCtrTest@23d978b</td>
    </tr>
    <tr>
        <td title='ru.vachok.networker.UsefulUtilitiesTest.testGetHTMLCenterRed()'><b>testGetHTMLCenterRed</b><br>Test class: ru.vachok.networker.UsefulUtilitiesTest</td>
        <td></td>
        <td>0</td>
        <td>ru.vachok.networker.UsefulUtilitiesTest@515c732d</td>
    </tr>
    <tr>
        <td title='ru.vachok.networker.restapi.database.DataConnectToAdapterTest.testGetI()'><b>testGetI</b><br>Test class:
            ru.vachok.networker.restapi.database.DataConnectToAdapterTest
        </td>
        <td></td>
        <td>0</td>
        <td>ru.vachok.networker.restapi.database.DataConnectToAdapterTest@5e055ce1</td>
    </tr>
    <tr>
        <td title='ru.vachok.networker.net.scanner.NetListsTest.testGetI()'><b>testGetI</b><br>Test class: ru.vachok.networker.net.scanner.NetListsTest</td>
        <td></td>
        <td>0</td>
        <td>ru.vachok.networker.net.scanner.NetListsTest@602a3237</td>
    </tr>
    <tr>
        <td title='ru.vachok.networker.exe.runnabletasks.external.SaveLogsToDBTest.testGetI()'><b>testGetI</b><br>Test class:
            ru.vachok.networker.exe.runnabletasks.external.SaveLogsToDBTest
        </td>
        <td></td>
        <td>0</td>
        <td>ru.vachok.networker.exe.runnabletasks.external.SaveLogsToDBTest@5dba3fdc</td>
    </tr>
    <tr>
        <td title='ru.vachok.networker.exe.ThreadConfigTest.testGetI()'><b>testGetI</b><br>Test class: ru.vachok.networker.exe.ThreadConfigTest</td>
        <td></td>
        <td>0</td>
        <td>ru.vachok.networker.exe.ThreadConfigTest@73aae7a</td>
    </tr>
    <tr>
        <td title='ru.vachok.networker.AppInfoOnLoadTest.testGetIISLogSize()'><b>testGetIISLogSize</b><br>Test class: ru.vachok.networker.AppInfoOnLoadTest</td>
        <td></td>
        <td>0</td>
        <td>ru.vachok.networker.AppInfoOnLoadTest@12a0d249</td>
    </tr>
    <tr>
        <td title='ru.vachok.networker.exe.schedule.WeekStatsTest.testGetInetStats()'><b>testGetInetStats</b><br>Test class: ru.vachok.networker.exe.schedule.WeekStatsTest</td>
        <td></td>
        <td>0</td>
        <td>ru.vachok.networker.exe.schedule.WeekStatsTest@1c8e2850</td>
    </tr>
    <tr>
        <td title='ru.vachok.networker.accesscontrol.UsersKeeperTest.testGetInetUniqMap()'><b>testGetInetUniqMap</b><br>Test class:
            ru.vachok.networker.accesscontrol.UsersKeeperTest
        </td>
        <td></td>
        <td>0</td>
        <td>ru.vachok.networker.accesscontrol.UsersKeeperTest@7a247711</td>
    </tr>
    <tr>
        <td title='ru.vachok.networker.info.ConditionCheckerTest.testGetInfoAbout()'><b>testGetInfoAbout</b><br>Test class: ru.vachok.networker.info.ConditionCheckerTest</td>
        <td></td>
        <td>0</td>
        <td>ru.vachok.networker.info.ConditionCheckerTest@5b895e76</td>
    </tr>
    <tr>
        <td title='ru.vachok.networker.info.DatabasePCSearcherTest.testGetInfoAbout()'><b>testGetInfoAbout</b><br>Test class: ru.vachok.networker.info.DatabasePCSearcherTest</td>
        <td></td>
        <td>1</td>
        <td>ru.vachok.networker.info.DatabasePCSearcherTest@4feec184</td>
    </tr>
    <tr>
        <td title='ru.vachok.networker.info.PageGenerationHelperTest.testGetInfoAbout()'><b>testGetInfoAbout</b><br>Test class: ru.vachok.networker.info.PageFooterTest</td>
        <td></td>
        <td>0</td>
        <td>ru.vachok.networker.info.PageFooterTest@215a0264</td>
    </tr>
    <tr>
        <td title='ru.vachok.networker.ad.user.TvPcInformationTest.testGetInfoAbout()'><b>testGetInfoAbout</b><br>Test class: ru.vachok.networker.ad.user.TvPcInformationTest</td>
        <td></td>
        <td>0</td>
        <td>ru.vachok.networker.ad.user.TvPcInformationTest@d190639</td>
    </tr>
    <tr>
        <td title='ru.vachok.networker.info.DatabasePCSearcherTest.testGetInfoAbout$$COPY()'><b>testGetInfoAbout$$COPY</b><br>Test class:
            ru.vachok.networker.info.DatabasePCSearcherTest
        </td>
        <td></td>
        <td>0</td>
        <td>ru.vachok.networker.info.DatabasePCSearcherTest@4feec184</td>
    </tr>
    <tr>
        <td title='ru.vachok.networker.AbstractNetworkerFactoryTest.testGetInfoFactory()'><b>testGetInfoFactory</b><br>Test class: ru.vachok.networker.AbstractNetworkerFactoryTest
        </td>
        <td></td>
        <td>0</td>
        <td>ru.vachok.networker.AbstractNetworkerFactoryTest@56da8847</td>
    </tr>
    <tr>
        <td title='ru.vachok.networker.controller.CalculateCTRLTest.testGetM()'><b>testGetM</b><br>Test class: ru.vachok.networker.controller.CalculateCTRLTest</td>
        <td></td>
        <td>0</td>
        <td>ru.vachok.networker.controller.CalculateCTRLTest@c6c84fa</td>
    </tr>
    <tr>
        <td title='ru.vachok.networker.AppComponentsTest.testGetMailProps()'><b>testGetMailProps</b><br>Test class: ru.vachok.networker.AppComponentsTest</td>
        <td></td>
        <td>0</td>
        <td>ru.vachok.networker.AppComponentsTest@33fec21</td>
    </tr>
    <tr>
        <td title='ru.vachok.networker.net.scanner.NetListsTest.testGetMapAddr()'><b>testGetMapAddr</b><br>Test class: ru.vachok.networker.net.scanner.NetListsTest</td>
        <td></td>
        <td>0</td>
        <td>ru.vachok.networker.net.scanner.NetListsTest@602a3237</td>
    </tr>
    <tr>
        <td title='ru.vachok.networker.controller.AnketaKonfetaCRTLTest.testGetMapForAnketa()'><b>testGetMapForAnketa</b><br>Test class:
            ru.vachok.networker.controller.AnketaKonfetaCRTLTest
        </td>
        <td></td>
        <td>0</td>
        <td>ru.vachok.networker.controller.AnketaKonfetaCRTLTest@16e4db59</td>
    </tr>
    <tr>
        <td title='ru.vachok.networker.net.monitor.KudrWorkTimeTest.testGetMapOfConditionsTypeNameTypeCondition()'><b>testGetMapOfConditionsTypeNameTypeCondition</b><br>Test class:
            ru.vachok.networker.net.monitor.KudrWorkTimeTest
        </td>
        <td></td>
        <td>0</td>
        <td>ru.vachok.networker.net.monitor.KudrWorkTimeTest@4efe014f</td>
    </tr>
    <tr>
        <td title='ru.vachok.networker.abstr.monitors.NetScanServiceTest.testGetMonitoringRunnable()'><b>testGetMonitoringRunnable</b><br>Test class:
            ru.vachok.networker.abstr.monitors.NetScanServiceTest
        </td>
        <td></td>
        <td>0</td>
        <td>ru.vachok.networker.abstr.monitors.NetScanServiceTest@5de335cf</td>
    </tr>
    <tr>
        <td title='ru.vachok.networker.net.monitor.PCMonitoringTest.testGetMonitoringRunnable()'><b>testGetMonitoringRunnable</b><br>Test class:
            ru.vachok.networker.net.monitor.PCMonitoringTest
        </td>
        <td></td>
        <td>0</td>
        <td>ru.vachok.networker.net.monitor.PCMonitoringTest@45832b85</td>
    </tr>
    <tr>
        <td title='ru.vachok.networker.net.scanner.ScanOnlineTest.testGetMonitoringRunnable()'><b>testGetMonitoringRunnable</b><br>Test class:
            ru.vachok.networker.net.scanner.ScanOnlineTest
        </td>
        <td></td>
        <td>0</td>
        <td>ru.vachok.networker.net.scanner.ScanOnlineTest@bea5941</td>
    </tr>
    <tr>
        <td title='ru.vachok.networker.abstr.NetKeeperTest.testGetNetworkPCs()'><b>testGetNetworkPCs</b><br>Test class: ru.vachok.networker.abstr.NetKeeperTest</td>
        <td></td>
        <td>0</td>
        <td>ru.vachok.networker.abstr.NetKeeperTest@6eded11a</td>
    </tr>
    <tr>
        <td title='ru.vachok.networker.services.MyCalenTest.testGetNextDay()'><b>testGetNextDay</b><br>Test class: ru.vachok.networker.services.MyCalenTest</td>
        <td></td>
        <td>0</td>
        <td>ru.vachok.networker.services.MyCalenTest@495e8a3</td>
    </tr>
    <tr>
        <td title='ru.vachok.networker.services.MyCalenTest.testGetNextDayofWeek()'><b>testGetNextDayofWeek</b><br>Test class: ru.vachok.networker.services.MyCalenTest</td>
        <td></td>
        <td>0</td>
        <td>ru.vachok.networker.services.MyCalenTest@495e8a3</td>
    </tr>
    <tr>
        <td title='ru.vachok.networker.net.scanner.NetListsTest.testGetOffLines()'><b>testGetOffLines</b><br>Test class: ru.vachok.networker.net.scanner.NetListsTest</td>
        <td></td>
        <td>0</td>
        <td>ru.vachok.networker.net.scanner.NetListsTest@602a3237</td>
    </tr>
    <tr>
        <td title='ru.vachok.networker.net.scanner.NetListsTest.testGetOnLinesResolve()'><b>testGetOnLinesResolve</b><br>Test class: ru.vachok.networker.net.scanner.NetListsTest
        </td>
        <td></td>
        <td>0</td>
        <td>ru.vachok.networker.net.scanner.NetListsTest@602a3237</td>
    </tr>
    <tr>
        <td title='ru.vachok.networker.abstr.NetKeeperTest.testGetOnePcMonitor()'><b>testGetOnePcMonitor</b><br>Test class: ru.vachok.networker.abstr.NetKeeperTest</td>
        <td></td>
        <td>0</td>
        <td>ru.vachok.networker.abstr.NetKeeperTest@6eded11a</td>
    </tr>
    <tr>
        <td title='ru.vachok.networker.ad.user.TvPcInformationTest.testGetOnline()'><b>testGetOnline</b><br>Test class: ru.vachok.networker.ad.user.TvPcInformationTest</td>
        <td></td>
        <td>0</td>
        <td>ru.vachok.networker.ad.user.TvPcInformationTest@d190639</td>
    </tr>
    <tr>
        <td title='ru.vachok.networker.net.scanner.ScanOnlineTest.testGetOnlinesFile()'><b>testGetOnlinesFile</b><br>Test class: ru.vachok.networker.net.scanner.ScanOnlineTest</td>
        <td></td>
        <td>0</td>
        <td>ru.vachok.networker.net.scanner.ScanOnlineTest@bea5941</td>
    </tr>
    <tr>
        <td title='ru.vachok.networker.exe.schedule.WeekStatsTest.testGetPCStats()'><b>testGetPCStats</b><br>Test class: ru.vachok.networker.exe.schedule.WeekStatsTest</td>
        <td></td>
        <td>2</td>
        <td>ru.vachok.networker.exe.schedule.WeekStatsTest@1c8e2850</td>
    </tr>
    <tr>
        <td title='ru.vachok.networker.AppComponentsTest.testGetPFLists()'><b>testGetPFLists</b><br>Test class: ru.vachok.networker.AppComponentsTest</td>
        <td></td>
        <td>0</td>
        <td>ru.vachok.networker.AppComponentsTest@33fec21</td>
    </tr>
    <tr>
        <td title='ru.vachok.networker.accesscontrol.common.CleanerTest.testGetPathAttrMap()'><b>testGetPathAttrMap</b><br>Test class:
            ru.vachok.networker.accesscontrol.common.CleanerTest
        </td>
        <td></td>
        <td>0</td>
        <td>ru.vachok.networker.accesscontrol.common.CleanerTest@4d525897</td>
    </tr>
    <tr>
        <td title='ru.vachok.networker.net.monitor.KudrWorkTimeTest.testGetPingResultStr()'><b>testGetPingResultStr</b><br>Test class:
            ru.vachok.networker.net.monitor.KudrWorkTimeTest
        </td>
        <td></td>
        <td>0</td>
        <td>ru.vachok.networker.net.monitor.KudrWorkTimeTest@4efe014f</td>
    </tr>
    <tr>
        <td title='ru.vachok.networker.abstr.monitors.NetScanServiceTest.testGetPingResultStr()'><b>testGetPingResultStr</b><br>Test class:
            ru.vachok.networker.abstr.monitors.NetScanServiceTest
        </td>
        <td></td>
        <td>0</td>
        <td>ru.vachok.networker.abstr.monitors.NetScanServiceTest@5de335cf</td>
    </tr>
    <tr>
        <td title='ru.vachok.networker.net.monitor.PCMonitoringTest.testGetPingResultStr()'><b>testGetPingResultStr</b><br>Test class:
            ru.vachok.networker.net.monitor.PCMonitoringTest
        </td>
        <td></td>
        <td>0</td>
        <td>ru.vachok.networker.net.monitor.PCMonitoringTest@45832b85</td>
    </tr>
    <tr>
        <td title='ru.vachok.networker.net.scanner.ScanOnlineTest.testGetPingResultStr()'><b>testGetPingResultStr</b><br>Test class: ru.vachok.networker.net.scanner.ScanOnlineTest
        </td>
        <td></td>
        <td>0</td>
        <td>ru.vachok.networker.net.scanner.ScanOnlineTest@bea5941</td>
    </tr>
    <tr>
        <td title='ru.vachok.networker.AppComponentsTest.testGetProps()'><b>testGetProps</b><br>Test class: ru.vachok.networker.AppComponentsTest</td>
        <td></td>
        <td>0</td>
        <td>ru.vachok.networker.AppComponentsTest@33fec21</td>
    </tr>
    <tr>
        <td title='ru.vachok.networker.restapi.props.DBPropsCallableTest.testGetProps()'><b>testGetProps</b><br>Test class: ru.vachok.networker.restapi.props.DBPropsCallableTest
        </td>
        <td></td>
        <td>0</td>
        <td>ru.vachok.networker.restapi.props.DBPropsCallableTest@545f0b6</td>
    </tr>
    <tr>
        <td title='ru.vachok.networker.restapi.props.FilePropsLocalTest.testGetProps()'><b>testGetProps</b><br>Test class: ru.vachok.networker.restapi.props.FilePropsLocalTest</td>
        <td></td>
        <td>0</td>
        <td>ru.vachok.networker.restapi.props.FilePropsLocalTest@225ddf5f</td>
    </tr>
    <tr>
        <td title='ru.vachok.networker.services.SimpleCalculatorTest.testGetQuery()'><b>testGetQuery</b><br>Test class: ru.vachok.networker.services.SimpleCalculatorTest</td>
        <td></td>
        <td>0</td>
        <td>ru.vachok.networker.services.SimpleCalculatorTest@614cbec4</td>
    </tr>
    <tr>
        <td title='ru.vachok.networker.restapi.database.DataConnectToAdapterTest.testGetRegRuMysqlLibConnection()'><b>testGetRegRuMysqlLibConnection</b><br>Test class:
            ru.vachok.networker.restapi.database.DataConnectToAdapterTest
        </td>
        <td></td>
        <td>0</td>
        <td>ru.vachok.networker.restapi.database.DataConnectToAdapterTest@5e055ce1</td>
    </tr>
    <tr>
        <td title='ru.vachok.networker.restapi.props.DBPropsCallableTest.testGetRegSourceForProperties()'><b>testGetRegSourceForProperties</b><br>Test class:
            ru.vachok.networker.restapi.props.DBPropsCallableTest
        </td>
        <td></td>
        <td>0</td>
        <td>ru.vachok.networker.restapi.props.DBPropsCallableTest@545f0b6</td>
    </tr>
    <tr>
        <td title='ru.vachok.networker.net.scanner.ScanOnlineTest.testGetReplaceFileNamePattern()'><b>testGetReplaceFileNamePattern</b><br>Test class:
            ru.vachok.networker.net.scanner.ScanOnlineTest
        </td>
        <td></td>
        <td>0</td>
        <td>ru.vachok.networker.net.scanner.ScanOnlineTest@bea5941</td>
    </tr>
    <tr>
        <td title='ru.vachok.networker.ad.user.TvPcInformationTest.testGetRunningInformation()'><b>testGetRunningInformation</b><br>Test class:
            ru.vachok.networker.ad.user.TvPcInformationTest
        </td>
        <td></td>
        <td>0</td>
        <td>ru.vachok.networker.ad.user.TvPcInformationTest@d190639</td>
    </tr>
    <tr>
        <td title='ru.vachok.networker.AbstractNetworkerFactoryTest.testGetSSHFactory()'><b>testGetSSHFactory</b><br>Test class: ru.vachok.networker.AbstractNetworkerFactoryTest
        </td>
        <td></td>
        <td>0</td>
        <td>ru.vachok.networker.AbstractNetworkerFactoryTest@56da8847</td>
    </tr>
    <tr>
        <td title='ru.vachok.networker.restapi.database.DataConnectToAdapterTest.testGetSavepoint()'><b>testGetSavepoint</b><br>Test class:
            ru.vachok.networker.restapi.database.DataConnectToAdapterTest
        </td>
        <td></td>
        <td>0</td>
        <td>ru.vachok.networker.restapi.database.DataConnectToAdapterTest@5e055ce1</td>
    </tr>
    <tr>
        <td title='ru.vachok.networker.abstr.NetKeeperTest.testGetScanFiles()'><b>testGetScanFiles</b><br>Test class: ru.vachok.networker.abstr.NetKeeperTest</td>
        <td></td>
        <td>0</td>
        <td>ru.vachok.networker.abstr.NetKeeperTest@6eded11a</td>
    </tr>
    <tr>
        <td title='ru.vachok.networker.info.ACLParserTest.testGetSearchPatterns()'><b>testGetSearchPatterns</b><br>Test class:
            ru.vachok.networker.accesscontrol.common.RightsParsingTest
        </td>
        <td></td>
        <td>0</td>
        <td>ru.vachok.networker.accesscontrol.common.RightsParsingTest@70421a08</td>
    </tr>
    <tr>
        <td title='ru.vachok.networker.services.SimpleCalculatorTest.testGetStampFromDate()'><b>testGetStampFromDate</b><br>Test class:
            ru.vachok.networker.services.SimpleCalculatorTest
        </td>
        <td></td>
        <td>0</td>
        <td>ru.vachok.networker.services.SimpleCalculatorTest@614cbec4</td>
    </tr>
    <tr>
        <td title='ru.vachok.networker.accesscontrol.common.OldBigFilesInfoCollectorTest.testGetStartPath()'><b>testGetStartPath</b><br>Test class:
            ru.vachok.networker.accesscontrol.common.OldBigFilesInfoCollectorTest
        </td>
        <td></td>
        <td>0</td>
        <td>ru.vachok.networker.accesscontrol.common.OldBigFilesInfoCollectorTest@3a3bc0da</td>
    </tr>
    <tr>
        <td title='ru.vachok.networker.net.monitor.KudrWorkTimeTest.testGetStatistics()'><b>testGetStatistics</b><br>Test class: ru.vachok.networker.net.monitor.KudrWorkTimeTest
        </td>
        <td></td>
        <td>0</td>
        <td>ru.vachok.networker.net.monitor.KudrWorkTimeTest@4efe014f</td>
    </tr>
    <tr>
        <td title='ru.vachok.networker.abstr.monitors.NetScanServiceTest.testGetStatistics()'><b>testGetStatistics</b><br>Test class:
            ru.vachok.networker.abstr.monitors.NetScanServiceTest
        </td>
        <td></td>
        <td>0</td>
        <td>ru.vachok.networker.abstr.monitors.NetScanServiceTest@5de335cf</td>
    </tr>
    <tr>
        <td title='ru.vachok.networker.net.monitor.PCMonitoringTest.testGetStatistics()'><b>testGetStatistics</b><br>Test class: ru.vachok.networker.net.monitor.PCMonitoringTest
        </td>
        <td></td>
        <td>0</td>
        <td>ru.vachok.networker.net.monitor.PCMonitoringTest@45832b85</td>
    </tr>
    <tr>
        <td title='ru.vachok.networker.net.scanner.ScanOnlineTest.testGetStatistics()'><b>testGetStatistics</b><br>Test class: ru.vachok.networker.net.scanner.ScanOnlineTest</td>
        <td></td>
        <td>0</td>
        <td>ru.vachok.networker.net.scanner.ScanOnlineTest@bea5941</td>
    </tr>
    <tr>
        <td title='ru.vachok.networker.net.scanner.ScanOnlineTest.testGetStatistics()'><b>testGetStatistics</b><br>Test class: ru.vachok.networker.net.scanner.ScanOnlineTest</td>
        <td></td>
        <td>0</td>
        <td>ru.vachok.networker.net.scanner.ScanOnlineTest@bea5941</td>
    </tr>
    <tr>
        <td title='ru.vachok.networker.net.scanner.ScanOnlineTest.testGetStatistics()'><b>testGetStatistics</b><br>Test class: ru.vachok.networker.net.scanner.ScanOnlineTest</td>
        <td></td>
        <td>0</td>
        <td>ru.vachok.networker.net.scanner.ScanOnlineTest@bea5941</td>
    </tr>
    <tr>
        <td title='ru.vachok.networker.net.scanner.ScanOnlineTest.testGetStatistics()'><b>testGetStatistics</b><br>Test class: ru.vachok.networker.net.scanner.ScanOnlineTest</td>
        <td></td>
        <td>0</td>
        <td>ru.vachok.networker.net.scanner.ScanOnlineTest@bea5941</td>
    </tr>
    <tr>
        <td title='ru.vachok.networker.net.scanner.ScanOnlineTest.testGetStatistics()'><b>testGetStatistics</b><br>Test class: ru.vachok.networker.net.scanner.ScanOnlineTest</td>
        <td></td>
        <td>0</td>
        <td>ru.vachok.networker.net.scanner.ScanOnlineTest@bea5941</td>
    </tr>
    <tr>
        <td title='ru.vachok.networker.exe.ThreadConfigTest.testGetTaskExecutor()'><b>testGetTaskExecutor</b><br>Test class: ru.vachok.networker.exe.ThreadConfigTest</td>
        <td></td>
        <td>0</td>
        <td>ru.vachok.networker.exe.ThreadConfigTest@73aae7a</td>
    </tr>
    <tr>
        <td title='ru.vachok.networker.exe.ThreadConfigTest.testGetTaskScheduler()'><b>testGetTaskScheduler</b><br>Test class: ru.vachok.networker.exe.ThreadConfigTest</td>
        <td></td>
        <td>0</td>
        <td>ru.vachok.networker.exe.ThreadConfigTest@73aae7a</td>
    </tr>
    <tr>
        <td title='ru.vachok.networker.net.scanner.NetScannerSvcTest.testGetThePc()'><b>testGetThePc</b><br>Test class: ru.vachok.networker.net.scanner.NetScannerSvcTest</td>
        <td></td>
        <td>0</td>
        <td>ru.vachok.networker.net.scanner.NetScannerSvcTest@6c6919ff</td>
    </tr>
    <tr>
        <td title='ru.vachok.networker.services.MyCalenTest.testGetThisDay()'><b>testGetThisDay</b><br>Test class: ru.vachok.networker.services.MyCalenTest</td>
        <td></td>
        <td>0</td>
        <td>ru.vachok.networker.services.MyCalenTest@495e8a3</td>
    </tr>
    <tr>
        <td title='ru.vachok.networker.AppInfoOnLoadTest.testGetThisDelay()'><b>testGetThisDelay</b><br>Test class: ru.vachok.networker.AppInfoOnLoadTest</td>
        <td></td>
        <td>0</td>
        <td>ru.vachok.networker.AppInfoOnLoadTest@12a0d249</td>
    </tr>
    <tr>
        <td title='ru.vachok.networker.net.scanner.ScanOnlineTest.testGetTimeToEndStr()'><b>testGetTimeToEndStr</b><br>Test class: ru.vachok.networker.net.scanner.ScanOnlineTest
        </td>
        <td></td>
        <td>0</td>
        <td>ru.vachok.networker.net.scanner.ScanOnlineTest@bea5941</td>
    </tr>
    <tr>
        <td title='ru.vachok.networker.accesscontrol.inetstats.InetIPUserTest.testGetUsage()'><b>testGetUsage</b><br>Test class:
            ru.vachok.networker.accesscontrol.inetstats.InetIPUserTest
        </td>
        <td></td>
        <td>15</td>
        <td>ru.vachok.networker.accesscontrol.inetstats.InetIPUserTest@7e94de5f</td>
    </tr>
    <tr>
        <td title='ru.vachok.networker.accesscontrol.inetstats.InetUserPCNameTest.testGetUsage()'><b>testGetUsage</b><br>Test class:
            ru.vachok.networker.accesscontrol.inetstats.InetUserPCNameTest
        </td>
        <td></td>
        <td>28</td>
        <td>ru.vachok.networker.accesscontrol.inetstats.InetUserPCNameTest@74badf19</td>
    </tr>
    <tr>
        <td title='ru.vachok.networker.ad.user.TvPcInformationTest.testGetUserFromDB()'><b>testGetUserFromDB</b><br>Test class: ru.vachok.networker.ad.user.TvPcInformationTest</td>
        <td></td>
        <td>31</td>
        <td>ru.vachok.networker.ad.user.TvPcInformationTest@d190639</td>
    </tr>
    <tr>
        <td title='ru.vachok.networker.ad.ADSrvTest.testGetUserInputRaw()'><b>testGetUserInputRaw</b><br>Test class: ru.vachok.networker.ad.ADSrvTest</td>
        <td></td>
        <td>0</td>
        <td>ru.vachok.networker.ad.ADSrvTest@6f4fc83f</td>
    </tr>
    <tr>
        <td title='ru.vachok.networker.AppComponentsTest.testGetUserPref()'><b>testGetUserPref</b><br>Test class: ru.vachok.networker.AppComponentsTest</td>
        <td></td>
        <td>0</td>
        <td>ru.vachok.networker.AppComponentsTest@33fec21</td>
    </tr>
    <tr>
        <td title='ru.vachok.networker.AppComponentsTest.testGetUserResolver()'><b>testGetUserResolver</b><br>Test class: ru.vachok.networker.AppComponentsTest</td>
        <td></td>
        <td>17</td>
        <td>ru.vachok.networker.AppComponentsTest@33fec21</td>
    </tr>
    <tr>
        <td title='ru.vachok.networker.ExitAppTest.testGetVisitsMap()'><b>testGetVisitsMap</b><br>Test class: ru.vachok.networker.ExitAppTest</td>
        <td></td>
        <td>0</td>
        <td>ru.vachok.networker.ExitAppTest@51f4439e</td>
    </tr>
    <tr>
        <td title='ru.vachok.networker.controller.MatrixCtrTest.testGetWorkPosition()'><b>testGetWorkPosition</b><br>Test class: ru.vachok.networker.controller.MatrixCtrTest</td>
        <td></td>
        <td>0</td>
        <td>ru.vachok.networker.controller.MatrixCtrTest@23d978b</td>
    </tr>
    <tr>
        <td title='ru.vachok.networker.statistics.InternetStatsTest.testInetStat()'><b>testInetStat</b><br>Test class: ru.vachok.networker.statistics.InternetStatsTest</td>
        <td></td>
        <td>0</td>
        <td>ru.vachok.networker.statistics.InternetStatsTest@18dbc1b</td>
    </tr>
    <tr>
        <td title='ru.vachok.networker.restapi.message.MessageToTrayTest.testInfo()'><b>testInfo</b><br>Test class: ru.vachok.networker.restapi.message.MessageToTrayTest</td>
        <td></td>
        <td>0</td>
        <td>ru.vachok.networker.restapi.message.MessageToTrayTest@66dd04e2</td>
    </tr>
    <tr>
        <td title='ru.vachok.networker.sysinfo.ServiceInfoCtrlTest.testInfoMapping()'><b>testInfoMapping</b><br>Test class: ru.vachok.networker.sysinfo.ServiceInfoCtrlTest</td>
        <td></td>
        <td>0</td>
        <td>ru.vachok.networker.sysinfo.ServiceInfoCtrlTest@df6f19b</td>
    </tr>
    <tr>
        <td title='ru.vachok.networker.sysinfo.ServiceInfoCtrlTest.testInfoMappingCOPY()'><b>testInfoMappingCOPY</b><br>Test class: ru.vachok.networker.sysinfo.ServiceInfoCtrlTest
        </td>
        <td></td>
        <td>0</td>
        <td>ru.vachok.networker.sysinfo.ServiceInfoCtrlTest@df6f19b</td>
    </tr>
    <tr>
        <td title='ru.vachok.networker.AppComponentsTest.testIpFlushDNS()'><b>testIpFlushDNS</b><br>Test class: ru.vachok.networker.AppComponentsTest</td>
        <td></td>
        <td>0</td>
        <td>ru.vachok.networker.AppComponentsTest@33fec21</td>
    </tr>
    <tr>
        <td title='ru.vachok.networker.net.monitor.KudrWorkTimeTest.testIsReach()'><b>testIsReach</b><br>Test class: ru.vachok.networker.net.monitor.KudrWorkTimeTest</td>
        <td></td>
        <td>0</td>
        <td>ru.vachok.networker.net.monitor.KudrWorkTimeTest@4efe014f</td>
    </tr>
    <tr>
        <td title='ru.vachok.networker.abstr.monitors.NetScanServiceTest.testIsReach()'><b>testIsReach</b><br>Test class: ru.vachok.networker.abstr.monitors.NetScanServiceTest</td>
        <td></td>
        <td>0</td>
        <td>ru.vachok.networker.abstr.monitors.NetScanServiceTest@5de335cf</td>
    </tr>
    <tr>
        <td title='ru.vachok.networker.net.monitor.PCMonitoringTest.testIsReach()'><b>testIsReach</b><br>Test class: ru.vachok.networker.net.monitor.PCMonitoringTest</td>
        <td></td>
        <td>0</td>
        <td>ru.vachok.networker.net.monitor.PCMonitoringTest@45832b85</td>
    </tr>
    <tr>
        <td title='ru.vachok.networker.net.monitor.PingerFromFileTest.testIsReach()'><b>testIsReach</b><br>Test class: ru.vachok.networker.net.monitor.PingerFromFileTest</td>
        <td></td>
        <td>0</td>
        <td>ru.vachok.networker.net.monitor.PingerFromFileTest@39f68aec</td>
    </tr>
    <tr>
        <td title='ru.vachok.networker.net.scanner.ScanOnlineTest.testIsReach()'><b>testIsReach</b><br>Test class: ru.vachok.networker.net.scanner.ScanOnlineTest</td>
        <td></td>
        <td>0</td>
        <td>ru.vachok.networker.net.scanner.ScanOnlineTest@bea5941</td>
    </tr>
    <tr>
        <td title='ru.vachok.networker.exe.ThreadConfigTest.testKillAll()'><b>testKillAll</b><br>Test class: ru.vachok.networker.exe.ThreadConfigTest</td>
        <td></td>
        <td>0</td>
        <td>ru.vachok.networker.exe.ThreadConfigTest@73aae7a</td>
    </tr>
    <tr>
        <td title='ru.vachok.networker.AppComponentsTest.testLaunchRegRuFTPLibsUploader()'><b>testLaunchRegRuFTPLibsUploader</b><br>Test class:
            ru.vachok.networker.AppComponentsTest
        </td>
        <td></td>
        <td>0</td>
        <td>ru.vachok.networker.AppComponentsTest@33fec21</td>
    </tr>
    <tr>
        <td title='ru.vachok.networker.AppComponentsTest.testLoadPropsAndWriteToFile()'><b>testLoadPropsAndWriteToFile</b><br>Test class: ru.vachok.networker.AppComponentsTest</td>
        <td></td>
        <td>0</td>
        <td>ru.vachok.networker.AppComponentsTest@33fec21</td>
    </tr>
    <tr>
        <td title='ru.vachok.networker.IntoApplicationTest.testMain()'><b>testMain</b><br>Test class: ru.vachok.networker.IntoApplicationTest</td>
        <td></td>
        <td>0</td>
        <td>ru.vachok.networker.IntoApplicationTest@2a510e0e</td>
    </tr>
    <tr>
        <td title='ru.vachok.networker.abstr.NetKeeperTest.testMakeFilesMap()'><b>testMakeFilesMap</b><br>Test class: ru.vachok.networker.abstr.NetKeeperTest</td>
        <td></td>
        <td>0</td>
        <td>ru.vachok.networker.abstr.NetKeeperTest@6eded11a</td>
    </tr>
    <tr>
        <td title='ru.vachok.networker.controller.ShowAllDevCTRLTest.testModel()'><b>testModel</b><br>Test class: ru.vachok.networker.controller.ShowAllDevCTRLTest</td>
        <td></td>
        <td>0</td>
        <td>ru.vachok.networker.controller.ShowAllDevCTRLTest@6d842877</td>
    </tr>
    <tr>
        <td title='ru.vachok.networker.controller.ShowAllDevCTRLTest.testModel()'><b>testModel</b><br>Test class: ru.vachok.networker.controller.ShowAllDevCTRLTest</td>
        <td></td>
        <td>0</td>
        <td>ru.vachok.networker.controller.ShowAllDevCTRLTest@6d842877</td>
    </tr>
    <tr>
        <td title='ru.vachok.networker.controller.ShowAllDevCTRLTest.testModel()'><b>testModel</b><br>Test class: ru.vachok.networker.controller.ShowAllDevCTRLTest</td>
        <td></td>
        <td>0</td>
        <td>ru.vachok.networker.controller.ShowAllDevCTRLTest@6d842877</td>
    </tr>
    <tr>
        <td title='ru.vachok.networker.controller.ShowAllDevCTRLTest.testModel()'><b>testModel</b><br>Test class: ru.vachok.networker.controller.ShowAllDevCTRLTest</td>
        <td></td>
        <td>0</td>
        <td>ru.vachok.networker.controller.ShowAllDevCTRLTest@6d842877</td>
    </tr>
    <tr>
        <td title='ru.vachok.networker.controller.ShowAllDevCTRLTest.testModel()'><b>testModel</b><br>Test class: ru.vachok.networker.controller.ShowAllDevCTRLTest</td>
        <td></td>
        <td>0</td>
        <td>ru.vachok.networker.controller.ShowAllDevCTRLTest@6d842877</td>
    </tr>
    <tr>
        <td title='ru.vachok.networker.net.scanner.NetScanCtrTest.testNetScan()'><b>testNetScan</b><br>Test class: ru.vachok.networker.net.scanner.NetScanCtrTest</td>
        <td></td>
        <td>0</td>
        <td>ru.vachok.networker.net.scanner.NetScanCtrTest@74a74070</td>
    </tr>
    <tr>
        <td title='ru.vachok.networker.AbstractNetworkerFactoryTest.testNetScanServiceFactory()'><b>testNetScanServiceFactory</b><br>Test class:
            ru.vachok.networker.AbstractNetworkerFactoryTest
        </td>
        <td></td>
        <td>0</td>
        <td>ru.vachok.networker.AbstractNetworkerFactoryTest@56da8847</td>
    </tr>
    <tr>
        <td title='ru.vachok.networker.AppComponentsTest.testNetScannerSvc()'><b>testNetScannerSvc</b><br>Test class: ru.vachok.networker.AppComponentsTest</td>
        <td></td>
        <td>0</td>
        <td>ru.vachok.networker.AppComponentsTest@33fec21</td>
    </tr>
    <tr>
        <td title='ru.vachok.networker.controller.NoHupOutTest.testNoHupGet()'><b>testNoHupGet</b><br>Test class: ru.vachok.networker.controller.NoHupOutTest</td>
        <td></td>
        <td>0</td>
        <td>ru.vachok.networker.controller.NoHupOutTest@1e029a04</td>
    </tr>
    <tr>
        <td title='ru.vachok.networker.sysinfo.ServiceInfoCtrlTest.testOffPC()'><b>testOffPC</b><br>Test class: ru.vachok.networker.sysinfo.ServiceInfoCtrlTest</td>
        <td></td>
        <td>0</td>
        <td>ru.vachok.networker.sysinfo.ServiceInfoCtrlTest@df6f19b</td>
    </tr>
    <tr>
        <td title='ru.vachok.networker.controller.OkCTRLTest.testOkStr()'><b>testOkStr</b><br>Test class: ru.vachok.networker.controller.OkCTRLTest</td>
        <td></td>
        <td>0</td>
        <td>ru.vachok.networker.controller.OkCTRLTest@74eab077</td>
    </tr>
    <tr>
        <td title='ru.vachok.networker.fileworks.FileSystemWorkerTest.testPackFiles()'><b>testPackFiles</b><br>Test class: ru.vachok.networker.fileworks.FileSystemWorkerTest</td>
        <td></td>
        <td>0</td>
        <td>ru.vachok.networker.fileworks.FileSystemWorkerTest@575d48db</td>
    </tr>
    <tr>
        <td title='ru.vachok.networker.controller.SshActsCTRLTest.testParseReq()'><b>testParseReq</b><br>Test class: ru.vachok.networker.controller.SshActsCTRLTest</td>
        <td></td>
        <td>0</td>
        <td>ru.vachok.networker.controller.SshActsCTRLTest@2759749</td>
    </tr>
    <tr>
        <td title='ru.vachok.networker.net.scanner.NetScanCtrTest.testPcNameForInfo()'><b>testPcNameForInfo</b><br>Test class: ru.vachok.networker.net.scanner.NetScanCtrTest</td>
        <td></td>
        <td>0</td>
        <td>ru.vachok.networker.net.scanner.NetScanCtrTest@74a74070</td>
    </tr>
    <tr>
        <td title='ru.vachok.networker.net.scanner.NetScanCtrTest.testPingAddr()'><b>testPingAddr</b><br>Test class: ru.vachok.networker.net.scanner.NetScanCtrTest</td>
        <td></td>
        <td>0</td>
        <td>ru.vachok.networker.net.scanner.NetScanCtrTest@74a74070</td>
    </tr>
    <tr>
        <td title='ru.vachok.networker.net.monitor.PingerFromFileTest.testPingDev()'><b>testPingDev</b><br>Test class: ru.vachok.networker.net.monitor.PingerFromFileTest</td>
        <td></td>
        <td>0</td>
        <td>ru.vachok.networker.net.monitor.PingerFromFileTest@39f68aec</td>
    </tr>
    <tr>
        <td title='ru.vachok.networker.net.monitor.KudrWorkTimeTest.testPingDevices()'><b>testPingDevices</b><br>Test class: ru.vachok.networker.net.monitor.KudrWorkTimeTest</td>
        <td></td>
        <td>0</td>
        <td>ru.vachok.networker.net.monitor.KudrWorkTimeTest@4efe014f</td>
    </tr>
    <tr>
        <td title='ru.vachok.networker.abstr.monitors.NetScanServiceTest.testPingDevices()'><b>testPingDevices</b><br>Test class:
            ru.vachok.networker.abstr.monitors.NetScanServiceTest
        </td>
        <td></td>
        <td>0</td>
        <td>ru.vachok.networker.abstr.monitors.NetScanServiceTest@5de335cf</td>
    </tr>
    <tr>
        <td title='ru.vachok.networker.net.scanner.ScanOnlineTest.testPingDevices()'><b>testPingDevices</b><br>Test class: ru.vachok.networker.net.scanner.ScanOnlineTest</td>
        <td></td>
        <td>0</td>
        <td>ru.vachok.networker.net.scanner.ScanOnlineTest@bea5941</td>
    </tr>
    <tr>
        <td title='ru.vachok.networker.net.scanner.NetScanCtrTest.testPingPost()'><b>testPingPost</b><br>Test class: ru.vachok.networker.net.scanner.NetScanCtrTest</td>
        <td></td>
        <td>0</td>
        <td>ru.vachok.networker.net.scanner.NetScanCtrTest@74a74070</td>
    </tr>
    <tr>
        <td title='ru.vachok.networker.controller.AnketaKonfetaCRTLTest.testPostAnketa()'><b>testPostAnketa</b><br>Test class: ru.vachok.networker.controller.AnketaKonfetaCRTLTest
        </td>
        <td></td>
        <td>0</td>
        <td>ru.vachok.networker.controller.AnketaKonfetaCRTLTest@16e4db59</td>
    </tr>
    <tr>
        <td title='ru.vachok.networker.controller.FileCleanerCTRLTest.testPostFile()'><b>testPostFile</b><br>Test class: ru.vachok.networker.controller.FileCleanerCTRLTest</td>
        <td></td>
        <td>0</td>
        <td>ru.vachok.networker.controller.FileCleanerCTRLTest@6be422da</td>
    </tr>
    <tr>
        <td title='ru.vachok.networker.ad.PhotoConverterSRVTest.testPsCommands()'><b>testPsCommands</b><br>Test class: ru.vachok.networker.ad.PhotoConverterSRVTest</td>
        <td></td>
        <td>0</td>
        <td>ru.vachok.networker.ad.PhotoConverterSRVTest@ab4d2ba</td>
    </tr>
    <tr>
        <td title='ru.vachok.networker.accesscontrol.common.CommonSRVTest.testReStoreDir()'><b>testReStoreDir</b><br>Test class:
            ru.vachok.networker.accesscontrol.common.CommonSRVTest
        </td>
        <td></td>
        <td>3</td>
        <td>ru.vachok.networker.accesscontrol.common.CommonSRVTest@24435620</td>
    </tr>
    <tr>
        <td title='ru.vachok.networker.fileworks.FileSystemWorkerTest.testReadFile()'><b>testReadFile</b><br>Test class: ru.vachok.networker.fileworks.FileSystemWorkerTest</td>
        <td></td>
        <td>0</td>
        <td>ru.vachok.networker.fileworks.FileSystemWorkerTest@575d48db</td>
    </tr>
    <tr>
        <td title='ru.vachok.networker.fileworks.FileSystemWorkerTest.testReadFileToList()'><b>testReadFileToList</b><br>Test class:
            ru.vachok.networker.fileworks.FileSystemWorkerTest
        </td>
        <td></td>
        <td>0</td>
        <td>ru.vachok.networker.fileworks.FileSystemWorkerTest@575d48db</td>
    </tr>
    <tr>
        <td title='ru.vachok.networker.fileworks.FileSystemWorkerTest.testReadFileToQueue()'><b>testReadFileToQueue</b><br>Test class:
            ru.vachok.networker.fileworks.FileSystemWorkerTest
        </td>
        <td></td>
        <td>0</td>
        <td>ru.vachok.networker.fileworks.FileSystemWorkerTest@575d48db</td>
    </tr>
    <tr>
        <td title='ru.vachok.networker.fileworks.FileSystemWorkerTest.testReadFileToSet()'><b>testReadFileToSet</b><br>Test class:
            ru.vachok.networker.fileworks.FileSystemWorkerTest
        </td>
        <td></td>
        <td>0</td>
        <td>ru.vachok.networker.fileworks.FileSystemWorkerTest@575d48db</td>
    </tr>
    <tr>
        <td title='ru.vachok.networker.componentsrepo.ArgsReaderTest.testRealRun()'><b>testRealRun</b><br>Test class: ru.vachok.networker.componentsrepo.ArgsReaderTest</td>
        <td></td>
        <td>0</td>
        <td>ru.vachok.networker.componentsrepo.ArgsReaderTest@3c62be3c</td>
    </tr>
    <tr>
        <td title='ru.vachok.networker.accesscontrol.common.usermanagement.UserACLManagerImplTest.testReplaceUsers()'><b>testReplaceUsers</b><br>Test class:
            ru.vachok.networker.accesscontrol.common.usermanagement.UserACLManagerImplTest
        </td>
        <td></td>
        <td>25</td>
        <td>ru.vachok.networker.accesscontrol.common.usermanagement.UserACLManagerImplTest@514dc5f4</td>
    </tr>
    <tr>
        <td title='ru.vachok.networker.controller.OdinAssSyncCTRLTest.testResetForm()'><b>testResetForm</b><br>Test class: ru.vachok.networker.controller.OdinAssSyncCTRLTest</td>
        <td></td>
        <td>0</td>
        <td>ru.vachok.networker.controller.OdinAssSyncCTRLTest@50e8ed74</td>
    </tr>
    <tr>
        <td title='ru.vachok.networker.accesscontrol.NameOrIPCheckerTest.testResolveIP()'><b>testResolveIP</b><br>Test class: ru.vachok.networker.accesscontrol.NameOrIPCheckerTest
        </td>
        <td></td>
        <td>0</td>
        <td>ru.vachok.networker.accesscontrol.NameOrIPCheckerTest@6a7aa675</td>
    </tr>
    <tr>
        <td title='ru.vachok.networker.controller.ExCTRLTest.testRuleSetGet()'><b>testRuleSetGet</b><br>Test class: ru.vachok.networker.controller.ExCTRLTest</td>
        <td></td>
        <td>0</td>
        <td>ru.vachok.networker.controller.ExCTRLTest@5da3f32a</td>
    </tr>
    <tr>
        <td title='ru.vachok.networker.controller.ExCTRLTest.testRuleSetPost()'><b>testRuleSetPost</b><br>Test class: ru.vachok.networker.controller.ExCTRLTest</td>
        <td></td>
        <td>0</td>
        <td>ru.vachok.networker.controller.ExCTRLTest@5da3f32a</td>
    </tr>
    <tr>
        <td title='ru.vachok.networker.accesscontrol.sshactions.AccessListsCheckUniqTest.testRun()'><b>testRun</b><br>Test class:
            ru.vachok.networker.accesscontrol.sshactions.AccessListsCheckUniqTest
        </td>
        <td></td>
        <td>0</td>
        <td>ru.vachok.networker.accesscontrol.sshactions.AccessListsCheckUniqTest@7323c38c</td>
    </tr>
    <tr>
        <td title='ru.vachok.networker.ad.ADSrvTest.testRun()'><b>testRun</b><br>Test class: ru.vachok.networker.ad.ADSrvTest</td>
        <td></td>
        <td>0</td>
        <td>ru.vachok.networker.ad.ADSrvTest@6f4fc83f</td>
    </tr>
    <tr>
        <td title='ru.vachok.networker.accesscontrol.common.usermanagement.ConcreteFolderACLWriterTest.testRun()'><b>testRun</b><br>Test class:
            ru.vachok.networker.accesscontrol.common.usermanagement.ConcreteFolderACLWriterTest
        </td>
        <td></td>
        <td>5</td>
        <td>ru.vachok.networker.accesscontrol.common.usermanagement.ConcreteFolderACLWriterTest@4c02899</td>
    </tr>
    <tr>
        <td title='ru.vachok.networker.net.monitor.DiapazonScanTest.testRun()'><b>testRun</b><br>Test class: ru.vachok.networker.net.monitor.DiapazonScanTest</td>
        <td></td>
        <td>0</td>
        <td>ru.vachok.networker.net.monitor.DiapazonScanTest@3c8758d1</td>
    </tr>
    <tr>
        <td title='ru.vachok.networker.net.monitor.ExecScanTest.testRun()'><b>testRun</b><br>Test class: ru.vachok.networker.net.monitor.ExecScanTest</td>
        <td></td>
        <td>9</td>
        <td>ru.vachok.networker.net.monitor.ExecScanTest@57b3d869</td>
    </tr>
    <tr>
        <td title='ru.vachok.networker.accesscontrol.inetstats.InetStatSorterTest.testRun()'><b>testRun</b><br>Test class:
            ru.vachok.networker.accesscontrol.inetstats.InetStatSorterTest
        </td>
        <td></td>
        <td>0</td>
        <td>ru.vachok.networker.accesscontrol.inetstats.InetStatSorterTest@499c4d61</td>
    </tr>
    <tr>
        <td title='ru.vachok.networker.statistics.InternetStatsTest.testRun()'><b>testRun</b><br>Test class: ru.vachok.networker.statistics.InternetStatsTest</td>
        <td></td>
        <td>0</td>
        <td>ru.vachok.networker.statistics.InternetStatsTest@18dbc1b</td>
    </tr>
    <tr>
        <td title='ru.vachok.networker.exe.schedule.MailIISLogsCleanerTest.testRun()'><b>testRun</b><br>Test class: ru.vachok.networker.exe.schedule.MailIISLogsCleanerTest</td>
        <td></td>
        <td>0</td>
        <td>ru.vachok.networker.exe.schedule.MailIISLogsCleanerTest@22ff11ef</td>
    </tr>
    <tr>
        <td title='ru.vachok.networker.net.monitor.NetMonitorPTVTests.testRun()'><b>testRun</b><br>Test class: ru.vachok.networker.net.monitor.NetMonitorPTVTests</td>
        <td></td>
        <td>2</td>
        <td>ru.vachok.networker.net.monitor.NetMonitorPTVTests@4b511e61</td>
    </tr>
    <tr>
        <td title='ru.vachok.networker.accesscontrol.common.usermanagement.OwnerFixerTest.testRun()'><b>testRun</b><br>Test class:
            ru.vachok.networker.accesscontrol.common.usermanagement.OwnerFixerTest
        </td>
        <td></td>
        <td>1</td>
        <td>ru.vachok.networker.accesscontrol.common.usermanagement.OwnerFixerTest@2d2f09a4</td>
    </tr>
    <tr>
        <td title='ru.vachok.networker.ad.PCUserResolverTest.testRun()'><b>testRun</b><br>Test class: ru.vachok.networker.ad.PCUserResolverTest</td>
        <td></td>
        <td>0</td>
        <td>ru.vachok.networker.ad.PCUserResolverTest@270f7b4d</td>
    </tr>
    <tr>
        <td title='ru.vachok.networker.net.monitor.PingerFromFileTest.testRun()'><b>testRun</b><br>Test class: ru.vachok.networker.net.monitor.PingerFromFileTest</td>
        <td></td>
        <td>10</td>
        <td>ru.vachok.networker.net.monitor.PingerFromFileTest@39f68aec</td>
    </tr>
    <tr>
        <td title='ru.vachok.networker.net.scanner.ScanOnlineTest.testRun()'><b>testRun</b><br>Test class: ru.vachok.networker.net.scanner.ScanOnlineTest</td>
        <td></td>
        <td>0</td>
        <td>ru.vachok.networker.net.scanner.ScanOnlineTest@bea5941</td>
    </tr>
    <tr>
        <td title='ru.vachok.networker.services.SpeedCheckerTest.testRun()'><b>testRun</b><br>Test class: ru.vachok.networker.services.SpeedCheckerTest</td>
        <td></td>
        <td>10</td>
        <td>ru.vachok.networker.services.SpeedCheckerTest@3835d3fd</td>
    </tr>
    <tr>
        <td title='ru.vachok.networker.accesscontrol.common.usermanagement.UserACLReplacerTest.testRun()'><b>testRun</b><br>Test class:
            ru.vachok.networker.accesscontrol.common.usermanagement.UserACLReplacerTest
        </td>
        <td></td>
        <td>41</td>
        <td>ru.vachok.networker.accesscontrol.common.usermanagement.UserACLReplacerTest@633a11eb</td>
    </tr>
    <tr>
        <td title='ru.vachok.networker.accesscontrol.sshactions.TemporaryFullInternetTest.testRunAdd()'><b>testRunAdd</b><br>Test class:
            ru.vachok.networker.accesscontrol.sshactions.TemporaryFullInternetTest
        </td>
        <td></td>
        <td>0</td>
        <td>ru.vachok.networker.accesscontrol.sshactions.TemporaryFullInternetTest@4adcc981</td>
    </tr>
    <tr>
        <td title='ru.vachok.networker.exe.runnabletasks.ChkMailAndUpdateDBTest.testRunCheck()'><b>testRunCheck</b><br>Test class:
            ru.vachok.networker.exe.runnabletasks.ChkMailAndUpdateDBTest
        </td>
        <td></td>
        <td>0</td>
        <td>ru.vachok.networker.exe.runnabletasks.ChkMailAndUpdateDBTest@64688978</td>
    </tr>
    <tr>
        <td title='ru.vachok.networker.accesscontrol.sshactions.TemporaryFullInternetTest.testRunCheck()'><b>testRunCheck</b><br>Test class:
            ru.vachok.networker.accesscontrol.sshactions.TemporaryFullInternetTest
        </td>
        <td></td>
        <td>0</td>
        <td>ru.vachok.networker.accesscontrol.sshactions.TemporaryFullInternetTest@4adcc981</td>
    </tr>
    <tr>
        <td title='ru.vachok.networker.accesscontrol.sshactions.TemporaryFullInternetTest.testRunFromMonitors()'><b>testRunFromMonitors</b><br>Test class:
            ru.vachok.networker.accesscontrol.sshactions.TemporaryFullInternetTest
        </td>
        <td></td>
        <td>0</td>
        <td>ru.vachok.networker.accesscontrol.sshactions.TemporaryFullInternetTest@4adcc981</td>
    </tr>
    <tr>
        <td title='ru.vachok.networker.componentsrepo.server.TelnetServerTest.testRunSocket()'><b>testRunSocket</b><br>Test class:
            ru.vachok.networker.componentsrepo.server.TelnetServerTest
        </td>
        <td></td>
        <td>0</td>
        <td>ru.vachok.networker.componentsrepo.server.TelnetServerTest@5c7c75fb</td>
    </tr>
    <tr>
        <td title='ru.vachok.networker.AppComponentsTest.testSaveLogsToDB()'><b>testSaveLogsToDB</b><br>Test class: ru.vachok.networker.AppComponentsTest</td>
        <td></td>
        <td>0</td>
        <td>ru.vachok.networker.AppComponentsTest@33fec21</td>
    </tr>
    <tr>
        <td title='ru.vachok.networker.AppComponentsTest.testScanOnline()'><b>testScanOnline</b><br>Test class: ru.vachok.networker.AppComponentsTest</td>
        <td></td>
        <td>0</td>
        <td>ru.vachok.networker.AppComponentsTest@33fec21</td>
    </tr>
    <tr>
        <td title='ru.vachok.networker.net.scanner.ScanOnlineTest.testScanOnlineLastBigger()'><b>testScanOnlineLastBigger</b><br>Test class:
            ru.vachok.networker.net.scanner.ScanOnlineTest
        </td>
        <td></td>
        <td>0</td>
        <td>ru.vachok.networker.net.scanner.ScanOnlineTest@bea5941</td>
    </tr>
    <tr>
        <td title='ru.vachok.networker.accesscontrol.MatrixSRVTest.testSearchAccessPrincipals()'><b>testSearchAccessPrincipals</b><br>Test class:
            ru.vachok.networker.accesscontrol.MatrixSRVTest
        </td>
        <td></td>
        <td>0</td>
        <td>ru.vachok.networker.accesscontrol.MatrixSRVTest@3cf70afa</td>
    </tr>
    <tr>
        <td title='ru.vachok.networker.accesscontrol.common.CommonSRVTest.testSearchByPat()'><b>testSearchByPat</b><br>Test class:
            ru.vachok.networker.accesscontrol.common.CommonSRVTest
        </td>
        <td></td>
        <td>2</td>
        <td>ru.vachok.networker.accesscontrol.common.CommonSRVTest@24435620</td>
    </tr>
    <tr>
        <td title='ru.vachok.networker.statistics.InternetStatsTest.testSelectFrom()'><b>testSelectFrom</b><br>Test class: ru.vachok.networker.statistics.InternetStatsTest</td>
        <td></td>
        <td>0</td>
        <td>ru.vachok.networker.statistics.InternetStatsTest@18dbc1b</td>
    </tr>
    <tr>
        <td title='ru.vachok.networker.statistics.PCStatsTest.testSelectFrom()'><b>testSelectFrom</b><br>Test class: ru.vachok.networker.statistics.PCStatsTest</td>
        <td></td>
        <td>2</td>
        <td>ru.vachok.networker.statistics.PCStatsTest@103478b8</td>
    </tr>
    <tr>
        <td title='ru.vachok.networker.controller.MatrixCtrTest.testSetCurrentProvider()'><b>testSetCurrentProvider</b><br>Test class: ru.vachok.networker.controller.MatrixCtrTest
        </td>
        <td></td>
        <td>0</td>
        <td>ru.vachok.networker.controller.MatrixCtrTest@23d978b</td>
    </tr>
    <tr>
        <td title='ru.vachok.networker.accesscontrol.common.OldBigFilesInfoCollectorTest.testSetDate()'><b>testSetDate</b><br>Test class:
            ru.vachok.networker.accesscontrol.common.OldBigFilesInfoCollectorTest
        </td>
        <td></td>
        <td>0</td>
        <td>ru.vachok.networker.accesscontrol.common.OldBigFilesInfoCollectorTest@3a3bc0da</td>
    </tr>
    <tr>
        <td title='ru.vachok.networker.info.DatabasePCSearcherTest.testSetInfo()'><b>testSetInfo</b><br>Test class: ru.vachok.networker.info.DatabasePCSearcherTest</td>
        <td></td>
        <td>0</td>
        <td>ru.vachok.networker.info.DatabasePCSearcherTest@4feec184</td>
    </tr>
    <tr>
        <td title='ru.vachok.networker.info.PageGenerationHelperTest.testSetInfo()'><b>testSetInfo</b><br>Test class: ru.vachok.networker.info.PageFooterTest</td>
        <td></td>
        <td>0</td>
        <td>ru.vachok.networker.info.PageFooterTest@215a0264</td>
    </tr>
    <tr>
        <td title='ru.vachok.networker.ad.user.TvPcInformationTest.testSetInfo()'><b>testSetInfo</b><br>Test class: ru.vachok.networker.ad.user.TvPcInformationTest</td>
        <td></td>
        <td>0</td>
        <td>ru.vachok.networker.ad.user.TvPcInformationTest@d190639</td>
    </tr>
    <tr>
        <td title='ru.vachok.networker.net.scanner.NetListsTest.testSetOffLines()'><b>testSetOffLines</b><br>Test class: ru.vachok.networker.net.scanner.NetListsTest</td>
        <td></td>
        <td>0</td>
        <td>ru.vachok.networker.net.scanner.NetListsTest@602a3237</td>
    </tr>
    <tr>
        <td title='ru.vachok.networker.restapi.props.DBPropsCallableTest.testSetProps()'><b>testSetProps</b><br>Test class: ru.vachok.networker.restapi.props.DBPropsCallableTest
        </td>
        <td></td>
        <td>0</td>
        <td>ru.vachok.networker.restapi.props.DBPropsCallableTest@545f0b6</td>
    </tr>
    <tr>
        <td title='ru.vachok.networker.restapi.props.FilePropsLocalTest.testSetProps()'><b>testSetProps</b><br>Test class: ru.vachok.networker.restapi.props.FilePropsLocalTest</td>
        <td></td>
        <td>0</td>
        <td>ru.vachok.networker.restapi.props.FilePropsLocalTest@225ddf5f</td>
    </tr>
    <tr>
        <td title='ru.vachok.networker.restapi.props.InitPropertiesAdapterTest.testSetProps()'><b>testSetProps</b><br>Test class:
            ru.vachok.networker.restapi.props.InitPropertiesAdapterTest
        </td>
        <td></td>
        <td>0</td>
        <td>ru.vachok.networker.restapi.props.InitPropertiesAdapterTest@59b3f754</td>
    </tr>
    <tr>
        <td title='ru.vachok.networker.services.SimpleCalculatorTest.testSetQuery()'><b>testSetQuery</b><br>Test class: ru.vachok.networker.services.SimpleCalculatorTest</td>
        <td></td>
        <td>0</td>
        <td>ru.vachok.networker.services.SimpleCalculatorTest@614cbec4</td>
    </tr>
    <tr>
        <td title='ru.vachok.networker.restapi.database.DataConnectToAdapterTest.testSetSavepoint()'><b>testSetSavepoint</b><br>Test class:
            ru.vachok.networker.restapi.database.DataConnectToAdapterTest
        </td>
        <td></td>
        <td>0</td>
        <td>ru.vachok.networker.restapi.database.DataConnectToAdapterTest@5e055ce1</td>
    </tr>
    <tr>
        <td title='ru.vachok.networker.net.scanner.NetScannerSvcTest.testSetThePc()'><b>testSetThePc</b><br>Test class: ru.vachok.networker.net.scanner.NetScannerSvcTest</td>
        <td></td>
        <td>0</td>
        <td>ru.vachok.networker.net.scanner.NetScannerSvcTest@6c6919ff</td>
    </tr>
    <tr>
        <td title='ru.vachok.networker.ad.ADSrvTest.testSetUserInputRaw()'><b>testSetUserInputRaw</b><br>Test class: ru.vachok.networker.ad.ADSrvTest</td>
        <td></td>
        <td>0</td>
        <td>ru.vachok.networker.ad.ADSrvTest@6f4fc83f</td>
    </tr>
    <tr>
        <td title='ru.vachok.networker.ad.ADSrvTest.testShowADPCList()'><b>testShowADPCList</b><br>Test class: ru.vachok.networker.ad.ADSrvTest</td>
        <td></td>
        <td>0</td>
        <td>ru.vachok.networker.ad.ADSrvTest@6f4fc83f</td>
    </tr>
    <tr>
        <td title='ru.vachok.networker.accesscontrol.inetstats.InetUserPCNameTest.testShowLog()'><b>testShowLog</b><br>Test class:
            ru.vachok.networker.accesscontrol.inetstats.InetUserPCNameTest
        </td>
        <td></td>
        <td>0</td>
        <td>ru.vachok.networker.accesscontrol.inetstats.InetUserPCNameTest@74badf19</td>
    </tr>
    <tr>
        <td title='ru.vachok.networker.controller.MatrixCtrTest.testShowResults()'><b>testShowResults</b><br>Test class: ru.vachok.networker.controller.MatrixCtrTest</td>
        <td></td>
        <td>0</td>
        <td>ru.vachok.networker.controller.MatrixCtrTest@23d978b</td>
    </tr>
    <tr>
        <td title='ru.vachok.networker.AppComponentsTest.testSimpleCalculator()'><b>testSimpleCalculator</b><br>Test class: ru.vachok.networker.AppComponentsTest</td>
        <td></td>
        <td>0</td>
        <td>ru.vachok.networker.AppComponentsTest@33fec21</td>
    </tr>
    <tr>
        <td title='ru.vachok.networker.AppComponentsTest.testSshActs()'><b>testSshActs</b><br>Test class: ru.vachok.networker.AppComponentsTest</td>
        <td></td>
        <td>0</td>
        <td>ru.vachok.networker.AppComponentsTest@33fec21</td>
    </tr>
    <tr>
        <td title='ru.vachok.networker.controller.SshActsCTRLTest.testSshActsGET()'><b>testSshActsGET</b><br>Test class: ru.vachok.networker.controller.SshActsCTRLTest</td>
        <td></td>
        <td>0</td>
        <td>ru.vachok.networker.controller.SshActsCTRLTest@2759749</td>
    </tr>
    <tr>
        <td title='ru.vachok.networker.controller.SshActsCTRLTest.testSshActsPOST()'><b>testSshActsPOST</b><br>Test class: ru.vachok.networker.controller.SshActsCTRLTest</td>
        <td></td>
        <td>0</td>
        <td>ru.vachok.networker.controller.SshActsCTRLTest@2759749</td>
    </tr>
    <tr>
        <td title='ru.vachok.networker.controller.SshActsCTRLTest.testTempFullInetAccess()'><b>testTempFullInetAccess</b><br>Test class:
            ru.vachok.networker.controller.SshActsCTRLTest
        </td>
        <td></td>
        <td>0</td>
        <td>ru.vachok.networker.controller.SshActsCTRLTest@2759749</td>
    </tr>
    <tr>
        <td title='ru.vachok.networker.AppComponentsTest.testTemporaryFullInternet()'><b>testTemporaryFullInternet</b><br>Test class: ru.vachok.networker.AppComponentsTest</td>
        <td></td>
        <td>0</td>
        <td>ru.vachok.networker.AppComponentsTest@33fec21</td>
    </tr>
    <tr>
        <td title='ru.vachok.networker.componentsrepo.VisitorTest.testTestToString()'><b>testTestToString</b><br>Test class: ru.vachok.networker.componentsrepo.VisitorTest</td>
        <td></td>
        <td>0</td>
        <td>ru.vachok.networker.componentsrepo.VisitorTest@764db16c</td>
    </tr>
    <tr>
        <td title='ru.vachok.networker.accesscontrol.sshactions.AccessListsCheckUniqTest.testTestToString()'><b>testTestToString</b><br>Test class:
            ru.vachok.networker.accesscontrol.sshactions.AccessListsCheckUniqTest
        </td>
        <td></td>
        <td>0</td>
        <td>ru.vachok.networker.accesscontrol.sshactions.AccessListsCheckUniqTest@7323c38c</td>
    </tr>
    <tr>
        <td title='ru.vachok.networker.systray.ActionDelTMPTest.testTestToString()'><b>testTestToString</b><br>Test class: ru.vachok.networker.systray.ActionDelTMPTest</td>
        <td></td>
        <td>0</td>
        <td>ru.vachok.networker.systray.ActionDelTMPTest@63a72cc6</td>
    </tr>
    <tr>
        <td title='ru.vachok.networker.systray.actions.ActionMakeInfoAboutOldCommonFilesTest.testTestToString()'><b>testTestToString</b><br>Test class:
            ru.vachok.networker.systray.actions.ActionMakeInfoAboutOldCommonFilesTest
        </td>
        <td></td>
        <td>0</td>
        <td>ru.vachok.networker.systray.actions.ActionMakeInfoAboutOldCommonFilesTest@61bd0845</td>
    </tr>
    <tr>
        <td title='ru.vachok.networker.accesscontrol.common.CleanerTest.testTestToString()'><b>testTestToString</b><br>Test class:
            ru.vachok.networker.accesscontrol.common.CleanerTest
        </td>
        <td></td>
        <td>0</td>
        <td>ru.vachok.networker.accesscontrol.common.CleanerTest@4d525897</td>
    </tr>
    <tr>
        <td title='ru.vachok.networker.systray.ActionRunTest.testTestToString()'><b>testTestToString</b><br>Test class: ru.vachok.networker.systray.ActionRunTest</td>
        <td></td>
        <td>0</td>
        <td>ru.vachok.networker.systray.ActionRunTest@cef885d</td>
    </tr>
    <tr>
        <td title='ru.vachok.networker.ad.ADSrvTest.testTestToString()'><b>testTestToString</b><br>Test class: ru.vachok.networker.ad.ADSrvTest</td>
        <td></td>
        <td>0</td>
        <td>ru.vachok.networker.ad.ADSrvTest@6f4fc83f</td>
    </tr>
    <tr>
        <td title='ru.vachok.networker.ad.user.ADUserTest.testTestToString()'><b>testTestToString</b><br>Test class: ru.vachok.networker.ad.user.ADUserTest</td>
        <td></td>
        <td>0</td>
        <td>ru.vachok.networker.ad.user.ADUserTest@66b90ab3</td>
    </tr>
    <tr>
        <td title='ru.vachok.networker.AppComponentsTest.testTestToString()'><b>testTestToString</b><br>Test class: ru.vachok.networker.AppComponentsTest</td>
        <td></td>
        <td>0</td>
        <td>ru.vachok.networker.AppComponentsTest@33fec21</td>
    </tr>
    <tr>
        <td title='ru.vachok.networker.ad.user.FileADUsersParserTest.testTestToString()'><b>testTestToString</b><br>Test class: ru.vachok.networker.ad.user.DataBaseADUsersSRVTest
        </td>
        <td></td>
        <td>0</td>
        <td>ru.vachok.networker.ad.user.DataBaseADUsersSRVTest@4a6facb0</td>
    </tr>
    <tr>
        <td title='ru.vachok.networker.info.DatabasePCSearcherTest.testTestToString()'><b>testTestToString</b><br>Test class: ru.vachok.networker.info.DatabasePCSearcherTest</td>
        <td></td>
        <td>0</td>
        <td>ru.vachok.networker.info.DatabasePCSearcherTest@4feec184</td>
    </tr>
    <tr>
        <td title='ru.vachok.networker.controller.ErrCtrTest.testTestToString()'><b>testTestToString</b><br>Test class: ru.vachok.networker.controller.ErrCtrTest</td>
        <td></td>
        <td>0</td>
        <td>ru.vachok.networker.controller.ErrCtrTest@166ddfb7</td>
    </tr>
    <tr>
        <td title='ru.vachok.networker.controller.ExCTRLTest.testTestToString()'><b>testTestToString</b><br>Test class: ru.vachok.networker.controller.ExCTRLTest</td>
        <td></td>
        <td>0</td>
        <td>ru.vachok.networker.controller.ExCTRLTest@5da3f32a</td>
    </tr>
    <tr>
        <td title='ru.vachok.networker.ExitAppTest.testTestToString()'><b>testTestToString</b><br>Test class: ru.vachok.networker.ExitAppTest</td>
        <td></td>
        <td>0</td>
        <td>ru.vachok.networker.ExitAppTest@51f4439e</td>
    </tr>
    <tr>
        <td title='ru.vachok.networker.controller.FileCleanerCTRLTest.testTestToString()'><b>testTestToString</b><br>Test class: ru.vachok.networker.controller.FileCleanerCTRLTest
        </td>
        <td></td>
        <td>0</td>
        <td>ru.vachok.networker.controller.FileCleanerCTRLTest@6be422da</td>
    </tr>
    <tr>
        <td title='ru.vachok.networker.net.monitor.KudrWorkTimeTest.testTestToString()'><b>testTestToString</b><br>Test class: ru.vachok.networker.net.monitor.KudrWorkTimeTest</td>
        <td></td>
        <td>0</td>
        <td>ru.vachok.networker.net.monitor.KudrWorkTimeTest@4efe014f</td>
    </tr>
    <tr>
        <td title='ru.vachok.networker.restapi.message.MessageToTrayTest.testTestToString()'><b>testTestToString</b><br>Test class:
            ru.vachok.networker.restapi.message.MessageToTrayTest
        </td>
        <td></td>
        <td>0</td>
        <td>ru.vachok.networker.restapi.message.MessageToTrayTest@66dd04e2</td>
    </tr>
    <tr>
        <td title='ru.vachok.networker.net.scanner.NetScannerSvcTest.testTestToString()'><b>testTestToString</b><br>Test class: ru.vachok.networker.net.scanner.NetScannerSvcTest
        </td>
        <td></td>
        <td>0</td>
        <td>ru.vachok.networker.net.scanner.NetScannerSvcTest@6c6919ff</td>
    </tr>
    <tr>
        <td title='ru.vachok.networker.controller.NoHupOutTest.testTestToString()'><b>testTestToString</b><br>Test class: ru.vachok.networker.controller.NoHupOutTest</td>
        <td></td>
        <td>0</td>
        <td>ru.vachok.networker.controller.NoHupOutTest@1e029a04</td>
    </tr>
    <tr>
        <td title='ru.vachok.networker.controller.OdinAssSyncCTRLTest.testTestToString()'><b>testTestToString</b><br>Test class: ru.vachok.networker.controller.OdinAssSyncCTRLTest
        </td>
        <td></td>
        <td>0</td>
        <td>ru.vachok.networker.controller.OdinAssSyncCTRLTest@50e8ed74</td>
    </tr>
    <tr>
        <td title='ru.vachok.networker.controller.OKMakerTest.testTestToString()'><b>testTestToString</b><br>Test class: ru.vachok.networker.controller.OKMakerTest</td>
        <td></td>
        <td>0</td>
        <td>ru.vachok.networker.controller.OKMakerTest@3063be68</td>
    </tr>
    <tr>
        <td title='ru.vachok.networker.accesscontrol.common.OldBigFilesInfoCollectorTest.testTestToString()'><b>testTestToString</b><br>Test class:
            ru.vachok.networker.accesscontrol.common.OldBigFilesInfoCollectorTest
        </td>
        <td></td>
        <td>0</td>
        <td>ru.vachok.networker.accesscontrol.common.OldBigFilesInfoCollectorTest@3a3bc0da</td>
    </tr>
    <tr>
        <td title='ru.vachok.networker.accesscontrol.common.usermanagement.OwnerFixerTest.testTestToString()'><b>testTestToString</b><br>Test class:
            ru.vachok.networker.accesscontrol.common.usermanagement.OwnerFixerTest
        </td>
        <td></td>
        <td>0</td>
        <td>ru.vachok.networker.accesscontrol.common.usermanagement.OwnerFixerTest@2d2f09a4</td>
    </tr>
    <tr>
        <td title='ru.vachok.networker.componentsrepo.PageGenerationHelperTest.testTestToString()'><b>testTestToString</b><br>Test class:
            ru.vachok.networker.componentsrepo.PageFooterTest
        </td>
        <td></td>
        <td>0</td>
        <td>ru.vachok.networker.componentsrepo.PageFooterTest@c677d7e</td>
    </tr>
    <tr>
        <td title='ru.vachok.networker.info.PageGenerationHelperTest.testTestToString()'><b>testTestToString</b><br>Test class: ru.vachok.networker.info.PageFooterTest</td>
        <td></td>
        <td>0</td>
        <td>ru.vachok.networker.info.PageFooterTest@215a0264</td>
    </tr>
    <tr>
        <td title='ru.vachok.networker.accesscontrol.PfListsTest.testTestToString()'><b>testTestToString</b><br>Test class: ru.vachok.networker.accesscontrol.PfListsTest</td>
        <td></td>
        <td>0</td>
        <td>ru.vachok.networker.accesscontrol.PfListsTest@56b704ea</td>
    </tr>
    <tr>
        <td title='ru.vachok.networker.info.ACLParserTest.testTestToString()'><b>testTestToString</b><br>Test class:
            ru.vachok.networker.accesscontrol.common.RightsParsingTest
        </td>
        <td></td>
        <td>0</td>
        <td>ru.vachok.networker.accesscontrol.common.RightsParsingTest@70421a08</td>
    </tr>
    <tr>
        <td title='ru.vachok.networker.sysinfo.ServiceInfoCtrlTest.testTestToString()'><b>testTestToString</b><br>Test class: ru.vachok.networker.sysinfo.ServiceInfoCtrlTest</td>
        <td></td>
        <td>0</td>
        <td>ru.vachok.networker.sysinfo.ServiceInfoCtrlTest@df6f19b</td>
    </tr>
    <tr>
        <td title='ru.vachok.networker.SSHFactoryTest.testTestToString()'><b>testTestToString</b><br>Test class: ru.vachok.networker.SSHFactoryTest</td>
        <td></td>
        <td>0</td>
        <td>ru.vachok.networker.SSHFactoryTest@4ac0ed65</td>
    </tr>
    <tr>
        <td title='ru.vachok.networker.componentsrepo.server.TelnetServerTest.testTestToString()'><b>testTestToString</b><br>Test class:
            ru.vachok.networker.componentsrepo.server.TelnetServerTest
        </td>
        <td></td>
        <td>0</td>
        <td>ru.vachok.networker.componentsrepo.server.TelnetServerTest@5c7c75fb</td>
    </tr>
    <tr>
        <td title='ru.vachok.networker.accesscontrol.common.usermanagement.UserACLReplacerTest.testTestToString()'><b>testTestToString</b><br>Test class:
            ru.vachok.networker.accesscontrol.common.usermanagement.UserACLReplacerTest
        </td>
        <td></td>
        <td>0</td>
        <td>ru.vachok.networker.accesscontrol.common.usermanagement.UserACLReplacerTest@633a11eb</td>
    </tr>
    <tr>
        <td title='ru.vachok.networker.controller.UserWebCTRLTest.testTestToString()'><b>testTestToString</b><br>Test class: ru.vachok.networker.controller.UserWebCTRLTest</td>
        <td></td>
        <td>0</td>
        <td>ru.vachok.networker.controller.UserWebCTRLTest@4910afdf</td>
    </tr>
    <tr>
        <td title='ru.vachok.networker.net.monitor.DiapazonScanTest.testTheInfoToString()'><b>testTheInfoToString</b><br>Test class:
            ru.vachok.networker.net.monitor.DiapazonScanTest
        </td>
        <td></td>
        <td>0</td>
        <td>ru.vachok.networker.net.monitor.DiapazonScanTest@3c8758d1</td>
    </tr>
    <tr>
        <td title='ru.vachok.networker.net.scanner.NetScannerSvcTest.testTheSETOfPCNamesPref()'><b>testTheSETOfPCNamesPref</b><br>Test class:
            ru.vachok.networker.net.scanner.NetScannerSvcTest
        </td>
        <td></td>
        <td>0</td>
        <td>ru.vachok.networker.net.scanner.NetScannerSvcTest@6c6919ff</td>
    </tr>
    <tr>
        <td title='ru.vachok.networker.net.scanner.NetScannerSvcTest.testTheSETOfPcNames()'><b>testTheSETOfPcNames</b><br>Test class:
            ru.vachok.networker.net.scanner.NetScannerSvcTest
        </td>
        <td></td>
        <td>0</td>
        <td>ru.vachok.networker.net.scanner.NetScannerSvcTest@6c6919ff</td>
    </tr>
    <tr>
        <td title='ru.vachok.networker.exe.ThreadConfigTest.testThrNameSet()'><b>testThrNameSet</b><br>Test class: ru.vachok.networker.exe.ThreadConfigTest</td>
        <td></td>
        <td>0</td>
        <td>ru.vachok.networker.exe.ThreadConfigTest@73aae7a</td>
    </tr>
    <tr>
        <td title='ru.vachok.networker.AppComponentsTest.testThreadConfig()'><b>testThreadConfig</b><br>Test class: ru.vachok.networker.AppComponentsTest</td>
        <td></td>
        <td>0</td>
        <td>ru.vachok.networker.AppComponentsTest@33fec21</td>
    </tr>
    <tr>
        <td title='ru.vachok.networker.componentsrepo.exceptions.PropertiesAppNotFoundExceptionTest.testThrow()'><b>testThrow</b><br>Test class:
            ru.vachok.networker.componentsrepo.exceptions.PropertiesAppNotFoundExceptionTest
        </td>
        <td></td>
        <td>0</td>
        <td>ru.vachok.networker.componentsrepo.exceptions.PropertiesAppNotFoundExceptionTest@b81938d</td>
    </tr>
    <tr>
        <td title='ru.vachok.networker.controller.CalculateCTRLTest.testTimeStamp()'><b>testTimeStamp</b><br>Test class: ru.vachok.networker.controller.CalculateCTRLTest</td>
        <td></td>
        <td>0</td>
        <td>ru.vachok.networker.controller.CalculateCTRLTest@c6c84fa</td>
    </tr>
    <tr>
        <td title='ru.vachok.networker.restapi.message.DBMessengerTest.testToString()'><b>testToString</b><br>Test class: ru.vachok.networker.restapi.message.DBMessengerTest</td>
        <td></td>
        <td>0</td>
        <td>ru.vachok.networker.restapi.message.DBMessengerTest@3278d065</td>
    </tr>
    <tr>
        <td title='ru.vachok.networker.fileworks.DeleterTempTest.testToString()'><b>testToString</b><br>Test class: ru.vachok.networker.fileworks.DeleterTempTest</td>
        <td></td>
        <td>0</td>
        <td>ru.vachok.networker.fileworks.DeleterTempTest@4888425d</td>
    </tr>
    <tr>
        <td title='ru.vachok.networker.ad.user.TvPcInformationTest.testToString()'><b>testToString</b><br>Test class: ru.vachok.networker.ad.user.TvPcInformationTest</td>
        <td></td>
        <td>0</td>
        <td>ru.vachok.networker.ad.user.TvPcInformationTest@d190639</td>
    </tr>
    <tr>
        <td title='ru.vachok.networker.componentsrepo.ArgsReaderTest.testToString1()'><b>testToString1</b><br>Test class: ru.vachok.networker.componentsrepo.ArgsReaderTest</td>
        <td></td>
        <td>0</td>
        <td>ru.vachok.networker.componentsrepo.ArgsReaderTest@3c62be3c</td>
    </tr>
    <tr>
        <td title='ru.vachok.networker.net.scanner.CheckerIpTest.testToString1()'><b>testToString1</b><br>Test class: ru.vachok.networker.net.scanner.CheckerIpTest</td>
        <td></td>
        <td>0</td>
        <td>ru.vachok.networker.net.scanner.CheckerIpTest@70ce2fb2</td>
    </tr>
    <tr>
        <td title='ru.vachok.networker.ad.ADComputerTest.testToString1()'><b>testToString1</b><br>Test class: ru.vachok.networker.ad.ADComputerTest</td>
        <td></td>
        <td>0</td>
        <td>ru.vachok.networker.ad.ADComputerTest@35d4035f</td>
    </tr>
    <tr>
        <td title='ru.vachok.networker.accesscontrol.common.usermanagement.ConcreteFolderACLWriterTest.testToString1()'><b>testToString1</b><br>Test class:
            ru.vachok.networker.accesscontrol.common.usermanagement.ConcreteFolderACLWriterTest
        </td>
        <td></td>
        <td>0</td>
        <td>ru.vachok.networker.accesscontrol.common.usermanagement.ConcreteFolderACLWriterTest@4c02899</td>
    </tr>
    <tr>
        <td title='ru.vachok.networker.info.ConditionCheckerTest.testToString1()'><b>testToString1</b><br>Test class: ru.vachok.networker.info.ConditionCheckerTest</td>
        <td></td>
        <td>0</td>
        <td>ru.vachok.networker.info.ConditionCheckerTest@5b895e76</td>
    </tr>
    <tr>
        <td title='ru.vachok.networker.AppInfoOnLoadTest.testToString1()'><b>testToString1</b><br>Test class: ru.vachok.networker.AppInfoOnLoadTest</td>
        <td></td>
        <td>0</td>
        <td>ru.vachok.networker.AppInfoOnLoadTest@12a0d249</td>
    </tr>
    <tr>
        <td title='ru.vachok.networker.restapi.props.DBPropsCallableTest.testToString1()'><b>testToString1</b><br>Test class: ru.vachok.networker.restapi.props.DBPropsCallableTest
        </td>
        <td></td>
        <td>0</td>
        <td>ru.vachok.networker.restapi.props.DBPropsCallableTest@545f0b6</td>
    </tr>
    <tr>
        <td title='ru.vachok.networker.net.monitor.DiapazonScanTest.testToString1()'><b>testToString1</b><br>Test class: ru.vachok.networker.net.monitor.DiapazonScanTest</td>
        <td></td>
        <td>0</td>
        <td>ru.vachok.networker.net.monitor.DiapazonScanTest@3c8758d1</td>
    </tr>
    <tr>
        <td title='ru.vachok.networker.net.scanner.NetListsTest.testToString1()'><b>testToString1</b><br>Test class: ru.vachok.networker.net.scanner.NetListsTest</td>
        <td></td>
        <td>0</td>
        <td>ru.vachok.networker.net.scanner.NetListsTest@602a3237</td>
    </tr>
    <tr>
        <td title='ru.vachok.networker.net.monitor.NetMonitorPTVTests.testToString1()'><b>testToString1</b><br>Test class: ru.vachok.networker.net.monitor.NetMonitorPTVTests</td>
        <td></td>
        <td>2</td>
        <td>ru.vachok.networker.net.monitor.NetMonitorPTVTests@4b511e61</td>
    </tr>
    <tr>
        <td title='ru.vachok.networker.ad.PhotoConverterSRVTest.testToString1()'><b>testToString1</b><br>Test class: ru.vachok.networker.ad.PhotoConverterSRVTest</td>
        <td></td>
        <td>0</td>
        <td>ru.vachok.networker.ad.PhotoConverterSRVTest@ab4d2ba</td>
    </tr>
    <tr>
        <td title='ru.vachok.networker.restapi.database.RegRuMysqlLocTest.testToString1()'><b>testToString1</b><br>Test class:
            ru.vachok.networker.restapi.database.RegRuMysqlLocTest
        </td>
        <td></td>
        <td>0</td>
        <td>ru.vachok.networker.restapi.database.RegRuMysqlLocTest@351c6341</td>
    </tr>
    <tr>
        <td title='ru.vachok.networker.net.scanner.ScanOnlineTest.testToString1()'><b>testToString1</b><br>Test class: ru.vachok.networker.net.scanner.ScanOnlineTest</td>
        <td></td>
        <td>0</td>
        <td>ru.vachok.networker.net.scanner.ScanOnlineTest@bea5941</td>
    </tr>
    <tr>
        <td title='ru.vachok.networker.services.SimpleCalculatorTest.testToString1()'><b>testToString1</b><br>Test class: ru.vachok.networker.services.SimpleCalculatorTest</td>
        <td></td>
        <td>0</td>
        <td>ru.vachok.networker.services.SimpleCalculatorTest@614cbec4</td>
    </tr>
    <tr>
        <td title='ru.vachok.networker.exe.ThreadConfigTest.testToString1()'><b>testToString1</b><br>Test class: ru.vachok.networker.exe.ThreadConfigTest</td>
        <td></td>
        <td>0</td>
        <td>ru.vachok.networker.exe.ThreadConfigTest@73aae7a</td>
    </tr>
    <tr>
        <td title='ru.vachok.networker.services.MyCalenTest.testToStringS()'><b>testToStringS</b><br>Test class: ru.vachok.networker.services.MyCalenTest</td>
        <td></td>
        <td>0</td>
        <td>ru.vachok.networker.services.MyCalenTest@495e8a3</td>
    </tr>
    <tr>
        <td title='ru.vachok.networker.net.scanner.ScanOnlineTest.testToStringTester()'><b>testToStringTester</b><br>Test class: ru.vachok.networker.net.scanner.ScanOnlineTest</td>
        <td></td>
        <td>0</td>
        <td>ru.vachok.networker.net.scanner.ScanOnlineTest@bea5941</td>
    </tr>
    <tr>
        <td title='ru.vachok.networker.restapi.fsworks.UpakFilesTest.testUpak()'><b>testUpak</b><br>Test class: ru.vachok.networker.restapi.fsworks.UpakFilesTest</td>
        <td></td>
        <td>16</td>
        <td>ru.vachok.networker.restapi.fsworks.UpakFilesTest@5f82209e</td>
    </tr>
    <tr>
        <td title='ru.vachok.networker.controller.ExCTRLTest.testUplFile()'><b>testUplFile</b><br>Test class: ru.vachok.networker.controller.ExCTRLTest</td>
        <td></td>
        <td>0</td>
        <td>ru.vachok.networker.controller.ExCTRLTest@5da3f32a</td>
    </tr>
    <tr>
        <td title='ru.vachok.networker.controller.OdinAssSyncCTRLTest.testUploadFiles()'><b>testUploadFiles</b><br>Test class: ru.vachok.networker.controller.OdinAssSyncCTRLTest
        </td>
        <td></td>
        <td>0</td>
        <td>ru.vachok.networker.controller.OdinAssSyncCTRLTest@50e8ed74</td>
    </tr>
    <tr>
        <td title='ru.vachok.networker.controller.UserWebCTRLTest.testUserGet()'><b>testUserGet</b><br>Test class: ru.vachok.networker.controller.UserWebCTRLTest</td>
        <td></td>
        <td>0</td>
        <td>ru.vachok.networker.controller.UserWebCTRLTest@4910afdf</td>
    </tr>
    <tr>
        <td title='ru.vachok.networker.controller.UserWebCTRLTest.testUserPost()'><b>testUserPost</b><br>Test class: ru.vachok.networker.controller.UserWebCTRLTest</td>
        <td></td>
        <td>0</td>
        <td>ru.vachok.networker.controller.UserWebCTRLTest@4910afdf</td>
    </tr>
    <tr>
        <td title='ru.vachok.networker.ad.ADSrvTest.testUserSetter()'><b>testUserSetter</b><br>Test class: ru.vachok.networker.ad.ADSrvTest</td>
        <td></td>
        <td>0</td>
        <td>ru.vachok.networker.ad.ADSrvTest@6f4fc83f</td>
    </tr>
    <tr>
        <td title='ru.vachok.networker.AppComponentsTest.testVersionInfo()'><b>testVersionInfo</b><br>Test class: ru.vachok.networker.AppComponentsTest</td>
        <td></td>
        <td>0</td>
        <td>ru.vachok.networker.AppComponentsTest@33fec21</td>
    </tr>
    <tr>
        <td title='ru.vachok.networker.controller.OdinAssSyncCTRLTest.testViewPage()'><b>testViewPage</b><br>Test class: ru.vachok.networker.controller.OdinAssSyncCTRLTest</td>
        <td></td>
        <td>0</td>
        <td>ru.vachok.networker.controller.OdinAssSyncCTRLTest@50e8ed74</td>
    </tr>
    <tr>
        <td title='ru.vachok.networker.AppComponentsTest.testVisitor()'><b>testVisitor</b><br>Test class: ru.vachok.networker.AppComponentsTest</td>
        <td></td>
        <td>0</td>
        <td>ru.vachok.networker.AppComponentsTest@33fec21</td>
    </tr>
    <tr>
        <td title='ru.vachok.networker.restapi.message.MessageToTrayTest.testWarn()'><b>testWarn</b><br>Test class: ru.vachok.networker.restapi.message.MessageToTrayTest</td>
        <td></td>
        <td>0</td>
        <td>ru.vachok.networker.restapi.message.MessageToTrayTest@66dd04e2</td>
    </tr>
    <tr>
        <td title='ru.vachok.networker.controller.SshActsCTRLTest.testWhatSrvNeed()'><b>testWhatSrvNeed</b><br>Test class: ru.vachok.networker.controller.SshActsCTRLTest</td>
        <td></td>
        <td>0</td>
        <td>ru.vachok.networker.controller.SshActsCTRLTest@2759749</td>
    </tr>
    <tr>
        <td title='ru.vachok.networker.accesscontrol.sshactions.SshActsTest.testWhatSrvNeed()'><b>testWhatSrvNeed</b><br>Test class:
            ru.vachok.networker.accesscontrol.sshactions.SshActsTest
        </td>
        <td></td>
        <td>0</td>
        <td>ru.vachok.networker.accesscontrol.sshactions.SshActsTest@4efed0e0</td>
    </tr>
    <tr>
        <td title='ru.vachok.networker.services.WhoIsWithSRVTest.testWhoIs()'><b>testWhoIs</b><br>Test class: ru.vachok.networker.services.WhoIsWithSRVTest</td>
        <td></td>
        <td>3</td>
        <td>ru.vachok.networker.services.WhoIsWithSRVTest@50ac1249</td>
    </tr>
    <tr>
        <td title='ru.vachok.networker.accesscontrol.common.usermanagement.ConcreteFolderACLWriterTest.testWriteACLs()'><b>testWriteACLs</b><br>Test class:
            ru.vachok.networker.accesscontrol.common.usermanagement.ConcreteFolderACLWriterTest
        </td>
        <td></td>
        <td>3</td>
        <td>ru.vachok.networker.accesscontrol.common.usermanagement.ConcreteFolderACLWriterTest@4c02899</td>
    </tr>
    <tr>
        <td title='ru.vachok.networker.fileworks.FileSystemWorkerTest.testWriteFile()'><b>testWriteFile</b><br>Test class: ru.vachok.networker.fileworks.FileSystemWorkerTest</td>
        <td></td>
        <td>0</td>
        <td>ru.vachok.networker.fileworks.FileSystemWorkerTest@575d48db</td>
    </tr>
    <tr>
        <td title='ru.vachok.networker.net.monitor.KudrWorkTimeTest.testWriteLog()'><b>testWriteLog</b><br>Test class: ru.vachok.networker.net.monitor.KudrWorkTimeTest</td>
        <td></td>
        <td>1</td>
        <td>ru.vachok.networker.net.monitor.KudrWorkTimeTest@4efe014f</td>
    </tr>
    <tr>
        <td title='ru.vachok.networker.net.monitor.PCMonitoringTest.testWriteLog()'><b>testWriteLog</b><br>Test class: ru.vachok.networker.net.monitor.PCMonitoringTest</td>
        <td></td>
        <td>0</td>
        <td>ru.vachok.networker.net.monitor.PCMonitoringTest@45832b85</td>
    </tr>
    <tr>
        <td title='ru.vachok.networker.abstr.monitors.NetScanServiceTest.testWriteLogToFile()'><b>testWriteLogToFile</b><br>Test class:
            ru.vachok.networker.abstr.monitors.NetScanServiceTest
        </td>
        <td></td>
        <td>0</td>
        <td>ru.vachok.networker.abstr.monitors.NetScanServiceTest@5de335cf</td>
    </tr>
    <tr>
        <td title='ru.vachok.networker.net.scanner.ScanOnlineTest.testWriteLogToFile()'><b>testWriteLogToFile</b><br>Test class: ru.vachok.networker.net.scanner.ScanOnlineTest</td>
        <td></td>
        <td>0</td>
        <td>ru.vachok.networker.net.scanner.ScanOnlineTest@bea5941</td>
    </tr>
    <tr>
        <td title='ru.vachok.networker.ExitAppTest.testWriteOwnObject()'><b>testWriteOwnObject</b><br>Test class: ru.vachok.networker.ExitAppTest</td>
        <td></td>
        <td>0</td>
        <td>ru.vachok.networker.ExitAppTest@51f4439e</td>
    </tr>
    <tr>
        <td title='ru.vachok.networker.net.monitor.ExecScanTest.toStringTest()'><b>toStringTest</b><br>Test class: ru.vachok.networker.net.monitor.ExecScanTest</td>
        <td></td>
        <td>0</td>
        <td>ru.vachok.networker.net.monitor.ExecScanTest@57b3d869</td>
    </tr>
    <tr>
        <td title='ru.vachok.networker.restapi.fsworks.UpakFilesTest.toStringTest()'><b>toStringTest</b><br>Test class: ru.vachok.networker.restapi.fsworks.UpakFilesTest</td>
        <td></td>
        <td>0</td>
        <td>ru.vachok.networker.restapi.fsworks.UpakFilesTest@5f82209e</td>
    </tr>
</table>
<p>
</body>
</html>